[0.090s] Invoking command in '/home/giang/ros2_myrobot/build/stm32_diff_drive_msgs': CMAKE_PREFIX_PATH=${CMAKE_PREFIX_PATH}:/home/giang/ros2_myrobot/install/twist_stamper:/home/giang/ros2_demo/install/autonomous_tb3:/home/giang/ros2_ws/install/my_robot_controller:/opt/ros/humble /usr/bin/cmake --build /home/giang/ros2_myrobot/build/stm32_diff_drive_msgs -- -j6 -l6
[0.428s] [  2%] Built target stm32_diff_drive_msgs__cpp
[0.429s] [  2%] Built target ament_cmake_python_symlink_stm32_diff_drive_msgs
[0.449s] [ 12%] Built target stm32_diff_drive_msgs__rosidl_generator_c
[0.531s] [ 23%] Built target stm32_diff_drive_msgs__rosidl_typesupport_introspection_cpp
[0.547s] [ 34%] Built target stm32_diff_drive_msgs__rosidl_typesupport_fastrtps_cpp
[0.577s] [ 46%] Built target stm32_diff_drive_msgs__rosidl_typesupport_introspection_c
[0.577s] [ 55%] Built target stm32_diff_drive_msgs__rosidl_typesupport_cpp
[0.581s] [ 65%] Built target stm32_diff_drive_msgs__rosidl_typesupport_c
[0.621s] [ 76%] Built target stm32_diff_drive_msgs__rosidl_typesupport_fastrtps_c
[0.674s] [ 76%] Built target stm32_diff_drive_msgs
[0.732s] [ 78%] Built target stm32_diff_drive_msgs__py
[0.803s] [ 87%] Built target stm32_diff_drive_msgs__rosidl_generator_py
[0.875s] [ 91%] Built target stm32_diff_drive_msgs__rosidl_typesupport_fastrtps_c__pyext
[0.887s] [ 95%] Built target stm32_diff_drive_msgs__rosidl_typesupport_introspection_c__pyext
[0.892s] [100%] Built target stm32_diff_drive_msgs__rosidl_typesupport_c__pyext
[1.245s] running egg_info
[1.249s] writing stm32_diff_drive_msgs.egg-info/PKG-INFO
[1.249s] writing dependency_links to stm32_diff_drive_msgs.egg-info/dependency_links.txt
[1.250s] writing top-level names to stm32_diff_drive_msgs.egg-info/top_level.txt
[1.260s] reading manifest file 'stm32_diff_drive_msgs.egg-info/SOURCES.txt'
[1.265s] writing manifest file 'stm32_diff_drive_msgs.egg-info/SOURCES.txt'
[1.325s] [100%] Built target ament_cmake_python_build_stm32_diff_drive_msgs_egg
[1.363s] Invoked command in '/home/giang/ros2_myrobot/build/stm32_diff_drive_msgs' returned '0': CMAKE_PREFIX_PATH=${CMAKE_PREFIX_PATH}:/home/giang/ros2_myrobot/install/twist_stamper:/home/giang/ros2_demo/install/autonomous_tb3:/home/giang/ros2_ws/install/my_robot_controller:/opt/ros/humble /usr/bin/cmake --build /home/giang/ros2_myrobot/build/stm32_diff_drive_msgs -- -j6 -l6
[1.370s] Invoking command in '/home/giang/ros2_myrobot/build/stm32_diff_drive_msgs': CMAKE_PREFIX_PATH=${CMAKE_PREFIX_PATH}:/home/giang/ros2_myrobot/install/twist_stamper:/home/giang/ros2_demo/install/autonomous_tb3:/home/giang/ros2_ws/install/my_robot_controller:/opt/ros/humble /usr/bin/cmake --install /home/giang/ros2_myrobot/build/stm32_diff_drive_msgs
[1.391s] -- Install configuration: ""
[1.393s] -- Execute custom install script
[1.394s] -- Up-to-date symlink: /home/giang/ros2_myrobot/install/stm32_diff_drive_msgs/share/ament_index/resource_index/rosidl_interfaces/stm32_diff_drive_msgs
[1.394s] -- Up-to-date symlink: /home/giang/ros2_myrobot/install/stm32_diff_drive_msgs/include/stm32_diff_drive_msgs/stm32_diff_drive_msgs/msg/detail/encoder_vals__functions.h
[1.396s] -- Up-to-date symlink: /home/giang/ros2_myrobot/install/stm32_diff_drive_msgs/include/stm32_diff_drive_msgs/stm32_diff_drive_msgs/msg/detail/encoder_vals__struct.h
[1.396s] -- Up-to-date symlink: /home/giang/ros2_myrobot/install/stm32_diff_drive_msgs/include/stm32_diff_drive_msgs/stm32_diff_drive_msgs/msg/detail/encoder_vals__type_support.h
[1.397s] -- Up-to-date symlink: /home/giang/ros2_myrobot/install/stm32_diff_drive_msgs/include/stm32_diff_drive_msgs/stm32_diff_drive_msgs/msg/detail/motor_command__functions.h
[1.397s] -- Up-to-date symlink: /home/giang/ros2_myrobot/install/stm32_diff_drive_msgs/include/stm32_diff_drive_msgs/stm32_diff_drive_msgs/msg/detail/motor_command__struct.h
[1.397s] -- Up-to-date symlink: /home/giang/ros2_myrobot/install/stm32_diff_drive_msgs/include/stm32_diff_drive_msgs/stm32_diff_drive_msgs/msg/detail/motor_command__type_support.h
[1.397s] -- Up-to-date symlink: /home/giang/ros2_myrobot/install/stm32_diff_drive_msgs/include/stm32_diff_drive_msgs/stm32_diff_drive_msgs/msg/detail/motor_vels__functions.h
[1.398s] -- Up-to-date symlink: /home/giang/ros2_myrobot/install/stm32_diff_drive_msgs/include/stm32_diff_drive_msgs/stm32_diff_drive_msgs/msg/detail/motor_vels__struct.h
[1.399s] -- Up-to-date symlink: /home/giang/ros2_myrobot/install/stm32_diff_drive_msgs/include/stm32_diff_drive_msgs/stm32_diff_drive_msgs/msg/detail/motor_vels__type_support.h
[1.399s] -- Up-to-date symlink: /home/giang/ros2_myrobot/install/stm32_diff_drive_msgs/include/stm32_diff_drive_msgs/stm32_diff_drive_msgs/msg/encoder_vals.h
[1.399s] -- Up-to-date symlink: /home/giang/ros2_myrobot/install/stm32_diff_drive_msgs/include/stm32_diff_drive_msgs/stm32_diff_drive_msgs/msg/motor_command.h
[1.400s] -- Up-to-date symlink: /home/giang/ros2_myrobot/install/stm32_diff_drive_msgs/include/stm32_diff_drive_msgs/stm32_diff_drive_msgs/msg/motor_vels.h
[1.400s] -- Up-to-date symlink: /home/giang/ros2_myrobot/install/stm32_diff_drive_msgs/include/stm32_diff_drive_msgs/stm32_diff_drive_msgs/msg/rosidl_generator_c__visibility_control.h
[1.401s] -- Up-to-date symlink: /home/giang/ros2_myrobot/install/stm32_diff_drive_msgs/share/stm32_diff_drive_msgs/environment/library_path.sh
[1.401s] -- Up-to-date symlink: /home/giang/ros2_myrobot/install/stm32_diff_drive_msgs/share/stm32_diff_drive_msgs/environment/library_path.dsv
[1.401s] -- Up-to-date symlink: /home/giang/ros2_myrobot/install/stm32_diff_drive_msgs/include/stm32_diff_drive_msgs/stm32_diff_drive_msgs/msg/detail/encoder_vals__rosidl_typesupport_fastrtps_c.h
[1.401s] -- Up-to-date symlink: /home/giang/ros2_myrobot/install/stm32_diff_drive_msgs/include/stm32_diff_drive_msgs/stm32_diff_drive_msgs/msg/detail/motor_command__rosidl_typesupport_fastrtps_c.h
[1.401s] -- Up-to-date symlink: /home/giang/ros2_myrobot/install/stm32_diff_drive_msgs/include/stm32_diff_drive_msgs/stm32_diff_drive_msgs/msg/detail/motor_vels__rosidl_typesupport_fastrtps_c.h
[1.401s] -- Up-to-date symlink: /home/giang/ros2_myrobot/install/stm32_diff_drive_msgs/include/stm32_diff_drive_msgs/stm32_diff_drive_msgs/msg/rosidl_typesupport_fastrtps_c__visibility_control.h
[1.402s] -- Up-to-date symlink: /home/giang/ros2_myrobot/install/stm32_diff_drive_msgs/include/stm32_diff_drive_msgs/stm32_diff_drive_msgs/msg/detail/encoder_vals__rosidl_typesupport_introspection_c.h
[1.402s] -- Up-to-date symlink: /home/giang/ros2_myrobot/install/stm32_diff_drive_msgs/include/stm32_diff_drive_msgs/stm32_diff_drive_msgs/msg/detail/motor_command__rosidl_typesupport_introspection_c.h
[1.403s] -- Up-to-date symlink: /home/giang/ros2_myrobot/install/stm32_diff_drive_msgs/include/stm32_diff_drive_msgs/stm32_diff_drive_msgs/msg/detail/motor_vels__rosidl_typesupport_introspection_c.h
[1.404s] -- Up-to-date symlink: /home/giang/ros2_myrobot/install/stm32_diff_drive_msgs/include/stm32_diff_drive_msgs/stm32_diff_drive_msgs/msg/rosidl_typesupport_introspection_c__visibility_control.h
[1.405s] -- Up-to-date symlink: /home/giang/ros2_myrobot/install/stm32_diff_drive_msgs/include/stm32_diff_drive_msgs/stm32_diff_drive_msgs/msg/detail/encoder_vals__builder.hpp
[1.406s] -- Up-to-date symlink: /home/giang/ros2_myrobot/install/stm32_diff_drive_msgs/include/stm32_diff_drive_msgs/stm32_diff_drive_msgs/msg/detail/encoder_vals__struct.hpp
[1.406s] -- Up-to-date symlink: /home/giang/ros2_myrobot/install/stm32_diff_drive_msgs/include/stm32_diff_drive_msgs/stm32_diff_drive_msgs/msg/detail/encoder_vals__traits.hpp
[1.406s] -- Up-to-date symlink: /home/giang/ros2_myrobot/install/stm32_diff_drive_msgs/include/stm32_diff_drive_msgs/stm32_diff_drive_msgs/msg/detail/encoder_vals__type_support.hpp
[1.406s] -- Up-to-date symlink: /home/giang/ros2_myrobot/install/stm32_diff_drive_msgs/include/stm32_diff_drive_msgs/stm32_diff_drive_msgs/msg/detail/motor_command__builder.hpp
[1.406s] -- Up-to-date symlink: /home/giang/ros2_myrobot/install/stm32_diff_drive_msgs/include/stm32_diff_drive_msgs/stm32_diff_drive_msgs/msg/detail/motor_command__struct.hpp
[1.406s] -- Up-to-date symlink: /home/giang/ros2_myrobot/install/stm32_diff_drive_msgs/include/stm32_diff_drive_msgs/stm32_diff_drive_msgs/msg/detail/motor_command__traits.hpp
[1.406s] -- Up-to-date symlink: /home/giang/ros2_myrobot/install/stm32_diff_drive_msgs/include/stm32_diff_drive_msgs/stm32_diff_drive_msgs/msg/detail/motor_command__type_support.hpp
[1.407s] -- Up-to-date symlink: /home/giang/ros2_myrobot/install/stm32_diff_drive_msgs/include/stm32_diff_drive_msgs/stm32_diff_drive_msgs/msg/detail/motor_vels__builder.hpp
[1.407s] -- Up-to-date symlink: /home/giang/ros2_myrobot/install/stm32_diff_drive_msgs/include/stm32_diff_drive_msgs/stm32_diff_drive_msgs/msg/detail/motor_vels__struct.hpp
[1.407s] -- Up-to-date symlink: /home/giang/ros2_myrobot/install/stm32_diff_drive_msgs/include/stm32_diff_drive_msgs/stm32_diff_drive_msgs/msg/detail/motor_vels__traits.hpp
[1.408s] -- Up-to-date symlink: /home/giang/ros2_myrobot/install/stm32_diff_drive_msgs/include/stm32_diff_drive_msgs/stm32_diff_drive_msgs/msg/detail/motor_vels__type_support.hpp
[1.408s] -- Up-to-date symlink: /home/giang/ros2_myrobot/install/stm32_diff_drive_msgs/include/stm32_diff_drive_msgs/stm32_diff_drive_msgs/msg/encoder_vals.hpp
[1.408s] -- Up-to-date symlink: /home/giang/ros2_myrobot/install/stm32_diff_drive_msgs/include/stm32_diff_drive_msgs/stm32_diff_drive_msgs/msg/motor_command.hpp
[1.408s] -- Up-to-date symlink: /home/giang/ros2_myrobot/install/stm32_diff_drive_msgs/include/stm32_diff_drive_msgs/stm32_diff_drive_msgs/msg/motor_vels.hpp
[1.409s] -- Up-to-date symlink: /home/giang/ros2_myrobot/install/stm32_diff_drive_msgs/include/stm32_diff_drive_msgs/stm32_diff_drive_msgs/msg/rosidl_generator_cpp__visibility_control.hpp
[1.409s] -- Up-to-date symlink: /home/giang/ros2_myrobot/install/stm32_diff_drive_msgs/include/stm32_diff_drive_msgs/stm32_diff_drive_msgs/msg/detail/encoder_vals__rosidl_typesupport_fastrtps_cpp.hpp
[1.410s] -- Up-to-date symlink: /home/giang/ros2_myrobot/install/stm32_diff_drive_msgs/include/stm32_diff_drive_msgs/stm32_diff_drive_msgs/msg/detail/motor_command__rosidl_typesupport_fastrtps_cpp.hpp
[1.410s] -- Up-to-date symlink: /home/giang/ros2_myrobot/install/stm32_diff_drive_msgs/include/stm32_diff_drive_msgs/stm32_diff_drive_msgs/msg/detail/motor_vels__rosidl_typesupport_fastrtps_cpp.hpp
[1.410s] -- Up-to-date symlink: /home/giang/ros2_myrobot/install/stm32_diff_drive_msgs/include/stm32_diff_drive_msgs/stm32_diff_drive_msgs/msg/rosidl_typesupport_fastrtps_cpp__visibility_control.h
[1.410s] -- Up-to-date symlink: /home/giang/ros2_myrobot/install/stm32_diff_drive_msgs/include/stm32_diff_drive_msgs/stm32_diff_drive_msgs/msg/detail/encoder_vals__rosidl_typesupport_introspection_cpp.hpp
[1.411s] -- Up-to-date symlink: /home/giang/ros2_myrobot/install/stm32_diff_drive_msgs/include/stm32_diff_drive_msgs/stm32_diff_drive_msgs/msg/detail/motor_command__rosidl_typesupport_introspection_cpp.hpp
[1.411s] -- Up-to-date symlink: /home/giang/ros2_myrobot/install/stm32_diff_drive_msgs/include/stm32_diff_drive_msgs/stm32_diff_drive_msgs/msg/detail/motor_vels__rosidl_typesupport_introspection_cpp.hpp
[1.411s] -- Up-to-date symlink: /home/giang/ros2_myrobot/install/stm32_diff_drive_msgs/share/stm32_diff_drive_msgs/environment/pythonpath.sh
[1.412s] -- Up-to-date symlink: /home/giang/ros2_myrobot/install/stm32_diff_drive_msgs/share/stm32_diff_drive_msgs/environment/pythonpath.dsv
[1.414s] -- Up-to-date symlink: /home/giang/ros2_myrobot/install/stm32_diff_drive_msgs/local/lib/python3.10/dist-packages/stm32_diff_drive_msgs-0.0.0-py3.10.egg-info/PKG-INFO
[1.414s] -- Up-to-date symlink: /home/giang/ros2_myrobot/install/stm32_diff_drive_msgs/local/lib/python3.10/dist-packages/stm32_diff_drive_msgs-0.0.0-py3.10.egg-info/SOURCES.txt
[1.415s] -- Up-to-date symlink: /home/giang/ros2_myrobot/install/stm32_diff_drive_msgs/local/lib/python3.10/dist-packages/stm32_diff_drive_msgs-0.0.0-py3.10.egg-info/dependency_links.txt
[1.415s] -- Up-to-date symlink: /home/giang/ros2_myrobot/install/stm32_diff_drive_msgs/local/lib/python3.10/dist-packages/stm32_diff_drive_msgs-0.0.0-py3.10.egg-info/top_level.txt
[1.415s] -- Up-to-date symlink: /home/giang/ros2_myrobot/install/stm32_diff_drive_msgs/local/lib/python3.10/dist-packages/stm32_diff_drive_msgs/__init__.py
[1.415s] -- Up-to-date symlink: /home/giang/ros2_myrobot/install/stm32_diff_drive_msgs/local/lib/python3.10/dist-packages/stm32_diff_drive_msgs/_stm32_diff_drive_msgs_s.ep.rosidl_typesupport_c.c
[1.416s] -- Up-to-date symlink: /home/giang/ros2_myrobot/install/stm32_diff_drive_msgs/local/lib/python3.10/dist-packages/stm32_diff_drive_msgs/_stm32_diff_drive_msgs_s.ep.rosidl_typesupport_fastrtps_c.c
[1.416s] -- Up-to-date symlink: /home/giang/ros2_myrobot/install/stm32_diff_drive_msgs/local/lib/python3.10/dist-packages/stm32_diff_drive_msgs/_stm32_diff_drive_msgs_s.ep.rosidl_typesupport_introspection_c.c
[1.417s] -- Up-to-date symlink: /home/giang/ros2_myrobot/install/stm32_diff_drive_msgs/local/lib/python3.10/dist-packages/stm32_diff_drive_msgs/libstm32_diff_drive_msgs__rosidl_generator_py.so
[1.418s] -- Up-to-date symlink: /home/giang/ros2_myrobot/install/stm32_diff_drive_msgs/local/lib/python3.10/dist-packages/stm32_diff_drive_msgs/msg/__init__.py
[1.418s] -- Up-to-date symlink: /home/giang/ros2_myrobot/install/stm32_diff_drive_msgs/local/lib/python3.10/dist-packages/stm32_diff_drive_msgs/msg/_encoder_vals.py
[1.418s] -- Up-to-date symlink: /home/giang/ros2_myrobot/install/stm32_diff_drive_msgs/local/lib/python3.10/dist-packages/stm32_diff_drive_msgs/msg/_encoder_vals_s.c
[1.419s] -- Up-to-date symlink: /home/giang/ros2_myrobot/install/stm32_diff_drive_msgs/local/lib/python3.10/dist-packages/stm32_diff_drive_msgs/msg/_motor_command.py
[1.419s] -- Up-to-date symlink: /home/giang/ros2_myrobot/install/stm32_diff_drive_msgs/local/lib/python3.10/dist-packages/stm32_diff_drive_msgs/msg/_motor_command_s.c
[1.419s] -- Up-to-date symlink: /home/giang/ros2_myrobot/install/stm32_diff_drive_msgs/local/lib/python3.10/dist-packages/stm32_diff_drive_msgs/msg/_motor_vels.py
[1.419s] -- Up-to-date symlink: /home/giang/ros2_myrobot/install/stm32_diff_drive_msgs/local/lib/python3.10/dist-packages/stm32_diff_drive_msgs/msg/_motor_vels_s.c
[1.419s] -- Up-to-date symlink: /home/giang/ros2_myrobot/install/stm32_diff_drive_msgs/local/lib/python3.10/dist-packages/stm32_diff_drive_msgs/stm32_diff_drive_msgs_s__rosidl_typesupport_c.cpython-310-x86_64-linux-gnu.so
[1.420s] -- Up-to-date symlink: /home/giang/ros2_myrobot/install/stm32_diff_drive_msgs/local/lib/python3.10/dist-packages/stm32_diff_drive_msgs/stm32_diff_drive_msgs_s__rosidl_typesupport_fastrtps_c.cpython-310-x86_64-linux-gnu.so
[1.421s] -- Up-to-date symlink: /home/giang/ros2_myrobot/install/stm32_diff_drive_msgs/local/lib/python3.10/dist-packages/stm32_diff_drive_msgs/stm32_diff_drive_msgs_s__rosidl_typesupport_introspection_c.cpython-310-x86_64-linux-gnu.so
[1.421s] -- Up-to-date symlink: /home/giang/ros2_myrobot/install/stm32_diff_drive_msgs/local/lib/python3.10/dist-packages/stm32_diff_drive_msgs/stm32_diff_drive_msgs_s__rosidl_typesupport_fastrtps_c.cpython-310-x86_64-linux-gnu.so
[1.422s] -- Up-to-date symlink: /home/giang/ros2_myrobot/install/stm32_diff_drive_msgs/local/lib/python3.10/dist-packages/stm32_diff_drive_msgs/stm32_diff_drive_msgs_s__rosidl_typesupport_introspection_c.cpython-310-x86_64-linux-gnu.so
[1.422s] -- Up-to-date symlink: /home/giang/ros2_myrobot/install/stm32_diff_drive_msgs/local/lib/python3.10/dist-packages/stm32_diff_drive_msgs/stm32_diff_drive_msgs_s__rosidl_typesupport_c.cpython-310-x86_64-linux-gnu.so
[1.422s] -- Up-to-date symlink: /home/giang/ros2_myrobot/install/stm32_diff_drive_msgs/share/stm32_diff_drive_msgs/msg/MotorCommand.idl
[1.422s] -- Up-to-date symlink: /home/giang/ros2_myrobot/install/stm32_diff_drive_msgs/share/stm32_diff_drive_msgs/msg/MotorVels.idl
[1.422s] -- Up-to-date symlink: /home/giang/ros2_myrobot/install/stm32_diff_drive_msgs/share/stm32_diff_drive_msgs/msg/EncoderVals.idl
[1.422s] -- Up-to-date symlink: /home/giang/ros2_myrobot/install/stm32_diff_drive_msgs/share/stm32_diff_drive_msgs/msg/MotorCommand.msg
[1.424s] -- Up-to-date symlink: /home/giang/ros2_myrobot/install/stm32_diff_drive_msgs/share/stm32_diff_drive_msgs/msg/MotorVels.msg
[1.425s] -- Up-to-date symlink: /home/giang/ros2_myrobot/install/stm32_diff_drive_msgs/share/stm32_diff_drive_msgs/msg/EncoderVals.msg
[1.427s] -- Up-to-date symlink: /home/giang/ros2_myrobot/install/stm32_diff_drive_msgs/share/ament_index/resource_index/package_run_dependencies/stm32_diff_drive_msgs
[1.427s] -- Up-to-date symlink: /home/giang/ros2_myrobot/install/stm32_diff_drive_msgs/share/ament_index/resource_index/parent_prefix_path/stm32_diff_drive_msgs
[1.428s] -- Up-to-date symlink: /home/giang/ros2_myrobot/install/stm32_diff_drive_msgs/share/stm32_diff_drive_msgs/environment/ament_prefix_path.sh
[1.428s] -- Up-to-date symlink: /home/giang/ros2_myrobot/install/stm32_diff_drive_msgs/share/stm32_diff_drive_msgs/environment/ament_prefix_path.dsv
[1.429s] -- Up-to-date symlink: /home/giang/ros2_myrobot/install/stm32_diff_drive_msgs/share/stm32_diff_drive_msgs/environment/path.sh
[1.429s] -- Up-to-date symlink: /home/giang/ros2_myrobot/install/stm32_diff_drive_msgs/share/stm32_diff_drive_msgs/environment/path.dsv
[1.429s] -- Up-to-date symlink: /home/giang/ros2_myrobot/install/stm32_diff_drive_msgs/share/stm32_diff_drive_msgs/local_setup.bash
[1.429s] -- Up-to-date symlink: /home/giang/ros2_myrobot/install/stm32_diff_drive_msgs/share/stm32_diff_drive_msgs/local_setup.sh
[1.429s] -- Up-to-date symlink: /home/giang/ros2_myrobot/install/stm32_diff_drive_msgs/share/stm32_diff_drive_msgs/local_setup.zsh
[1.429s] -- Up-to-date symlink: /home/giang/ros2_myrobot/install/stm32_diff_drive_msgs/share/stm32_diff_drive_msgs/local_setup.dsv
[1.430s] -- Symlinking: /home/giang/ros2_myrobot/install/stm32_diff_drive_msgs/share/stm32_diff_drive_msgs/package.dsv
[1.451s] -- Up-to-date symlink: /home/giang/ros2_myrobot/install/stm32_diff_drive_msgs/share/ament_index/resource_index/packages/stm32_diff_drive_msgs
[1.452s] -- Up-to-date symlink: /home/giang/ros2_myrobot/install/stm32_diff_drive_msgs/share/stm32_diff_drive_msgs/cmake/rosidl_cmake-extras.cmake
[1.453s] -- Up-to-date symlink: /home/giang/ros2_myrobot/install/stm32_diff_drive_msgs/share/stm32_diff_drive_msgs/cmake/ament_cmake_export_include_directories-extras.cmake
[1.453s] -- Up-to-date symlink: /home/giang/ros2_myrobot/install/stm32_diff_drive_msgs/share/stm32_diff_drive_msgs/cmake/ament_cmake_export_libraries-extras.cmake
[1.454s] -- Up-to-date symlink: /home/giang/ros2_myrobot/install/stm32_diff_drive_msgs/share/stm32_diff_drive_msgs/cmake/ament_cmake_export_targets-extras.cmake
[1.454s] -- Up-to-date symlink: /home/giang/ros2_myrobot/install/stm32_diff_drive_msgs/share/stm32_diff_drive_msgs/cmake/rosidl_cmake_export_typesupport_targets-extras.cmake
[1.454s] -- Up-to-date symlink: /home/giang/ros2_myrobot/install/stm32_diff_drive_msgs/share/stm32_diff_drive_msgs/cmake/ament_cmake_export_dependencies-extras.cmake
[1.454s] -- Up-to-date symlink: /home/giang/ros2_myrobot/install/stm32_diff_drive_msgs/share/stm32_diff_drive_msgs/cmake/rosidl_cmake_export_typesupport_libraries-extras.cmake
[1.454s] -- Up-to-date symlink: /home/giang/ros2_myrobot/install/stm32_diff_drive_msgs/share/stm32_diff_drive_msgs/cmake/stm32_diff_drive_msgsConfig.cmake
[1.454s] -- Up-to-date symlink: /home/giang/ros2_myrobot/install/stm32_diff_drive_msgs/share/stm32_diff_drive_msgs/cmake/stm32_diff_drive_msgsConfig-version.cmake
[1.454s] -- Up-to-date symlink: /home/giang/ros2_myrobot/install/stm32_diff_drive_msgs/share/stm32_diff_drive_msgs/package.xml
[1.459s] -- Up-to-date: /home/giang/ros2_myrobot/install/stm32_diff_drive_msgs/lib/libstm32_diff_drive_msgs__rosidl_generator_c.so
[1.462s] -- Up-to-date: /home/giang/ros2_myrobot/install/stm32_diff_drive_msgs/lib/libstm32_diff_drive_msgs__rosidl_typesupport_fastrtps_c.so
[1.464s] -- Up-to-date: /home/giang/ros2_myrobot/install/stm32_diff_drive_msgs/lib/libstm32_diff_drive_msgs__rosidl_typesupport_introspection_c.so
[1.466s] -- Up-to-date: /home/giang/ros2_myrobot/install/stm32_diff_drive_msgs/lib/libstm32_diff_drive_msgs__rosidl_typesupport_c.so
[1.470s] -- Up-to-date: /home/giang/ros2_myrobot/install/stm32_diff_drive_msgs/lib/libstm32_diff_drive_msgs__rosidl_typesupport_fastrtps_cpp.so
[1.472s] -- Up-to-date: /home/giang/ros2_myrobot/install/stm32_diff_drive_msgs/lib/libstm32_diff_drive_msgs__rosidl_typesupport_introspection_cpp.so
[1.477s] -- Up-to-date: /home/giang/ros2_myrobot/install/stm32_diff_drive_msgs/lib/libstm32_diff_drive_msgs__rosidl_typesupport_cpp.so
[1.587s] Listing '/home/giang/ros2_myrobot/install/stm32_diff_drive_msgs/local/lib/python3.10/dist-packages/stm32_diff_drive_msgs'...
[1.587s] Listing '/home/giang/ros2_myrobot/install/stm32_diff_drive_msgs/local/lib/python3.10/dist-packages/stm32_diff_drive_msgs/msg'...
[1.600s] -- Up-to-date: /home/giang/ros2_myrobot/install/stm32_diff_drive_msgs/lib/libstm32_diff_drive_msgs__rosidl_generator_py.so
[1.603s] -- Up-to-date: /home/giang/ros2_myrobot/install/stm32_diff_drive_msgs/share/stm32_diff_drive_msgs/cmake/export_stm32_diff_drive_msgs__rosidl_generator_cExport.cmake
[1.604s] -- Up-to-date: /home/giang/ros2_myrobot/install/stm32_diff_drive_msgs/share/stm32_diff_drive_msgs/cmake/export_stm32_diff_drive_msgs__rosidl_generator_cExport-noconfig.cmake
[1.609s] -- Up-to-date: /home/giang/ros2_myrobot/install/stm32_diff_drive_msgs/share/stm32_diff_drive_msgs/cmake/export_stm32_diff_drive_msgs__rosidl_typesupport_fastrtps_cExport.cmake
[1.609s] -- Up-to-date: /home/giang/ros2_myrobot/install/stm32_diff_drive_msgs/share/stm32_diff_drive_msgs/cmake/export_stm32_diff_drive_msgs__rosidl_typesupport_fastrtps_cExport-noconfig.cmake
[1.610s] -- Up-to-date: /home/giang/ros2_myrobot/install/stm32_diff_drive_msgs/share/stm32_diff_drive_msgs/cmake/stm32_diff_drive_msgs__rosidl_typesupport_introspection_cExport.cmake
[1.610s] -- Up-to-date: /home/giang/ros2_myrobot/install/stm32_diff_drive_msgs/share/stm32_diff_drive_msgs/cmake/stm32_diff_drive_msgs__rosidl_typesupport_introspection_cExport-noconfig.cmake
[1.612s] -- Up-to-date: /home/giang/ros2_myrobot/install/stm32_diff_drive_msgs/share/stm32_diff_drive_msgs/cmake/stm32_diff_drive_msgs__rosidl_typesupport_cExport.cmake
[1.612s] -- Up-to-date: /home/giang/ros2_myrobot/install/stm32_diff_drive_msgs/share/stm32_diff_drive_msgs/cmake/stm32_diff_drive_msgs__rosidl_typesupport_cExport-noconfig.cmake
[1.615s] -- Up-to-date: /home/giang/ros2_myrobot/install/stm32_diff_drive_msgs/share/stm32_diff_drive_msgs/cmake/export_stm32_diff_drive_msgs__rosidl_generator_cppExport.cmake
[1.618s] -- Up-to-date: /home/giang/ros2_myrobot/install/stm32_diff_drive_msgs/share/stm32_diff_drive_msgs/cmake/export_stm32_diff_drive_msgs__rosidl_typesupport_fastrtps_cppExport.cmake
[1.618s] -- Up-to-date: /home/giang/ros2_myrobot/install/stm32_diff_drive_msgs/share/stm32_diff_drive_msgs/cmake/export_stm32_diff_drive_msgs__rosidl_typesupport_fastrtps_cppExport-noconfig.cmake
[1.620s] -- Up-to-date: /home/giang/ros2_myrobot/install/stm32_diff_drive_msgs/share/stm32_diff_drive_msgs/cmake/stm32_diff_drive_msgs__rosidl_typesupport_introspection_cppExport.cmake
[1.620s] -- Up-to-date: /home/giang/ros2_myrobot/install/stm32_diff_drive_msgs/share/stm32_diff_drive_msgs/cmake/stm32_diff_drive_msgs__rosidl_typesupport_introspection_cppExport-noconfig.cmake
[1.623s] -- Up-to-date: /home/giang/ros2_myrobot/install/stm32_diff_drive_msgs/share/stm32_diff_drive_msgs/cmake/stm32_diff_drive_msgs__rosidl_typesupport_cppExport.cmake
[1.623s] -- Up-to-date: /home/giang/ros2_myrobot/install/stm32_diff_drive_msgs/share/stm32_diff_drive_msgs/cmake/stm32_diff_drive_msgs__rosidl_typesupport_cppExport-noconfig.cmake
[1.625s] -- Up-to-date: /home/giang/ros2_myrobot/install/stm32_diff_drive_msgs/share/stm32_diff_drive_msgs/cmake/export_stm32_diff_drive_msgs__rosidl_generator_pyExport.cmake
[1.626s] -- Up-to-date: /home/giang/ros2_myrobot/install/stm32_diff_drive_msgs/share/stm32_diff_drive_msgs/cmake/export_stm32_diff_drive_msgs__rosidl_generator_pyExport-noconfig.cmake
[1.636s] Invoked command in '/home/giang/ros2_myrobot/build/stm32_diff_drive_msgs' returned '0': CMAKE_PREFIX_PATH=${CMAKE_PREFIX_PATH}:/home/giang/ros2_myrobot/install/twist_stamper:/home/giang/ros2_demo/install/autonomous_tb3:/home/giang/ros2_ws/install/my_robot_controller:/opt/ros/humble /usr/bin/cmake --install /home/giang/ros2_myrobot/build/stm32_diff_drive_msgs
