[0.546s] DEBUG:colcon:Command line arguments: ['/usr/bin/colcon', 'build', '--symlink-install']
[0.546s] DEBUG:colcon:Parsed command line arguments: Namespace(log_base=None, log_level=None, verb_name='build', build_base='build', install_base='install', merge_install=False, symlink_install=True, test_result_base=None, continue_on_error=False, executor='parallel', parallel_workers=6, event_handlers=None, ignore_user_meta=False, metas=['./colcon.meta'], base_paths=['.'], packages_ignore=None, packages_ignore_regex=None, paths=None, packages_up_to=None, packages_up_to_regex=None, packages_above=None, packages_above_and_dependencies=None, packages_above_depth=None, packages_select_by_dep=None, packages_skip_by_dep=None, packages_skip_up_to=None, packages_select_build_failed=False, packages_skip_build_finished=False, packages_select_test_failures=False, packages_skip_test_passed=False, packages_select=None, packages_skip=None, packages_select_regex=None, packages_skip_regex=None, packages_start=None, packages_end=None, allow_overriding=[], cmake_args=None, cmake_target=None, cmake_target_skip_unavailable=False, cmake_clean_cache=False, cmake_clean_first=False, cmake_force_configure=False, ament_cmake_args=None, catkin_cmake_args=None, catkin_skip_building_tests=False, verb_parser=<colcon_defaults.argument_parser.defaults.DefaultArgumentsDecorator object at 0x7c8499669ae0>, verb_extension=<colcon_core.verb.build.BuildVerb object at 0x7c84997d6710>, main=<bound method BuildVerb.main of <colcon_core.verb.build.BuildVerb object at 0x7c84997d6710>>)
[1.616s] Level 1:colcon.colcon_core.package_discovery:discover_packages(colcon_meta) check parameters
[1.617s] Level 1:colcon.colcon_core.package_discovery:discover_packages(recursive) check parameters
[1.617s] Level 1:colcon.colcon_core.package_discovery:discover_packages(ignore) check parameters
[1.618s] Level 1:colcon.colcon_core.package_discovery:discover_packages(path) check parameters
[1.618s] Level 1:colcon.colcon_core.package_discovery:discover_packages(colcon_meta) discover
[1.619s] Level 1:colcon.colcon_core.package_discovery:discover_packages(recursive) discover
[1.619s] INFO:colcon.colcon_core.package_discovery:Crawling recursively for packages in '/home/giang/ros2_myrobot'
[1.620s] Level 1:colcon.colcon_core.package_identification:_identify(.) by extensions ['ignore', 'ignore_ament_install']
[1.620s] Level 1:colcon.colcon_core.package_identification:_identify(.) by extension 'ignore'
[1.620s] Level 1:colcon.colcon_core.package_identification:_identify(.) by extension 'ignore_ament_install'
[1.620s] Level 1:colcon.colcon_core.package_identification:_identify(.) by extensions ['colcon_pkg']
[1.620s] Level 1:colcon.colcon_core.package_identification:_identify(.) by extension 'colcon_pkg'
[1.620s] Level 1:colcon.colcon_core.package_identification:_identify(.) by extensions ['colcon_meta']
[1.621s] Level 1:colcon.colcon_core.package_identification:_identify(.) by extension 'colcon_meta'
[1.621s] Level 1:colcon.colcon_core.package_identification:_identify(.) by extensions ['ros']
[1.621s] Level 1:colcon.colcon_core.package_identification:_identify(.) by extension 'ros'
[1.675s] Level 1:colcon.colcon_core.package_identification:_identify(.) by extensions ['cmake', 'python']
[1.676s] Level 1:colcon.colcon_core.package_identification:_identify(.) by extension 'cmake'
[1.676s] Level 1:colcon.colcon_core.package_identification:_identify(.) by extension 'python'
[1.676s] Level 1:colcon.colcon_core.package_identification:_identify(.) by extensions ['python_setup_py']
[1.676s] Level 1:colcon.colcon_core.package_identification:_identify(.) by extension 'python_setup_py'
[1.676s] Level 1:colcon.colcon_core.package_identification:_identify(build) by extensions ['ignore', 'ignore_ament_install']
[1.676s] Level 1:colcon.colcon_core.package_identification:_identify(build) by extension 'ignore'
[1.676s] Level 1:colcon.colcon_core.package_identification:_identify(build) ignored
[1.677s] Level 1:colcon.colcon_core.package_identification:_identify(install) by extensions ['ignore', 'ignore_ament_install']
[1.677s] Level 1:colcon.colcon_core.package_identification:_identify(install) by extension 'ignore'
[1.677s] Level 1:colcon.colcon_core.package_identification:_identify(install) ignored
[1.677s] Level 1:colcon.colcon_core.package_identification:_identify(log) by extensions ['ignore', 'ignore_ament_install']
[1.678s] Level 1:colcon.colcon_core.package_identification:_identify(log) by extension 'ignore'
[1.678s] Level 1:colcon.colcon_core.package_identification:_identify(log) ignored
[1.678s] Level 1:colcon.colcon_core.package_identification:_identify(src) by extensions ['ignore', 'ignore_ament_install']
[1.678s] Level 1:colcon.colcon_core.package_identification:_identify(src) by extension 'ignore'
[1.678s] Level 1:colcon.colcon_core.package_identification:_identify(src) by extension 'ignore_ament_install'
[1.679s] Level 1:colcon.colcon_core.package_identification:_identify(src) by extensions ['colcon_pkg']
[1.679s] Level 1:colcon.colcon_core.package_identification:_identify(src) by extension 'colcon_pkg'
[1.679s] Level 1:colcon.colcon_core.package_identification:_identify(src) by extensions ['colcon_meta']
[1.679s] Level 1:colcon.colcon_core.package_identification:_identify(src) by extension 'colcon_meta'
[1.679s] Level 1:colcon.colcon_core.package_identification:_identify(src) by extensions ['ros']
[1.679s] Level 1:colcon.colcon_core.package_identification:_identify(src) by extension 'ros'
[1.679s] Level 1:colcon.colcon_core.package_identification:_identify(src) by extensions ['cmake', 'python']
[1.679s] Level 1:colcon.colcon_core.package_identification:_identify(src) by extension 'cmake'
[1.679s] Level 1:colcon.colcon_core.package_identification:_identify(src) by extension 'python'
[1.679s] Level 1:colcon.colcon_core.package_identification:_identify(src) by extensions ['python_setup_py']
[1.679s] Level 1:colcon.colcon_core.package_identification:_identify(src) by extension 'python_setup_py'
[1.680s] Level 1:colcon.colcon_core.package_identification:_identify(src/image) by extensions ['ignore', 'ignore_ament_install']
[1.680s] Level 1:colcon.colcon_core.package_identification:_identify(src/image) by extension 'ignore'
[1.680s] Level 1:colcon.colcon_core.package_identification:_identify(src/image) by extension 'ignore_ament_install'
[1.681s] Level 1:colcon.colcon_core.package_identification:_identify(src/image) by extensions ['colcon_pkg']
[1.681s] Level 1:colcon.colcon_core.package_identification:_identify(src/image) by extension 'colcon_pkg'
[1.682s] Level 1:colcon.colcon_core.package_identification:_identify(src/image) by extensions ['colcon_meta']
[1.682s] Level 1:colcon.colcon_core.package_identification:_identify(src/image) by extension 'colcon_meta'
[1.682s] Level 1:colcon.colcon_core.package_identification:_identify(src/image) by extensions ['ros']
[1.682s] Level 1:colcon.colcon_core.package_identification:_identify(src/image) by extension 'ros'
[1.682s] Level 1:colcon.colcon_core.package_identification:_identify(src/image) by extensions ['cmake', 'python']
[1.682s] Level 1:colcon.colcon_core.package_identification:_identify(src/image) by extension 'cmake'
[1.682s] Level 1:colcon.colcon_core.package_identification:_identify(src/image) by extension 'python'
[1.682s] Level 1:colcon.colcon_core.package_identification:_identify(src/image) by extensions ['python_setup_py']
[1.682s] Level 1:colcon.colcon_core.package_identification:_identify(src/image) by extension 'python_setup_py'
[1.682s] Level 1:colcon.colcon_core.package_identification:_identify(src/my_bot) by extensions ['ignore', 'ignore_ament_install']
[1.683s] Level 1:colcon.colcon_core.package_identification:_identify(src/my_bot) by extension 'ignore'
[1.683s] Level 1:colcon.colcon_core.package_identification:_identify(src/my_bot) by extension 'ignore_ament_install'
[1.683s] Level 1:colcon.colcon_core.package_identification:_identify(src/my_bot) by extensions ['colcon_pkg']
[1.683s] Level 1:colcon.colcon_core.package_identification:_identify(src/my_bot) by extension 'colcon_pkg'
[1.685s] Level 1:colcon.colcon_core.package_identification:_identify(src/my_bot) by extensions ['colcon_meta']
[1.685s] Level 1:colcon.colcon_core.package_identification:_identify(src/my_bot) by extension 'colcon_meta'
[1.685s] Level 1:colcon.colcon_core.package_identification:_identify(src/my_bot) by extensions ['ros']
[1.685s] Level 1:colcon.colcon_core.package_identification:_identify(src/my_bot) by extension 'ros'
[1.694s] DEBUG:colcon.colcon_core.package_identification:Package 'src/my_bot' with type 'ros.ament_cmake' and name 'my_bot'
[1.695s] Level 1:colcon.colcon_core.package_identification:_identify(src/stm32_diff_drive_hardware) by extensions ['ignore', 'ignore_ament_install']
[1.695s] Level 1:colcon.colcon_core.package_identification:_identify(src/stm32_diff_drive_hardware) by extension 'ignore'
[1.695s] Level 1:colcon.colcon_core.package_identification:_identify(src/stm32_diff_drive_hardware) by extension 'ignore_ament_install'
[1.695s] Level 1:colcon.colcon_core.package_identification:_identify(src/stm32_diff_drive_hardware) by extensions ['colcon_pkg']
[1.695s] Level 1:colcon.colcon_core.package_identification:_identify(src/stm32_diff_drive_hardware) by extension 'colcon_pkg'
[1.695s] Level 1:colcon.colcon_core.package_identification:_identify(src/stm32_diff_drive_hardware) by extensions ['colcon_meta']
[1.695s] Level 1:colcon.colcon_core.package_identification:_identify(src/stm32_diff_drive_hardware) by extension 'colcon_meta'
[1.695s] Level 1:colcon.colcon_core.package_identification:_identify(src/stm32_diff_drive_hardware) by extensions ['ros']
[1.695s] Level 1:colcon.colcon_core.package_identification:_identify(src/stm32_diff_drive_hardware) by extension 'ros'
[1.696s] DEBUG:colcon.colcon_core.package_identification:Package 'src/stm32_diff_drive_hardware' with type 'ros.ament_cmake' and name 'stm32_diff_drive_hardware'
[1.697s] Level 1:colcon.colcon_core.package_identification:_identify(src/stm32_diff_drive_msgs) by extensions ['ignore', 'ignore_ament_install']
[1.697s] Level 1:colcon.colcon_core.package_identification:_identify(src/stm32_diff_drive_msgs) by extension 'ignore'
[1.697s] Level 1:colcon.colcon_core.package_identification:_identify(src/stm32_diff_drive_msgs) by extension 'ignore_ament_install'
[1.697s] Level 1:colcon.colcon_core.package_identification:_identify(src/stm32_diff_drive_msgs) by extensions ['colcon_pkg']
[1.697s] Level 1:colcon.colcon_core.package_identification:_identify(src/stm32_diff_drive_msgs) by extension 'colcon_pkg'
[1.697s] Level 1:colcon.colcon_core.package_identification:_identify(src/stm32_diff_drive_msgs) by extensions ['colcon_meta']
[1.697s] Level 1:colcon.colcon_core.package_identification:_identify(src/stm32_diff_drive_msgs) by extension 'colcon_meta'
[1.697s] Level 1:colcon.colcon_core.package_identification:_identify(src/stm32_diff_drive_msgs) by extensions ['ros']
[1.697s] Level 1:colcon.colcon_core.package_identification:_identify(src/stm32_diff_drive_msgs) by extension 'ros'
[1.699s] DEBUG:colcon.colcon_core.package_identification:Package 'src/stm32_diff_drive_msgs' with type 'ros.ament_cmake' and name 'stm32_diff_drive_msgs'
[1.699s] Level 1:colcon.colcon_core.package_identification:_identify(src/twist_stamper) by extensions ['ignore', 'ignore_ament_install']
[1.700s] Level 1:colcon.colcon_core.package_identification:_identify(src/twist_stamper) by extension 'ignore'
[1.701s] Level 1:colcon.colcon_core.package_identification:_identify(src/twist_stamper) by extension 'ignore_ament_install'
[1.701s] Level 1:colcon.colcon_core.package_identification:_identify(src/twist_stamper) by extensions ['colcon_pkg']
[1.701s] Level 1:colcon.colcon_core.package_identification:_identify(src/twist_stamper) by extension 'colcon_pkg'
[1.701s] Level 1:colcon.colcon_core.package_identification:_identify(src/twist_stamper) by extensions ['colcon_meta']
[1.701s] Level 1:colcon.colcon_core.package_identification:_identify(src/twist_stamper) by extension 'colcon_meta'
[1.702s] Level 1:colcon.colcon_core.package_identification:_identify(src/twist_stamper) by extensions ['ros']
[1.702s] Level 1:colcon.colcon_core.package_identification:_identify(src/twist_stamper) by extension 'ros'
[1.704s] DEBUG:colcon.colcon_core.package_identification:Package 'src/twist_stamper' with type 'ros.ament_python' and name 'twist_stamper'
[1.704s] Level 1:colcon.colcon_core.package_discovery:discover_packages(recursive) using defaults
[1.704s] Level 1:colcon.colcon_core.package_discovery:discover_packages(ignore) discover
[1.704s] Level 1:colcon.colcon_core.package_discovery:discover_packages(ignore) using defaults
[1.704s] Level 1:colcon.colcon_core.package_discovery:discover_packages(path) discover
[1.704s] Level 1:colcon.colcon_core.package_discovery:discover_packages(path) using defaults
[1.808s] Level 1:colcon.colcon_core.package_discovery:discover_packages(prefix_path) check parameters
[1.809s] Level 1:colcon.colcon_core.package_discovery:discover_packages(prefix_path) discover
[1.820s] DEBUG:colcon.colcon_installed_package_information.package_discovery:Found 4 installed packages in /home/giang/ros2_myrobot/install
[1.820s] DEBUG:colcon.colcon_installed_package_information.package_discovery:Found 1 installed packages in /home/giang/ros2_demo/install
[1.821s] DEBUG:colcon.colcon_installed_package_information.package_discovery:Found 1 installed packages in /home/giang/Workspaces/ros2_cpp_ws/install
[1.823s] DEBUG:colcon.colcon_installed_package_information.package_discovery:Found 2 installed packages in /home/giang/ros2_ws/install
[1.825s] DEBUG:colcon.colcon_installed_package_information.package_discovery:Found 389 installed packages in /opt/ros/humble
[1.830s] Level 1:colcon.colcon_core.package_discovery:discover_packages(prefix_path) using defaults
[1.986s] Level 5:colcon.colcon_core.verb:set package 'my_bot' build argument 'cmake_args' from command line to 'None'
[1.987s] Level 5:colcon.colcon_core.verb:set package 'my_bot' build argument 'cmake_target' from command line to 'None'
[1.987s] Level 5:colcon.colcon_core.verb:set package 'my_bot' build argument 'cmake_target_skip_unavailable' from command line to 'False'
[1.987s] Level 5:colcon.colcon_core.verb:set package 'my_bot' build argument 'cmake_clean_cache' from command line to 'False'
[1.987s] Level 5:colcon.colcon_core.verb:set package 'my_bot' build argument 'cmake_clean_first' from command line to 'False'
[1.987s] Level 5:colcon.colcon_core.verb:set package 'my_bot' build argument 'cmake_force_configure' from command line to 'False'
[1.987s] Level 5:colcon.colcon_core.verb:set package 'my_bot' build argument 'ament_cmake_args' from command line to 'None'
[1.987s] Level 5:colcon.colcon_core.verb:set package 'my_bot' build argument 'catkin_cmake_args' from command line to 'None'
[1.987s] Level 5:colcon.colcon_core.verb:set package 'my_bot' build argument 'catkin_skip_building_tests' from command line to 'False'
[1.987s] DEBUG:colcon.colcon_core.verb:Building package 'my_bot' with the following arguments: {'ament_cmake_args': None, 'build_base': '/home/giang/ros2_myrobot/build/my_bot', 'catkin_cmake_args': None, 'catkin_skip_building_tests': False, 'cmake_args': None, 'cmake_clean_cache': False, 'cmake_clean_first': False, 'cmake_force_configure': False, 'cmake_target': None, 'cmake_target_skip_unavailable': False, 'install_base': '/home/giang/ros2_myrobot/install/my_bot', 'merge_install': False, 'path': '/home/giang/ros2_myrobot/src/my_bot', 'symlink_install': True, 'test_result_base': None}
[1.988s] Level 5:colcon.colcon_core.verb:set package 'stm32_diff_drive_msgs' build argument 'cmake_args' from command line to 'None'
[1.988s] Level 5:colcon.colcon_core.verb:set package 'stm32_diff_drive_msgs' build argument 'cmake_target' from command line to 'None'
[1.988s] Level 5:colcon.colcon_core.verb:set package 'stm32_diff_drive_msgs' build argument 'cmake_target_skip_unavailable' from command line to 'False'
[1.988s] Level 5:colcon.colcon_core.verb:set package 'stm32_diff_drive_msgs' build argument 'cmake_clean_cache' from command line to 'False'
[1.988s] Level 5:colcon.colcon_core.verb:set package 'stm32_diff_drive_msgs' build argument 'cmake_clean_first' from command line to 'False'
[1.988s] Level 5:colcon.colcon_core.verb:set package 'stm32_diff_drive_msgs' build argument 'cmake_force_configure' from command line to 'False'
[1.989s] Level 5:colcon.colcon_core.verb:set package 'stm32_diff_drive_msgs' build argument 'ament_cmake_args' from command line to 'None'
[1.989s] Level 5:colcon.colcon_core.verb:set package 'stm32_diff_drive_msgs' build argument 'catkin_cmake_args' from command line to 'None'
[1.989s] Level 5:colcon.colcon_core.verb:set package 'stm32_diff_drive_msgs' build argument 'catkin_skip_building_tests' from command line to 'False'
[1.989s] DEBUG:colcon.colcon_core.verb:Building package 'stm32_diff_drive_msgs' with the following arguments: {'ament_cmake_args': None, 'build_base': '/home/giang/ros2_myrobot/build/stm32_diff_drive_msgs', 'catkin_cmake_args': None, 'catkin_skip_building_tests': False, 'cmake_args': None, 'cmake_clean_cache': False, 'cmake_clean_first': False, 'cmake_force_configure': False, 'cmake_target': None, 'cmake_target_skip_unavailable': False, 'install_base': '/home/giang/ros2_myrobot/install/stm32_diff_drive_msgs', 'merge_install': False, 'path': '/home/giang/ros2_myrobot/src/stm32_diff_drive_msgs', 'symlink_install': True, 'test_result_base': None}
[1.990s] Level 5:colcon.colcon_core.verb:set package 'twist_stamper' build argument 'cmake_args' from command line to 'None'
[1.990s] Level 5:colcon.colcon_core.verb:set package 'twist_stamper' build argument 'cmake_target' from command line to 'None'
[1.990s] Level 5:colcon.colcon_core.verb:set package 'twist_stamper' build argument 'cmake_target_skip_unavailable' from command line to 'False'
[1.990s] Level 5:colcon.colcon_core.verb:set package 'twist_stamper' build argument 'cmake_clean_cache' from command line to 'False'
[1.990s] Level 5:colcon.colcon_core.verb:set package 'twist_stamper' build argument 'cmake_clean_first' from command line to 'False'
[1.990s] Level 5:colcon.colcon_core.verb:set package 'twist_stamper' build argument 'cmake_force_configure' from command line to 'False'
[1.990s] Level 5:colcon.colcon_core.verb:set package 'twist_stamper' build argument 'ament_cmake_args' from command line to 'None'
[1.990s] Level 5:colcon.colcon_core.verb:set package 'twist_stamper' build argument 'catkin_cmake_args' from command line to 'None'
[1.990s] Level 5:colcon.colcon_core.verb:set package 'twist_stamper' build argument 'catkin_skip_building_tests' from command line to 'False'
[1.990s] DEBUG:colcon.colcon_core.verb:Building package 'twist_stamper' with the following arguments: {'ament_cmake_args': None, 'build_base': '/home/giang/ros2_myrobot/build/twist_stamper', 'catkin_cmake_args': None, 'catkin_skip_building_tests': False, 'cmake_args': None, 'cmake_clean_cache': False, 'cmake_clean_first': False, 'cmake_force_configure': False, 'cmake_target': None, 'cmake_target_skip_unavailable': False, 'install_base': '/home/giang/ros2_myrobot/install/twist_stamper', 'merge_install': False, 'path': '/home/giang/ros2_myrobot/src/twist_stamper', 'symlink_install': True, 'test_result_base': None}
[1.991s] Level 5:colcon.colcon_core.verb:set package 'stm32_diff_drive_hardware' build argument 'cmake_args' from command line to 'None'
[1.992s] Level 5:colcon.colcon_core.verb:set package 'stm32_diff_drive_hardware' build argument 'cmake_target' from command line to 'None'
[1.992s] Level 5:colcon.colcon_core.verb:set package 'stm32_diff_drive_hardware' build argument 'cmake_target_skip_unavailable' from command line to 'False'
[1.992s] Level 5:colcon.colcon_core.verb:set package 'stm32_diff_drive_hardware' build argument 'cmake_clean_cache' from command line to 'False'
[1.992s] Level 5:colcon.colcon_core.verb:set package 'stm32_diff_drive_hardware' build argument 'cmake_clean_first' from command line to 'False'
[1.992s] Level 5:colcon.colcon_core.verb:set package 'stm32_diff_drive_hardware' build argument 'cmake_force_configure' from command line to 'False'
[1.992s] Level 5:colcon.colcon_core.verb:set package 'stm32_diff_drive_hardware' build argument 'ament_cmake_args' from command line to 'None'
[1.992s] Level 5:colcon.colcon_core.verb:set package 'stm32_diff_drive_hardware' build argument 'catkin_cmake_args' from command line to 'None'
[1.992s] Level 5:colcon.colcon_core.verb:set package 'stm32_diff_drive_hardware' build argument 'catkin_skip_building_tests' from command line to 'False'
[1.992s] DEBUG:colcon.colcon_core.verb:Building package 'stm32_diff_drive_hardware' with the following arguments: {'ament_cmake_args': None, 'build_base': '/home/giang/ros2_myrobot/build/stm32_diff_drive_hardware', 'catkin_cmake_args': None, 'catkin_skip_building_tests': False, 'cmake_args': None, 'cmake_clean_cache': False, 'cmake_clean_first': False, 'cmake_force_configure': False, 'cmake_target': None, 'cmake_target_skip_unavailable': False, 'install_base': '/home/giang/ros2_myrobot/install/stm32_diff_drive_hardware', 'merge_install': False, 'path': '/home/giang/ros2_myrobot/src/stm32_diff_drive_hardware', 'symlink_install': True, 'test_result_base': None}
[1.992s] INFO:colcon.colcon_core.executor:Executing jobs using 'parallel' executor
[1.996s] DEBUG:colcon.colcon_parallel_executor.executor.parallel:run_until_complete
[1.998s] INFO:colcon.colcon_ros.task.ament_cmake.build:Building ROS package in '/home/giang/ros2_myrobot/src/stm32_diff_drive_msgs' with build type 'ament_cmake'
[1.998s] INFO:colcon.colcon_cmake.task.cmake.build:Building CMake package in '/home/giang/ros2_myrobot/src/stm32_diff_drive_msgs'
[2.022s] INFO:colcon.colcon_core.plugin_system:Skipping extension 'colcon_core.shell.bat': Not used on non-Windows systems
[2.023s] INFO:colcon.colcon_core.shell:Skip shell extension 'powershell' for command environment: Not usable outside of PowerShell
[2.023s] DEBUG:colcon.colcon_core.shell:Skip shell extension 'dsv' for command environment
[2.041s] INFO:colcon.colcon_ros.task.ament_cmake.build:Building ROS package in '/home/giang/ros2_myrobot/src/my_bot' with build type 'ament_cmake'
[2.042s] INFO:colcon.colcon_cmake.task.cmake.build:Building CMake package in '/home/giang/ros2_myrobot/src/my_bot'
[2.042s] INFO:colcon.colcon_core.shell:Skip shell extension 'powershell' for command environment: Not usable outside of PowerShell
[2.043s] DEBUG:colcon.colcon_core.shell:Skip shell extension 'dsv' for command environment
[2.059s] INFO:colcon.colcon_ros.task.ament_python.build:Building ROS package in '/home/giang/ros2_myrobot/src/twist_stamper' with build type 'ament_python'
[2.060s] Level 1:colcon.colcon_core.shell:create_environment_hook('twist_stamper', 'ament_prefix_path')
[2.060s] INFO:colcon.colcon_core.shell:Creating environment hook '/home/giang/ros2_myrobot/install/twist_stamper/share/twist_stamper/hook/ament_prefix_path.ps1'
[2.065s] INFO:colcon.colcon_core.shell:Creating environment descriptor '/home/giang/ros2_myrobot/install/twist_stamper/share/twist_stamper/hook/ament_prefix_path.dsv'
[2.068s] INFO:colcon.colcon_core.shell:Creating environment hook '/home/giang/ros2_myrobot/install/twist_stamper/share/twist_stamper/hook/ament_prefix_path.sh'
[2.071s] INFO:colcon.colcon_core.shell:Skip shell extension 'powershell' for command environment: Not usable outside of PowerShell
[2.071s] DEBUG:colcon.colcon_core.shell:Skip shell extension 'dsv' for command environment
[2.089s] DEBUG:colcon.colcon_core.event_handler.log_command:Invoking command in '/home/giang/ros2_myrobot/build/stm32_diff_drive_msgs': CMAKE_PREFIX_PATH=${CMAKE_PREFIX_PATH}:/home/giang/ros2_myrobot/install/twist_stamper:/home/giang/ros2_demo/install/autonomous_tb3:/home/giang/ros2_ws/install/my_robot_controller:/opt/ros/humble /usr/bin/cmake --build /home/giang/ros2_myrobot/build/stm32_diff_drive_msgs -- -j6 -l6
[2.114s] DEBUG:colcon.colcon_core.event_handler.log_command:Invoking command in '/home/giang/ros2_myrobot/build/my_bot': CMAKE_PREFIX_PATH=${CMAKE_PREFIX_PATH}:/home/giang/ros2_myrobot/install/twist_stamper:/home/giang/ros2_demo/install/autonomous_tb3:/home/giang/ros2_ws/install/my_robot_controller:/opt/ros/humble /usr/bin/cmake --build /home/giang/ros2_myrobot/build/my_bot -- -j6 -l6
[2.959s] INFO:colcon.colcon_core.task.python.build:Building Python package in '/home/giang/ros2_myrobot/src/twist_stamper'
[2.959s] INFO:colcon.colcon_core.shell:Skip shell extension 'powershell' for command environment: Not usable outside of PowerShell
[2.960s] DEBUG:colcon.colcon_core.shell:Skip shell extension 'dsv' for command environment
[2.977s] DEBUG:colcon.colcon_core.event_handler.log_command:Invoked command in '/home/giang/ros2_myrobot/build/my_bot' returned '0': CMAKE_PREFIX_PATH=${CMAKE_PREFIX_PATH}:/home/giang/ros2_myrobot/install/twist_stamper:/home/giang/ros2_demo/install/autonomous_tb3:/home/giang/ros2_ws/install/my_robot_controller:/opt/ros/humble /usr/bin/cmake --build /home/giang/ros2_myrobot/build/my_bot -- -j6 -l6
[3.002s] DEBUG:colcon.colcon_core.event_handler.log_command:Invoking command in '/home/giang/ros2_myrobot/build/my_bot': CMAKE_PREFIX_PATH=${CMAKE_PREFIX_PATH}:/home/giang/ros2_myrobot/install/twist_stamper:/home/giang/ros2_demo/install/autonomous_tb3:/home/giang/ros2_ws/install/my_robot_controller:/opt/ros/humble /usr/bin/cmake --install /home/giang/ros2_myrobot/build/my_bot
[3.085s] Level 1:colcon.colcon_core.environment:create_environment_scripts_only(my_bot)
[3.087s] DEBUG:colcon.colcon_core.event_handler.log_command:Invoked command in '/home/giang/ros2_myrobot/build/my_bot' returned '0': CMAKE_PREFIX_PATH=${CMAKE_PREFIX_PATH}:/home/giang/ros2_myrobot/install/twist_stamper:/home/giang/ros2_demo/install/autonomous_tb3:/home/giang/ros2_ws/install/my_robot_controller:/opt/ros/humble /usr/bin/cmake --install /home/giang/ros2_myrobot/build/my_bot
[3.107s] Level 1:colcon.colcon_core.environment:checking '/home/giang/ros2_myrobot/install/my_bot' for CMake module files
[3.109s] Level 1:colcon.colcon_core.environment:checking '/home/giang/ros2_myrobot/install/my_bot' for CMake config files
[3.110s] Level 1:colcon.colcon_core.shell:create_environment_hook('my_bot', 'cmake_prefix_path')
[3.111s] INFO:colcon.colcon_core.shell:Creating environment hook '/home/giang/ros2_myrobot/install/my_bot/share/my_bot/hook/cmake_prefix_path.ps1'
[3.113s] INFO:colcon.colcon_core.shell:Creating environment descriptor '/home/giang/ros2_myrobot/install/my_bot/share/my_bot/hook/cmake_prefix_path.dsv'
[3.115s] INFO:colcon.colcon_core.shell:Creating environment hook '/home/giang/ros2_myrobot/install/my_bot/share/my_bot/hook/cmake_prefix_path.sh'
[3.117s] Level 1:colcon.colcon_core.environment:checking '/home/giang/ros2_myrobot/install/my_bot/bin'
[3.118s] Level 1:colcon.colcon_core.environment:checking '/home/giang/ros2_myrobot/install/my_bot/lib/pkgconfig/my_bot.pc'
[3.118s] Level 1:colcon.colcon_core.environment:checking '/home/giang/ros2_myrobot/install/my_bot/lib/python3.10/site-packages'
[3.119s] Level 1:colcon.colcon_core.environment:checking '/home/giang/ros2_myrobot/install/my_bot/bin'
[3.120s] INFO:colcon.colcon_core.shell:Creating package script '/home/giang/ros2_myrobot/install/my_bot/share/my_bot/package.ps1'
[3.124s] INFO:colcon.colcon_core.shell:Creating package descriptor '/home/giang/ros2_myrobot/install/my_bot/share/my_bot/package.dsv'
[3.126s] INFO:colcon.colcon_core.shell:Creating package script '/home/giang/ros2_myrobot/install/my_bot/share/my_bot/package.sh'
[3.129s] INFO:colcon.colcon_core.shell:Creating package script '/home/giang/ros2_myrobot/install/my_bot/share/my_bot/package.bash'
[3.134s] INFO:colcon.colcon_core.shell:Creating package script '/home/giang/ros2_myrobot/install/my_bot/share/my_bot/package.zsh'
[3.137s] Level 1:colcon.colcon_core.environment:create_file_with_runtime_dependencies(/home/giang/ros2_myrobot/install/my_bot/share/colcon-core/packages/my_bot)
[3.140s] Level 1:colcon.colcon_core.environment:create_environment_scripts_only(my_bot)
[3.141s] Level 1:colcon.colcon_core.environment:checking '/home/giang/ros2_myrobot/install/my_bot' for CMake module files
[3.142s] Level 1:colcon.colcon_core.environment:checking '/home/giang/ros2_myrobot/install/my_bot' for CMake config files
[3.143s] Level 1:colcon.colcon_core.shell:create_environment_hook('my_bot', 'cmake_prefix_path')
[3.143s] INFO:colcon.colcon_core.shell:Creating environment hook '/home/giang/ros2_myrobot/install/my_bot/share/my_bot/hook/cmake_prefix_path.ps1'
[3.144s] INFO:colcon.colcon_core.shell:Creating environment descriptor '/home/giang/ros2_myrobot/install/my_bot/share/my_bot/hook/cmake_prefix_path.dsv'
[3.146s] INFO:colcon.colcon_core.shell:Creating environment hook '/home/giang/ros2_myrobot/install/my_bot/share/my_bot/hook/cmake_prefix_path.sh'
[3.148s] Level 1:colcon.colcon_core.environment:checking '/home/giang/ros2_myrobot/install/my_bot/bin'
[3.148s] Level 1:colcon.colcon_core.environment:checking '/home/giang/ros2_myrobot/install/my_bot/lib/pkgconfig/my_bot.pc'
[3.149s] Level 1:colcon.colcon_core.environment:checking '/home/giang/ros2_myrobot/install/my_bot/lib/python3.10/site-packages'
[3.150s] Level 1:colcon.colcon_core.environment:checking '/home/giang/ros2_myrobot/install/my_bot/bin'
[3.151s] INFO:colcon.colcon_core.shell:Creating package script '/home/giang/ros2_myrobot/install/my_bot/share/my_bot/package.ps1'
[3.152s] INFO:colcon.colcon_core.shell:Creating package descriptor '/home/giang/ros2_myrobot/install/my_bot/share/my_bot/package.dsv'
[3.155s] INFO:colcon.colcon_core.shell:Creating package script '/home/giang/ros2_myrobot/install/my_bot/share/my_bot/package.sh'
[3.157s] INFO:colcon.colcon_core.shell:Creating package script '/home/giang/ros2_myrobot/install/my_bot/share/my_bot/package.bash'
[3.158s] INFO:colcon.colcon_core.shell:Creating package script '/home/giang/ros2_myrobot/install/my_bot/share/my_bot/package.zsh'
[3.160s] Level 1:colcon.colcon_core.environment:create_file_with_runtime_dependencies(/home/giang/ros2_myrobot/install/my_bot/share/colcon-core/packages/my_bot)
[3.362s] DEBUG:colcon.colcon_core.event_handler.log_command:Invoked command in '/home/giang/ros2_myrobot/build/stm32_diff_drive_msgs' returned '0': CMAKE_PREFIX_PATH=${CMAKE_PREFIX_PATH}:/home/giang/ros2_myrobot/install/twist_stamper:/home/giang/ros2_demo/install/autonomous_tb3:/home/giang/ros2_ws/install/my_robot_controller:/opt/ros/humble /usr/bin/cmake --build /home/giang/ros2_myrobot/build/stm32_diff_drive_msgs -- -j6 -l6
[3.371s] DEBUG:colcon.colcon_core.event_handler.log_command:Invoking command in '/home/giang/ros2_myrobot/build/stm32_diff_drive_msgs': CMAKE_PREFIX_PATH=${CMAKE_PREFIX_PATH}:/home/giang/ros2_myrobot/install/twist_stamper:/home/giang/ros2_demo/install/autonomous_tb3:/home/giang/ros2_ws/install/my_robot_controller:/opt/ros/humble /usr/bin/cmake --install /home/giang/ros2_myrobot/build/stm32_diff_drive_msgs
[3.633s] Level 1:colcon.colcon_core.environment:create_environment_scripts_only(stm32_diff_drive_msgs)
[3.634s] Level 1:colcon.colcon_core.environment:checking '/home/giang/ros2_myrobot/install/stm32_diff_drive_msgs' for CMake module files
[3.637s] DEBUG:colcon.colcon_core.event_handler.log_command:Invoked command in '/home/giang/ros2_myrobot/build/stm32_diff_drive_msgs' returned '0': CMAKE_PREFIX_PATH=${CMAKE_PREFIX_PATH}:/home/giang/ros2_myrobot/install/twist_stamper:/home/giang/ros2_demo/install/autonomous_tb3:/home/giang/ros2_ws/install/my_robot_controller:/opt/ros/humble /usr/bin/cmake --install /home/giang/ros2_myrobot/build/stm32_diff_drive_msgs
[3.638s] Level 1:colcon.colcon_core.environment:checking '/home/giang/ros2_myrobot/install/stm32_diff_drive_msgs' for CMake config files
[3.640s] Level 1:colcon.colcon_core.shell:create_environment_hook('stm32_diff_drive_msgs', 'cmake_prefix_path')
[3.640s] INFO:colcon.colcon_core.shell:Creating environment hook '/home/giang/ros2_myrobot/install/stm32_diff_drive_msgs/share/stm32_diff_drive_msgs/hook/cmake_prefix_path.ps1'
[3.642s] INFO:colcon.colcon_core.shell:Creating environment descriptor '/home/giang/ros2_myrobot/install/stm32_diff_drive_msgs/share/stm32_diff_drive_msgs/hook/cmake_prefix_path.dsv'
[3.644s] INFO:colcon.colcon_core.shell:Creating environment hook '/home/giang/ros2_myrobot/install/stm32_diff_drive_msgs/share/stm32_diff_drive_msgs/hook/cmake_prefix_path.sh'
[3.647s] Level 1:colcon.colcon_core.environment:checking '/home/giang/ros2_myrobot/install/stm32_diff_drive_msgs/lib'
[3.649s] Level 1:colcon.colcon_core.shell:create_environment_hook('stm32_diff_drive_msgs', 'ld_library_path_lib')
[3.650s] INFO:colcon.colcon_core.shell:Creating environment hook '/home/giang/ros2_myrobot/install/stm32_diff_drive_msgs/share/stm32_diff_drive_msgs/hook/ld_library_path_lib.ps1'
[3.651s] INFO:colcon.colcon_core.shell:Creating environment descriptor '/home/giang/ros2_myrobot/install/stm32_diff_drive_msgs/share/stm32_diff_drive_msgs/hook/ld_library_path_lib.dsv'
[3.653s] INFO:colcon.colcon_core.shell:Creating environment hook '/home/giang/ros2_myrobot/install/stm32_diff_drive_msgs/share/stm32_diff_drive_msgs/hook/ld_library_path_lib.sh'
[3.655s] Level 1:colcon.colcon_core.environment:checking '/home/giang/ros2_myrobot/install/stm32_diff_drive_msgs/bin'
[3.657s] Level 1:colcon.colcon_core.environment:checking '/home/giang/ros2_myrobot/install/stm32_diff_drive_msgs/lib/pkgconfig/stm32_diff_drive_msgs.pc'
[3.657s] Level 1:colcon.colcon_core.environment:checking '/home/giang/ros2_myrobot/install/stm32_diff_drive_msgs/lib/python3.10/site-packages'
[3.659s] Level 1:colcon.colcon_core.environment:checking '/home/giang/ros2_myrobot/install/stm32_diff_drive_msgs/bin'
[3.660s] INFO:colcon.colcon_core.shell:Creating package script '/home/giang/ros2_myrobot/install/stm32_diff_drive_msgs/share/stm32_diff_drive_msgs/package.ps1'
[3.662s] INFO:colcon.colcon_core.shell:Creating package descriptor '/home/giang/ros2_myrobot/install/stm32_diff_drive_msgs/share/stm32_diff_drive_msgs/package.dsv'
[3.663s] INFO:colcon.colcon_core.shell:Creating package script '/home/giang/ros2_myrobot/install/stm32_diff_drive_msgs/share/stm32_diff_drive_msgs/package.sh'
[3.666s] INFO:colcon.colcon_core.shell:Creating package script '/home/giang/ros2_myrobot/install/stm32_diff_drive_msgs/share/stm32_diff_drive_msgs/package.bash'
[3.667s] INFO:colcon.colcon_core.shell:Creating package script '/home/giang/ros2_myrobot/install/stm32_diff_drive_msgs/share/stm32_diff_drive_msgs/package.zsh'
[3.669s] Level 1:colcon.colcon_core.environment:create_file_with_runtime_dependencies(/home/giang/ros2_myrobot/install/stm32_diff_drive_msgs/share/colcon-core/packages/stm32_diff_drive_msgs)
[3.672s] Level 1:colcon.colcon_core.environment:create_environment_scripts_only(stm32_diff_drive_msgs)
[3.672s] Level 1:colcon.colcon_core.environment:checking '/home/giang/ros2_myrobot/install/stm32_diff_drive_msgs' for CMake module files
[3.674s] Level 1:colcon.colcon_core.environment:checking '/home/giang/ros2_myrobot/install/stm32_diff_drive_msgs' for CMake config files
[3.676s] Level 1:colcon.colcon_core.shell:create_environment_hook('stm32_diff_drive_msgs', 'cmake_prefix_path')
[3.677s] INFO:colcon.colcon_core.shell:Creating environment hook '/home/giang/ros2_myrobot/install/stm32_diff_drive_msgs/share/stm32_diff_drive_msgs/hook/cmake_prefix_path.ps1'
[3.678s] INFO:colcon.colcon_core.shell:Creating environment descriptor '/home/giang/ros2_myrobot/install/stm32_diff_drive_msgs/share/stm32_diff_drive_msgs/hook/cmake_prefix_path.dsv'
[3.679s] INFO:colcon.colcon_core.shell:Creating environment hook '/home/giang/ros2_myrobot/install/stm32_diff_drive_msgs/share/stm32_diff_drive_msgs/hook/cmake_prefix_path.sh'
[3.681s] Level 1:colcon.colcon_core.environment:checking '/home/giang/ros2_myrobot/install/stm32_diff_drive_msgs/lib'
[3.681s] Level 1:colcon.colcon_core.shell:create_environment_hook('stm32_diff_drive_msgs', 'ld_library_path_lib')
[3.682s] INFO:colcon.colcon_core.shell:Creating environment hook '/home/giang/ros2_myrobot/install/stm32_diff_drive_msgs/share/stm32_diff_drive_msgs/hook/ld_library_path_lib.ps1'
[3.683s] INFO:colcon.colcon_core.shell:Creating environment descriptor '/home/giang/ros2_myrobot/install/stm32_diff_drive_msgs/share/stm32_diff_drive_msgs/hook/ld_library_path_lib.dsv'
[3.684s] INFO:colcon.colcon_core.shell:Creating environment hook '/home/giang/ros2_myrobot/install/stm32_diff_drive_msgs/share/stm32_diff_drive_msgs/hook/ld_library_path_lib.sh'
[3.686s] Level 1:colcon.colcon_core.environment:checking '/home/giang/ros2_myrobot/install/stm32_diff_drive_msgs/bin'
[3.686s] Level 1:colcon.colcon_core.environment:checking '/home/giang/ros2_myrobot/install/stm32_diff_drive_msgs/lib/pkgconfig/stm32_diff_drive_msgs.pc'
[3.686s] Level 1:colcon.colcon_core.environment:checking '/home/giang/ros2_myrobot/install/stm32_diff_drive_msgs/lib/python3.10/site-packages'
[3.687s] Level 1:colcon.colcon_core.environment:checking '/home/giang/ros2_myrobot/install/stm32_diff_drive_msgs/bin'
[3.688s] INFO:colcon.colcon_core.shell:Creating package script '/home/giang/ros2_myrobot/install/stm32_diff_drive_msgs/share/stm32_diff_drive_msgs/package.ps1'
[3.690s] INFO:colcon.colcon_core.shell:Creating package descriptor '/home/giang/ros2_myrobot/install/stm32_diff_drive_msgs/share/stm32_diff_drive_msgs/package.dsv'
[3.692s] INFO:colcon.colcon_core.shell:Creating package script '/home/giang/ros2_myrobot/install/stm32_diff_drive_msgs/share/stm32_diff_drive_msgs/package.sh'
[3.694s] INFO:colcon.colcon_core.shell:Creating package script '/home/giang/ros2_myrobot/install/stm32_diff_drive_msgs/share/stm32_diff_drive_msgs/package.bash'
[3.696s] INFO:colcon.colcon_core.shell:Creating package script '/home/giang/ros2_myrobot/install/stm32_diff_drive_msgs/share/stm32_diff_drive_msgs/package.zsh'
[3.697s] Level 1:colcon.colcon_core.environment:create_file_with_runtime_dependencies(/home/giang/ros2_myrobot/install/stm32_diff_drive_msgs/share/colcon-core/packages/stm32_diff_drive_msgs)
[3.699s] INFO:colcon.colcon_ros.task.ament_cmake.build:Building ROS package in '/home/giang/ros2_myrobot/src/stm32_diff_drive_hardware' with build type 'ament_cmake'
[3.700s] INFO:colcon.colcon_cmake.task.cmake.build:Building CMake package in '/home/giang/ros2_myrobot/src/stm32_diff_drive_hardware'
[3.701s] INFO:colcon.colcon_core.shell:Skip shell extension 'powershell' for command environment: Not usable outside of PowerShell
[3.701s] DEBUG:colcon.colcon_core.shell:Skip shell extension 'dsv' for command environment
[3.752s] DEBUG:colcon.colcon_core.event_handler.log_command:Invoking command in '/home/giang/ros2_myrobot/build/stm32_diff_drive_hardware': CMAKE_PREFIX_PATH=/home/giang/ros2_myrobot/install/stm32_diff_drive_msgs:/home/giang/ros2_myrobot/install/stm32_diff_drive_hardware:/home/giang/ros2_myrobot/install/my_bot:/home/giang/ros2_ws/install/articubot_one:/home/giang/Workspaces/ros2_cpp_ws/install/udemy_ros2_pkg:/home/giang/ros2_myrobot/install/twist_stamper:/home/giang/ros2_demo/install/autonomous_tb3:/home/giang/ros2_ws/install/my_robot_controller:/opt/ros/humble LD_LIBRARY_PATH=/home/giang/ros2_myrobot/install/stm32_diff_drive_msgs/lib:/home/giang/ros2_myrobot/install/stm32_diff_drive_hardware/lib:/usr/lib/x86_64-linux-gnu/gazebo-11/plugins:/opt/ros/humble/opt/rviz_ogre_vendor/lib:/opt/ros/humble/lib/x86_64-linux-gnu:/opt/ros/humble/lib /usr/bin/cmake --build /home/giang/ros2_myrobot/build/stm32_diff_drive_hardware -- -j6 -l6
[4.016s] DEBUG:colcon.colcon_core.event_handler.log_command:Invoked command in '/home/giang/ros2_myrobot/build/stm32_diff_drive_hardware' returned '0': CMAKE_PREFIX_PATH=/home/giang/ros2_myrobot/install/stm32_diff_drive_msgs:/home/giang/ros2_myrobot/install/stm32_diff_drive_hardware:/home/giang/ros2_myrobot/install/my_bot:/home/giang/ros2_ws/install/articubot_one:/home/giang/Workspaces/ros2_cpp_ws/install/udemy_ros2_pkg:/home/giang/ros2_myrobot/install/twist_stamper:/home/giang/ros2_demo/install/autonomous_tb3:/home/giang/ros2_ws/install/my_robot_controller:/opt/ros/humble LD_LIBRARY_PATH=/home/giang/ros2_myrobot/install/stm32_diff_drive_msgs/lib:/home/giang/ros2_myrobot/install/stm32_diff_drive_hardware/lib:/usr/lib/x86_64-linux-gnu/gazebo-11/plugins:/opt/ros/humble/opt/rviz_ogre_vendor/lib:/opt/ros/humble/lib/x86_64-linux-gnu:/opt/ros/humble/lib /usr/bin/cmake --build /home/giang/ros2_myrobot/build/stm32_diff_drive_hardware -- -j6 -l6
[4.023s] DEBUG:colcon.colcon_core.event_handler.log_command:Invoking command in '/home/giang/ros2_myrobot/build/stm32_diff_drive_hardware': CMAKE_PREFIX_PATH=/home/giang/ros2_myrobot/install/stm32_diff_drive_msgs:/home/giang/ros2_myrobot/install/stm32_diff_drive_hardware:/home/giang/ros2_myrobot/install/my_bot:/home/giang/ros2_ws/install/articubot_one:/home/giang/Workspaces/ros2_cpp_ws/install/udemy_ros2_pkg:/home/giang/ros2_myrobot/install/twist_stamper:/home/giang/ros2_demo/install/autonomous_tb3:/home/giang/ros2_ws/install/my_robot_controller:/opt/ros/humble LD_LIBRARY_PATH=/home/giang/ros2_myrobot/install/stm32_diff_drive_msgs/lib:/home/giang/ros2_myrobot/install/stm32_diff_drive_hardware/lib:/usr/lib/x86_64-linux-gnu/gazebo-11/plugins:/opt/ros/humble/opt/rviz_ogre_vendor/lib:/opt/ros/humble/lib/x86_64-linux-gnu:/opt/ros/humble/lib /usr/bin/cmake --install /home/giang/ros2_myrobot/build/stm32_diff_drive_hardware
[4.093s] Level 1:colcon.colcon_core.environment:create_environment_scripts_only(stm32_diff_drive_hardware)
[4.094s] Level 1:colcon.colcon_core.environment:checking '/home/giang/ros2_myrobot/install/stm32_diff_drive_hardware' for CMake module files
[4.096s] Level 1:colcon.colcon_core.environment:checking '/home/giang/ros2_myrobot/install/stm32_diff_drive_hardware' for CMake config files
[4.096s] Level 1:colcon.colcon_core.shell:create_environment_hook('stm32_diff_drive_hardware', 'cmake_prefix_path')
[4.097s] INFO:colcon.colcon_core.shell:Creating environment hook '/home/giang/ros2_myrobot/install/stm32_diff_drive_hardware/share/stm32_diff_drive_hardware/hook/cmake_prefix_path.ps1'
[4.098s] DEBUG:colcon.colcon_core.event_handler.log_command:Invoked command in '/home/giang/ros2_myrobot/build/stm32_diff_drive_hardware' returned '0': CMAKE_PREFIX_PATH=/home/giang/ros2_myrobot/install/stm32_diff_drive_msgs:/home/giang/ros2_myrobot/install/stm32_diff_drive_hardware:/home/giang/ros2_myrobot/install/my_bot:/home/giang/ros2_ws/install/articubot_one:/home/giang/Workspaces/ros2_cpp_ws/install/udemy_ros2_pkg:/home/giang/ros2_myrobot/install/twist_stamper:/home/giang/ros2_demo/install/autonomous_tb3:/home/giang/ros2_ws/install/my_robot_controller:/opt/ros/humble LD_LIBRARY_PATH=/home/giang/ros2_myrobot/install/stm32_diff_drive_msgs/lib:/home/giang/ros2_myrobot/install/stm32_diff_drive_hardware/lib:/usr/lib/x86_64-linux-gnu/gazebo-11/plugins:/opt/ros/humble/opt/rviz_ogre_vendor/lib:/opt/ros/humble/lib/x86_64-linux-gnu:/opt/ros/humble/lib /usr/bin/cmake --install /home/giang/ros2_myrobot/build/stm32_diff_drive_hardware
[4.099s] INFO:colcon.colcon_core.shell:Creating environment descriptor '/home/giang/ros2_myrobot/install/stm32_diff_drive_hardware/share/stm32_diff_drive_hardware/hook/cmake_prefix_path.dsv'
[4.102s] INFO:colcon.colcon_core.shell:Creating environment hook '/home/giang/ros2_myrobot/install/stm32_diff_drive_hardware/share/stm32_diff_drive_hardware/hook/cmake_prefix_path.sh'
[4.104s] Level 1:colcon.colcon_core.environment:checking '/home/giang/ros2_myrobot/install/stm32_diff_drive_hardware/lib'
[4.104s] Level 1:colcon.colcon_core.shell:create_environment_hook('stm32_diff_drive_hardware', 'ld_library_path_lib')
[4.105s] INFO:colcon.colcon_core.shell:Creating environment hook '/home/giang/ros2_myrobot/install/stm32_diff_drive_hardware/share/stm32_diff_drive_hardware/hook/ld_library_path_lib.ps1'
[4.105s] INFO:colcon.colcon_core.shell:Creating environment descriptor '/home/giang/ros2_myrobot/install/stm32_diff_drive_hardware/share/stm32_diff_drive_hardware/hook/ld_library_path_lib.dsv'
[4.107s] INFO:colcon.colcon_core.shell:Creating environment hook '/home/giang/ros2_myrobot/install/stm32_diff_drive_hardware/share/stm32_diff_drive_hardware/hook/ld_library_path_lib.sh'
[4.108s] Level 1:colcon.colcon_core.environment:checking '/home/giang/ros2_myrobot/install/stm32_diff_drive_hardware/bin'
[4.109s] Level 1:colcon.colcon_core.environment:checking '/home/giang/ros2_myrobot/install/stm32_diff_drive_hardware/lib/pkgconfig/stm32_diff_drive_hardware.pc'
[4.110s] Level 1:colcon.colcon_core.environment:checking '/home/giang/ros2_myrobot/install/stm32_diff_drive_hardware/lib/python3.10/site-packages'
[4.112s] Level 1:colcon.colcon_core.environment:checking '/home/giang/ros2_myrobot/install/stm32_diff_drive_hardware/bin'
[4.114s] INFO:colcon.colcon_core.shell:Creating package script '/home/giang/ros2_myrobot/install/stm32_diff_drive_hardware/share/stm32_diff_drive_hardware/package.ps1'
[4.116s] INFO:colcon.colcon_core.shell:Creating package descriptor '/home/giang/ros2_myrobot/install/stm32_diff_drive_hardware/share/stm32_diff_drive_hardware/package.dsv'
[4.119s] INFO:colcon.colcon_core.shell:Creating package script '/home/giang/ros2_myrobot/install/stm32_diff_drive_hardware/share/stm32_diff_drive_hardware/package.sh'
[4.121s] INFO:colcon.colcon_core.shell:Creating package script '/home/giang/ros2_myrobot/install/stm32_diff_drive_hardware/share/stm32_diff_drive_hardware/package.bash'
[4.122s] INFO:colcon.colcon_core.shell:Creating package script '/home/giang/ros2_myrobot/install/stm32_diff_drive_hardware/share/stm32_diff_drive_hardware/package.zsh'
[4.124s] Level 1:colcon.colcon_core.environment:create_file_with_runtime_dependencies(/home/giang/ros2_myrobot/install/stm32_diff_drive_hardware/share/colcon-core/packages/stm32_diff_drive_hardware)
[4.125s] Level 1:colcon.colcon_core.environment:create_environment_scripts_only(stm32_diff_drive_hardware)
[4.126s] Level 1:colcon.colcon_core.environment:checking '/home/giang/ros2_myrobot/install/stm32_diff_drive_hardware' for CMake module files
[4.127s] Level 1:colcon.colcon_core.environment:checking '/home/giang/ros2_myrobot/install/stm32_diff_drive_hardware' for CMake config files
[4.127s] Level 1:colcon.colcon_core.shell:create_environment_hook('stm32_diff_drive_hardware', 'cmake_prefix_path')
[4.127s] INFO:colcon.colcon_core.shell:Creating environment hook '/home/giang/ros2_myrobot/install/stm32_diff_drive_hardware/share/stm32_diff_drive_hardware/hook/cmake_prefix_path.ps1'
[4.129s] INFO:colcon.colcon_core.shell:Creating environment descriptor '/home/giang/ros2_myrobot/install/stm32_diff_drive_hardware/share/stm32_diff_drive_hardware/hook/cmake_prefix_path.dsv'
[4.131s] INFO:colcon.colcon_core.shell:Creating environment hook '/home/giang/ros2_myrobot/install/stm32_diff_drive_hardware/share/stm32_diff_drive_hardware/hook/cmake_prefix_path.sh'
[4.133s] Level 1:colcon.colcon_core.environment:checking '/home/giang/ros2_myrobot/install/stm32_diff_drive_hardware/lib'
[4.134s] Level 1:colcon.colcon_core.shell:create_environment_hook('stm32_diff_drive_hardware', 'ld_library_path_lib')
[4.134s] INFO:colcon.colcon_core.shell:Creating environment hook '/home/giang/ros2_myrobot/install/stm32_diff_drive_hardware/share/stm32_diff_drive_hardware/hook/ld_library_path_lib.ps1'
[4.135s] INFO:colcon.colcon_core.shell:Creating environment descriptor '/home/giang/ros2_myrobot/install/stm32_diff_drive_hardware/share/stm32_diff_drive_hardware/hook/ld_library_path_lib.dsv'
[4.137s] INFO:colcon.colcon_core.shell:Creating environment hook '/home/giang/ros2_myrobot/install/stm32_diff_drive_hardware/share/stm32_diff_drive_hardware/hook/ld_library_path_lib.sh'
[4.138s] Level 1:colcon.colcon_core.environment:checking '/home/giang/ros2_myrobot/install/stm32_diff_drive_hardware/bin'
[4.138s] Level 1:colcon.colcon_core.environment:checking '/home/giang/ros2_myrobot/install/stm32_diff_drive_hardware/lib/pkgconfig/stm32_diff_drive_hardware.pc'
[4.139s] Level 1:colcon.colcon_core.environment:checking '/home/giang/ros2_myrobot/install/stm32_diff_drive_hardware/lib/python3.10/site-packages'
[4.140s] Level 1:colcon.colcon_core.environment:checking '/home/giang/ros2_myrobot/install/stm32_diff_drive_hardware/bin'
[4.142s] INFO:colcon.colcon_core.shell:Creating package script '/home/giang/ros2_myrobot/install/stm32_diff_drive_hardware/share/stm32_diff_drive_hardware/package.ps1'
[4.144s] INFO:colcon.colcon_core.shell:Creating package descriptor '/home/giang/ros2_myrobot/install/stm32_diff_drive_hardware/share/stm32_diff_drive_hardware/package.dsv'
[4.146s] INFO:colcon.colcon_core.shell:Creating package script '/home/giang/ros2_myrobot/install/stm32_diff_drive_hardware/share/stm32_diff_drive_hardware/package.sh'
[4.149s] INFO:colcon.colcon_core.shell:Creating package script '/home/giang/ros2_myrobot/install/stm32_diff_drive_hardware/share/stm32_diff_drive_hardware/package.bash'
[4.151s] INFO:colcon.colcon_core.shell:Creating package script '/home/giang/ros2_myrobot/install/stm32_diff_drive_hardware/share/stm32_diff_drive_hardware/package.zsh'
[4.152s] Level 1:colcon.colcon_core.environment:create_file_with_runtime_dependencies(/home/giang/ros2_myrobot/install/stm32_diff_drive_hardware/share/colcon-core/packages/stm32_diff_drive_hardware)
[4.733s] DEBUG:colcon.colcon_core.event_handler.log_command:Invoking command in '/home/giang/ros2_myrobot/build/twist_stamper': PYTHONPATH=/home/giang/ros2_myrobot/build/twist_stamper/prefix_override:/usr/lib/python3/dist-packages/colcon_core/task/python/colcon_distutils_commands:/home/giang/ros2_myrobot/install/twist_stamper/lib/python3.10/site-packages:${PYTHONPATH} /usr/bin/python3 -W ignore:setup.py install is deprecated -W ignore:easy_install command is deprecated setup.py develop --editable --build-directory /home/giang/ros2_myrobot/build/twist_stamper/build --no-deps symlink_data
[6.040s] Level 1:colcon.colcon_core.shell:create_environment_hook('twist_stamper', 'pythonpath_develop')
[6.041s] INFO:colcon.colcon_core.shell:Creating environment hook '/home/giang/ros2_myrobot/build/twist_stamper/share/twist_stamper/hook/pythonpath_develop.ps1'
[6.043s] DEBUG:colcon.colcon_core.event_handler.log_command:Invoked command in '/home/giang/ros2_myrobot/build/twist_stamper' returned '0': PYTHONPATH=/home/giang/ros2_myrobot/build/twist_stamper/prefix_override:/usr/lib/python3/dist-packages/colcon_core/task/python/colcon_distutils_commands:/home/giang/ros2_myrobot/install/twist_stamper/lib/python3.10/site-packages:${PYTHONPATH} /usr/bin/python3 -W ignore:setup.py install is deprecated -W ignore:easy_install command is deprecated setup.py develop --editable --build-directory /home/giang/ros2_myrobot/build/twist_stamper/build --no-deps symlink_data
[6.044s] INFO:colcon.colcon_core.shell:Creating environment descriptor '/home/giang/ros2_myrobot/build/twist_stamper/share/twist_stamper/hook/pythonpath_develop.dsv'
[6.046s] INFO:colcon.colcon_core.shell:Creating environment hook '/home/giang/ros2_myrobot/build/twist_stamper/share/twist_stamper/hook/pythonpath_develop.sh'
[6.048s] Level 1:colcon.colcon_core.environment:checking '/home/giang/ros2_myrobot/install/twist_stamper' for CMake module files
[6.049s] Level 1:colcon.colcon_core.environment:checking '/home/giang/ros2_myrobot/install/twist_stamper' for CMake config files
[6.050s] Level 1:colcon.colcon_core.environment:checking '/home/giang/ros2_myrobot/install/twist_stamper/lib'
[6.050s] Level 1:colcon.colcon_core.environment:checking '/home/giang/ros2_myrobot/install/twist_stamper/bin'
[6.050s] Level 1:colcon.colcon_core.environment:checking '/home/giang/ros2_myrobot/install/twist_stamper/lib/pkgconfig/twist_stamper.pc'
[6.051s] Level 1:colcon.colcon_core.environment:checking '/home/giang/ros2_myrobot/install/twist_stamper/lib/python3.10/site-packages'
[6.051s] Level 1:colcon.colcon_core.shell:create_environment_hook('twist_stamper', 'pythonpath')
[6.051s] INFO:colcon.colcon_core.shell:Creating environment hook '/home/giang/ros2_myrobot/install/twist_stamper/share/twist_stamper/hook/pythonpath.ps1'
[6.053s] INFO:colcon.colcon_core.shell:Creating environment descriptor '/home/giang/ros2_myrobot/install/twist_stamper/share/twist_stamper/hook/pythonpath.dsv'
[6.054s] INFO:colcon.colcon_core.shell:Creating environment hook '/home/giang/ros2_myrobot/install/twist_stamper/share/twist_stamper/hook/pythonpath.sh'
[6.056s] Level 1:colcon.colcon_core.environment:checking '/home/giang/ros2_myrobot/install/twist_stamper/bin'
[6.056s] Level 1:colcon.colcon_core.environment:create_environment_scripts_only(twist_stamper)
[6.056s] INFO:colcon.colcon_core.shell:Creating package script '/home/giang/ros2_myrobot/install/twist_stamper/share/twist_stamper/package.ps1'
[6.058s] INFO:colcon.colcon_core.shell:Creating package descriptor '/home/giang/ros2_myrobot/install/twist_stamper/share/twist_stamper/package.dsv'
[6.059s] INFO:colcon.colcon_core.shell:Creating package script '/home/giang/ros2_myrobot/install/twist_stamper/share/twist_stamper/package.sh'
[6.060s] INFO:colcon.colcon_core.shell:Creating package script '/home/giang/ros2_myrobot/install/twist_stamper/share/twist_stamper/package.bash'
[6.061s] INFO:colcon.colcon_core.shell:Creating package script '/home/giang/ros2_myrobot/install/twist_stamper/share/twist_stamper/package.zsh'
[6.063s] Level 1:colcon.colcon_core.environment:create_file_with_runtime_dependencies(/home/giang/ros2_myrobot/install/twist_stamper/share/colcon-core/packages/twist_stamper)
[6.063s] DEBUG:colcon.colcon_parallel_executor.executor.parallel:closing loop
[6.064s] DEBUG:colcon.colcon_parallel_executor.executor.parallel:loop closed
[6.064s] DEBUG:colcon.colcon_parallel_executor.executor.parallel:run_until_complete finished with '0'
[6.064s] DEBUG:colcon.colcon_core.event_reactor:joining thread
[6.095s] INFO:colcon.colcon_core.plugin_system:Skipping extension 'colcon_notification.desktop_notification.terminal_notifier': Not used on non-Darwin systems
[6.095s] INFO:colcon.colcon_core.plugin_system:Skipping extension 'colcon_notification.desktop_notification.win32': Not used on non-Windows systems
[6.095s] INFO:colcon.colcon_notification.desktop_notification:Sending desktop notification using 'notify2'
[6.458s] DEBUG:colcon.colcon_core.event_reactor:joined thread
[6.459s] INFO:colcon.colcon_core.shell:Creating prefix script '/home/giang/ros2_myrobot/install/local_setup.ps1'
[6.464s] INFO:colcon.colcon_core.shell:Creating prefix util module '/home/giang/ros2_myrobot/install/_local_setup_util_ps1.py'
[6.470s] INFO:colcon.colcon_core.shell:Creating prefix chain script '/home/giang/ros2_myrobot/install/setup.ps1'
[6.475s] INFO:colcon.colcon_core.shell:Creating prefix script '/home/giang/ros2_myrobot/install/local_setup.sh'
[6.479s] INFO:colcon.colcon_core.shell:Creating prefix util module '/home/giang/ros2_myrobot/install/_local_setup_util_sh.py'
[6.483s] INFO:colcon.colcon_core.shell:Creating prefix chain script '/home/giang/ros2_myrobot/install/setup.sh'
[6.489s] INFO:colcon.colcon_core.shell:Creating prefix script '/home/giang/ros2_myrobot/install/local_setup.bash'
[6.493s] INFO:colcon.colcon_core.shell:Creating prefix chain script '/home/giang/ros2_myrobot/install/setup.bash'
[6.499s] INFO:colcon.colcon_core.shell:Creating prefix script '/home/giang/ros2_myrobot/install/local_setup.zsh'
[6.502s] INFO:colcon.colcon_core.shell:Creating prefix chain script '/home/giang/ros2_myrobot/install/setup.zsh'
