[2.424s] Invoking command in '/home/giang/ros2_myrobot/build/twist_stamper': PYTHONPATH=/home/giang/ros2_myrobot/build/twist_stamper/prefix_override:/usr/lib/python3/dist-packages/colcon_core/task/python/colcon_distutils_commands:/home/giang/ros2_myrobot/install/twist_stamper/lib/python3.10/site-packages:${PYTHONPATH} /usr/bin/python3 -W ignore:setup.py install is deprecated -W ignore:easy_install command is deprecated setup.py develop --editable --build-directory /home/giang/ros2_myrobot/build/twist_stamper/build --no-deps symlink_data --force
[3.206s] running develop
[3.696s] running egg_info
[3.697s] writing twist_stamper.egg-info/PKG-INFO
[3.698s] writing dependency_links to twist_stamper.egg-info/dependency_links.txt
[3.699s] writing entry points to twist_stamper.egg-info/entry_points.txt
[3.700s] writing requirements to twist_stamper.egg-info/requires.txt
[3.701s] writing top-level names to twist_stamper.egg-info/top_level.txt
[3.706s] reading manifest file 'twist_stamper.egg-info/SOURCES.txt'
[3.709s] writing manifest file 'twist_stamper.egg-info/SOURCES.txt'
[3.713s] running build_ext
[3.714s] Creating /home/giang/ros2_myrobot/install/twist_stamper/lib/python3.10/site-packages/twist-stamper.egg-link (link to .)
[3.717s] Installing twist_stamper script to /home/giang/ros2_myrobot/install/twist_stamper/lib/twist_stamper
[3.717s] 
[3.718s] Installed /home/giang/ros2_myrobot/build/twist_stamper
[3.719s] running symlink_data
[3.719s] symbolically linking /home/giang/ros2_myrobot/build/twist_stamper/resource/twist_stamper -> /home/giang/ros2_myrobot/install/twist_stamper/share/ament_index/resource_index/packages
[3.720s] symbolically linking /home/giang/ros2_myrobot/build/twist_stamper/package.xml -> /home/giang/ros2_myrobot/install/twist_stamper/share/twist_stamper
[3.721s] symbolically linking /home/giang/ros2_myrobot/build/twist_stamper/launch/twist_stamper.launch.py -> /home/giang/ros2_myrobot/install/twist_stamper/share/twist_stamper/launch
[3.812s] Invoked command in '/home/giang/ros2_myrobot/build/twist_stamper' returned '0': PYTHONPATH=/home/giang/ros2_myrobot/build/twist_stamper/prefix_override:/usr/lib/python3/dist-packages/colcon_core/task/python/colcon_distutils_commands:/home/giang/ros2_myrobot/install/twist_stamper/lib/python3.10/site-packages:${PYTHONPATH} /usr/bin/python3 -W ignore:setup.py install is deprecated -W ignore:easy_install command is deprecated setup.py develop --editable --build-directory /home/giang/ros2_myrobot/build/twist_stamper/build --no-deps symlink_data --force
