[35m[1mConsolidate compiler generated dependencies of target stm32_diff_drive_msgs__rosidl_generator_c[0m
[ 10%] Built target stm32_diff_drive_msgs__rosidl_generator_c
[ 10%] Built target ament_cmake_python_symlink_stm32_diff_drive_msgs
[35m[1mConsolidate compiler generated dependencies of target stm32_diff_drive_msgs__rosidl_typesupport_fastrtps_c[0m
[ 21%] Built target stm32_diff_drive_msgs__rosidl_typesupport_fastrtps_c
running egg_info
writing stm32_diff_drive_msgs.egg-info/PKG-INFO
writing dependency_links to stm32_diff_drive_msgs.egg-info/dependency_links.txt
writing top-level names to stm32_diff_drive_msgs.egg-info/top_level.txt
reading manifest file 'stm32_diff_drive_msgs.egg-info/SOURCES.txt'
writing manifest file 'stm32_diff_drive_msgs.egg-info/SOURCES.txt'
[ 21%] Built target ament_cmake_python_build_stm32_diff_drive_msgs_egg
[35m[1mConsolidate compiler generated dependencies of target stm32_diff_drive_msgs__rosidl_typesupport_c[0m
[ 31%] Built target stm32_diff_drive_msgs__rosidl_typesupport_c
[35m[1mConsolidate compiler generated dependencies of target stm32_diff_drive_msgs__rosidl_typesupport_introspection_c[0m
[ 42%] Built target stm32_diff_drive_msgs__rosidl_typesupport_introspection_c
[ 44%] Built target stm32_diff_drive_msgs__cpp
[35m[1mConsolidate compiler generated dependencies of target stm32_diff_drive_msgs__rosidl_typesupport_fastrtps_cpp[0m
[ 55%] Built target stm32_diff_drive_msgs__rosidl_typesupport_fastrtps_cpp
[35m[1mConsolidate compiler generated dependencies of target stm32_diff_drive_msgs__rosidl_typesupport_cpp[0m
[ 65%] Built target stm32_diff_drive_msgs__rosidl_typesupport_cpp
[35m[1mConsolidate compiler generated dependencies of target stm32_diff_drive_msgs__rosidl_typesupport_introspection_cpp[0m
[ 76%] Built target stm32_diff_drive_msgs__rosidl_typesupport_introspection_cpp
[ 76%] Built target stm32_diff_drive_msgs
[ 78%] Built target stm32_diff_drive_msgs__py
[35m[1mConsolidate compiler generated dependencies of target stm32_diff_drive_msgs__rosidl_generator_py[0m
[ 87%] Built target stm32_diff_drive_msgs__rosidl_generator_py
[35m[1mConsolidate compiler generated dependencies of target stm32_diff_drive_msgs__rosidl_typesupport_fastrtps_c__pyext[0m
[ 91%] Built target stm32_diff_drive_msgs__rosidl_typesupport_fastrtps_c__pyext
[35m[1mConsolidate compiler generated dependencies of target stm32_diff_drive_msgs__rosidl_typesupport_c__pyext[0m
[ 95%] Built target stm32_diff_drive_msgs__rosidl_typesupport_c__pyext
[35m[1mConsolidate compiler generated dependencies of target stm32_diff_drive_msgs__rosidl_typesupport_introspection_c__pyext[0m
[100%] Built target stm32_diff_drive_msgs__rosidl_typesupport_introspection_c__pyext
-- Install configuration: ""
-- Execute custom install script
-- Up-to-date symlink: /home/giang/ros2_myrobot/install/stm32_diff_drive_msgs/share/ament_index/resource_index/rosidl_interfaces/stm32_diff_drive_msgs
-- Up-to-date symlink: /home/giang/ros2_myrobot/install/stm32_diff_drive_msgs/include/stm32_diff_drive_msgs/stm32_diff_drive_msgs/msg/detail/encoder_vals__functions.h
-- Up-to-date symlink: /home/giang/ros2_myrobot/install/stm32_diff_drive_msgs/include/stm32_diff_drive_msgs/stm32_diff_drive_msgs/msg/detail/encoder_vals__struct.h
-- Up-to-date symlink: /home/giang/ros2_myrobot/install/stm32_diff_drive_msgs/include/stm32_diff_drive_msgs/stm32_diff_drive_msgs/msg/detail/encoder_vals__type_support.h
-- Up-to-date symlink: /home/giang/ros2_myrobot/install/stm32_diff_drive_msgs/include/stm32_diff_drive_msgs/stm32_diff_drive_msgs/msg/detail/motor_command__functions.h
-- Up-to-date symlink: /home/giang/ros2_myrobot/install/stm32_diff_drive_msgs/include/stm32_diff_drive_msgs/stm32_diff_drive_msgs/msg/detail/motor_command__struct.h
-- Up-to-date symlink: /home/giang/ros2_myrobot/install/stm32_diff_drive_msgs/include/stm32_diff_drive_msgs/stm32_diff_drive_msgs/msg/detail/motor_command__type_support.h
-- Up-to-date symlink: /home/giang/ros2_myrobot/install/stm32_diff_drive_msgs/include/stm32_diff_drive_msgs/stm32_diff_drive_msgs/msg/detail/motor_vels__functions.h
-- Up-to-date symlink: /home/giang/ros2_myrobot/install/stm32_diff_drive_msgs/include/stm32_diff_drive_msgs/stm32_diff_drive_msgs/msg/detail/motor_vels__struct.h
-- Up-to-date symlink: /home/giang/ros2_myrobot/install/stm32_diff_drive_msgs/include/stm32_diff_drive_msgs/stm32_diff_drive_msgs/msg/detail/motor_vels__type_support.h
-- Up-to-date symlink: /home/giang/ros2_myrobot/install/stm32_diff_drive_msgs/include/stm32_diff_drive_msgs/stm32_diff_drive_msgs/msg/encoder_vals.h
-- Up-to-date symlink: /home/giang/ros2_myrobot/install/stm32_diff_drive_msgs/include/stm32_diff_drive_msgs/stm32_diff_drive_msgs/msg/motor_command.h
-- Up-to-date symlink: /home/giang/ros2_myrobot/install/stm32_diff_drive_msgs/include/stm32_diff_drive_msgs/stm32_diff_drive_msgs/msg/motor_vels.h
-- Up-to-date symlink: /home/giang/ros2_myrobot/install/stm32_diff_drive_msgs/include/stm32_diff_drive_msgs/stm32_diff_drive_msgs/msg/rosidl_generator_c__visibility_control.h
-- Up-to-date symlink: /home/giang/ros2_myrobot/install/stm32_diff_drive_msgs/share/stm32_diff_drive_msgs/environment/library_path.sh
-- Up-to-date symlink: /home/giang/ros2_myrobot/install/stm32_diff_drive_msgs/share/stm32_diff_drive_msgs/environment/library_path.dsv
-- Up-to-date symlink: /home/giang/ros2_myrobot/install/stm32_diff_drive_msgs/include/stm32_diff_drive_msgs/stm32_diff_drive_msgs/msg/detail/encoder_vals__rosidl_typesupport_fastrtps_c.h
-- Up-to-date symlink: /home/giang/ros2_myrobot/install/stm32_diff_drive_msgs/include/stm32_diff_drive_msgs/stm32_diff_drive_msgs/msg/detail/motor_command__rosidl_typesupport_fastrtps_c.h
-- Up-to-date symlink: /home/giang/ros2_myrobot/install/stm32_diff_drive_msgs/include/stm32_diff_drive_msgs/stm32_diff_drive_msgs/msg/detail/motor_vels__rosidl_typesupport_fastrtps_c.h
-- Up-to-date symlink: /home/giang/ros2_myrobot/install/stm32_diff_drive_msgs/include/stm32_diff_drive_msgs/stm32_diff_drive_msgs/msg/rosidl_typesupport_fastrtps_c__visibility_control.h
-- Up-to-date symlink: /home/giang/ros2_myrobot/install/stm32_diff_drive_msgs/include/stm32_diff_drive_msgs/stm32_diff_drive_msgs/msg/detail/encoder_vals__rosidl_typesupport_introspection_c.h
-- Up-to-date symlink: /home/giang/ros2_myrobot/install/stm32_diff_drive_msgs/include/stm32_diff_drive_msgs/stm32_diff_drive_msgs/msg/detail/motor_command__rosidl_typesupport_introspection_c.h
-- Up-to-date symlink: /home/giang/ros2_myrobot/install/stm32_diff_drive_msgs/include/stm32_diff_drive_msgs/stm32_diff_drive_msgs/msg/detail/motor_vels__rosidl_typesupport_introspection_c.h
-- Up-to-date symlink: /home/giang/ros2_myrobot/install/stm32_diff_drive_msgs/include/stm32_diff_drive_msgs/stm32_diff_drive_msgs/msg/rosidl_typesupport_introspection_c__visibility_control.h
-- Up-to-date symlink: /home/giang/ros2_myrobot/install/stm32_diff_drive_msgs/include/stm32_diff_drive_msgs/stm32_diff_drive_msgs/msg/detail/encoder_vals__builder.hpp
-- Up-to-date symlink: /home/giang/ros2_myrobot/install/stm32_diff_drive_msgs/include/stm32_diff_drive_msgs/stm32_diff_drive_msgs/msg/detail/encoder_vals__struct.hpp
-- Up-to-date symlink: /home/giang/ros2_myrobot/install/stm32_diff_drive_msgs/include/stm32_diff_drive_msgs/stm32_diff_drive_msgs/msg/detail/encoder_vals__traits.hpp
-- Up-to-date symlink: /home/giang/ros2_myrobot/install/stm32_diff_drive_msgs/include/stm32_diff_drive_msgs/stm32_diff_drive_msgs/msg/detail/encoder_vals__type_support.hpp
-- Up-to-date symlink: /home/giang/ros2_myrobot/install/stm32_diff_drive_msgs/include/stm32_diff_drive_msgs/stm32_diff_drive_msgs/msg/detail/motor_command__builder.hpp
-- Up-to-date symlink: /home/giang/ros2_myrobot/install/stm32_diff_drive_msgs/include/stm32_diff_drive_msgs/stm32_diff_drive_msgs/msg/detail/motor_command__struct.hpp
-- Up-to-date symlink: /home/giang/ros2_myrobot/install/stm32_diff_drive_msgs/include/stm32_diff_drive_msgs/stm32_diff_drive_msgs/msg/detail/motor_command__traits.hpp
-- Up-to-date symlink: /home/giang/ros2_myrobot/install/stm32_diff_drive_msgs/include/stm32_diff_drive_msgs/stm32_diff_drive_msgs/msg/detail/motor_command__type_support.hpp
-- Up-to-date symlink: /home/giang/ros2_myrobot/install/stm32_diff_drive_msgs/include/stm32_diff_drive_msgs/stm32_diff_drive_msgs/msg/detail/motor_vels__builder.hpp
-- Up-to-date symlink: /home/giang/ros2_myrobot/install/stm32_diff_drive_msgs/include/stm32_diff_drive_msgs/stm32_diff_drive_msgs/msg/detail/motor_vels__struct.hpp
-- Up-to-date symlink: /home/giang/ros2_myrobot/install/stm32_diff_drive_msgs/include/stm32_diff_drive_msgs/stm32_diff_drive_msgs/msg/detail/motor_vels__traits.hpp
-- Up-to-date symlink: /home/giang/ros2_myrobot/install/stm32_diff_drive_msgs/include/stm32_diff_drive_msgs/stm32_diff_drive_msgs/msg/detail/motor_vels__type_support.hpp
-- Up-to-date symlink: /home/giang/ros2_myrobot/install/stm32_diff_drive_msgs/include/stm32_diff_drive_msgs/stm32_diff_drive_msgs/msg/encoder_vals.hpp
-- Up-to-date symlink: /home/giang/ros2_myrobot/install/stm32_diff_drive_msgs/include/stm32_diff_drive_msgs/stm32_diff_drive_msgs/msg/motor_command.hpp
-- Up-to-date symlink: /home/giang/ros2_myrobot/install/stm32_diff_drive_msgs/include/stm32_diff_drive_msgs/stm32_diff_drive_msgs/msg/motor_vels.hpp
-- Up-to-date symlink: /home/giang/ros2_myrobot/install/stm32_diff_drive_msgs/include/stm32_diff_drive_msgs/stm32_diff_drive_msgs/msg/rosidl_generator_cpp__visibility_control.hpp
-- Up-to-date symlink: /home/giang/ros2_myrobot/install/stm32_diff_drive_msgs/include/stm32_diff_drive_msgs/stm32_diff_drive_msgs/msg/detail/encoder_vals__rosidl_typesupport_fastrtps_cpp.hpp
-- Up-to-date symlink: /home/giang/ros2_myrobot/install/stm32_diff_drive_msgs/include/stm32_diff_drive_msgs/stm32_diff_drive_msgs/msg/detail/motor_command__rosidl_typesupport_fastrtps_cpp.hpp
-- Up-to-date symlink: /home/giang/ros2_myrobot/install/stm32_diff_drive_msgs/include/stm32_diff_drive_msgs/stm32_diff_drive_msgs/msg/detail/motor_vels__rosidl_typesupport_fastrtps_cpp.hpp
-- Up-to-date symlink: /home/giang/ros2_myrobot/install/stm32_diff_drive_msgs/include/stm32_diff_drive_msgs/stm32_diff_drive_msgs/msg/rosidl_typesupport_fastrtps_cpp__visibility_control.h
-- Up-to-date symlink: /home/giang/ros2_myrobot/install/stm32_diff_drive_msgs/include/stm32_diff_drive_msgs/stm32_diff_drive_msgs/msg/detail/encoder_vals__rosidl_typesupport_introspection_cpp.hpp
-- Up-to-date symlink: /home/giang/ros2_myrobot/install/stm32_diff_drive_msgs/include/stm32_diff_drive_msgs/stm32_diff_drive_msgs/msg/detail/motor_command__rosidl_typesupport_introspection_cpp.hpp
-- Up-to-date symlink: /home/giang/ros2_myrobot/install/stm32_diff_drive_msgs/include/stm32_diff_drive_msgs/stm32_diff_drive_msgs/msg/detail/motor_vels__rosidl_typesupport_introspection_cpp.hpp
-- Up-to-date symlink: /home/giang/ros2_myrobot/install/stm32_diff_drive_msgs/share/stm32_diff_drive_msgs/environment/pythonpath.sh
-- Up-to-date symlink: /home/giang/ros2_myrobot/install/stm32_diff_drive_msgs/share/stm32_diff_drive_msgs/environment/pythonpath.dsv
-- Up-to-date symlink: /home/giang/ros2_myrobot/install/stm32_diff_drive_msgs/local/lib/python3.10/dist-packages/stm32_diff_drive_msgs-0.0.0-py3.10.egg-info/PKG-INFO
-- Up-to-date symlink: /home/giang/ros2_myrobot/install/stm32_diff_drive_msgs/local/lib/python3.10/dist-packages/stm32_diff_drive_msgs-0.0.0-py3.10.egg-info/SOURCES.txt
-- Up-to-date symlink: /home/giang/ros2_myrobot/install/stm32_diff_drive_msgs/local/lib/python3.10/dist-packages/stm32_diff_drive_msgs-0.0.0-py3.10.egg-info/dependency_links.txt
-- Up-to-date symlink: /home/giang/ros2_myrobot/install/stm32_diff_drive_msgs/local/lib/python3.10/dist-packages/stm32_diff_drive_msgs-0.0.0-py3.10.egg-info/top_level.txt
-- Up-to-date symlink: /home/giang/ros2_myrobot/install/stm32_diff_drive_msgs/local/lib/python3.10/dist-packages/stm32_diff_drive_msgs/__init__.py
-- Up-to-date symlink: /home/giang/ros2_myrobot/install/stm32_diff_drive_msgs/local/lib/python3.10/dist-packages/stm32_diff_drive_msgs/_stm32_diff_drive_msgs_s.ep.rosidl_typesupport_c.c
-- Up-to-date symlink: /home/giang/ros2_myrobot/install/stm32_diff_drive_msgs/local/lib/python3.10/dist-packages/stm32_diff_drive_msgs/_stm32_diff_drive_msgs_s.ep.rosidl_typesupport_fastrtps_c.c
-- Up-to-date symlink: /home/giang/ros2_myrobot/install/stm32_diff_drive_msgs/local/lib/python3.10/dist-packages/stm32_diff_drive_msgs/_stm32_diff_drive_msgs_s.ep.rosidl_typesupport_introspection_c.c
-- Up-to-date symlink: /home/giang/ros2_myrobot/install/stm32_diff_drive_msgs/local/lib/python3.10/dist-packages/stm32_diff_drive_msgs/libstm32_diff_drive_msgs__rosidl_generator_py.so
-- Up-to-date symlink: /home/giang/ros2_myrobot/install/stm32_diff_drive_msgs/local/lib/python3.10/dist-packages/stm32_diff_drive_msgs/msg/__init__.py
-- Up-to-date symlink: /home/giang/ros2_myrobot/install/stm32_diff_drive_msgs/local/lib/python3.10/dist-packages/stm32_diff_drive_msgs/msg/_encoder_vals.py
-- Up-to-date symlink: /home/giang/ros2_myrobot/install/stm32_diff_drive_msgs/local/lib/python3.10/dist-packages/stm32_diff_drive_msgs/msg/_encoder_vals_s.c
-- Up-to-date symlink: /home/giang/ros2_myrobot/install/stm32_diff_drive_msgs/local/lib/python3.10/dist-packages/stm32_diff_drive_msgs/msg/_motor_command.py
-- Up-to-date symlink: /home/giang/ros2_myrobot/install/stm32_diff_drive_msgs/local/lib/python3.10/dist-packages/stm32_diff_drive_msgs/msg/_motor_command_s.c
-- Up-to-date symlink: /home/giang/ros2_myrobot/install/stm32_diff_drive_msgs/local/lib/python3.10/dist-packages/stm32_diff_drive_msgs/msg/_motor_vels.py
-- Up-to-date symlink: /home/giang/ros2_myrobot/install/stm32_diff_drive_msgs/local/lib/python3.10/dist-packages/stm32_diff_drive_msgs/msg/_motor_vels_s.c
-- Up-to-date symlink: /home/giang/ros2_myrobot/install/stm32_diff_drive_msgs/local/lib/python3.10/dist-packages/stm32_diff_drive_msgs/stm32_diff_drive_msgs_s__rosidl_typesupport_c.cpython-310-x86_64-linux-gnu.so
-- Up-to-date symlink: /home/giang/ros2_myrobot/install/stm32_diff_drive_msgs/local/lib/python3.10/dist-packages/stm32_diff_drive_msgs/stm32_diff_drive_msgs_s__rosidl_typesupport_fastrtps_c.cpython-310-x86_64-linux-gnu.so
-- Up-to-date symlink: /home/giang/ros2_myrobot/install/stm32_diff_drive_msgs/local/lib/python3.10/dist-packages/stm32_diff_drive_msgs/stm32_diff_drive_msgs_s__rosidl_typesupport_introspection_c.cpython-310-x86_64-linux-gnu.so
-- Up-to-date symlink: /home/giang/ros2_myrobot/install/stm32_diff_drive_msgs/local/lib/python3.10/dist-packages/stm32_diff_drive_msgs/stm32_diff_drive_msgs_s__rosidl_typesupport_fastrtps_c.cpython-310-x86_64-linux-gnu.so
-- Up-to-date symlink: /home/giang/ros2_myrobot/install/stm32_diff_drive_msgs/local/lib/python3.10/dist-packages/stm32_diff_drive_msgs/stm32_diff_drive_msgs_s__rosidl_typesupport_introspection_c.cpython-310-x86_64-linux-gnu.so
-- Up-to-date symlink: /home/giang/ros2_myrobot/install/stm32_diff_drive_msgs/local/lib/python3.10/dist-packages/stm32_diff_drive_msgs/stm32_diff_drive_msgs_s__rosidl_typesupport_c.cpython-310-x86_64-linux-gnu.so
-- Up-to-date symlink: /home/giang/ros2_myrobot/install/stm32_diff_drive_msgs/share/stm32_diff_drive_msgs/msg/MotorCommand.idl
-- Up-to-date symlink: /home/giang/ros2_myrobot/install/stm32_diff_drive_msgs/share/stm32_diff_drive_msgs/msg/MotorVels.idl
-- Up-to-date symlink: /home/giang/ros2_myrobot/install/stm32_diff_drive_msgs/share/stm32_diff_drive_msgs/msg/EncoderVals.idl
-- Up-to-date symlink: /home/giang/ros2_myrobot/install/stm32_diff_drive_msgs/share/stm32_diff_drive_msgs/msg/MotorCommand.msg
-- Up-to-date symlink: /home/giang/ros2_myrobot/install/stm32_diff_drive_msgs/share/stm32_diff_drive_msgs/msg/MotorVels.msg
-- Up-to-date symlink: /home/giang/ros2_myrobot/install/stm32_diff_drive_msgs/share/stm32_diff_drive_msgs/msg/EncoderVals.msg
-- Up-to-date symlink: /home/giang/ros2_myrobot/install/stm32_diff_drive_msgs/share/ament_index/resource_index/package_run_dependencies/stm32_diff_drive_msgs
-- Up-to-date symlink: /home/giang/ros2_myrobot/install/stm32_diff_drive_msgs/share/ament_index/resource_index/parent_prefix_path/stm32_diff_drive_msgs
-- Up-to-date symlink: /home/giang/ros2_myrobot/install/stm32_diff_drive_msgs/share/stm32_diff_drive_msgs/environment/ament_prefix_path.sh
-- Up-to-date symlink: /home/giang/ros2_myrobot/install/stm32_diff_drive_msgs/share/stm32_diff_drive_msgs/environment/ament_prefix_path.dsv
-- Up-to-date symlink: /home/giang/ros2_myrobot/install/stm32_diff_drive_msgs/share/stm32_diff_drive_msgs/environment/path.sh
-- Up-to-date symlink: /home/giang/ros2_myrobot/install/stm32_diff_drive_msgs/share/stm32_diff_drive_msgs/environment/path.dsv
-- Up-to-date symlink: /home/giang/ros2_myrobot/install/stm32_diff_drive_msgs/share/stm32_diff_drive_msgs/local_setup.bash
-- Up-to-date symlink: /home/giang/ros2_myrobot/install/stm32_diff_drive_msgs/share/stm32_diff_drive_msgs/local_setup.sh
-- Up-to-date symlink: /home/giang/ros2_myrobot/install/stm32_diff_drive_msgs/share/stm32_diff_drive_msgs/local_setup.zsh
-- Up-to-date symlink: /home/giang/ros2_myrobot/install/stm32_diff_drive_msgs/share/stm32_diff_drive_msgs/local_setup.dsv
-- Symlinking: /home/giang/ros2_myrobot/install/stm32_diff_drive_msgs/share/stm32_diff_drive_msgs/package.dsv
-- Up-to-date symlink: /home/giang/ros2_myrobot/install/stm32_diff_drive_msgs/share/ament_index/resource_index/packages/stm32_diff_drive_msgs
-- Up-to-date symlink: /home/giang/ros2_myrobot/install/stm32_diff_drive_msgs/share/stm32_diff_drive_msgs/cmake/rosidl_cmake-extras.cmake
-- Up-to-date symlink: /home/giang/ros2_myrobot/install/stm32_diff_drive_msgs/share/stm32_diff_drive_msgs/cmake/ament_cmake_export_include_directories-extras.cmake
-- Up-to-date symlink: /home/giang/ros2_myrobot/install/stm32_diff_drive_msgs/share/stm32_diff_drive_msgs/cmake/ament_cmake_export_libraries-extras.cmake
-- Up-to-date symlink: /home/giang/ros2_myrobot/install/stm32_diff_drive_msgs/share/stm32_diff_drive_msgs/cmake/ament_cmake_export_targets-extras.cmake
-- Up-to-date symlink: /home/giang/ros2_myrobot/install/stm32_diff_drive_msgs/share/stm32_diff_drive_msgs/cmake/rosidl_cmake_export_typesupport_targets-extras.cmake
-- Up-to-date symlink: /home/giang/ros2_myrobot/install/stm32_diff_drive_msgs/share/stm32_diff_drive_msgs/cmake/ament_cmake_export_dependencies-extras.cmake
-- Up-to-date symlink: /home/giang/ros2_myrobot/install/stm32_diff_drive_msgs/share/stm32_diff_drive_msgs/cmake/rosidl_cmake_export_typesupport_libraries-extras.cmake
-- Up-to-date symlink: /home/giang/ros2_myrobot/install/stm32_diff_drive_msgs/share/stm32_diff_drive_msgs/cmake/stm32_diff_drive_msgsConfig.cmake
-- Up-to-date symlink: /home/giang/ros2_myrobot/install/stm32_diff_drive_msgs/share/stm32_diff_drive_msgs/cmake/stm32_diff_drive_msgsConfig-version.cmake
-- Up-to-date symlink: /home/giang/ros2_myrobot/install/stm32_diff_drive_msgs/share/stm32_diff_drive_msgs/package.xml
-- Up-to-date: /home/giang/ros2_myrobot/install/stm32_diff_drive_msgs/lib/libstm32_diff_drive_msgs__rosidl_generator_c.so
-- Up-to-date: /home/giang/ros2_myrobot/install/stm32_diff_drive_msgs/lib/libstm32_diff_drive_msgs__rosidl_typesupport_fastrtps_c.so
-- Up-to-date: /home/giang/ros2_myrobot/install/stm32_diff_drive_msgs/lib/libstm32_diff_drive_msgs__rosidl_typesupport_introspection_c.so
-- Up-to-date: /home/giang/ros2_myrobot/install/stm32_diff_drive_msgs/lib/libstm32_diff_drive_msgs__rosidl_typesupport_c.so
-- Up-to-date: /home/giang/ros2_myrobot/install/stm32_diff_drive_msgs/lib/libstm32_diff_drive_msgs__rosidl_typesupport_fastrtps_cpp.so
-- Up-to-date: /home/giang/ros2_myrobot/install/stm32_diff_drive_msgs/lib/libstm32_diff_drive_msgs__rosidl_typesupport_introspection_cpp.so
-- Up-to-date: /home/giang/ros2_myrobot/install/stm32_diff_drive_msgs/lib/libstm32_diff_drive_msgs__rosidl_typesupport_cpp.so
Listing '/home/giang/ros2_myrobot/install/stm32_diff_drive_msgs/local/lib/python3.10/dist-packages/stm32_diff_drive_msgs'...
Listing '/home/giang/ros2_myrobot/install/stm32_diff_drive_msgs/local/lib/python3.10/dist-packages/stm32_diff_drive_msgs/msg'...
-- Up-to-date: /home/giang/ros2_myrobot/install/stm32_diff_drive_msgs/lib/libstm32_diff_drive_msgs__rosidl_generator_py.so
-- Up-to-date: /home/giang/ros2_myrobot/install/stm32_diff_drive_msgs/share/stm32_diff_drive_msgs/cmake/export_stm32_diff_drive_msgs__rosidl_generator_cExport.cmake
-- Up-to-date: /home/giang/ros2_myrobot/install/stm32_diff_drive_msgs/share/stm32_diff_drive_msgs/cmake/export_stm32_diff_drive_msgs__rosidl_generator_cExport-noconfig.cmake
-- Up-to-date: /home/giang/ros2_myrobot/install/stm32_diff_drive_msgs/share/stm32_diff_drive_msgs/cmake/export_stm32_diff_drive_msgs__rosidl_typesupport_fastrtps_cExport.cmake
-- Up-to-date: /home/giang/ros2_myrobot/install/stm32_diff_drive_msgs/share/stm32_diff_drive_msgs/cmake/export_stm32_diff_drive_msgs__rosidl_typesupport_fastrtps_cExport-noconfig.cmake
-- Up-to-date: /home/giang/ros2_myrobot/install/stm32_diff_drive_msgs/share/stm32_diff_drive_msgs/cmake/stm32_diff_drive_msgs__rosidl_typesupport_introspection_cExport.cmake
-- Up-to-date: /home/giang/ros2_myrobot/install/stm32_diff_drive_msgs/share/stm32_diff_drive_msgs/cmake/stm32_diff_drive_msgs__rosidl_typesupport_introspection_cExport-noconfig.cmake
-- Up-to-date: /home/giang/ros2_myrobot/install/stm32_diff_drive_msgs/share/stm32_diff_drive_msgs/cmake/stm32_diff_drive_msgs__rosidl_typesupport_cExport.cmake
-- Up-to-date: /home/giang/ros2_myrobot/install/stm32_diff_drive_msgs/share/stm32_diff_drive_msgs/cmake/stm32_diff_drive_msgs__rosidl_typesupport_cExport-noconfig.cmake
-- Up-to-date: /home/giang/ros2_myrobot/install/stm32_diff_drive_msgs/share/stm32_diff_drive_msgs/cmake/export_stm32_diff_drive_msgs__rosidl_generator_cppExport.cmake
-- Up-to-date: /home/giang/ros2_myrobot/install/stm32_diff_drive_msgs/share/stm32_diff_drive_msgs/cmake/export_stm32_diff_drive_msgs__rosidl_typesupport_fastrtps_cppExport.cmake
-- Up-to-date: /home/giang/ros2_myrobot/install/stm32_diff_drive_msgs/share/stm32_diff_drive_msgs/cmake/export_stm32_diff_drive_msgs__rosidl_typesupport_fastrtps_cppExport-noconfig.cmake
-- Up-to-date: /home/giang/ros2_myrobot/install/stm32_diff_drive_msgs/share/stm32_diff_drive_msgs/cmake/stm32_diff_drive_msgs__rosidl_typesupport_introspection_cppExport.cmake
-- Up-to-date: /home/giang/ros2_myrobot/install/stm32_diff_drive_msgs/share/stm32_diff_drive_msgs/cmake/stm32_diff_drive_msgs__rosidl_typesupport_introspection_cppExport-noconfig.cmake
-- Up-to-date: /home/giang/ros2_myrobot/install/stm32_diff_drive_msgs/share/stm32_diff_drive_msgs/cmake/stm32_diff_drive_msgs__rosidl_typesupport_cppExport.cmake
-- Up-to-date: /home/giang/ros2_myrobot/install/stm32_diff_drive_msgs/share/stm32_diff_drive_msgs/cmake/stm32_diff_drive_msgs__rosidl_typesupport_cppExport-noconfig.cmake
-- Up-to-date: /home/giang/ros2_myrobot/install/stm32_diff_drive_msgs/share/stm32_diff_drive_msgs/cmake/export_stm32_diff_drive_msgs__rosidl_generator_pyExport.cmake
-- Up-to-date: /home/giang/ros2_myrobot/install/stm32_diff_drive_msgs/share/stm32_diff_drive_msgs/cmake/export_stm32_diff_drive_msgs__rosidl_generator_pyExport-noconfig.cmake
