[0.418s] DEBUG:colcon:Command line arguments: ['/usr/bin/colcon', 'build', '--symlink-install']
[0.418s] DEBUG:colcon:Parsed command line arguments: Namespace(log_base=None, log_level=None, verb_name='build', build_base='build', install_base='install', merge_install=False, symlink_install=True, test_result_base=None, continue_on_error=False, executor='parallel', parallel_workers=6, event_handlers=None, ignore_user_meta=False, metas=['./colcon.meta'], base_paths=['.'], packages_ignore=None, packages_ignore_regex=None, paths=None, packages_up_to=None, packages_up_to_regex=None, packages_above=None, packages_above_and_dependencies=None, packages_above_depth=None, packages_select_by_dep=None, packages_skip_by_dep=None, packages_skip_up_to=None, packages_select_build_failed=False, packages_skip_build_finished=False, packages_select_test_failures=False, packages_skip_test_passed=False, packages_select=None, packages_skip=None, packages_select_regex=None, packages_skip_regex=None, packages_start=None, packages_end=None, allow_overriding=[], cmake_args=None, cmake_target=None, cmake_target_skip_unavailable=False, cmake_clean_cache=False, cmake_clean_first=False, cmake_force_configure=False, ament_cmake_args=None, catkin_cmake_args=None, catkin_skip_building_tests=False, verb_parser=<colcon_defaults.argument_parser.defaults.DefaultArgumentsDecorator object at 0x706264b597e0>, verb_extension=<colcon_core.verb.build.BuildVerb object at 0x706264cce410>, main=<bound method BuildVerb.main of <colcon_core.verb.build.BuildVerb object at 0x706264cce410>>)
[1.484s] Level 1:colcon.colcon_core.package_discovery:discover_packages(colcon_meta) check parameters
[1.487s] Level 1:colcon.colcon_core.package_discovery:discover_packages(recursive) check parameters
[1.487s] Level 1:colcon.colcon_core.package_discovery:discover_packages(ignore) check parameters
[1.487s] Level 1:colcon.colcon_core.package_discovery:discover_packages(path) check parameters
[1.487s] Level 1:colcon.colcon_core.package_discovery:discover_packages(colcon_meta) discover
[1.487s] Level 1:colcon.colcon_core.package_discovery:discover_packages(recursive) discover
[1.487s] INFO:colcon.colcon_core.package_discovery:Crawling recursively for packages in '/home/giang/ros2_myrobot'
[1.487s] Level 1:colcon.colcon_core.package_identification:_identify(.) by extensions ['ignore', 'ignore_ament_install']
[1.487s] Level 1:colcon.colcon_core.package_identification:_identify(.) by extension 'ignore'
[1.487s] Level 1:colcon.colcon_core.package_identification:_identify(.) by extension 'ignore_ament_install'
[1.488s] Level 1:colcon.colcon_core.package_identification:_identify(.) by extensions ['colcon_pkg']
[1.488s] Level 1:colcon.colcon_core.package_identification:_identify(.) by extension 'colcon_pkg'
[1.488s] Level 1:colcon.colcon_core.package_identification:_identify(.) by extensions ['colcon_meta']
[1.488s] Level 1:colcon.colcon_core.package_identification:_identify(.) by extension 'colcon_meta'
[1.488s] Level 1:colcon.colcon_core.package_identification:_identify(.) by extensions ['ros']
[1.488s] Level 1:colcon.colcon_core.package_identification:_identify(.) by extension 'ros'
[1.541s] Level 1:colcon.colcon_core.package_identification:_identify(.) by extensions ['cmake', 'python']
[1.544s] Level 1:colcon.colcon_core.package_identification:_identify(.) by extension 'cmake'
[1.544s] Level 1:colcon.colcon_core.package_identification:_identify(.) by extension 'python'
[1.545s] Level 1:colcon.colcon_core.package_identification:_identify(.) by extensions ['python_setup_py']
[1.545s] Level 1:colcon.colcon_core.package_identification:_identify(.) by extension 'python_setup_py'
[1.546s] Level 1:colcon.colcon_core.package_identification:_identify(build) by extensions ['ignore', 'ignore_ament_install']
[1.546s] Level 1:colcon.colcon_core.package_identification:_identify(build) by extension 'ignore'
[1.546s] Level 1:colcon.colcon_core.package_identification:_identify(build) ignored
[1.547s] Level 1:colcon.colcon_core.package_identification:_identify(install) by extensions ['ignore', 'ignore_ament_install']
[1.549s] Level 1:colcon.colcon_core.package_identification:_identify(install) by extension 'ignore'
[1.549s] Level 1:colcon.colcon_core.package_identification:_identify(install) ignored
[1.549s] Level 1:colcon.colcon_core.package_identification:_identify(log) by extensions ['ignore', 'ignore_ament_install']
[1.550s] Level 1:colcon.colcon_core.package_identification:_identify(log) by extension 'ignore'
[1.550s] Level 1:colcon.colcon_core.package_identification:_identify(log) ignored
[1.550s] Level 1:colcon.colcon_core.package_identification:_identify(src) by extensions ['ignore', 'ignore_ament_install']
[1.550s] Level 1:colcon.colcon_core.package_identification:_identify(src) by extension 'ignore'
[1.550s] Level 1:colcon.colcon_core.package_identification:_identify(src) by extension 'ignore_ament_install'
[1.551s] Level 1:colcon.colcon_core.package_identification:_identify(src) by extensions ['colcon_pkg']
[1.553s] Level 1:colcon.colcon_core.package_identification:_identify(src) by extension 'colcon_pkg'
[1.554s] Level 1:colcon.colcon_core.package_identification:_identify(src) by extensions ['colcon_meta']
[1.554s] Level 1:colcon.colcon_core.package_identification:_identify(src) by extension 'colcon_meta'
[1.554s] Level 1:colcon.colcon_core.package_identification:_identify(src) by extensions ['ros']
[1.555s] Level 1:colcon.colcon_core.package_identification:_identify(src) by extension 'ros'
[1.555s] Level 1:colcon.colcon_core.package_identification:_identify(src) by extensions ['cmake', 'python']
[1.555s] Level 1:colcon.colcon_core.package_identification:_identify(src) by extension 'cmake'
[1.555s] Level 1:colcon.colcon_core.package_identification:_identify(src) by extension 'python'
[1.555s] Level 1:colcon.colcon_core.package_identification:_identify(src) by extensions ['python_setup_py']
[1.555s] Level 1:colcon.colcon_core.package_identification:_identify(src) by extension 'python_setup_py'
[1.557s] Level 1:colcon.colcon_core.package_identification:_identify(src/image) by extensions ['ignore', 'ignore_ament_install']
[1.558s] Level 1:colcon.colcon_core.package_identification:_identify(src/image) by extension 'ignore'
[1.559s] Level 1:colcon.colcon_core.package_identification:_identify(src/image) by extension 'ignore_ament_install'
[1.559s] Level 1:colcon.colcon_core.package_identification:_identify(src/image) by extensions ['colcon_pkg']
[1.560s] Level 1:colcon.colcon_core.package_identification:_identify(src/image) by extension 'colcon_pkg'
[1.560s] Level 1:colcon.colcon_core.package_identification:_identify(src/image) by extensions ['colcon_meta']
[1.560s] Level 1:colcon.colcon_core.package_identification:_identify(src/image) by extension 'colcon_meta'
[1.560s] Level 1:colcon.colcon_core.package_identification:_identify(src/image) by extensions ['ros']
[1.560s] Level 1:colcon.colcon_core.package_identification:_identify(src/image) by extension 'ros'
[1.561s] Level 1:colcon.colcon_core.package_identification:_identify(src/image) by extensions ['cmake', 'python']
[1.561s] Level 1:colcon.colcon_core.package_identification:_identify(src/image) by extension 'cmake'
[1.562s] Level 1:colcon.colcon_core.package_identification:_identify(src/image) by extension 'python'
[1.562s] Level 1:colcon.colcon_core.package_identification:_identify(src/image) by extensions ['python_setup_py']
[1.562s] Level 1:colcon.colcon_core.package_identification:_identify(src/image) by extension 'python_setup_py'
[1.563s] Level 1:colcon.colcon_core.package_identification:_identify(src/my_bot) by extensions ['ignore', 'ignore_ament_install']
[1.568s] Level 1:colcon.colcon_core.package_identification:_identify(src/my_bot) by extension 'ignore'
[1.568s] Level 1:colcon.colcon_core.package_identification:_identify(src/my_bot) by extension 'ignore_ament_install'
[1.568s] Level 1:colcon.colcon_core.package_identification:_identify(src/my_bot) by extensions ['colcon_pkg']
[1.569s] Level 1:colcon.colcon_core.package_identification:_identify(src/my_bot) by extension 'colcon_pkg'
[1.569s] Level 1:colcon.colcon_core.package_identification:_identify(src/my_bot) by extensions ['colcon_meta']
[1.569s] Level 1:colcon.colcon_core.package_identification:_identify(src/my_bot) by extension 'colcon_meta'
[1.569s] Level 1:colcon.colcon_core.package_identification:_identify(src/my_bot) by extensions ['ros']
[1.569s] Level 1:colcon.colcon_core.package_identification:_identify(src/my_bot) by extension 'ros'
[1.590s] DEBUG:colcon.colcon_core.package_identification:Package 'src/my_bot' with type 'ros.ament_cmake' and name 'my_bot'
[1.591s] Level 1:colcon.colcon_core.package_identification:_identify(src/stm32_diff_drive_hardware) by extensions ['ignore', 'ignore_ament_install']
[1.591s] Level 1:colcon.colcon_core.package_identification:_identify(src/stm32_diff_drive_hardware) by extension 'ignore'
[1.592s] Level 1:colcon.colcon_core.package_identification:_identify(src/stm32_diff_drive_hardware) by extension 'ignore_ament_install'
[1.592s] Level 1:colcon.colcon_core.package_identification:_identify(src/stm32_diff_drive_hardware) by extensions ['colcon_pkg']
[1.592s] Level 1:colcon.colcon_core.package_identification:_identify(src/stm32_diff_drive_hardware) by extension 'colcon_pkg'
[1.593s] Level 1:colcon.colcon_core.package_identification:_identify(src/stm32_diff_drive_hardware) by extensions ['colcon_meta']
[1.593s] Level 1:colcon.colcon_core.package_identification:_identify(src/stm32_diff_drive_hardware) by extension 'colcon_meta'
[1.593s] Level 1:colcon.colcon_core.package_identification:_identify(src/stm32_diff_drive_hardware) by extensions ['ros']
[1.593s] Level 1:colcon.colcon_core.package_identification:_identify(src/stm32_diff_drive_hardware) by extension 'ros'
[1.596s] DEBUG:colcon.colcon_core.package_identification:Package 'src/stm32_diff_drive_hardware' with type 'ros.ament_cmake' and name 'stm32_diff_drive_hardware'
[1.599s] Level 1:colcon.colcon_core.package_identification:_identify(src/stm32_diff_drive_msgs) by extensions ['ignore', 'ignore_ament_install']
[1.599s] Level 1:colcon.colcon_core.package_identification:_identify(src/stm32_diff_drive_msgs) by extension 'ignore'
[1.602s] Level 1:colcon.colcon_core.package_identification:_identify(src/stm32_diff_drive_msgs) by extension 'ignore_ament_install'
[1.602s] Level 1:colcon.colcon_core.package_identification:_identify(src/stm32_diff_drive_msgs) by extensions ['colcon_pkg']
[1.603s] Level 1:colcon.colcon_core.package_identification:_identify(src/stm32_diff_drive_msgs) by extension 'colcon_pkg'
[1.603s] Level 1:colcon.colcon_core.package_identification:_identify(src/stm32_diff_drive_msgs) by extensions ['colcon_meta']
[1.603s] Level 1:colcon.colcon_core.package_identification:_identify(src/stm32_diff_drive_msgs) by extension 'colcon_meta'
[1.603s] Level 1:colcon.colcon_core.package_identification:_identify(src/stm32_diff_drive_msgs) by extensions ['ros']
[1.604s] Level 1:colcon.colcon_core.package_identification:_identify(src/stm32_diff_drive_msgs) by extension 'ros'
[1.606s] DEBUG:colcon.colcon_core.package_identification:Package 'src/stm32_diff_drive_msgs' with type 'ros.ament_cmake' and name 'stm32_diff_drive_msgs'
[1.611s] Level 1:colcon.colcon_core.package_identification:_identify(src/twist_stamper) by extensions ['ignore', 'ignore_ament_install']
[1.612s] Level 1:colcon.colcon_core.package_identification:_identify(src/twist_stamper) by extension 'ignore'
[1.613s] Level 1:colcon.colcon_core.package_identification:_identify(src/twist_stamper) by extension 'ignore_ament_install'
[1.613s] Level 1:colcon.colcon_core.package_identification:_identify(src/twist_stamper) by extensions ['colcon_pkg']
[1.613s] Level 1:colcon.colcon_core.package_identification:_identify(src/twist_stamper) by extension 'colcon_pkg'
[1.614s] Level 1:colcon.colcon_core.package_identification:_identify(src/twist_stamper) by extensions ['colcon_meta']
[1.614s] Level 1:colcon.colcon_core.package_identification:_identify(src/twist_stamper) by extension 'colcon_meta'
[1.615s] Level 1:colcon.colcon_core.package_identification:_identify(src/twist_stamper) by extensions ['ros']
[1.615s] Level 1:colcon.colcon_core.package_identification:_identify(src/twist_stamper) by extension 'ros'
[1.621s] DEBUG:colcon.colcon_core.package_identification:Package 'src/twist_stamper' with type 'ros.ament_python' and name 'twist_stamper'
[1.621s] Level 1:colcon.colcon_core.package_discovery:discover_packages(recursive) using defaults
[1.622s] Level 1:colcon.colcon_core.package_discovery:discover_packages(ignore) discover
[1.622s] Level 1:colcon.colcon_core.package_discovery:discover_packages(ignore) using defaults
[1.622s] Level 1:colcon.colcon_core.package_discovery:discover_packages(path) discover
[1.622s] Level 1:colcon.colcon_core.package_discovery:discover_packages(path) using defaults
[1.796s] Level 1:colcon.colcon_core.package_discovery:discover_packages(prefix_path) check parameters
[1.796s] Level 1:colcon.colcon_core.package_discovery:discover_packages(prefix_path) discover
[1.838s] DEBUG:colcon.colcon_installed_package_information.package_discovery:Found 4 installed packages in /home/giang/ros2_myrobot/install
[1.841s] DEBUG:colcon.colcon_installed_package_information.package_discovery:Found 1 installed packages in /home/giang/ros2_demo/install
[1.846s] DEBUG:colcon.colcon_installed_package_information.package_discovery:Found 1 installed packages in /home/giang/Workspaces/ros2_cpp_ws/install
[1.854s] DEBUG:colcon.colcon_installed_package_information.package_discovery:Found 2 installed packages in /home/giang/ros2_ws/install
[1.871s] DEBUG:colcon.colcon_installed_package_information.package_discovery:Found 388 installed packages in /opt/ros/humble
[1.877s] Level 1:colcon.colcon_core.package_discovery:discover_packages(prefix_path) using defaults
[2.653s] Level 5:colcon.colcon_core.verb:set package 'my_bot' build argument 'cmake_args' from command line to 'None'
[2.654s] Level 5:colcon.colcon_core.verb:set package 'my_bot' build argument 'cmake_target' from command line to 'None'
[2.654s] Level 5:colcon.colcon_core.verb:set package 'my_bot' build argument 'cmake_target_skip_unavailable' from command line to 'False'
[2.654s] Level 5:colcon.colcon_core.verb:set package 'my_bot' build argument 'cmake_clean_cache' from command line to 'False'
[2.654s] Level 5:colcon.colcon_core.verb:set package 'my_bot' build argument 'cmake_clean_first' from command line to 'False'
[2.656s] Level 5:colcon.colcon_core.verb:set package 'my_bot' build argument 'cmake_force_configure' from command line to 'False'
[2.656s] Level 5:colcon.colcon_core.verb:set package 'my_bot' build argument 'ament_cmake_args' from command line to 'None'
[2.656s] Level 5:colcon.colcon_core.verb:set package 'my_bot' build argument 'catkin_cmake_args' from command line to 'None'
[2.656s] Level 5:colcon.colcon_core.verb:set package 'my_bot' build argument 'catkin_skip_building_tests' from command line to 'False'
[2.656s] DEBUG:colcon.colcon_core.verb:Building package 'my_bot' with the following arguments: {'ament_cmake_args': None, 'build_base': '/home/giang/ros2_myrobot/build/my_bot', 'catkin_cmake_args': None, 'catkin_skip_building_tests': False, 'cmake_args': None, 'cmake_clean_cache': False, 'cmake_clean_first': False, 'cmake_force_configure': False, 'cmake_target': None, 'cmake_target_skip_unavailable': False, 'install_base': '/home/giang/ros2_myrobot/install/my_bot', 'merge_install': False, 'path': '/home/giang/ros2_myrobot/src/my_bot', 'symlink_install': True, 'test_result_base': None}
[2.658s] Level 5:colcon.colcon_core.verb:set package 'stm32_diff_drive_msgs' build argument 'cmake_args' from command line to 'None'
[2.658s] Level 5:colcon.colcon_core.verb:set package 'stm32_diff_drive_msgs' build argument 'cmake_target' from command line to 'None'
[2.658s] Level 5:colcon.colcon_core.verb:set package 'stm32_diff_drive_msgs' build argument 'cmake_target_skip_unavailable' from command line to 'False'
[2.658s] Level 5:colcon.colcon_core.verb:set package 'stm32_diff_drive_msgs' build argument 'cmake_clean_cache' from command line to 'False'
[2.658s] Level 5:colcon.colcon_core.verb:set package 'stm32_diff_drive_msgs' build argument 'cmake_clean_first' from command line to 'False'
[2.658s] Level 5:colcon.colcon_core.verb:set package 'stm32_diff_drive_msgs' build argument 'cmake_force_configure' from command line to 'False'
[2.658s] Level 5:colcon.colcon_core.verb:set package 'stm32_diff_drive_msgs' build argument 'ament_cmake_args' from command line to 'None'
[2.658s] Level 5:colcon.colcon_core.verb:set package 'stm32_diff_drive_msgs' build argument 'catkin_cmake_args' from command line to 'None'
[2.658s] Level 5:colcon.colcon_core.verb:set package 'stm32_diff_drive_msgs' build argument 'catkin_skip_building_tests' from command line to 'False'
[2.659s] DEBUG:colcon.colcon_core.verb:Building package 'stm32_diff_drive_msgs' with the following arguments: {'ament_cmake_args': None, 'build_base': '/home/giang/ros2_myrobot/build/stm32_diff_drive_msgs', 'catkin_cmake_args': None, 'catkin_skip_building_tests': False, 'cmake_args': None, 'cmake_clean_cache': False, 'cmake_clean_first': False, 'cmake_force_configure': False, 'cmake_target': None, 'cmake_target_skip_unavailable': False, 'install_base': '/home/giang/ros2_myrobot/install/stm32_diff_drive_msgs', 'merge_install': False, 'path': '/home/giang/ros2_myrobot/src/stm32_diff_drive_msgs', 'symlink_install': True, 'test_result_base': None}
[2.660s] Level 5:colcon.colcon_core.verb:set package 'twist_stamper' build argument 'cmake_args' from command line to 'None'
[2.660s] Level 5:colcon.colcon_core.verb:set package 'twist_stamper' build argument 'cmake_target' from command line to 'None'
[2.660s] Level 5:colcon.colcon_core.verb:set package 'twist_stamper' build argument 'cmake_target_skip_unavailable' from command line to 'False'
[2.660s] Level 5:colcon.colcon_core.verb:set package 'twist_stamper' build argument 'cmake_clean_cache' from command line to 'False'
[2.662s] Level 5:colcon.colcon_core.verb:set package 'twist_stamper' build argument 'cmake_clean_first' from command line to 'False'
[2.662s] Level 5:colcon.colcon_core.verb:set package 'twist_stamper' build argument 'cmake_force_configure' from command line to 'False'
[2.662s] Level 5:colcon.colcon_core.verb:set package 'twist_stamper' build argument 'ament_cmake_args' from command line to 'None'
[2.662s] Level 5:colcon.colcon_core.verb:set package 'twist_stamper' build argument 'catkin_cmake_args' from command line to 'None'
[2.663s] Level 5:colcon.colcon_core.verb:set package 'twist_stamper' build argument 'catkin_skip_building_tests' from command line to 'False'
[2.663s] DEBUG:colcon.colcon_core.verb:Building package 'twist_stamper' with the following arguments: {'ament_cmake_args': None, 'build_base': '/home/giang/ros2_myrobot/build/twist_stamper', 'catkin_cmake_args': None, 'catkin_skip_building_tests': False, 'cmake_args': None, 'cmake_clean_cache': False, 'cmake_clean_first': False, 'cmake_force_configure': False, 'cmake_target': None, 'cmake_target_skip_unavailable': False, 'install_base': '/home/giang/ros2_myrobot/install/twist_stamper', 'merge_install': False, 'path': '/home/giang/ros2_myrobot/src/twist_stamper', 'symlink_install': True, 'test_result_base': None}
[2.664s] Level 5:colcon.colcon_core.verb:set package 'stm32_diff_drive_hardware' build argument 'cmake_args' from command line to 'None'
[2.664s] Level 5:colcon.colcon_core.verb:set package 'stm32_diff_drive_hardware' build argument 'cmake_target' from command line to 'None'
[2.664s] Level 5:colcon.colcon_core.verb:set package 'stm32_diff_drive_hardware' build argument 'cmake_target_skip_unavailable' from command line to 'False'
[2.664s] Level 5:colcon.colcon_core.verb:set package 'stm32_diff_drive_hardware' build argument 'cmake_clean_cache' from command line to 'False'
[2.664s] Level 5:colcon.colcon_core.verb:set package 'stm32_diff_drive_hardware' build argument 'cmake_clean_first' from command line to 'False'
[2.664s] Level 5:colcon.colcon_core.verb:set package 'stm32_diff_drive_hardware' build argument 'cmake_force_configure' from command line to 'False'
[2.664s] Level 5:colcon.colcon_core.verb:set package 'stm32_diff_drive_hardware' build argument 'ament_cmake_args' from command line to 'None'
[2.665s] Level 5:colcon.colcon_core.verb:set package 'stm32_diff_drive_hardware' build argument 'catkin_cmake_args' from command line to 'None'
[2.665s] Level 5:colcon.colcon_core.verb:set package 'stm32_diff_drive_hardware' build argument 'catkin_skip_building_tests' from command line to 'False'
[2.665s] DEBUG:colcon.colcon_core.verb:Building package 'stm32_diff_drive_hardware' with the following arguments: {'ament_cmake_args': None, 'build_base': '/home/giang/ros2_myrobot/build/stm32_diff_drive_hardware', 'catkin_cmake_args': None, 'catkin_skip_building_tests': False, 'cmake_args': None, 'cmake_clean_cache': False, 'cmake_clean_first': False, 'cmake_force_configure': False, 'cmake_target': None, 'cmake_target_skip_unavailable': False, 'install_base': '/home/giang/ros2_myrobot/install/stm32_diff_drive_hardware', 'merge_install': False, 'path': '/home/giang/ros2_myrobot/src/stm32_diff_drive_hardware', 'symlink_install': True, 'test_result_base': None}
[2.665s] INFO:colcon.colcon_core.executor:Executing jobs using 'parallel' executor
[2.668s] DEBUG:colcon.colcon_parallel_executor.executor.parallel:run_until_complete
[2.669s] INFO:colcon.colcon_ros.task.ament_cmake.build:Building ROS package in '/home/giang/ros2_myrobot/src/stm32_diff_drive_msgs' with build type 'ament_cmake'
[2.669s] INFO:colcon.colcon_cmake.task.cmake.build:Building CMake package in '/home/giang/ros2_myrobot/src/stm32_diff_drive_msgs'
[2.697s] INFO:colcon.colcon_core.plugin_system:Skipping extension 'colcon_core.shell.bat': Not used on non-Windows systems
[2.698s] INFO:colcon.colcon_core.shell:Skip shell extension 'powershell' for command environment: Not usable outside of PowerShell
[2.698s] DEBUG:colcon.colcon_core.shell:Skip shell extension 'dsv' for command environment
[2.727s] INFO:colcon.colcon_ros.task.ament_cmake.build:Building ROS package in '/home/giang/ros2_myrobot/src/my_bot' with build type 'ament_cmake'
[2.729s] INFO:colcon.colcon_cmake.task.cmake.build:Building CMake package in '/home/giang/ros2_myrobot/src/my_bot'
[2.730s] INFO:colcon.colcon_core.shell:Skip shell extension 'powershell' for command environment: Not usable outside of PowerShell
[2.731s] DEBUG:colcon.colcon_core.shell:Skip shell extension 'dsv' for command environment
[2.750s] INFO:colcon.colcon_ros.task.ament_python.build:Building ROS package in '/home/giang/ros2_myrobot/src/twist_stamper' with build type 'ament_python'
[2.751s] Level 1:colcon.colcon_core.shell:create_environment_hook('twist_stamper', 'ament_prefix_path')
[2.753s] INFO:colcon.colcon_core.shell:Creating environment hook '/home/giang/ros2_myrobot/install/twist_stamper/share/twist_stamper/hook/ament_prefix_path.ps1'
[2.759s] INFO:colcon.colcon_core.shell:Creating environment descriptor '/home/giang/ros2_myrobot/install/twist_stamper/share/twist_stamper/hook/ament_prefix_path.dsv'
[2.761s] INFO:colcon.colcon_core.shell:Creating environment hook '/home/giang/ros2_myrobot/install/twist_stamper/share/twist_stamper/hook/ament_prefix_path.sh'
[2.764s] INFO:colcon.colcon_core.shell:Skip shell extension 'powershell' for command environment: Not usable outside of PowerShell
[2.764s] DEBUG:colcon.colcon_core.shell:Skip shell extension 'dsv' for command environment
[2.801s] DEBUG:colcon.colcon_core.event_handler.log_command:Invoking command in '/home/giang/ros2_myrobot/build/stm32_diff_drive_msgs': CMAKE_PREFIX_PATH=${CMAKE_PREFIX_PATH}:/home/giang/ros2_myrobot/install/twist_stamper:/home/giang/ros2_demo/install/autonomous_tb3:/home/giang/ros2_ws/install/my_robot_controller:/opt/ros/humble /usr/bin/cmake --build /home/giang/ros2_myrobot/build/stm32_diff_drive_msgs -- -j6 -l6
[2.829s] DEBUG:colcon.colcon_core.event_handler.log_command:Invoking command in '/home/giang/ros2_myrobot/build/my_bot': CMAKE_PREFIX_PATH=${CMAKE_PREFIX_PATH}:/home/giang/ros2_myrobot/install/twist_stamper:/home/giang/ros2_demo/install/autonomous_tb3:/home/giang/ros2_ws/install/my_robot_controller:/opt/ros/humble /usr/bin/cmake --build /home/giang/ros2_myrobot/build/my_bot -- -j6 -l6
[3.680s] INFO:colcon.colcon_core.task.python.build:Building Python package in '/home/giang/ros2_myrobot/src/twist_stamper'
[3.681s] INFO:colcon.colcon_core.shell:Skip shell extension 'powershell' for command environment: Not usable outside of PowerShell
[3.681s] DEBUG:colcon.colcon_core.shell:Skip shell extension 'dsv' for command environment
[3.700s] DEBUG:colcon.colcon_core.event_handler.log_command:Invoked command in '/home/giang/ros2_myrobot/build/my_bot' returned '0': CMAKE_PREFIX_PATH=${CMAKE_PREFIX_PATH}:/home/giang/ros2_myrobot/install/twist_stamper:/home/giang/ros2_demo/install/autonomous_tb3:/home/giang/ros2_ws/install/my_robot_controller:/opt/ros/humble /usr/bin/cmake --build /home/giang/ros2_myrobot/build/my_bot -- -j6 -l6
[3.785s] DEBUG:colcon.colcon_core.event_handler.log_command:Invoking command in '/home/giang/ros2_myrobot/build/my_bot': CMAKE_PREFIX_PATH=${CMAKE_PREFIX_PATH}:/home/giang/ros2_myrobot/install/twist_stamper:/home/giang/ros2_demo/install/autonomous_tb3:/home/giang/ros2_ws/install/my_robot_controller:/opt/ros/humble /usr/bin/cmake --install /home/giang/ros2_myrobot/build/my_bot
[3.922s] Level 1:colcon.colcon_core.environment:create_environment_scripts_only(my_bot)
[3.924s] DEBUG:colcon.colcon_core.event_handler.log_command:Invoked command in '/home/giang/ros2_myrobot/build/my_bot' returned '0': CMAKE_PREFIX_PATH=${CMAKE_PREFIX_PATH}:/home/giang/ros2_myrobot/install/twist_stamper:/home/giang/ros2_demo/install/autonomous_tb3:/home/giang/ros2_ws/install/my_robot_controller:/opt/ros/humble /usr/bin/cmake --install /home/giang/ros2_myrobot/build/my_bot
[3.956s] Level 1:colcon.colcon_core.environment:checking '/home/giang/ros2_myrobot/install/my_bot' for CMake module files
[3.957s] Level 1:colcon.colcon_core.environment:checking '/home/giang/ros2_myrobot/install/my_bot' for CMake config files
[3.960s] Level 1:colcon.colcon_core.shell:create_environment_hook('my_bot', 'cmake_prefix_path')
[3.961s] INFO:colcon.colcon_core.shell:Creating environment hook '/home/giang/ros2_myrobot/install/my_bot/share/my_bot/hook/cmake_prefix_path.ps1'
[3.965s] INFO:colcon.colcon_core.shell:Creating environment descriptor '/home/giang/ros2_myrobot/install/my_bot/share/my_bot/hook/cmake_prefix_path.dsv'
[3.967s] INFO:colcon.colcon_core.shell:Creating environment hook '/home/giang/ros2_myrobot/install/my_bot/share/my_bot/hook/cmake_prefix_path.sh'
[3.972s] Level 1:colcon.colcon_core.environment:checking '/home/giang/ros2_myrobot/install/my_bot/bin'
[3.972s] Level 1:colcon.colcon_core.environment:checking '/home/giang/ros2_myrobot/install/my_bot/lib/pkgconfig/my_bot.pc'
[3.972s] Level 1:colcon.colcon_core.environment:checking '/home/giang/ros2_myrobot/install/my_bot/lib/python3.10/site-packages'
[3.973s] Level 1:colcon.colcon_core.environment:checking '/home/giang/ros2_myrobot/install/my_bot/bin'
[3.974s] INFO:colcon.colcon_core.shell:Creating package script '/home/giang/ros2_myrobot/install/my_bot/share/my_bot/package.ps1'
[3.980s] INFO:colcon.colcon_core.shell:Creating package descriptor '/home/giang/ros2_myrobot/install/my_bot/share/my_bot/package.dsv'
[3.982s] INFO:colcon.colcon_core.shell:Creating package script '/home/giang/ros2_myrobot/install/my_bot/share/my_bot/package.sh'
[3.989s] INFO:colcon.colcon_core.shell:Creating package script '/home/giang/ros2_myrobot/install/my_bot/share/my_bot/package.bash'
[3.995s] INFO:colcon.colcon_core.shell:Creating package script '/home/giang/ros2_myrobot/install/my_bot/share/my_bot/package.zsh'
[3.999s] Level 1:colcon.colcon_core.environment:create_file_with_runtime_dependencies(/home/giang/ros2_myrobot/install/my_bot/share/colcon-core/packages/my_bot)
[4.003s] Level 1:colcon.colcon_core.environment:create_environment_scripts_only(my_bot)
[4.004s] Level 1:colcon.colcon_core.environment:checking '/home/giang/ros2_myrobot/install/my_bot' for CMake module files
[4.006s] Level 1:colcon.colcon_core.environment:checking '/home/giang/ros2_myrobot/install/my_bot' for CMake config files
[4.008s] Level 1:colcon.colcon_core.shell:create_environment_hook('my_bot', 'cmake_prefix_path')
[4.009s] INFO:colcon.colcon_core.shell:Creating environment hook '/home/giang/ros2_myrobot/install/my_bot/share/my_bot/hook/cmake_prefix_path.ps1'
[4.010s] INFO:colcon.colcon_core.shell:Creating environment descriptor '/home/giang/ros2_myrobot/install/my_bot/share/my_bot/hook/cmake_prefix_path.dsv'
[4.012s] INFO:colcon.colcon_core.shell:Creating environment hook '/home/giang/ros2_myrobot/install/my_bot/share/my_bot/hook/cmake_prefix_path.sh'
[4.015s] Level 1:colcon.colcon_core.environment:checking '/home/giang/ros2_myrobot/install/my_bot/bin'
[4.015s] Level 1:colcon.colcon_core.environment:checking '/home/giang/ros2_myrobot/install/my_bot/lib/pkgconfig/my_bot.pc'
[4.016s] Level 1:colcon.colcon_core.environment:checking '/home/giang/ros2_myrobot/install/my_bot/lib/python3.10/site-packages'
[4.018s] Level 1:colcon.colcon_core.environment:checking '/home/giang/ros2_myrobot/install/my_bot/bin'
[4.021s] INFO:colcon.colcon_core.shell:Creating package script '/home/giang/ros2_myrobot/install/my_bot/share/my_bot/package.ps1'
[4.023s] INFO:colcon.colcon_core.shell:Creating package descriptor '/home/giang/ros2_myrobot/install/my_bot/share/my_bot/package.dsv'
[4.027s] INFO:colcon.colcon_core.shell:Creating package script '/home/giang/ros2_myrobot/install/my_bot/share/my_bot/package.sh'
[4.030s] INFO:colcon.colcon_core.shell:Creating package script '/home/giang/ros2_myrobot/install/my_bot/share/my_bot/package.bash'
[4.033s] INFO:colcon.colcon_core.shell:Creating package script '/home/giang/ros2_myrobot/install/my_bot/share/my_bot/package.zsh'
[4.036s] Level 1:colcon.colcon_core.environment:create_file_with_runtime_dependencies(/home/giang/ros2_myrobot/install/my_bot/share/colcon-core/packages/my_bot)
[5.608s] DEBUG:colcon.colcon_core.event_handler.log_command:Invoked command in '/home/giang/ros2_myrobot/build/stm32_diff_drive_msgs' returned '0': CMAKE_PREFIX_PATH=${CMAKE_PREFIX_PATH}:/home/giang/ros2_myrobot/install/twist_stamper:/home/giang/ros2_demo/install/autonomous_tb3:/home/giang/ros2_ws/install/my_robot_controller:/opt/ros/humble /usr/bin/cmake --build /home/giang/ros2_myrobot/build/stm32_diff_drive_msgs -- -j6 -l6
[5.620s] DEBUG:colcon.colcon_core.event_handler.log_command:Invoking command in '/home/giang/ros2_myrobot/build/stm32_diff_drive_msgs': CMAKE_PREFIX_PATH=${CMAKE_PREFIX_PATH}:/home/giang/ros2_myrobot/install/twist_stamper:/home/giang/ros2_demo/install/autonomous_tb3:/home/giang/ros2_ws/install/my_robot_controller:/opt/ros/humble /usr/bin/cmake --install /home/giang/ros2_myrobot/build/stm32_diff_drive_msgs
[5.723s] DEBUG:colcon.colcon_core.event_handler.log_command:Invoking command in '/home/giang/ros2_myrobot/build/twist_stamper': PYTHONPATH=/home/giang/ros2_myrobot/build/twist_stamper/prefix_override:/usr/lib/python3/dist-packages/colcon_core/task/python/colcon_distutils_commands:/home/giang/ros2_myrobot/install/twist_stamper/lib/python3.10/site-packages:${PYTHONPATH} /usr/bin/python3 -W ignore:setup.py install is deprecated -W ignore:easy_install command is deprecated setup.py develop --editable --build-directory /home/giang/ros2_myrobot/build/twist_stamper/build --no-deps symlink_data
[6.032s] Level 1:colcon.colcon_core.environment:create_environment_scripts_only(stm32_diff_drive_msgs)
[6.032s] Level 1:colcon.colcon_core.environment:checking '/home/giang/ros2_myrobot/install/stm32_diff_drive_msgs' for CMake module files
[6.034s] Level 1:colcon.colcon_core.environment:checking '/home/giang/ros2_myrobot/install/stm32_diff_drive_msgs' for CMake config files
[6.038s] DEBUG:colcon.colcon_core.event_handler.log_command:Invoked command in '/home/giang/ros2_myrobot/build/stm32_diff_drive_msgs' returned '0': CMAKE_PREFIX_PATH=${CMAKE_PREFIX_PATH}:/home/giang/ros2_myrobot/install/twist_stamper:/home/giang/ros2_demo/install/autonomous_tb3:/home/giang/ros2_ws/install/my_robot_controller:/opt/ros/humble /usr/bin/cmake --install /home/giang/ros2_myrobot/build/stm32_diff_drive_msgs
[6.039s] Level 1:colcon.colcon_core.shell:create_environment_hook('stm32_diff_drive_msgs', 'cmake_prefix_path')
[6.040s] INFO:colcon.colcon_core.shell:Creating environment hook '/home/giang/ros2_myrobot/install/stm32_diff_drive_msgs/share/stm32_diff_drive_msgs/hook/cmake_prefix_path.ps1'
[6.044s] INFO:colcon.colcon_core.shell:Creating environment descriptor '/home/giang/ros2_myrobot/install/stm32_diff_drive_msgs/share/stm32_diff_drive_msgs/hook/cmake_prefix_path.dsv'
[6.049s] INFO:colcon.colcon_core.shell:Creating environment hook '/home/giang/ros2_myrobot/install/stm32_diff_drive_msgs/share/stm32_diff_drive_msgs/hook/cmake_prefix_path.sh'
[6.051s] Level 1:colcon.colcon_core.environment:checking '/home/giang/ros2_myrobot/install/stm32_diff_drive_msgs/lib'
[6.054s] Level 1:colcon.colcon_core.shell:create_environment_hook('stm32_diff_drive_msgs', 'ld_library_path_lib')
[6.057s] INFO:colcon.colcon_core.shell:Creating environment hook '/home/giang/ros2_myrobot/install/stm32_diff_drive_msgs/share/stm32_diff_drive_msgs/hook/ld_library_path_lib.ps1'
[6.059s] INFO:colcon.colcon_core.shell:Creating environment descriptor '/home/giang/ros2_myrobot/install/stm32_diff_drive_msgs/share/stm32_diff_drive_msgs/hook/ld_library_path_lib.dsv'
[6.060s] INFO:colcon.colcon_core.shell:Creating environment hook '/home/giang/ros2_myrobot/install/stm32_diff_drive_msgs/share/stm32_diff_drive_msgs/hook/ld_library_path_lib.sh'
[6.062s] Level 1:colcon.colcon_core.environment:checking '/home/giang/ros2_myrobot/install/stm32_diff_drive_msgs/bin'
[6.062s] Level 1:colcon.colcon_core.environment:checking '/home/giang/ros2_myrobot/install/stm32_diff_drive_msgs/lib/pkgconfig/stm32_diff_drive_msgs.pc'
[6.063s] Level 1:colcon.colcon_core.environment:checking '/home/giang/ros2_myrobot/install/stm32_diff_drive_msgs/lib/python3.10/site-packages'
[6.064s] Level 1:colcon.colcon_core.environment:checking '/home/giang/ros2_myrobot/install/stm32_diff_drive_msgs/bin'
[6.065s] INFO:colcon.colcon_core.shell:Creating package script '/home/giang/ros2_myrobot/install/stm32_diff_drive_msgs/share/stm32_diff_drive_msgs/package.ps1'
[6.067s] INFO:colcon.colcon_core.shell:Creating package descriptor '/home/giang/ros2_myrobot/install/stm32_diff_drive_msgs/share/stm32_diff_drive_msgs/package.dsv'
[6.069s] INFO:colcon.colcon_core.shell:Creating package script '/home/giang/ros2_myrobot/install/stm32_diff_drive_msgs/share/stm32_diff_drive_msgs/package.sh'
[6.072s] INFO:colcon.colcon_core.shell:Creating package script '/home/giang/ros2_myrobot/install/stm32_diff_drive_msgs/share/stm32_diff_drive_msgs/package.bash'
[6.074s] INFO:colcon.colcon_core.shell:Creating package script '/home/giang/ros2_myrobot/install/stm32_diff_drive_msgs/share/stm32_diff_drive_msgs/package.zsh'
[6.077s] Level 1:colcon.colcon_core.environment:create_file_with_runtime_dependencies(/home/giang/ros2_myrobot/install/stm32_diff_drive_msgs/share/colcon-core/packages/stm32_diff_drive_msgs)
[6.087s] Level 1:colcon.colcon_core.environment:create_environment_scripts_only(stm32_diff_drive_msgs)
[6.088s] Level 1:colcon.colcon_core.environment:checking '/home/giang/ros2_myrobot/install/stm32_diff_drive_msgs' for CMake module files
[6.090s] Level 1:colcon.colcon_core.environment:checking '/home/giang/ros2_myrobot/install/stm32_diff_drive_msgs' for CMake config files
[6.092s] Level 1:colcon.colcon_core.shell:create_environment_hook('stm32_diff_drive_msgs', 'cmake_prefix_path')
[6.093s] INFO:colcon.colcon_core.shell:Creating environment hook '/home/giang/ros2_myrobot/install/stm32_diff_drive_msgs/share/stm32_diff_drive_msgs/hook/cmake_prefix_path.ps1'
[6.095s] INFO:colcon.colcon_core.shell:Creating environment descriptor '/home/giang/ros2_myrobot/install/stm32_diff_drive_msgs/share/stm32_diff_drive_msgs/hook/cmake_prefix_path.dsv'
[6.097s] INFO:colcon.colcon_core.shell:Creating environment hook '/home/giang/ros2_myrobot/install/stm32_diff_drive_msgs/share/stm32_diff_drive_msgs/hook/cmake_prefix_path.sh'
[6.101s] Level 1:colcon.colcon_core.environment:checking '/home/giang/ros2_myrobot/install/stm32_diff_drive_msgs/lib'
[6.102s] Level 1:colcon.colcon_core.shell:create_environment_hook('stm32_diff_drive_msgs', 'ld_library_path_lib')
[6.103s] INFO:colcon.colcon_core.shell:Creating environment hook '/home/giang/ros2_myrobot/install/stm32_diff_drive_msgs/share/stm32_diff_drive_msgs/hook/ld_library_path_lib.ps1'
[6.105s] INFO:colcon.colcon_core.shell:Creating environment descriptor '/home/giang/ros2_myrobot/install/stm32_diff_drive_msgs/share/stm32_diff_drive_msgs/hook/ld_library_path_lib.dsv'
[6.107s] INFO:colcon.colcon_core.shell:Creating environment hook '/home/giang/ros2_myrobot/install/stm32_diff_drive_msgs/share/stm32_diff_drive_msgs/hook/ld_library_path_lib.sh'
[6.109s] Level 1:colcon.colcon_core.environment:checking '/home/giang/ros2_myrobot/install/stm32_diff_drive_msgs/bin'
[6.110s] Level 1:colcon.colcon_core.environment:checking '/home/giang/ros2_myrobot/install/stm32_diff_drive_msgs/lib/pkgconfig/stm32_diff_drive_msgs.pc'
[6.111s] Level 1:colcon.colcon_core.environment:checking '/home/giang/ros2_myrobot/install/stm32_diff_drive_msgs/lib/python3.10/site-packages'
[6.112s] Level 1:colcon.colcon_core.environment:checking '/home/giang/ros2_myrobot/install/stm32_diff_drive_msgs/bin'
[6.113s] INFO:colcon.colcon_core.shell:Creating package script '/home/giang/ros2_myrobot/install/stm32_diff_drive_msgs/share/stm32_diff_drive_msgs/package.ps1'
[6.117s] INFO:colcon.colcon_core.shell:Creating package descriptor '/home/giang/ros2_myrobot/install/stm32_diff_drive_msgs/share/stm32_diff_drive_msgs/package.dsv'
[6.119s] INFO:colcon.colcon_core.shell:Creating package script '/home/giang/ros2_myrobot/install/stm32_diff_drive_msgs/share/stm32_diff_drive_msgs/package.sh'
[6.121s] INFO:colcon.colcon_core.shell:Creating package script '/home/giang/ros2_myrobot/install/stm32_diff_drive_msgs/share/stm32_diff_drive_msgs/package.bash'
[6.124s] INFO:colcon.colcon_core.shell:Creating package script '/home/giang/ros2_myrobot/install/stm32_diff_drive_msgs/share/stm32_diff_drive_msgs/package.zsh'
[6.126s] Level 1:colcon.colcon_core.environment:create_file_with_runtime_dependencies(/home/giang/ros2_myrobot/install/stm32_diff_drive_msgs/share/colcon-core/packages/stm32_diff_drive_msgs)
[6.131s] INFO:colcon.colcon_ros.task.ament_cmake.build:Building ROS package in '/home/giang/ros2_myrobot/src/stm32_diff_drive_hardware' with build type 'ament_cmake'
[6.132s] INFO:colcon.colcon_cmake.task.cmake.build:Building CMake package in '/home/giang/ros2_myrobot/src/stm32_diff_drive_hardware'
[6.133s] INFO:colcon.colcon_core.shell:Skip shell extension 'powershell' for command environment: Not usable outside of PowerShell
[6.135s] DEBUG:colcon.colcon_core.shell:Skip shell extension 'dsv' for command environment
[6.259s] DEBUG:colcon.colcon_core.event_handler.log_command:Invoking command in '/home/giang/ros2_myrobot/build/stm32_diff_drive_hardware': CMAKE_PREFIX_PATH=/home/giang/ros2_myrobot/install/stm32_diff_drive_msgs:/home/giang/ros2_myrobot/install/stm32_diff_drive_hardware:/home/giang/ros2_myrobot/install/my_bot:/home/giang/ros2_ws/install/articubot_one:/home/giang/Workspaces/ros2_cpp_ws/install/udemy_ros2_pkg:/home/giang/ros2_myrobot/install/twist_stamper:/home/giang/ros2_demo/install/autonomous_tb3:/home/giang/ros2_ws/install/my_robot_controller:/opt/ros/humble LD_LIBRARY_PATH=/home/giang/ros2_myrobot/install/stm32_diff_drive_msgs/lib:/home/giang/ros2_myrobot/install/stm32_diff_drive_hardware/lib:/usr/lib/x86_64-linux-gnu/gazebo-11/plugins:/opt/ros/humble/opt/rviz_ogre_vendor/lib:/opt/ros/humble/lib/x86_64-linux-gnu:/opt/ros/humble/lib /usr/bin/cmake --build /home/giang/ros2_myrobot/build/stm32_diff_drive_hardware -- -j6 -l6
[7.323s] Level 1:colcon.colcon_core.shell:create_environment_hook('twist_stamper', 'pythonpath_develop')
[7.324s] INFO:colcon.colcon_core.shell:Creating environment hook '/home/giang/ros2_myrobot/build/twist_stamper/share/twist_stamper/hook/pythonpath_develop.ps1'
[7.326s] INFO:colcon.colcon_core.shell:Creating environment descriptor '/home/giang/ros2_myrobot/build/twist_stamper/share/twist_stamper/hook/pythonpath_develop.dsv'
[7.327s] DEBUG:colcon.colcon_core.event_handler.log_command:Invoked command in '/home/giang/ros2_myrobot/build/twist_stamper' returned '0': PYTHONPATH=/home/giang/ros2_myrobot/build/twist_stamper/prefix_override:/usr/lib/python3/dist-packages/colcon_core/task/python/colcon_distutils_commands:/home/giang/ros2_myrobot/install/twist_stamper/lib/python3.10/site-packages:${PYTHONPATH} /usr/bin/python3 -W ignore:setup.py install is deprecated -W ignore:easy_install command is deprecated setup.py develop --editable --build-directory /home/giang/ros2_myrobot/build/twist_stamper/build --no-deps symlink_data
[7.329s] INFO:colcon.colcon_core.shell:Creating environment hook '/home/giang/ros2_myrobot/build/twist_stamper/share/twist_stamper/hook/pythonpath_develop.sh'
[7.330s] Level 1:colcon.colcon_core.environment:checking '/home/giang/ros2_myrobot/install/twist_stamper' for CMake module files
[7.332s] Level 1:colcon.colcon_core.environment:checking '/home/giang/ros2_myrobot/install/twist_stamper' for CMake config files
[7.334s] Level 1:colcon.colcon_core.environment:checking '/home/giang/ros2_myrobot/install/twist_stamper/lib'
[7.334s] Level 1:colcon.colcon_core.environment:checking '/home/giang/ros2_myrobot/install/twist_stamper/bin'
[7.335s] Level 1:colcon.colcon_core.environment:checking '/home/giang/ros2_myrobot/install/twist_stamper/lib/pkgconfig/twist_stamper.pc'
[7.335s] Level 1:colcon.colcon_core.environment:checking '/home/giang/ros2_myrobot/install/twist_stamper/lib/python3.10/site-packages'
[7.336s] Level 1:colcon.colcon_core.shell:create_environment_hook('twist_stamper', 'pythonpath')
[7.337s] INFO:colcon.colcon_core.shell:Creating environment hook '/home/giang/ros2_myrobot/install/twist_stamper/share/twist_stamper/hook/pythonpath.ps1'
[7.338s] INFO:colcon.colcon_core.shell:Creating environment descriptor '/home/giang/ros2_myrobot/install/twist_stamper/share/twist_stamper/hook/pythonpath.dsv'
[7.340s] INFO:colcon.colcon_core.shell:Creating environment hook '/home/giang/ros2_myrobot/install/twist_stamper/share/twist_stamper/hook/pythonpath.sh'
[7.342s] Level 1:colcon.colcon_core.environment:checking '/home/giang/ros2_myrobot/install/twist_stamper/bin'
[7.343s] Level 1:colcon.colcon_core.environment:create_environment_scripts_only(twist_stamper)
[7.344s] INFO:colcon.colcon_core.shell:Creating package script '/home/giang/ros2_myrobot/install/twist_stamper/share/twist_stamper/package.ps1'
[7.347s] INFO:colcon.colcon_core.shell:Creating package descriptor '/home/giang/ros2_myrobot/install/twist_stamper/share/twist_stamper/package.dsv'
[7.348s] INFO:colcon.colcon_core.shell:Creating package script '/home/giang/ros2_myrobot/install/twist_stamper/share/twist_stamper/package.sh'
[7.350s] INFO:colcon.colcon_core.shell:Creating package script '/home/giang/ros2_myrobot/install/twist_stamper/share/twist_stamper/package.bash'
[7.353s] INFO:colcon.colcon_core.shell:Creating package script '/home/giang/ros2_myrobot/install/twist_stamper/share/twist_stamper/package.zsh'
[7.355s] Level 1:colcon.colcon_core.environment:create_file_with_runtime_dependencies(/home/giang/ros2_myrobot/install/twist_stamper/share/colcon-core/packages/twist_stamper)
[50.424s] DEBUG:colcon.colcon_core.event_handler.log_command:Invoked command in '/home/giang/ros2_myrobot/build/stm32_diff_drive_hardware' returned '0': CMAKE_PREFIX_PATH=/home/giang/ros2_myrobot/install/stm32_diff_drive_msgs:/home/giang/ros2_myrobot/install/stm32_diff_drive_hardware:/home/giang/ros2_myrobot/install/my_bot:/home/giang/ros2_ws/install/articubot_one:/home/giang/Workspaces/ros2_cpp_ws/install/udemy_ros2_pkg:/home/giang/ros2_myrobot/install/twist_stamper:/home/giang/ros2_demo/install/autonomous_tb3:/home/giang/ros2_ws/install/my_robot_controller:/opt/ros/humble LD_LIBRARY_PATH=/home/giang/ros2_myrobot/install/stm32_diff_drive_msgs/lib:/home/giang/ros2_myrobot/install/stm32_diff_drive_hardware/lib:/usr/lib/x86_64-linux-gnu/gazebo-11/plugins:/opt/ros/humble/opt/rviz_ogre_vendor/lib:/opt/ros/humble/lib/x86_64-linux-gnu:/opt/ros/humble/lib /usr/bin/cmake --build /home/giang/ros2_myrobot/build/stm32_diff_drive_hardware -- -j6 -l6
[50.443s] DEBUG:colcon.colcon_core.event_handler.log_command:Invoking command in '/home/giang/ros2_myrobot/build/stm32_diff_drive_hardware': CMAKE_PREFIX_PATH=/home/giang/ros2_myrobot/install/stm32_diff_drive_msgs:/home/giang/ros2_myrobot/install/stm32_diff_drive_hardware:/home/giang/ros2_myrobot/install/my_bot:/home/giang/ros2_ws/install/articubot_one:/home/giang/Workspaces/ros2_cpp_ws/install/udemy_ros2_pkg:/home/giang/ros2_myrobot/install/twist_stamper:/home/giang/ros2_demo/install/autonomous_tb3:/home/giang/ros2_ws/install/my_robot_controller:/opt/ros/humble LD_LIBRARY_PATH=/home/giang/ros2_myrobot/install/stm32_diff_drive_msgs/lib:/home/giang/ros2_myrobot/install/stm32_diff_drive_hardware/lib:/usr/lib/x86_64-linux-gnu/gazebo-11/plugins:/opt/ros/humble/opt/rviz_ogre_vendor/lib:/opt/ros/humble/lib/x86_64-linux-gnu:/opt/ros/humble/lib /usr/bin/cmake --install /home/giang/ros2_myrobot/build/stm32_diff_drive_hardware
[50.560s] Level 1:colcon.colcon_core.environment:create_environment_scripts_only(stm32_diff_drive_hardware)
[50.562s] DEBUG:colcon.colcon_core.event_handler.log_command:Invoked command in '/home/giang/ros2_myrobot/build/stm32_diff_drive_hardware' returned '0': CMAKE_PREFIX_PATH=/home/giang/ros2_myrobot/install/stm32_diff_drive_msgs:/home/giang/ros2_myrobot/install/stm32_diff_drive_hardware:/home/giang/ros2_myrobot/install/my_bot:/home/giang/ros2_ws/install/articubot_one:/home/giang/Workspaces/ros2_cpp_ws/install/udemy_ros2_pkg:/home/giang/ros2_myrobot/install/twist_stamper:/home/giang/ros2_demo/install/autonomous_tb3:/home/giang/ros2_ws/install/my_robot_controller:/opt/ros/humble LD_LIBRARY_PATH=/home/giang/ros2_myrobot/install/stm32_diff_drive_msgs/lib:/home/giang/ros2_myrobot/install/stm32_diff_drive_hardware/lib:/usr/lib/x86_64-linux-gnu/gazebo-11/plugins:/opt/ros/humble/opt/rviz_ogre_vendor/lib:/opt/ros/humble/lib/x86_64-linux-gnu:/opt/ros/humble/lib /usr/bin/cmake --install /home/giang/ros2_myrobot/build/stm32_diff_drive_hardware
[50.563s] Level 1:colcon.colcon_core.environment:checking '/home/giang/ros2_myrobot/install/stm32_diff_drive_hardware' for CMake module files
[50.567s] Level 1:colcon.colcon_core.environment:checking '/home/giang/ros2_myrobot/install/stm32_diff_drive_hardware' for CMake config files
[50.568s] Level 1:colcon.colcon_core.shell:create_environment_hook('stm32_diff_drive_hardware', 'cmake_prefix_path')
[50.569s] INFO:colcon.colcon_core.shell:Creating environment hook '/home/giang/ros2_myrobot/install/stm32_diff_drive_hardware/share/stm32_diff_drive_hardware/hook/cmake_prefix_path.ps1'
[50.573s] INFO:colcon.colcon_core.shell:Creating environment descriptor '/home/giang/ros2_myrobot/install/stm32_diff_drive_hardware/share/stm32_diff_drive_hardware/hook/cmake_prefix_path.dsv'
[50.579s] INFO:colcon.colcon_core.shell:Creating environment hook '/home/giang/ros2_myrobot/install/stm32_diff_drive_hardware/share/stm32_diff_drive_hardware/hook/cmake_prefix_path.sh'
[50.585s] Level 1:colcon.colcon_core.environment:checking '/home/giang/ros2_myrobot/install/stm32_diff_drive_hardware/lib'
[50.585s] Level 1:colcon.colcon_core.shell:create_environment_hook('stm32_diff_drive_hardware', 'ld_library_path_lib')
[50.586s] INFO:colcon.colcon_core.shell:Creating environment hook '/home/giang/ros2_myrobot/install/stm32_diff_drive_hardware/share/stm32_diff_drive_hardware/hook/ld_library_path_lib.ps1'
[50.590s] INFO:colcon.colcon_core.shell:Creating environment descriptor '/home/giang/ros2_myrobot/install/stm32_diff_drive_hardware/share/stm32_diff_drive_hardware/hook/ld_library_path_lib.dsv'
[50.592s] INFO:colcon.colcon_core.shell:Creating environment hook '/home/giang/ros2_myrobot/install/stm32_diff_drive_hardware/share/stm32_diff_drive_hardware/hook/ld_library_path_lib.sh'
[50.593s] Level 1:colcon.colcon_core.environment:checking '/home/giang/ros2_myrobot/install/stm32_diff_drive_hardware/bin'
[50.594s] Level 1:colcon.colcon_core.environment:checking '/home/giang/ros2_myrobot/install/stm32_diff_drive_hardware/lib/pkgconfig/stm32_diff_drive_hardware.pc'
[50.596s] Level 1:colcon.colcon_core.environment:checking '/home/giang/ros2_myrobot/install/stm32_diff_drive_hardware/lib/python3.10/site-packages'
[50.598s] Level 1:colcon.colcon_core.environment:checking '/home/giang/ros2_myrobot/install/stm32_diff_drive_hardware/bin'
[50.599s] INFO:colcon.colcon_core.shell:Creating package script '/home/giang/ros2_myrobot/install/stm32_diff_drive_hardware/share/stm32_diff_drive_hardware/package.ps1'
[50.601s] INFO:colcon.colcon_core.shell:Creating package descriptor '/home/giang/ros2_myrobot/install/stm32_diff_drive_hardware/share/stm32_diff_drive_hardware/package.dsv'
[50.604s] INFO:colcon.colcon_core.shell:Creating package script '/home/giang/ros2_myrobot/install/stm32_diff_drive_hardware/share/stm32_diff_drive_hardware/package.sh'
[50.607s] INFO:colcon.colcon_core.shell:Creating package script '/home/giang/ros2_myrobot/install/stm32_diff_drive_hardware/share/stm32_diff_drive_hardware/package.bash'
[50.612s] INFO:colcon.colcon_core.shell:Creating package script '/home/giang/ros2_myrobot/install/stm32_diff_drive_hardware/share/stm32_diff_drive_hardware/package.zsh'
[50.616s] Level 1:colcon.colcon_core.environment:create_file_with_runtime_dependencies(/home/giang/ros2_myrobot/install/stm32_diff_drive_hardware/share/colcon-core/packages/stm32_diff_drive_hardware)
[50.619s] Level 1:colcon.colcon_core.environment:create_environment_scripts_only(stm32_diff_drive_hardware)
[50.620s] Level 1:colcon.colcon_core.environment:checking '/home/giang/ros2_myrobot/install/stm32_diff_drive_hardware' for CMake module files
[50.621s] Level 1:colcon.colcon_core.environment:checking '/home/giang/ros2_myrobot/install/stm32_diff_drive_hardware' for CMake config files
[50.622s] Level 1:colcon.colcon_core.shell:create_environment_hook('stm32_diff_drive_hardware', 'cmake_prefix_path')
[50.622s] INFO:colcon.colcon_core.shell:Creating environment hook '/home/giang/ros2_myrobot/install/stm32_diff_drive_hardware/share/stm32_diff_drive_hardware/hook/cmake_prefix_path.ps1'
[50.624s] INFO:colcon.colcon_core.shell:Creating environment descriptor '/home/giang/ros2_myrobot/install/stm32_diff_drive_hardware/share/stm32_diff_drive_hardware/hook/cmake_prefix_path.dsv'
[50.625s] INFO:colcon.colcon_core.shell:Creating environment hook '/home/giang/ros2_myrobot/install/stm32_diff_drive_hardware/share/stm32_diff_drive_hardware/hook/cmake_prefix_path.sh'
[50.628s] Level 1:colcon.colcon_core.environment:checking '/home/giang/ros2_myrobot/install/stm32_diff_drive_hardware/lib'
[50.628s] Level 1:colcon.colcon_core.shell:create_environment_hook('stm32_diff_drive_hardware', 'ld_library_path_lib')
[50.629s] INFO:colcon.colcon_core.shell:Creating environment hook '/home/giang/ros2_myrobot/install/stm32_diff_drive_hardware/share/stm32_diff_drive_hardware/hook/ld_library_path_lib.ps1'
[50.630s] INFO:colcon.colcon_core.shell:Creating environment descriptor '/home/giang/ros2_myrobot/install/stm32_diff_drive_hardware/share/stm32_diff_drive_hardware/hook/ld_library_path_lib.dsv'
[50.632s] INFO:colcon.colcon_core.shell:Creating environment hook '/home/giang/ros2_myrobot/install/stm32_diff_drive_hardware/share/stm32_diff_drive_hardware/hook/ld_library_path_lib.sh'
[50.634s] Level 1:colcon.colcon_core.environment:checking '/home/giang/ros2_myrobot/install/stm32_diff_drive_hardware/bin'
[50.634s] Level 1:colcon.colcon_core.environment:checking '/home/giang/ros2_myrobot/install/stm32_diff_drive_hardware/lib/pkgconfig/stm32_diff_drive_hardware.pc'
[50.635s] Level 1:colcon.colcon_core.environment:checking '/home/giang/ros2_myrobot/install/stm32_diff_drive_hardware/lib/python3.10/site-packages'
[50.636s] Level 1:colcon.colcon_core.environment:checking '/home/giang/ros2_myrobot/install/stm32_diff_drive_hardware/bin'
[50.637s] INFO:colcon.colcon_core.shell:Creating package script '/home/giang/ros2_myrobot/install/stm32_diff_drive_hardware/share/stm32_diff_drive_hardware/package.ps1'
[50.639s] INFO:colcon.colcon_core.shell:Creating package descriptor '/home/giang/ros2_myrobot/install/stm32_diff_drive_hardware/share/stm32_diff_drive_hardware/package.dsv'
[50.641s] INFO:colcon.colcon_core.shell:Creating package script '/home/giang/ros2_myrobot/install/stm32_diff_drive_hardware/share/stm32_diff_drive_hardware/package.sh'
[50.643s] INFO:colcon.colcon_core.shell:Creating package script '/home/giang/ros2_myrobot/install/stm32_diff_drive_hardware/share/stm32_diff_drive_hardware/package.bash'
[50.645s] INFO:colcon.colcon_core.shell:Creating package script '/home/giang/ros2_myrobot/install/stm32_diff_drive_hardware/share/stm32_diff_drive_hardware/package.zsh'
[50.647s] Level 1:colcon.colcon_core.environment:create_file_with_runtime_dependencies(/home/giang/ros2_myrobot/install/stm32_diff_drive_hardware/share/colcon-core/packages/stm32_diff_drive_hardware)
[50.648s] DEBUG:colcon.colcon_parallel_executor.executor.parallel:closing loop
[50.649s] DEBUG:colcon.colcon_parallel_executor.executor.parallel:loop closed
[50.649s] DEBUG:colcon.colcon_parallel_executor.executor.parallel:run_until_complete finished with '0'
[50.652s] DEBUG:colcon.colcon_core.event_reactor:joining thread
[50.696s] INFO:colcon.colcon_core.plugin_system:Skipping extension 'colcon_notification.desktop_notification.terminal_notifier': Not used on non-Darwin systems
[50.697s] INFO:colcon.colcon_core.plugin_system:Skipping extension 'colcon_notification.desktop_notification.win32': Not used on non-Windows systems
[50.698s] INFO:colcon.colcon_notification.desktop_notification:Sending desktop notification using 'notify2'
[50.961s] DEBUG:colcon.colcon_core.event_reactor:joined thread
[50.962s] INFO:colcon.colcon_core.shell:Creating prefix script '/home/giang/ros2_myrobot/install/local_setup.ps1'
[50.966s] INFO:colcon.colcon_core.shell:Creating prefix util module '/home/giang/ros2_myrobot/install/_local_setup_util_ps1.py'
[50.972s] INFO:colcon.colcon_core.shell:Creating prefix chain script '/home/giang/ros2_myrobot/install/setup.ps1'
[50.978s] INFO:colcon.colcon_core.shell:Creating prefix script '/home/giang/ros2_myrobot/install/local_setup.sh'
[50.982s] INFO:colcon.colcon_core.shell:Creating prefix util module '/home/giang/ros2_myrobot/install/_local_setup_util_sh.py'
[50.985s] INFO:colcon.colcon_core.shell:Creating prefix chain script '/home/giang/ros2_myrobot/install/setup.sh'
[50.992s] INFO:colcon.colcon_core.shell:Creating prefix script '/home/giang/ros2_myrobot/install/local_setup.bash'
[50.996s] INFO:colcon.colcon_core.shell:Creating prefix chain script '/home/giang/ros2_myrobot/install/setup.bash'
[51.002s] INFO:colcon.colcon_core.shell:Creating prefix script '/home/giang/ros2_myrobot/install/local_setup.zsh'
[51.006s] INFO:colcon.colcon_core.shell:Creating prefix chain script '/home/giang/ros2_myrobot/install/setup.zsh'
