-- Found ament_cmake: 1.3.13 (/opt/ros/humble/share/ament_cmake/cmake)
-- Override CMake install command with custom implementation using symlinks instead of copying resources
-- Found rclcpp: 16.0.18 (/opt/ros/humble/share/rclcpp/cmake)
-- Found rosidl_generator_c: 3.1.8 (/opt/ros/humble/share/rosidl_generator_c/cmake)
-- Found rosidl_adapter: 3.1.8 (/opt/ros/humble/share/rosidl_adapter/cmake)
-- Found rosidl_generator_cpp: 3.1.8 (/opt/ros/humble/share/rosidl_generator_cpp/cmake)
-- Using all available rosidl_typesupport_c: rosidl_typesupport_fastrtps_c;rosidl_typesupport_introspection_c
-- Using all available rosidl_typesupport_cpp: rosidl_typesupport_fastrtps_cpp;rosidl_typesupport_introspection_cpp
-- Found rmw_implementation_cmake: 6.1.2 (/opt/ros/humble/share/rmw_implementation_cmake/cmake)
-- Found rmw_fastrtps_cpp: 6.2.10 (/opt/ros/humble/share/rmw_fastrtps_cpp/cmake)
-- Using RMW implementation 'rmw_fastrtps_cpp' as default
-- Found hardware_interface: 2.53.1 (/opt/ros/humble/share/hardware_interface/cmake)
-- Found stm32_diff_drive_msgs: 0.0.0 (/home/giang/ros2_myrobot/install/stm32_diff_drive_msgs/share/stm32_diff_drive_msgs/cmake)
-- Found ament_lint_auto: 0.12.15 (/opt/ros/humble/share/ament_lint_auto/cmake)
-- Added test 'cppcheck' to perform static code analysis on C / C++ code
-- Configured cppcheck include dirs: $<BUILD_INTERFACE:/home/giang/ros2_myrobot/src/stm32_diff_drive_hardware/include>
-- Configured cppcheck exclude dirs and/or files: 
-- Added test 'lint_cmake' to check CMake code style
-- Added test 'uncrustify' to check C / C++ code style
-- Configured uncrustify additional arguments: 
-- Added test 'xmllint' to check XML markup files
-- Configuring done
-- Generating done
-- Build files have been written to: /home/giang/ros2_myrobot/build/stm32_diff_drive_hardware
[35m[1mConsolidate compiler generated dependencies of target stm32_diff_drive_hardware[0m
[ 50%] [32m[1mLinking CXX shared library libstm32_diff_drive_hardware.so[0m
[100%] Built target stm32_diff_drive_hardware
-- Install configuration: ""
-- Execute custom install script
-- Symlinking: /home/giang/ros2_myrobot/install/stm32_diff_drive_hardware/share/stm32_diff_drive_hardware//stm32_diff_drive_hardware_plugin.xml
-- Symlinking: /home/giang/ros2_myrobot/install/stm32_diff_drive_hardware/lib/libstm32_diff_drive_hardware.so
-- Symlinking: /home/giang/ros2_myrobot/install/stm32_diff_drive_hardware/include/stm32_diff_drive_hardware/diff_drive_hardware.hpp
-- Up-to-date symlink: /home/giang/ros2_myrobot/install/stm32_diff_drive_hardware/share/stm32_diff_drive_hardware/stm32_diff_drive_hardware_plugin.xml
-- Symlinking: /home/giang/ros2_myrobot/install/stm32_diff_drive_hardware/share/stm32_diff_drive_hardware/environment/library_path.sh
-- Symlinking: /home/giang/ros2_myrobot/install/stm32_diff_drive_hardware/share/stm32_diff_drive_hardware/environment/library_path.dsv
-- Symlinking: /home/giang/ros2_myrobot/install/stm32_diff_drive_hardware/share/ament_index/resource_index/package_run_dependencies/stm32_diff_drive_hardware
-- Symlinking: /home/giang/ros2_myrobot/install/stm32_diff_drive_hardware/share/ament_index/resource_index/parent_prefix_path/stm32_diff_drive_hardware
-- Symlinking: /home/giang/ros2_myrobot/install/stm32_diff_drive_hardware/share/stm32_diff_drive_hardware/environment/ament_prefix_path.sh
-- Symlinking: /home/giang/ros2_myrobot/install/stm32_diff_drive_hardware/share/stm32_diff_drive_hardware/environment/ament_prefix_path.dsv
-- Symlinking: /home/giang/ros2_myrobot/install/stm32_diff_drive_hardware/share/stm32_diff_drive_hardware/environment/path.sh
-- Symlinking: /home/giang/ros2_myrobot/install/stm32_diff_drive_hardware/share/stm32_diff_drive_hardware/environment/path.dsv
-- Symlinking: /home/giang/ros2_myrobot/install/stm32_diff_drive_hardware/share/stm32_diff_drive_hardware/local_setup.bash
-- Symlinking: /home/giang/ros2_myrobot/install/stm32_diff_drive_hardware/share/stm32_diff_drive_hardware/local_setup.sh
-- Symlinking: /home/giang/ros2_myrobot/install/stm32_diff_drive_hardware/share/stm32_diff_drive_hardware/local_setup.zsh
-- Symlinking: /home/giang/ros2_myrobot/install/stm32_diff_drive_hardware/share/stm32_diff_drive_hardware/local_setup.dsv
-- Symlinking: /home/giang/ros2_myrobot/install/stm32_diff_drive_hardware/share/stm32_diff_drive_hardware/package.dsv
-- Symlinking: /home/giang/ros2_myrobot/install/stm32_diff_drive_hardware/share/ament_index/resource_index/packages/stm32_diff_drive_hardware
-- Symlinking: /home/giang/ros2_myrobot/install/stm32_diff_drive_hardware/share/ament_index/resource_index/hardware_interface__pluginlib__plugin/stm32_diff_drive_hardware
-- Symlinking: /home/giang/ros2_myrobot/install/stm32_diff_drive_hardware/share/stm32_diff_drive_hardware/cmake/ament_cmake_export_libraries-extras.cmake
-- Symlinking: /home/giang/ros2_myrobot/install/stm32_diff_drive_hardware/share/stm32_diff_drive_hardware/cmake/stm32_diff_drive_hardwareConfig.cmake
-- Symlinking: /home/giang/ros2_myrobot/install/stm32_diff_drive_hardware/share/stm32_diff_drive_hardware/cmake/stm32_diff_drive_hardwareConfig-version.cmake
-- Symlinking: /home/giang/ros2_myrobot/install/stm32_diff_drive_hardware/share/stm32_diff_drive_hardware/package.xml
