[0.018s] Invoking command in '/home/giang/ros2_myrobot/build/stm32_diff_drive_hardware': CMAKE_PREFIX_PATH=/home/giang/ros2_myrobot/install/stm32_diff_drive_msgs:/home/giang/ros2_myrobot/install/stm32_diff_drive_hardware:/home/giang/ros2_myrobot/install/my_bot:/home/giang/ros2_ws/install/articubot_one:/home/giang/Workspaces/ros2_cpp_ws/install/udemy_ros2_pkg:/home/giang/ros2_myrobot/install/twist_stamper:/home/giang/ros2_demo/install/autonomous_tb3:/home/giang/ros2_ws/install/my_robot_controller:/opt/ros/humble LD_LIBRARY_PATH=/home/giang/ros2_myrobot/install/stm32_diff_drive_msgs/lib:/home/giang/ros2_myrobot/install/stm32_diff_drive_hardware/lib:/usr/lib/x86_64-linux-gnu/gazebo-11/plugins:/opt/ros/humble/opt/rviz_ogre_vendor/lib:/opt/ros/humble/lib/x86_64-linux-gnu:/opt/ros/humble/lib /usr/bin/cmake /home/giang/ros2_myrobot/src/stm32_diff_drive_hardware -DAMENT_CMAKE_SYMLINK_INSTALL=1 -DCMAKE_INSTALL_PREFIX=/home/giang/ros2_myrobot/install/stm32_diff_drive_hardware
[0.033s] -- Found ament_cmake: 1.3.13 (/opt/ros/humble/share/ament_cmake/cmake)
[0.205s] -- Override CMake install command with custom implementation using symlinks instead of copying resources
[0.218s] -- Found rclcpp: 16.0.18 (/opt/ros/humble/share/rclcpp/cmake)
[0.261s] -- Found rosidl_generator_c: 3.1.8 (/opt/ros/humble/share/rosidl_generator_c/cmake)
[0.264s] -- Found rosidl_adapter: 3.1.8 (/opt/ros/humble/share/rosidl_adapter/cmake)
[0.275s] -- Found rosidl_generator_cpp: 3.1.8 (/opt/ros/humble/share/rosidl_generator_cpp/cmake)
[0.289s] -- Using all available rosidl_typesupport_c: rosidl_typesupport_fastrtps_c;rosidl_typesupport_introspection_c
[0.306s] -- Using all available rosidl_typesupport_cpp: rosidl_typesupport_fastrtps_cpp;rosidl_typesupport_introspection_cpp
[0.344s] -- Found rmw_implementation_cmake: 6.1.2 (/opt/ros/humble/share/rmw_implementation_cmake/cmake)
[0.347s] -- Found rmw_fastrtps_cpp: 6.2.10 (/opt/ros/humble/share/rmw_fastrtps_cpp/cmake)
[0.492s] -- Using RMW implementation 'rmw_fastrtps_cpp' as default
[0.565s] -- Found hardware_interface: 2.53.1 (/opt/ros/humble/share/hardware_interface/cmake)
[0.657s] -- Found stm32_diff_drive_msgs: 0.0.0 (/home/giang/ros2_myrobot/install/stm32_diff_drive_msgs/share/stm32_diff_drive_msgs/cmake)
[0.663s] -- Found ament_lint_auto: 0.12.15 (/opt/ros/humble/share/ament_lint_auto/cmake)
[0.733s] -- Added test 'cppcheck' to perform static code analysis on C / C++ code
[0.734s] -- Configured cppcheck include dirs: $<BUILD_INTERFACE:/home/giang/ros2_myrobot/src/stm32_diff_drive_hardware/include>
[0.734s] -- Configured cppcheck exclude dirs and/or files: 
[0.734s] -- Added test 'lint_cmake' to check CMake code style
[0.735s] -- Added test 'uncrustify' to check C / C++ code style
[0.735s] -- Configured uncrustify additional arguments: 
[0.735s] -- Added test 'xmllint' to check XML markup files
[0.740s] -- Configuring done
[0.760s] -- Generating done
[0.764s] -- Build files have been written to: /home/giang/ros2_myrobot/build/stm32_diff_drive_hardware
[0.776s] Invoked command in '/home/giang/ros2_myrobot/build/stm32_diff_drive_hardware' returned '0': CMAKE_PREFIX_PATH=/home/giang/ros2_myrobot/install/stm32_diff_drive_msgs:/home/giang/ros2_myrobot/install/stm32_diff_drive_hardware:/home/giang/ros2_myrobot/install/my_bot:/home/giang/ros2_ws/install/articubot_one:/home/giang/Workspaces/ros2_cpp_ws/install/udemy_ros2_pkg:/home/giang/ros2_myrobot/install/twist_stamper:/home/giang/ros2_demo/install/autonomous_tb3:/home/giang/ros2_ws/install/my_robot_controller:/opt/ros/humble LD_LIBRARY_PATH=/home/giang/ros2_myrobot/install/stm32_diff_drive_msgs/lib:/home/giang/ros2_myrobot/install/stm32_diff_drive_hardware/lib:/usr/lib/x86_64-linux-gnu/gazebo-11/plugins:/opt/ros/humble/opt/rviz_ogre_vendor/lib:/opt/ros/humble/lib/x86_64-linux-gnu:/opt/ros/humble/lib /usr/bin/cmake /home/giang/ros2_myrobot/src/stm32_diff_drive_hardware -DAMENT_CMAKE_SYMLINK_INSTALL=1 -DCMAKE_INSTALL_PREFIX=/home/giang/ros2_myrobot/install/stm32_diff_drive_hardware
[0.779s] Invoking command in '/home/giang/ros2_myrobot/build/stm32_diff_drive_hardware': CMAKE_PREFIX_PATH=/home/giang/ros2_myrobot/install/stm32_diff_drive_msgs:/home/giang/ros2_myrobot/install/stm32_diff_drive_hardware:/home/giang/ros2_myrobot/install/my_bot:/home/giang/ros2_ws/install/articubot_one:/home/giang/Workspaces/ros2_cpp_ws/install/udemy_ros2_pkg:/home/giang/ros2_myrobot/install/twist_stamper:/home/giang/ros2_demo/install/autonomous_tb3:/home/giang/ros2_ws/install/my_robot_controller:/opt/ros/humble LD_LIBRARY_PATH=/home/giang/ros2_myrobot/install/stm32_diff_drive_msgs/lib:/home/giang/ros2_myrobot/install/stm32_diff_drive_hardware/lib:/usr/lib/x86_64-linux-gnu/gazebo-11/plugins:/opt/ros/humble/opt/rviz_ogre_vendor/lib:/opt/ros/humble/lib/x86_64-linux-gnu:/opt/ros/humble/lib /usr/bin/cmake --build /home/giang/ros2_myrobot/build/stm32_diff_drive_hardware -- -j6 -l6
[0.839s] [35m[1mConsolidate compiler generated dependencies of target stm32_diff_drive_hardware[0m
[0.975s] [ 50%] [32m[1mLinking CXX shared library libstm32_diff_drive_hardware.so[0m
[1.885s] [100%] Built target stm32_diff_drive_hardware
[1.913s] Invoked command in '/home/giang/ros2_myrobot/build/stm32_diff_drive_hardware' returned '0': CMAKE_PREFIX_PATH=/home/giang/ros2_myrobot/install/stm32_diff_drive_msgs:/home/giang/ros2_myrobot/install/stm32_diff_drive_hardware:/home/giang/ros2_myrobot/install/my_bot:/home/giang/ros2_ws/install/articubot_one:/home/giang/Workspaces/ros2_cpp_ws/install/udemy_ros2_pkg:/home/giang/ros2_myrobot/install/twist_stamper:/home/giang/ros2_demo/install/autonomous_tb3:/home/giang/ros2_ws/install/my_robot_controller:/opt/ros/humble LD_LIBRARY_PATH=/home/giang/ros2_myrobot/install/stm32_diff_drive_msgs/lib:/home/giang/ros2_myrobot/install/stm32_diff_drive_hardware/lib:/usr/lib/x86_64-linux-gnu/gazebo-11/plugins:/opt/ros/humble/opt/rviz_ogre_vendor/lib:/opt/ros/humble/lib/x86_64-linux-gnu:/opt/ros/humble/lib /usr/bin/cmake --build /home/giang/ros2_myrobot/build/stm32_diff_drive_hardware -- -j6 -l6
[1.919s] Invoking command in '/home/giang/ros2_myrobot/build/stm32_diff_drive_hardware': CMAKE_PREFIX_PATH=/home/giang/ros2_myrobot/install/stm32_diff_drive_msgs:/home/giang/ros2_myrobot/install/stm32_diff_drive_hardware:/home/giang/ros2_myrobot/install/my_bot:/home/giang/ros2_ws/install/articubot_one:/home/giang/Workspaces/ros2_cpp_ws/install/udemy_ros2_pkg:/home/giang/ros2_myrobot/install/twist_stamper:/home/giang/ros2_demo/install/autonomous_tb3:/home/giang/ros2_ws/install/my_robot_controller:/opt/ros/humble LD_LIBRARY_PATH=/home/giang/ros2_myrobot/install/stm32_diff_drive_msgs/lib:/home/giang/ros2_myrobot/install/stm32_diff_drive_hardware/lib:/usr/lib/x86_64-linux-gnu/gazebo-11/plugins:/opt/ros/humble/opt/rviz_ogre_vendor/lib:/opt/ros/humble/lib/x86_64-linux-gnu:/opt/ros/humble/lib /usr/bin/cmake --install /home/giang/ros2_myrobot/build/stm32_diff_drive_hardware
[1.937s] -- Install configuration: ""
[1.938s] -- Execute custom install script
[1.939s] -- Symlinking: /home/giang/ros2_myrobot/install/stm32_diff_drive_hardware/share/stm32_diff_drive_hardware//stm32_diff_drive_hardware_plugin.xml
[1.962s] -- Symlinking: /home/giang/ros2_myrobot/install/stm32_diff_drive_hardware/lib/libstm32_diff_drive_hardware.so
[1.983s] -- Symlinking: /home/giang/ros2_myrobot/install/stm32_diff_drive_hardware/include/stm32_diff_drive_hardware/diff_drive_hardware.hpp
[2.002s] -- Up-to-date symlink: /home/giang/ros2_myrobot/install/stm32_diff_drive_hardware/share/stm32_diff_drive_hardware/stm32_diff_drive_hardware_plugin.xml
[2.002s] -- Symlinking: /home/giang/ros2_myrobot/install/stm32_diff_drive_hardware/share/stm32_diff_drive_hardware/environment/library_path.sh
[2.023s] -- Symlinking: /home/giang/ros2_myrobot/install/stm32_diff_drive_hardware/share/stm32_diff_drive_hardware/environment/library_path.dsv
[2.045s] -- Symlinking: /home/giang/ros2_myrobot/install/stm32_diff_drive_hardware/share/ament_index/resource_index/package_run_dependencies/stm32_diff_drive_hardware
[2.066s] -- Symlinking: /home/giang/ros2_myrobot/install/stm32_diff_drive_hardware/share/ament_index/resource_index/parent_prefix_path/stm32_diff_drive_hardware
[2.088s] -- Symlinking: /home/giang/ros2_myrobot/install/stm32_diff_drive_hardware/share/stm32_diff_drive_hardware/environment/ament_prefix_path.sh
[2.112s] -- Symlinking: /home/giang/ros2_myrobot/install/stm32_diff_drive_hardware/share/stm32_diff_drive_hardware/environment/ament_prefix_path.dsv
[2.134s] -- Symlinking: /home/giang/ros2_myrobot/install/stm32_diff_drive_hardware/share/stm32_diff_drive_hardware/environment/path.sh
[2.155s] -- Symlinking: /home/giang/ros2_myrobot/install/stm32_diff_drive_hardware/share/stm32_diff_drive_hardware/environment/path.dsv
[2.185s] -- Symlinking: /home/giang/ros2_myrobot/install/stm32_diff_drive_hardware/share/stm32_diff_drive_hardware/local_setup.bash
[2.211s] -- Symlinking: /home/giang/ros2_myrobot/install/stm32_diff_drive_hardware/share/stm32_diff_drive_hardware/local_setup.sh
[2.232s] -- Symlinking: /home/giang/ros2_myrobot/install/stm32_diff_drive_hardware/share/stm32_diff_drive_hardware/local_setup.zsh
[2.251s] -- Symlinking: /home/giang/ros2_myrobot/install/stm32_diff_drive_hardware/share/stm32_diff_drive_hardware/local_setup.dsv
[2.274s] -- Symlinking: /home/giang/ros2_myrobot/install/stm32_diff_drive_hardware/share/stm32_diff_drive_hardware/package.dsv
[2.299s] -- Symlinking: /home/giang/ros2_myrobot/install/stm32_diff_drive_hardware/share/ament_index/resource_index/packages/stm32_diff_drive_hardware
[2.321s] -- Symlinking: /home/giang/ros2_myrobot/install/stm32_diff_drive_hardware/share/ament_index/resource_index/hardware_interface__pluginlib__plugin/stm32_diff_drive_hardware
[2.343s] -- Symlinking: /home/giang/ros2_myrobot/install/stm32_diff_drive_hardware/share/stm32_diff_drive_hardware/cmake/ament_cmake_export_libraries-extras.cmake
[2.365s] -- Symlinking: /home/giang/ros2_myrobot/install/stm32_diff_drive_hardware/share/stm32_diff_drive_hardware/cmake/stm32_diff_drive_hardwareConfig.cmake
[2.391s] -- Symlinking: /home/giang/ros2_myrobot/install/stm32_diff_drive_hardware/share/stm32_diff_drive_hardware/cmake/stm32_diff_drive_hardwareConfig-version.cmake
[2.414s] -- Symlinking: /home/giang/ros2_myrobot/install/stm32_diff_drive_hardware/share/stm32_diff_drive_hardware/package.xml
[2.439s] Invoked command in '/home/giang/ros2_myrobot/build/stm32_diff_drive_hardware' returned '0': CMAKE_PREFIX_PATH=/home/giang/ros2_myrobot/install/stm32_diff_drive_msgs:/home/giang/ros2_myrobot/install/stm32_diff_drive_hardware:/home/giang/ros2_myrobot/install/my_bot:/home/giang/ros2_ws/install/articubot_one:/home/giang/Workspaces/ros2_cpp_ws/install/udemy_ros2_pkg:/home/giang/ros2_myrobot/install/twist_stamper:/home/giang/ros2_demo/install/autonomous_tb3:/home/giang/ros2_ws/install/my_robot_controller:/opt/ros/humble LD_LIBRARY_PATH=/home/giang/ros2_myrobot/install/stm32_diff_drive_msgs/lib:/home/giang/ros2_myrobot/install/stm32_diff_drive_hardware/lib:/usr/lib/x86_64-linux-gnu/gazebo-11/plugins:/opt/ros/humble/opt/rviz_ogre_vendor/lib:/opt/ros/humble/lib/x86_64-linux-gnu:/opt/ros/humble/lib /usr/bin/cmake --install /home/giang/ros2_myrobot/build/stm32_diff_drive_hardware
