[0.045s] Invoking command in '/home/giang/ros2_myrobot/build/stm32_diff_drive_hardware': CMAKE_PREFIX_PATH=/home/giang/ros2_myrobot/install/stm32_diff_drive_msgs:/home/giang/ros2_myrobot/install/stm32_diff_drive_hardware:/home/giang/ros2_myrobot/install/my_bot:/home/giang/ros2_ws/install/articubot_one:/home/giang/Workspaces/ros2_cpp_ws/install/udemy_ros2_pkg:/home/giang/ros2_myrobot/install/twist_stamper:/home/giang/ros2_demo/install/autonomous_tb3:/home/giang/ros2_ws/install/my_robot_controller:/opt/ros/humble LD_LIBRARY_PATH=/home/giang/ros2_myrobot/install/stm32_diff_drive_msgs/lib:/home/giang/ros2_myrobot/install/stm32_diff_drive_hardware/lib:/usr/lib/x86_64-linux-gnu/gazebo-11/plugins:/opt/ros/humble/opt/rviz_ogre_vendor/lib:/opt/ros/humble/lib/x86_64-linux-gnu:/opt/ros/humble/lib /usr/bin/cmake --build /home/giang/ros2_myrobot/build/stm32_diff_drive_hardware -- -j6 -l6
[0.197s] [35m[1mConsolidate compiler generated dependencies of target stm32_diff_drive_hardware[0m
[0.270s] [100%] Built target stm32_diff_drive_hardware
[0.308s] Invoked command in '/home/giang/ros2_myrobot/build/stm32_diff_drive_hardware' returned '0': CMAKE_PREFIX_PATH=/home/giang/ros2_myrobot/install/stm32_diff_drive_msgs:/home/giang/ros2_myrobot/install/stm32_diff_drive_hardware:/home/giang/ros2_myrobot/install/my_bot:/home/giang/ros2_ws/install/articubot_one:/home/giang/Workspaces/ros2_cpp_ws/install/udemy_ros2_pkg:/home/giang/ros2_myrobot/install/twist_stamper:/home/giang/ros2_demo/install/autonomous_tb3:/home/giang/ros2_ws/install/my_robot_controller:/opt/ros/humble LD_LIBRARY_PATH=/home/giang/ros2_myrobot/install/stm32_diff_drive_msgs/lib:/home/giang/ros2_myrobot/install/stm32_diff_drive_hardware/lib:/usr/lib/x86_64-linux-gnu/gazebo-11/plugins:/opt/ros/humble/opt/rviz_ogre_vendor/lib:/opt/ros/humble/lib/x86_64-linux-gnu:/opt/ros/humble/lib /usr/bin/cmake --build /home/giang/ros2_myrobot/build/stm32_diff_drive_hardware -- -j6 -l6
[0.315s] Invoking command in '/home/giang/ros2_myrobot/build/stm32_diff_drive_hardware': CMAKE_PREFIX_PATH=/home/giang/ros2_myrobot/install/stm32_diff_drive_msgs:/home/giang/ros2_myrobot/install/stm32_diff_drive_hardware:/home/giang/ros2_myrobot/install/my_bot:/home/giang/ros2_ws/install/articubot_one:/home/giang/Workspaces/ros2_cpp_ws/install/udemy_ros2_pkg:/home/giang/ros2_myrobot/install/twist_stamper:/home/giang/ros2_demo/install/autonomous_tb3:/home/giang/ros2_ws/install/my_robot_controller:/opt/ros/humble LD_LIBRARY_PATH=/home/giang/ros2_myrobot/install/stm32_diff_drive_msgs/lib:/home/giang/ros2_myrobot/install/stm32_diff_drive_hardware/lib:/usr/lib/x86_64-linux-gnu/gazebo-11/plugins:/opt/ros/humble/opt/rviz_ogre_vendor/lib:/opt/ros/humble/lib/x86_64-linux-gnu:/opt/ros/humble/lib /usr/bin/cmake --install /home/giang/ros2_myrobot/build/stm32_diff_drive_hardware
[0.337s] -- Install configuration: ""
[0.341s] -- Execute custom install script
[0.342s] -- Up-to-date symlink: /home/giang/ros2_myrobot/install/stm32_diff_drive_hardware/share/stm32_diff_drive_hardware//stm32_diff_drive_hardware_plugin.xml
[0.342s] -- Up-to-date symlink: /home/giang/ros2_myrobot/install/stm32_diff_drive_hardware/lib/libstm32_diff_drive_hardware.so
[0.345s] -- Up-to-date symlink: /home/giang/ros2_myrobot/install/stm32_diff_drive_hardware/include/stm32_diff_drive_hardware/diff_drive_hardware.hpp
[0.345s] -- Up-to-date symlink: /home/giang/ros2_myrobot/install/stm32_diff_drive_hardware/share/stm32_diff_drive_hardware/stm32_diff_drive_hardware_plugin.xml
[0.345s] -- Up-to-date symlink: /home/giang/ros2_myrobot/install/stm32_diff_drive_hardware/share/stm32_diff_drive_hardware/environment/library_path.sh
[0.345s] -- Up-to-date symlink: /home/giang/ros2_myrobot/install/stm32_diff_drive_hardware/share/stm32_diff_drive_hardware/environment/library_path.dsv
[0.346s] -- Up-to-date symlink: /home/giang/ros2_myrobot/install/stm32_diff_drive_hardware/share/ament_index/resource_index/package_run_dependencies/stm32_diff_drive_hardware
[0.347s] -- Up-to-date symlink: /home/giang/ros2_myrobot/install/stm32_diff_drive_hardware/share/ament_index/resource_index/parent_prefix_path/stm32_diff_drive_hardware
[0.347s] -- Up-to-date symlink: /home/giang/ros2_myrobot/install/stm32_diff_drive_hardware/share/stm32_diff_drive_hardware/environment/ament_prefix_path.sh
[0.349s] -- Up-to-date symlink: /home/giang/ros2_myrobot/install/stm32_diff_drive_hardware/share/stm32_diff_drive_hardware/environment/ament_prefix_path.dsv
[0.349s] -- Up-to-date symlink: /home/giang/ros2_myrobot/install/stm32_diff_drive_hardware/share/stm32_diff_drive_hardware/environment/path.sh
[0.349s] -- Up-to-date symlink: /home/giang/ros2_myrobot/install/stm32_diff_drive_hardware/share/stm32_diff_drive_hardware/environment/path.dsv
[0.350s] -- Up-to-date symlink: /home/giang/ros2_myrobot/install/stm32_diff_drive_hardware/share/stm32_diff_drive_hardware/local_setup.bash
[0.350s] -- Up-to-date symlink: /home/giang/ros2_myrobot/install/stm32_diff_drive_hardware/share/stm32_diff_drive_hardware/local_setup.sh
[0.350s] -- Up-to-date symlink: /home/giang/ros2_myrobot/install/stm32_diff_drive_hardware/share/stm32_diff_drive_hardware/local_setup.zsh
[0.350s] -- Up-to-date symlink: /home/giang/ros2_myrobot/install/stm32_diff_drive_hardware/share/stm32_diff_drive_hardware/local_setup.dsv
[0.350s] -- Symlinking: /home/giang/ros2_myrobot/install/stm32_diff_drive_hardware/share/stm32_diff_drive_hardware/package.dsv
[0.379s] -- Up-to-date symlink: /home/giang/ros2_myrobot/install/stm32_diff_drive_hardware/share/ament_index/resource_index/packages/stm32_diff_drive_hardware
[0.380s] -- Up-to-date symlink: /home/giang/ros2_myrobot/install/stm32_diff_drive_hardware/share/ament_index/resource_index/hardware_interface__pluginlib__plugin/stm32_diff_drive_hardware
[0.382s] -- Up-to-date symlink: /home/giang/ros2_myrobot/install/stm32_diff_drive_hardware/share/stm32_diff_drive_hardware/cmake/ament_cmake_export_libraries-extras.cmake
[0.382s] -- Up-to-date symlink: /home/giang/ros2_myrobot/install/stm32_diff_drive_hardware/share/stm32_diff_drive_hardware/cmake/stm32_diff_drive_hardwareConfig.cmake
[0.382s] -- Up-to-date symlink: /home/giang/ros2_myrobot/install/stm32_diff_drive_hardware/share/stm32_diff_drive_hardware/cmake/stm32_diff_drive_hardwareConfig-version.cmake
[0.382s] -- Up-to-date symlink: /home/giang/ros2_myrobot/install/stm32_diff_drive_hardware/share/stm32_diff_drive_hardware/package.xml
[0.391s] Invoked command in '/home/giang/ros2_myrobot/build/stm32_diff_drive_hardware' returned '0': CMAKE_PREFIX_PATH=/home/giang/ros2_myrobot/install/stm32_diff_drive_msgs:/home/giang/ros2_myrobot/install/stm32_diff_drive_hardware:/home/giang/ros2_myrobot/install/my_bot:/home/giang/ros2_ws/install/articubot_one:/home/giang/Workspaces/ros2_cpp_ws/install/udemy_ros2_pkg:/home/giang/ros2_myrobot/install/twist_stamper:/home/giang/ros2_demo/install/autonomous_tb3:/home/giang/ros2_ws/install/my_robot_controller:/opt/ros/humble LD_LIBRARY_PATH=/home/giang/ros2_myrobot/install/stm32_diff_drive_msgs/lib:/home/giang/ros2_myrobot/install/stm32_diff_drive_hardware/lib:/usr/lib/x86_64-linux-gnu/gazebo-11/plugins:/opt/ros/humble/opt/rviz_ogre_vendor/lib:/opt/ros/humble/lib/x86_64-linux-gnu:/opt/ros/humble/lib /usr/bin/cmake --install /home/giang/ros2_myrobot/build/stm32_diff_drive_hardware
