[0.915s] DEBUG:colcon:Command line arguments: ['/usr/bin/colcon', 'build', '--symlink-install']
[0.915s] DEBUG:colcon:Parsed command line arguments: Namespace(log_base=None, log_level=None, verb_name='build', build_base='build', install_base='install', merge_install=False, symlink_install=True, test_result_base=None, continue_on_error=False, executor='parallel', parallel_workers=6, event_handlers=None, ignore_user_meta=False, metas=['./colcon.meta'], base_paths=['.'], packages_ignore=None, packages_ignore_regex=None, paths=None, packages_up_to=None, packages_up_to_regex=None, packages_above=None, packages_above_and_dependencies=None, packages_above_depth=None, packages_select_by_dep=None, packages_skip_by_dep=None, packages_skip_up_to=None, packages_select_build_failed=False, packages_skip_build_finished=False, packages_select_test_failures=False, packages_skip_test_passed=False, packages_select=None, packages_skip=None, packages_select_regex=None, packages_skip_regex=None, packages_start=None, packages_end=None, allow_overriding=[], cmake_args=None, cmake_target=None, cmake_target_skip_unavailable=False, cmake_clean_cache=False, cmake_clean_first=False, cmake_force_configure=False, ament_cmake_args=None, catkin_cmake_args=None, catkin_skip_building_tests=False, verb_parser=<colcon_defaults.argument_parser.defaults.DefaultArgumentsDecorator object at 0x76832da6dae0>, verb_extension=<colcon_core.verb.build.BuildVerb object at 0x76832dbda710>, main=<bound method BuildVerb.main of <colcon_core.verb.build.BuildVerb object at 0x76832dbda710>>)
[2.455s] Level 1:colcon.colcon_core.package_discovery:discover_packages(colcon_meta) check parameters
[2.455s] Level 1:colcon.colcon_core.package_discovery:discover_packages(recursive) check parameters
[2.456s] Level 1:colcon.colcon_core.package_discovery:discover_packages(ignore) check parameters
[2.456s] Level 1:colcon.colcon_core.package_discovery:discover_packages(path) check parameters
[2.456s] Level 1:colcon.colcon_core.package_discovery:discover_packages(colcon_meta) discover
[2.456s] Level 1:colcon.colcon_core.package_discovery:discover_packages(recursive) discover
[2.456s] INFO:colcon.colcon_core.package_discovery:Crawling recursively for packages in '/home/giang/ros2_myrobot'
[2.456s] Level 1:colcon.colcon_core.package_identification:_identify(.) by extensions ['ignore', 'ignore_ament_install']
[2.457s] Level 1:colcon.colcon_core.package_identification:_identify(.) by extension 'ignore'
[2.457s] Level 1:colcon.colcon_core.package_identification:_identify(.) by extension 'ignore_ament_install'
[2.457s] Level 1:colcon.colcon_core.package_identification:_identify(.) by extensions ['colcon_pkg']
[2.457s] Level 1:colcon.colcon_core.package_identification:_identify(.) by extension 'colcon_pkg'
[2.457s] Level 1:colcon.colcon_core.package_identification:_identify(.) by extensions ['colcon_meta']
[2.457s] Level 1:colcon.colcon_core.package_identification:_identify(.) by extension 'colcon_meta'
[2.457s] Level 1:colcon.colcon_core.package_identification:_identify(.) by extensions ['ros']
[2.457s] Level 1:colcon.colcon_core.package_identification:_identify(.) by extension 'ros'
[2.510s] Level 1:colcon.colcon_core.package_identification:_identify(.) by extensions ['cmake', 'python']
[2.510s] Level 1:colcon.colcon_core.package_identification:_identify(.) by extension 'cmake'
[2.511s] Level 1:colcon.colcon_core.package_identification:_identify(.) by extension 'python'
[2.511s] Level 1:colcon.colcon_core.package_identification:_identify(.) by extensions ['python_setup_py']
[2.511s] Level 1:colcon.colcon_core.package_identification:_identify(.) by extension 'python_setup_py'
[2.511s] Level 1:colcon.colcon_core.package_identification:_identify(build) by extensions ['ignore', 'ignore_ament_install']
[2.511s] Level 1:colcon.colcon_core.package_identification:_identify(build) by extension 'ignore'
[2.511s] Level 1:colcon.colcon_core.package_identification:_identify(build) ignored
[2.513s] Level 1:colcon.colcon_core.package_identification:_identify(install) by extensions ['ignore', 'ignore_ament_install']
[2.513s] Level 1:colcon.colcon_core.package_identification:_identify(install) by extension 'ignore'
[2.513s] Level 1:colcon.colcon_core.package_identification:_identify(install) ignored
[2.513s] Level 1:colcon.colcon_core.package_identification:_identify(log) by extensions ['ignore', 'ignore_ament_install']
[2.514s] Level 1:colcon.colcon_core.package_identification:_identify(log) by extension 'ignore'
[2.514s] Level 1:colcon.colcon_core.package_identification:_identify(log) ignored
[2.514s] Level 1:colcon.colcon_core.package_identification:_identify(src) by extensions ['ignore', 'ignore_ament_install']
[2.514s] Level 1:colcon.colcon_core.package_identification:_identify(src) by extension 'ignore'
[2.514s] Level 1:colcon.colcon_core.package_identification:_identify(src) by extension 'ignore_ament_install'
[2.514s] Level 1:colcon.colcon_core.package_identification:_identify(src) by extensions ['colcon_pkg']
[2.514s] Level 1:colcon.colcon_core.package_identification:_identify(src) by extension 'colcon_pkg'
[2.514s] Level 1:colcon.colcon_core.package_identification:_identify(src) by extensions ['colcon_meta']
[2.515s] Level 1:colcon.colcon_core.package_identification:_identify(src) by extension 'colcon_meta'
[2.515s] Level 1:colcon.colcon_core.package_identification:_identify(src) by extensions ['ros']
[2.515s] Level 1:colcon.colcon_core.package_identification:_identify(src) by extension 'ros'
[2.515s] Level 1:colcon.colcon_core.package_identification:_identify(src) by extensions ['cmake', 'python']
[2.515s] Level 1:colcon.colcon_core.package_identification:_identify(src) by extension 'cmake'
[2.515s] Level 1:colcon.colcon_core.package_identification:_identify(src) by extension 'python'
[2.516s] Level 1:colcon.colcon_core.package_identification:_identify(src) by extensions ['python_setup_py']
[2.516s] Level 1:colcon.colcon_core.package_identification:_identify(src) by extension 'python_setup_py'
[2.521s] Level 1:colcon.colcon_core.package_identification:_identify(src/image) by extensions ['ignore', 'ignore_ament_install']
[2.521s] Level 1:colcon.colcon_core.package_identification:_identify(src/image) by extension 'ignore'
[2.521s] Level 1:colcon.colcon_core.package_identification:_identify(src/image) by extension 'ignore_ament_install'
[2.521s] Level 1:colcon.colcon_core.package_identification:_identify(src/image) by extensions ['colcon_pkg']
[2.521s] Level 1:colcon.colcon_core.package_identification:_identify(src/image) by extension 'colcon_pkg'
[2.522s] Level 1:colcon.colcon_core.package_identification:_identify(src/image) by extensions ['colcon_meta']
[2.522s] Level 1:colcon.colcon_core.package_identification:_identify(src/image) by extension 'colcon_meta'
[2.522s] Level 1:colcon.colcon_core.package_identification:_identify(src/image) by extensions ['ros']
[2.522s] Level 1:colcon.colcon_core.package_identification:_identify(src/image) by extension 'ros'
[2.522s] Level 1:colcon.colcon_core.package_identification:_identify(src/image) by extensions ['cmake', 'python']
[2.522s] Level 1:colcon.colcon_core.package_identification:_identify(src/image) by extension 'cmake'
[2.523s] Level 1:colcon.colcon_core.package_identification:_identify(src/image) by extension 'python'
[2.523s] Level 1:colcon.colcon_core.package_identification:_identify(src/image) by extensions ['python_setup_py']
[2.523s] Level 1:colcon.colcon_core.package_identification:_identify(src/image) by extension 'python_setup_py'
[2.523s] Level 1:colcon.colcon_core.package_identification:_identify(src/my_bot) by extensions ['ignore', 'ignore_ament_install']
[2.523s] Level 1:colcon.colcon_core.package_identification:_identify(src/my_bot) by extension 'ignore'
[2.523s] Level 1:colcon.colcon_core.package_identification:_identify(src/my_bot) by extension 'ignore_ament_install'
[2.524s] Level 1:colcon.colcon_core.package_identification:_identify(src/my_bot) by extensions ['colcon_pkg']
[2.524s] Level 1:colcon.colcon_core.package_identification:_identify(src/my_bot) by extension 'colcon_pkg'
[2.524s] Level 1:colcon.colcon_core.package_identification:_identify(src/my_bot) by extensions ['colcon_meta']
[2.524s] Level 1:colcon.colcon_core.package_identification:_identify(src/my_bot) by extension 'colcon_meta'
[2.524s] Level 1:colcon.colcon_core.package_identification:_identify(src/my_bot) by extensions ['ros']
[2.524s] Level 1:colcon.colcon_core.package_identification:_identify(src/my_bot) by extension 'ros'
[2.537s] DEBUG:colcon.colcon_core.package_identification:Package 'src/my_bot' with type 'ros.ament_cmake' and name 'my_bot'
[2.537s] Level 1:colcon.colcon_core.package_identification:_identify(src/stm32_diff_drive_hardware) by extensions ['ignore', 'ignore_ament_install']
[2.538s] Level 1:colcon.colcon_core.package_identification:_identify(src/stm32_diff_drive_hardware) by extension 'ignore'
[2.539s] Level 1:colcon.colcon_core.package_identification:_identify(src/stm32_diff_drive_hardware) by extension 'ignore_ament_install'
[2.539s] Level 1:colcon.colcon_core.package_identification:_identify(src/stm32_diff_drive_hardware) by extensions ['colcon_pkg']
[2.539s] Level 1:colcon.colcon_core.package_identification:_identify(src/stm32_diff_drive_hardware) by extension 'colcon_pkg'
[2.539s] Level 1:colcon.colcon_core.package_identification:_identify(src/stm32_diff_drive_hardware) by extensions ['colcon_meta']
[2.539s] Level 1:colcon.colcon_core.package_identification:_identify(src/stm32_diff_drive_hardware) by extension 'colcon_meta'
[2.539s] Level 1:colcon.colcon_core.package_identification:_identify(src/stm32_diff_drive_hardware) by extensions ['ros']
[2.540s] Level 1:colcon.colcon_core.package_identification:_identify(src/stm32_diff_drive_hardware) by extension 'ros'
[2.542s] DEBUG:colcon.colcon_core.package_identification:Package 'src/stm32_diff_drive_hardware' with type 'ros.ament_cmake' and name 'stm32_diff_drive_hardware'
[2.542s] Level 1:colcon.colcon_core.package_identification:_identify(src/stm32_diff_drive_msgs) by extensions ['ignore', 'ignore_ament_install']
[2.543s] Level 1:colcon.colcon_core.package_identification:_identify(src/stm32_diff_drive_msgs) by extension 'ignore'
[2.543s] Level 1:colcon.colcon_core.package_identification:_identify(src/stm32_diff_drive_msgs) by extension 'ignore_ament_install'
[2.543s] Level 1:colcon.colcon_core.package_identification:_identify(src/stm32_diff_drive_msgs) by extensions ['colcon_pkg']
[2.543s] Level 1:colcon.colcon_core.package_identification:_identify(src/stm32_diff_drive_msgs) by extension 'colcon_pkg'
[2.544s] Level 1:colcon.colcon_core.package_identification:_identify(src/stm32_diff_drive_msgs) by extensions ['colcon_meta']
[2.544s] Level 1:colcon.colcon_core.package_identification:_identify(src/stm32_diff_drive_msgs) by extension 'colcon_meta'
[2.544s] Level 1:colcon.colcon_core.package_identification:_identify(src/stm32_diff_drive_msgs) by extensions ['ros']
[2.544s] Level 1:colcon.colcon_core.package_identification:_identify(src/stm32_diff_drive_msgs) by extension 'ros'
[2.546s] DEBUG:colcon.colcon_core.package_identification:Package 'src/stm32_diff_drive_msgs' with type 'ros.ament_cmake' and name 'stm32_diff_drive_msgs'
[2.551s] Level 1:colcon.colcon_core.package_identification:_identify(src/twist_stamper) by extensions ['ignore', 'ignore_ament_install']
[2.551s] Level 1:colcon.colcon_core.package_identification:_identify(src/twist_stamper) by extension 'ignore'
[2.551s] Level 1:colcon.colcon_core.package_identification:_identify(src/twist_stamper) by extension 'ignore_ament_install'
[2.551s] Level 1:colcon.colcon_core.package_identification:_identify(src/twist_stamper) by extensions ['colcon_pkg']
[2.551s] Level 1:colcon.colcon_core.package_identification:_identify(src/twist_stamper) by extension 'colcon_pkg'
[2.552s] Level 1:colcon.colcon_core.package_identification:_identify(src/twist_stamper) by extensions ['colcon_meta']
[2.552s] Level 1:colcon.colcon_core.package_identification:_identify(src/twist_stamper) by extension 'colcon_meta'
[2.552s] Level 1:colcon.colcon_core.package_identification:_identify(src/twist_stamper) by extensions ['ros']
[2.552s] Level 1:colcon.colcon_core.package_identification:_identify(src/twist_stamper) by extension 'ros'
[2.554s] DEBUG:colcon.colcon_core.package_identification:Package 'src/twist_stamper' with type 'ros.ament_python' and name 'twist_stamper'
[2.554s] Level 1:colcon.colcon_core.package_discovery:discover_packages(recursive) using defaults
[2.554s] Level 1:colcon.colcon_core.package_discovery:discover_packages(ignore) discover
[2.555s] Level 1:colcon.colcon_core.package_discovery:discover_packages(ignore) using defaults
[2.555s] Level 1:colcon.colcon_core.package_discovery:discover_packages(path) discover
[2.555s] Level 1:colcon.colcon_core.package_discovery:discover_packages(path) using defaults
[2.686s] Level 1:colcon.colcon_core.package_discovery:discover_packages(prefix_path) check parameters
[2.687s] Level 1:colcon.colcon_core.package_discovery:discover_packages(prefix_path) discover
[2.719s] DEBUG:colcon.colcon_installed_package_information.package_discovery:Found 4 installed packages in /home/giang/ros2_myrobot/install
[2.722s] DEBUG:colcon.colcon_installed_package_information.package_discovery:Found 1 installed packages in /home/giang/ros2_demo/install
[2.725s] DEBUG:colcon.colcon_installed_package_information.package_discovery:Found 1 installed packages in /home/giang/Workspaces/ros2_cpp_ws/install
[2.729s] DEBUG:colcon.colcon_installed_package_information.package_discovery:Found 2 installed packages in /home/giang/ros2_ws/install
[2.734s] DEBUG:colcon.colcon_installed_package_information.package_discovery:Found 388 installed packages in /opt/ros/humble
[2.742s] Level 1:colcon.colcon_core.package_discovery:discover_packages(prefix_path) using defaults
[3.124s] Level 5:colcon.colcon_core.verb:set package 'my_bot' build argument 'cmake_args' from command line to 'None'
[3.124s] Level 5:colcon.colcon_core.verb:set package 'my_bot' build argument 'cmake_target' from command line to 'None'
[3.124s] Level 5:colcon.colcon_core.verb:set package 'my_bot' build argument 'cmake_target_skip_unavailable' from command line to 'False'
[3.124s] Level 5:colcon.colcon_core.verb:set package 'my_bot' build argument 'cmake_clean_cache' from command line to 'False'
[3.125s] Level 5:colcon.colcon_core.verb:set package 'my_bot' build argument 'cmake_clean_first' from command line to 'False'
[3.125s] Level 5:colcon.colcon_core.verb:set package 'my_bot' build argument 'cmake_force_configure' from command line to 'False'
[3.125s] Level 5:colcon.colcon_core.verb:set package 'my_bot' build argument 'ament_cmake_args' from command line to 'None'
[3.125s] Level 5:colcon.colcon_core.verb:set package 'my_bot' build argument 'catkin_cmake_args' from command line to 'None'
[3.125s] Level 5:colcon.colcon_core.verb:set package 'my_bot' build argument 'catkin_skip_building_tests' from command line to 'False'
[3.125s] DEBUG:colcon.colcon_core.verb:Building package 'my_bot' with the following arguments: {'ament_cmake_args': None, 'build_base': '/home/giang/ros2_myrobot/build/my_bot', 'catkin_cmake_args': None, 'catkin_skip_building_tests': False, 'cmake_args': None, 'cmake_clean_cache': False, 'cmake_clean_first': False, 'cmake_force_configure': False, 'cmake_target': None, 'cmake_target_skip_unavailable': False, 'install_base': '/home/giang/ros2_myrobot/install/my_bot', 'merge_install': False, 'path': '/home/giang/ros2_myrobot/src/my_bot', 'symlink_install': True, 'test_result_base': None}
[3.126s] Level 5:colcon.colcon_core.verb:set package 'stm32_diff_drive_msgs' build argument 'cmake_args' from command line to 'None'
[3.127s] Level 5:colcon.colcon_core.verb:set package 'stm32_diff_drive_msgs' build argument 'cmake_target' from command line to 'None'
[3.127s] Level 5:colcon.colcon_core.verb:set package 'stm32_diff_drive_msgs' build argument 'cmake_target_skip_unavailable' from command line to 'False'
[3.127s] Level 5:colcon.colcon_core.verb:set package 'stm32_diff_drive_msgs' build argument 'cmake_clean_cache' from command line to 'False'
[3.127s] Level 5:colcon.colcon_core.verb:set package 'stm32_diff_drive_msgs' build argument 'cmake_clean_first' from command line to 'False'
[3.127s] Level 5:colcon.colcon_core.verb:set package 'stm32_diff_drive_msgs' build argument 'cmake_force_configure' from command line to 'False'
[3.127s] Level 5:colcon.colcon_core.verb:set package 'stm32_diff_drive_msgs' build argument 'ament_cmake_args' from command line to 'None'
[3.127s] Level 5:colcon.colcon_core.verb:set package 'stm32_diff_drive_msgs' build argument 'catkin_cmake_args' from command line to 'None'
[3.127s] Level 5:colcon.colcon_core.verb:set package 'stm32_diff_drive_msgs' build argument 'catkin_skip_building_tests' from command line to 'False'
[3.127s] DEBUG:colcon.colcon_core.verb:Building package 'stm32_diff_drive_msgs' with the following arguments: {'ament_cmake_args': None, 'build_base': '/home/giang/ros2_myrobot/build/stm32_diff_drive_msgs', 'catkin_cmake_args': None, 'catkin_skip_building_tests': False, 'cmake_args': None, 'cmake_clean_cache': False, 'cmake_clean_first': False, 'cmake_force_configure': False, 'cmake_target': None, 'cmake_target_skip_unavailable': False, 'install_base': '/home/giang/ros2_myrobot/install/stm32_diff_drive_msgs', 'merge_install': False, 'path': '/home/giang/ros2_myrobot/src/stm32_diff_drive_msgs', 'symlink_install': True, 'test_result_base': None}
[3.129s] Level 5:colcon.colcon_core.verb:set package 'twist_stamper' build argument 'cmake_args' from command line to 'None'
[3.129s] Level 5:colcon.colcon_core.verb:set package 'twist_stamper' build argument 'cmake_target' from command line to 'None'
[3.129s] Level 5:colcon.colcon_core.verb:set package 'twist_stamper' build argument 'cmake_target_skip_unavailable' from command line to 'False'
[3.129s] Level 5:colcon.colcon_core.verb:set package 'twist_stamper' build argument 'cmake_clean_cache' from command line to 'False'
[3.129s] Level 5:colcon.colcon_core.verb:set package 'twist_stamper' build argument 'cmake_clean_first' from command line to 'False'
[3.129s] Level 5:colcon.colcon_core.verb:set package 'twist_stamper' build argument 'cmake_force_configure' from command line to 'False'
[3.129s] Level 5:colcon.colcon_core.verb:set package 'twist_stamper' build argument 'ament_cmake_args' from command line to 'None'
[3.129s] Level 5:colcon.colcon_core.verb:set package 'twist_stamper' build argument 'catkin_cmake_args' from command line to 'None'
[3.129s] Level 5:colcon.colcon_core.verb:set package 'twist_stamper' build argument 'catkin_skip_building_tests' from command line to 'False'
[3.129s] DEBUG:colcon.colcon_core.verb:Building package 'twist_stamper' with the following arguments: {'ament_cmake_args': None, 'build_base': '/home/giang/ros2_myrobot/build/twist_stamper', 'catkin_cmake_args': None, 'catkin_skip_building_tests': False, 'cmake_args': None, 'cmake_clean_cache': False, 'cmake_clean_first': False, 'cmake_force_configure': False, 'cmake_target': None, 'cmake_target_skip_unavailable': False, 'install_base': '/home/giang/ros2_myrobot/install/twist_stamper', 'merge_install': False, 'path': '/home/giang/ros2_myrobot/src/twist_stamper', 'symlink_install': True, 'test_result_base': None}
[3.130s] Level 5:colcon.colcon_core.verb:set package 'stm32_diff_drive_hardware' build argument 'cmake_args' from command line to 'None'
[3.130s] Level 5:colcon.colcon_core.verb:set package 'stm32_diff_drive_hardware' build argument 'cmake_target' from command line to 'None'
[3.130s] Level 5:colcon.colcon_core.verb:set package 'stm32_diff_drive_hardware' build argument 'cmake_target_skip_unavailable' from command line to 'False'
[3.130s] Level 5:colcon.colcon_core.verb:set package 'stm32_diff_drive_hardware' build argument 'cmake_clean_cache' from command line to 'False'
[3.130s] Level 5:colcon.colcon_core.verb:set package 'stm32_diff_drive_hardware' build argument 'cmake_clean_first' from command line to 'False'
[3.130s] Level 5:colcon.colcon_core.verb:set package 'stm32_diff_drive_hardware' build argument 'cmake_force_configure' from command line to 'False'
[3.130s] Level 5:colcon.colcon_core.verb:set package 'stm32_diff_drive_hardware' build argument 'ament_cmake_args' from command line to 'None'
[3.131s] Level 5:colcon.colcon_core.verb:set package 'stm32_diff_drive_hardware' build argument 'catkin_cmake_args' from command line to 'None'
[3.131s] Level 5:colcon.colcon_core.verb:set package 'stm32_diff_drive_hardware' build argument 'catkin_skip_building_tests' from command line to 'False'
[3.131s] DEBUG:colcon.colcon_core.verb:Building package 'stm32_diff_drive_hardware' with the following arguments: {'ament_cmake_args': None, 'build_base': '/home/giang/ros2_myrobot/build/stm32_diff_drive_hardware', 'catkin_cmake_args': None, 'catkin_skip_building_tests': False, 'cmake_args': None, 'cmake_clean_cache': False, 'cmake_clean_first': False, 'cmake_force_configure': False, 'cmake_target': None, 'cmake_target_skip_unavailable': False, 'install_base': '/home/giang/ros2_myrobot/install/stm32_diff_drive_hardware', 'merge_install': False, 'path': '/home/giang/ros2_myrobot/src/stm32_diff_drive_hardware', 'symlink_install': True, 'test_result_base': None}
[3.131s] INFO:colcon.colcon_core.executor:Executing jobs using 'parallel' executor
[3.134s] DEBUG:colcon.colcon_parallel_executor.executor.parallel:run_until_complete
[3.135s] INFO:colcon.colcon_ros.task.ament_cmake.build:Building ROS package in '/home/giang/ros2_myrobot/src/stm32_diff_drive_msgs' with build type 'ament_cmake'
[3.136s] INFO:colcon.colcon_cmake.task.cmake.build:Building CMake package in '/home/giang/ros2_myrobot/src/stm32_diff_drive_msgs'
[3.154s] INFO:colcon.colcon_core.plugin_system:Skipping extension 'colcon_core.shell.bat': Not used on non-Windows systems
[3.154s] INFO:colcon.colcon_core.shell:Skip shell extension 'powershell' for command environment: Not usable outside of PowerShell
[3.155s] DEBUG:colcon.colcon_core.shell:Skip shell extension 'dsv' for command environment
[3.178s] INFO:colcon.colcon_ros.task.ament_cmake.build:Building ROS package in '/home/giang/ros2_myrobot/src/my_bot' with build type 'ament_cmake'
[3.178s] INFO:colcon.colcon_cmake.task.cmake.build:Building CMake package in '/home/giang/ros2_myrobot/src/my_bot'
[3.179s] INFO:colcon.colcon_core.shell:Skip shell extension 'powershell' for command environment: Not usable outside of PowerShell
[3.179s] DEBUG:colcon.colcon_core.shell:Skip shell extension 'dsv' for command environment
[3.200s] INFO:colcon.colcon_ros.task.ament_python.build:Building ROS package in '/home/giang/ros2_myrobot/src/twist_stamper' with build type 'ament_python'
[3.201s] Level 1:colcon.colcon_core.shell:create_environment_hook('twist_stamper', 'ament_prefix_path')
[3.202s] INFO:colcon.colcon_core.shell:Creating environment hook '/home/giang/ros2_myrobot/install/twist_stamper/share/twist_stamper/hook/ament_prefix_path.ps1'
[3.207s] INFO:colcon.colcon_core.shell:Creating environment descriptor '/home/giang/ros2_myrobot/install/twist_stamper/share/twist_stamper/hook/ament_prefix_path.dsv'
[3.209s] INFO:colcon.colcon_core.shell:Creating environment hook '/home/giang/ros2_myrobot/install/twist_stamper/share/twist_stamper/hook/ament_prefix_path.sh'
[3.213s] INFO:colcon.colcon_core.shell:Skip shell extension 'powershell' for command environment: Not usable outside of PowerShell
[3.213s] DEBUG:colcon.colcon_core.shell:Skip shell extension 'dsv' for command environment
[3.250s] DEBUG:colcon.colcon_core.event_handler.log_command:Invoking command in '/home/giang/ros2_myrobot/build/stm32_diff_drive_msgs': CMAKE_PREFIX_PATH=${CMAKE_PREFIX_PATH}:/home/giang/ros2_myrobot/install/twist_stamper:/home/giang/ros2_demo/install/autonomous_tb3:/home/giang/ros2_ws/install/my_robot_controller:/opt/ros/humble /usr/bin/cmake --build /home/giang/ros2_myrobot/build/stm32_diff_drive_msgs -- -j6 -l6
[3.280s] DEBUG:colcon.colcon_core.event_handler.log_command:Invoking command in '/home/giang/ros2_myrobot/build/my_bot': CMAKE_PREFIX_PATH=${CMAKE_PREFIX_PATH}:/home/giang/ros2_myrobot/install/twist_stamper:/home/giang/ros2_demo/install/autonomous_tb3:/home/giang/ros2_ws/install/my_robot_controller:/opt/ros/humble /usr/bin/cmake --build /home/giang/ros2_myrobot/build/my_bot -- -j6 -l6
[4.191s] INFO:colcon.colcon_core.task.python.build:Building Python package in '/home/giang/ros2_myrobot/src/twist_stamper'
[4.192s] INFO:colcon.colcon_core.shell:Skip shell extension 'powershell' for command environment: Not usable outside of PowerShell
[4.192s] DEBUG:colcon.colcon_core.shell:Skip shell extension 'dsv' for command environment
[4.208s] DEBUG:colcon.colcon_core.event_handler.log_command:Invoked command in '/home/giang/ros2_myrobot/build/my_bot' returned '0': CMAKE_PREFIX_PATH=${CMAKE_PREFIX_PATH}:/home/giang/ros2_myrobot/install/twist_stamper:/home/giang/ros2_demo/install/autonomous_tb3:/home/giang/ros2_ws/install/my_robot_controller:/opt/ros/humble /usr/bin/cmake --build /home/giang/ros2_myrobot/build/my_bot -- -j6 -l6
[4.245s] DEBUG:colcon.colcon_core.event_handler.log_command:Invoking command in '/home/giang/ros2_myrobot/build/my_bot': CMAKE_PREFIX_PATH=${CMAKE_PREFIX_PATH}:/home/giang/ros2_myrobot/install/twist_stamper:/home/giang/ros2_demo/install/autonomous_tb3:/home/giang/ros2_ws/install/my_robot_controller:/opt/ros/humble /usr/bin/cmake --install /home/giang/ros2_myrobot/build/my_bot
[4.374s] Level 1:colcon.colcon_core.environment:create_environment_scripts_only(my_bot)
[4.374s] DEBUG:colcon.colcon_core.event_handler.log_command:Invoked command in '/home/giang/ros2_myrobot/build/my_bot' returned '0': CMAKE_PREFIX_PATH=${CMAKE_PREFIX_PATH}:/home/giang/ros2_myrobot/install/twist_stamper:/home/giang/ros2_demo/install/autonomous_tb3:/home/giang/ros2_ws/install/my_robot_controller:/opt/ros/humble /usr/bin/cmake --install /home/giang/ros2_myrobot/build/my_bot
[4.398s] Level 1:colcon.colcon_core.environment:checking '/home/giang/ros2_myrobot/install/my_bot' for CMake module files
[4.402s] Level 1:colcon.colcon_core.environment:checking '/home/giang/ros2_myrobot/install/my_bot' for CMake config files
[4.405s] Level 1:colcon.colcon_core.shell:create_environment_hook('my_bot', 'cmake_prefix_path')
[4.406s] INFO:colcon.colcon_core.shell:Creating environment hook '/home/giang/ros2_myrobot/install/my_bot/share/my_bot/hook/cmake_prefix_path.ps1'
[4.407s] INFO:colcon.colcon_core.shell:Creating environment descriptor '/home/giang/ros2_myrobot/install/my_bot/share/my_bot/hook/cmake_prefix_path.dsv'
[4.412s] INFO:colcon.colcon_core.shell:Creating environment hook '/home/giang/ros2_myrobot/install/my_bot/share/my_bot/hook/cmake_prefix_path.sh'
[4.417s] Level 1:colcon.colcon_core.environment:checking '/home/giang/ros2_myrobot/install/my_bot/bin'
[4.417s] Level 1:colcon.colcon_core.environment:checking '/home/giang/ros2_myrobot/install/my_bot/lib/pkgconfig/my_bot.pc'
[4.418s] Level 1:colcon.colcon_core.environment:checking '/home/giang/ros2_myrobot/install/my_bot/lib/python3.10/site-packages'
[4.419s] Level 1:colcon.colcon_core.environment:checking '/home/giang/ros2_myrobot/install/my_bot/bin'
[4.419s] INFO:colcon.colcon_core.shell:Creating package script '/home/giang/ros2_myrobot/install/my_bot/share/my_bot/package.ps1'
[4.424s] INFO:colcon.colcon_core.shell:Creating package descriptor '/home/giang/ros2_myrobot/install/my_bot/share/my_bot/package.dsv'
[4.427s] INFO:colcon.colcon_core.shell:Creating package script '/home/giang/ros2_myrobot/install/my_bot/share/my_bot/package.sh'
[4.430s] INFO:colcon.colcon_core.shell:Creating package script '/home/giang/ros2_myrobot/install/my_bot/share/my_bot/package.bash'
[4.435s] INFO:colcon.colcon_core.shell:Creating package script '/home/giang/ros2_myrobot/install/my_bot/share/my_bot/package.zsh'
[4.438s] Level 1:colcon.colcon_core.environment:create_file_with_runtime_dependencies(/home/giang/ros2_myrobot/install/my_bot/share/colcon-core/packages/my_bot)
[4.440s] Level 1:colcon.colcon_core.environment:create_environment_scripts_only(my_bot)
[4.441s] Level 1:colcon.colcon_core.environment:checking '/home/giang/ros2_myrobot/install/my_bot' for CMake module files
[4.442s] Level 1:colcon.colcon_core.environment:checking '/home/giang/ros2_myrobot/install/my_bot' for CMake config files
[4.442s] Level 1:colcon.colcon_core.shell:create_environment_hook('my_bot', 'cmake_prefix_path')
[4.443s] INFO:colcon.colcon_core.shell:Creating environment hook '/home/giang/ros2_myrobot/install/my_bot/share/my_bot/hook/cmake_prefix_path.ps1'
[4.445s] INFO:colcon.colcon_core.shell:Creating environment descriptor '/home/giang/ros2_myrobot/install/my_bot/share/my_bot/hook/cmake_prefix_path.dsv'
[4.447s] INFO:colcon.colcon_core.shell:Creating environment hook '/home/giang/ros2_myrobot/install/my_bot/share/my_bot/hook/cmake_prefix_path.sh'
[4.450s] Level 1:colcon.colcon_core.environment:checking '/home/giang/ros2_myrobot/install/my_bot/bin'
[4.451s] Level 1:colcon.colcon_core.environment:checking '/home/giang/ros2_myrobot/install/my_bot/lib/pkgconfig/my_bot.pc'
[4.451s] Level 1:colcon.colcon_core.environment:checking '/home/giang/ros2_myrobot/install/my_bot/lib/python3.10/site-packages'
[4.452s] Level 1:colcon.colcon_core.environment:checking '/home/giang/ros2_myrobot/install/my_bot/bin'
[4.453s] INFO:colcon.colcon_core.shell:Creating package script '/home/giang/ros2_myrobot/install/my_bot/share/my_bot/package.ps1'
[4.456s] INFO:colcon.colcon_core.shell:Creating package descriptor '/home/giang/ros2_myrobot/install/my_bot/share/my_bot/package.dsv'
[4.458s] INFO:colcon.colcon_core.shell:Creating package script '/home/giang/ros2_myrobot/install/my_bot/share/my_bot/package.sh'
[4.459s] INFO:colcon.colcon_core.shell:Creating package script '/home/giang/ros2_myrobot/install/my_bot/share/my_bot/package.bash'
[4.461s] INFO:colcon.colcon_core.shell:Creating package script '/home/giang/ros2_myrobot/install/my_bot/share/my_bot/package.zsh'
[4.462s] Level 1:colcon.colcon_core.environment:create_file_with_runtime_dependencies(/home/giang/ros2_myrobot/install/my_bot/share/colcon-core/packages/my_bot)
[4.663s] DEBUG:colcon.colcon_core.event_handler.log_command:Invoked command in '/home/giang/ros2_myrobot/build/stm32_diff_drive_msgs' returned '0': CMAKE_PREFIX_PATH=${CMAKE_PREFIX_PATH}:/home/giang/ros2_myrobot/install/twist_stamper:/home/giang/ros2_demo/install/autonomous_tb3:/home/giang/ros2_ws/install/my_robot_controller:/opt/ros/humble /usr/bin/cmake --build /home/giang/ros2_myrobot/build/stm32_diff_drive_msgs -- -j6 -l6
[4.671s] DEBUG:colcon.colcon_core.event_handler.log_command:Invoking command in '/home/giang/ros2_myrobot/build/stm32_diff_drive_msgs': CMAKE_PREFIX_PATH=${CMAKE_PREFIX_PATH}:/home/giang/ros2_myrobot/install/twist_stamper:/home/giang/ros2_demo/install/autonomous_tb3:/home/giang/ros2_ws/install/my_robot_controller:/opt/ros/humble /usr/bin/cmake --install /home/giang/ros2_myrobot/build/stm32_diff_drive_msgs
[4.976s] Level 1:colcon.colcon_core.environment:create_environment_scripts_only(stm32_diff_drive_msgs)
[4.976s] Level 1:colcon.colcon_core.environment:checking '/home/giang/ros2_myrobot/install/stm32_diff_drive_msgs' for CMake module files
[4.979s] DEBUG:colcon.colcon_core.event_handler.log_command:Invoked command in '/home/giang/ros2_myrobot/build/stm32_diff_drive_msgs' returned '0': CMAKE_PREFIX_PATH=${CMAKE_PREFIX_PATH}:/home/giang/ros2_myrobot/install/twist_stamper:/home/giang/ros2_demo/install/autonomous_tb3:/home/giang/ros2_ws/install/my_robot_controller:/opt/ros/humble /usr/bin/cmake --install /home/giang/ros2_myrobot/build/stm32_diff_drive_msgs
[4.981s] Level 1:colcon.colcon_core.environment:checking '/home/giang/ros2_myrobot/install/stm32_diff_drive_msgs' for CMake config files
[4.995s] Level 1:colcon.colcon_core.shell:create_environment_hook('stm32_diff_drive_msgs', 'cmake_prefix_path')
[4.996s] INFO:colcon.colcon_core.shell:Creating environment hook '/home/giang/ros2_myrobot/install/stm32_diff_drive_msgs/share/stm32_diff_drive_msgs/hook/cmake_prefix_path.ps1'
[4.998s] INFO:colcon.colcon_core.shell:Creating environment descriptor '/home/giang/ros2_myrobot/install/stm32_diff_drive_msgs/share/stm32_diff_drive_msgs/hook/cmake_prefix_path.dsv'
[4.999s] INFO:colcon.colcon_core.shell:Creating environment hook '/home/giang/ros2_myrobot/install/stm32_diff_drive_msgs/share/stm32_diff_drive_msgs/hook/cmake_prefix_path.sh'
[5.002s] Level 1:colcon.colcon_core.environment:checking '/home/giang/ros2_myrobot/install/stm32_diff_drive_msgs/lib'
[5.002s] Level 1:colcon.colcon_core.shell:create_environment_hook('stm32_diff_drive_msgs', 'ld_library_path_lib')
[5.003s] INFO:colcon.colcon_core.shell:Creating environment hook '/home/giang/ros2_myrobot/install/stm32_diff_drive_msgs/share/stm32_diff_drive_msgs/hook/ld_library_path_lib.ps1'
[5.004s] INFO:colcon.colcon_core.shell:Creating environment descriptor '/home/giang/ros2_myrobot/install/stm32_diff_drive_msgs/share/stm32_diff_drive_msgs/hook/ld_library_path_lib.dsv'
[5.006s] INFO:colcon.colcon_core.shell:Creating environment hook '/home/giang/ros2_myrobot/install/stm32_diff_drive_msgs/share/stm32_diff_drive_msgs/hook/ld_library_path_lib.sh'
[5.007s] Level 1:colcon.colcon_core.environment:checking '/home/giang/ros2_myrobot/install/stm32_diff_drive_msgs/bin'
[5.007s] Level 1:colcon.colcon_core.environment:checking '/home/giang/ros2_myrobot/install/stm32_diff_drive_msgs/lib/pkgconfig/stm32_diff_drive_msgs.pc'
[5.008s] Level 1:colcon.colcon_core.environment:checking '/home/giang/ros2_myrobot/install/stm32_diff_drive_msgs/lib/python3.10/site-packages'
[5.009s] Level 1:colcon.colcon_core.environment:checking '/home/giang/ros2_myrobot/install/stm32_diff_drive_msgs/bin'
[5.010s] INFO:colcon.colcon_core.shell:Creating package script '/home/giang/ros2_myrobot/install/stm32_diff_drive_msgs/share/stm32_diff_drive_msgs/package.ps1'
[5.012s] INFO:colcon.colcon_core.shell:Creating package descriptor '/home/giang/ros2_myrobot/install/stm32_diff_drive_msgs/share/stm32_diff_drive_msgs/package.dsv'
[5.013s] INFO:colcon.colcon_core.shell:Creating package script '/home/giang/ros2_myrobot/install/stm32_diff_drive_msgs/share/stm32_diff_drive_msgs/package.sh'
[5.014s] INFO:colcon.colcon_core.shell:Creating package script '/home/giang/ros2_myrobot/install/stm32_diff_drive_msgs/share/stm32_diff_drive_msgs/package.bash'
[5.016s] INFO:colcon.colcon_core.shell:Creating package script '/home/giang/ros2_myrobot/install/stm32_diff_drive_msgs/share/stm32_diff_drive_msgs/package.zsh'
[5.018s] Level 1:colcon.colcon_core.environment:create_file_with_runtime_dependencies(/home/giang/ros2_myrobot/install/stm32_diff_drive_msgs/share/colcon-core/packages/stm32_diff_drive_msgs)
[5.020s] Level 1:colcon.colcon_core.environment:create_environment_scripts_only(stm32_diff_drive_msgs)
[5.020s] Level 1:colcon.colcon_core.environment:checking '/home/giang/ros2_myrobot/install/stm32_diff_drive_msgs' for CMake module files
[5.022s] Level 1:colcon.colcon_core.environment:checking '/home/giang/ros2_myrobot/install/stm32_diff_drive_msgs' for CMake config files
[5.023s] Level 1:colcon.colcon_core.shell:create_environment_hook('stm32_diff_drive_msgs', 'cmake_prefix_path')
[5.024s] INFO:colcon.colcon_core.shell:Creating environment hook '/home/giang/ros2_myrobot/install/stm32_diff_drive_msgs/share/stm32_diff_drive_msgs/hook/cmake_prefix_path.ps1'
[5.025s] INFO:colcon.colcon_core.shell:Creating environment descriptor '/home/giang/ros2_myrobot/install/stm32_diff_drive_msgs/share/stm32_diff_drive_msgs/hook/cmake_prefix_path.dsv'
[5.027s] INFO:colcon.colcon_core.shell:Creating environment hook '/home/giang/ros2_myrobot/install/stm32_diff_drive_msgs/share/stm32_diff_drive_msgs/hook/cmake_prefix_path.sh'
[5.029s] Level 1:colcon.colcon_core.environment:checking '/home/giang/ros2_myrobot/install/stm32_diff_drive_msgs/lib'
[5.029s] Level 1:colcon.colcon_core.shell:create_environment_hook('stm32_diff_drive_msgs', 'ld_library_path_lib')
[5.030s] INFO:colcon.colcon_core.shell:Creating environment hook '/home/giang/ros2_myrobot/install/stm32_diff_drive_msgs/share/stm32_diff_drive_msgs/hook/ld_library_path_lib.ps1'
[5.031s] INFO:colcon.colcon_core.shell:Creating environment descriptor '/home/giang/ros2_myrobot/install/stm32_diff_drive_msgs/share/stm32_diff_drive_msgs/hook/ld_library_path_lib.dsv'
[5.033s] INFO:colcon.colcon_core.shell:Creating environment hook '/home/giang/ros2_myrobot/install/stm32_diff_drive_msgs/share/stm32_diff_drive_msgs/hook/ld_library_path_lib.sh'
[5.034s] Level 1:colcon.colcon_core.environment:checking '/home/giang/ros2_myrobot/install/stm32_diff_drive_msgs/bin'
[5.035s] Level 1:colcon.colcon_core.environment:checking '/home/giang/ros2_myrobot/install/stm32_diff_drive_msgs/lib/pkgconfig/stm32_diff_drive_msgs.pc'
[5.035s] Level 1:colcon.colcon_core.environment:checking '/home/giang/ros2_myrobot/install/stm32_diff_drive_msgs/lib/python3.10/site-packages'
[5.036s] Level 1:colcon.colcon_core.environment:checking '/home/giang/ros2_myrobot/install/stm32_diff_drive_msgs/bin'
[5.037s] INFO:colcon.colcon_core.shell:Creating package script '/home/giang/ros2_myrobot/install/stm32_diff_drive_msgs/share/stm32_diff_drive_msgs/package.ps1'
[5.039s] INFO:colcon.colcon_core.shell:Creating package descriptor '/home/giang/ros2_myrobot/install/stm32_diff_drive_msgs/share/stm32_diff_drive_msgs/package.dsv'
[5.041s] INFO:colcon.colcon_core.shell:Creating package script '/home/giang/ros2_myrobot/install/stm32_diff_drive_msgs/share/stm32_diff_drive_msgs/package.sh'
[5.042s] INFO:colcon.colcon_core.shell:Creating package script '/home/giang/ros2_myrobot/install/stm32_diff_drive_msgs/share/stm32_diff_drive_msgs/package.bash'
[5.043s] INFO:colcon.colcon_core.shell:Creating package script '/home/giang/ros2_myrobot/install/stm32_diff_drive_msgs/share/stm32_diff_drive_msgs/package.zsh'
[5.045s] Level 1:colcon.colcon_core.environment:create_file_with_runtime_dependencies(/home/giang/ros2_myrobot/install/stm32_diff_drive_msgs/share/colcon-core/packages/stm32_diff_drive_msgs)
[5.046s] INFO:colcon.colcon_ros.task.ament_cmake.build:Building ROS package in '/home/giang/ros2_myrobot/src/stm32_diff_drive_hardware' with build type 'ament_cmake'
[5.046s] INFO:colcon.colcon_cmake.task.cmake.build:Building CMake package in '/home/giang/ros2_myrobot/src/stm32_diff_drive_hardware'
[5.047s] INFO:colcon.colcon_core.shell:Skip shell extension 'powershell' for command environment: Not usable outside of PowerShell
[5.048s] DEBUG:colcon.colcon_core.shell:Skip shell extension 'dsv' for command environment
[5.092s] DEBUG:colcon.colcon_core.event_handler.log_command:Invoking command in '/home/giang/ros2_myrobot/build/stm32_diff_drive_hardware': CMAKE_PREFIX_PATH=/home/giang/ros2_myrobot/install/stm32_diff_drive_msgs:/home/giang/ros2_myrobot/install/stm32_diff_drive_hardware:/home/giang/ros2_myrobot/install/my_bot:/home/giang/ros2_ws/install/articubot_one:/home/giang/Workspaces/ros2_cpp_ws/install/udemy_ros2_pkg:/home/giang/ros2_myrobot/install/twist_stamper:/home/giang/ros2_demo/install/autonomous_tb3:/home/giang/ros2_ws/install/my_robot_controller:/opt/ros/humble LD_LIBRARY_PATH=/home/giang/ros2_myrobot/install/stm32_diff_drive_msgs/lib:/home/giang/ros2_myrobot/install/stm32_diff_drive_hardware/lib:/usr/lib/x86_64-linux-gnu/gazebo-11/plugins:/opt/ros/humble/opt/rviz_ogre_vendor/lib:/opt/ros/humble/lib/x86_64-linux-gnu:/opt/ros/humble/lib /usr/bin/cmake --build /home/giang/ros2_myrobot/build/stm32_diff_drive_hardware -- -j6 -l6
[5.871s] DEBUG:colcon.colcon_core.event_handler.log_command:Invoking command in '/home/giang/ros2_myrobot/build/twist_stamper': PYTHONPATH=/home/giang/ros2_myrobot/build/twist_stamper/prefix_override:/usr/lib/python3/dist-packages/colcon_core/task/python/colcon_distutils_commands:/home/giang/ros2_myrobot/install/twist_stamper/lib/python3.10/site-packages:${PYTHONPATH} /usr/bin/python3 -W ignore:setup.py install is deprecated -W ignore:easy_install command is deprecated setup.py develop --editable --build-directory /home/giang/ros2_myrobot/build/twist_stamper/build --no-deps symlink_data
[7.222s] Level 1:colcon.colcon_core.shell:create_environment_hook('twist_stamper', 'pythonpath_develop')
[7.223s] INFO:colcon.colcon_core.shell:Creating environment hook '/home/giang/ros2_myrobot/build/twist_stamper/share/twist_stamper/hook/pythonpath_develop.ps1'
[7.225s] DEBUG:colcon.colcon_core.event_handler.log_command:Invoked command in '/home/giang/ros2_myrobot/build/twist_stamper' returned '0': PYTHONPATH=/home/giang/ros2_myrobot/build/twist_stamper/prefix_override:/usr/lib/python3/dist-packages/colcon_core/task/python/colcon_distutils_commands:/home/giang/ros2_myrobot/install/twist_stamper/lib/python3.10/site-packages:${PYTHONPATH} /usr/bin/python3 -W ignore:setup.py install is deprecated -W ignore:easy_install command is deprecated setup.py develop --editable --build-directory /home/giang/ros2_myrobot/build/twist_stamper/build --no-deps symlink_data
[7.225s] INFO:colcon.colcon_core.shell:Creating environment descriptor '/home/giang/ros2_myrobot/build/twist_stamper/share/twist_stamper/hook/pythonpath_develop.dsv'
[7.227s] INFO:colcon.colcon_core.shell:Creating environment hook '/home/giang/ros2_myrobot/build/twist_stamper/share/twist_stamper/hook/pythonpath_develop.sh'
[7.231s] Level 1:colcon.colcon_core.environment:checking '/home/giang/ros2_myrobot/install/twist_stamper' for CMake module files
[7.233s] Level 1:colcon.colcon_core.environment:checking '/home/giang/ros2_myrobot/install/twist_stamper' for CMake config files
[7.234s] Level 1:colcon.colcon_core.environment:checking '/home/giang/ros2_myrobot/install/twist_stamper/lib'
[7.234s] Level 1:colcon.colcon_core.environment:checking '/home/giang/ros2_myrobot/install/twist_stamper/bin'
[7.234s] Level 1:colcon.colcon_core.environment:checking '/home/giang/ros2_myrobot/install/twist_stamper/lib/pkgconfig/twist_stamper.pc'
[7.235s] Level 1:colcon.colcon_core.environment:checking '/home/giang/ros2_myrobot/install/twist_stamper/lib/python3.10/site-packages'
[7.235s] Level 1:colcon.colcon_core.shell:create_environment_hook('twist_stamper', 'pythonpath')
[7.236s] INFO:colcon.colcon_core.shell:Creating environment hook '/home/giang/ros2_myrobot/install/twist_stamper/share/twist_stamper/hook/pythonpath.ps1'
[7.239s] INFO:colcon.colcon_core.shell:Creating environment descriptor '/home/giang/ros2_myrobot/install/twist_stamper/share/twist_stamper/hook/pythonpath.dsv'
[7.240s] INFO:colcon.colcon_core.shell:Creating environment hook '/home/giang/ros2_myrobot/install/twist_stamper/share/twist_stamper/hook/pythonpath.sh'
[7.242s] Level 1:colcon.colcon_core.environment:checking '/home/giang/ros2_myrobot/install/twist_stamper/bin'
[7.243s] Level 1:colcon.colcon_core.environment:create_environment_scripts_only(twist_stamper)
[7.244s] INFO:colcon.colcon_core.shell:Creating package script '/home/giang/ros2_myrobot/install/twist_stamper/share/twist_stamper/package.ps1'
[7.249s] INFO:colcon.colcon_core.shell:Creating package descriptor '/home/giang/ros2_myrobot/install/twist_stamper/share/twist_stamper/package.dsv'
[7.254s] INFO:colcon.colcon_core.shell:Creating package script '/home/giang/ros2_myrobot/install/twist_stamper/share/twist_stamper/package.sh'
[7.255s] INFO:colcon.colcon_core.shell:Creating package script '/home/giang/ros2_myrobot/install/twist_stamper/share/twist_stamper/package.bash'
[7.257s] INFO:colcon.colcon_core.shell:Creating package script '/home/giang/ros2_myrobot/install/twist_stamper/share/twist_stamper/package.zsh'
[7.259s] Level 1:colcon.colcon_core.environment:create_file_with_runtime_dependencies(/home/giang/ros2_myrobot/install/twist_stamper/share/colcon-core/packages/twist_stamper)
[40.352s] DEBUG:colcon.colcon_core.event_handler.log_command:Invoked command in '/home/giang/ros2_myrobot/build/stm32_diff_drive_hardware' returned '0': CMAKE_PREFIX_PATH=/home/giang/ros2_myrobot/install/stm32_diff_drive_msgs:/home/giang/ros2_myrobot/install/stm32_diff_drive_hardware:/home/giang/ros2_myrobot/install/my_bot:/home/giang/ros2_ws/install/articubot_one:/home/giang/Workspaces/ros2_cpp_ws/install/udemy_ros2_pkg:/home/giang/ros2_myrobot/install/twist_stamper:/home/giang/ros2_demo/install/autonomous_tb3:/home/giang/ros2_ws/install/my_robot_controller:/opt/ros/humble LD_LIBRARY_PATH=/home/giang/ros2_myrobot/install/stm32_diff_drive_msgs/lib:/home/giang/ros2_myrobot/install/stm32_diff_drive_hardware/lib:/usr/lib/x86_64-linux-gnu/gazebo-11/plugins:/opt/ros/humble/opt/rviz_ogre_vendor/lib:/opt/ros/humble/lib/x86_64-linux-gnu:/opt/ros/humble/lib /usr/bin/cmake --build /home/giang/ros2_myrobot/build/stm32_diff_drive_hardware -- -j6 -l6
[40.360s] DEBUG:colcon.colcon_core.event_handler.log_command:Invoking command in '/home/giang/ros2_myrobot/build/stm32_diff_drive_hardware': CMAKE_PREFIX_PATH=/home/giang/ros2_myrobot/install/stm32_diff_drive_msgs:/home/giang/ros2_myrobot/install/stm32_diff_drive_hardware:/home/giang/ros2_myrobot/install/my_bot:/home/giang/ros2_ws/install/articubot_one:/home/giang/Workspaces/ros2_cpp_ws/install/udemy_ros2_pkg:/home/giang/ros2_myrobot/install/twist_stamper:/home/giang/ros2_demo/install/autonomous_tb3:/home/giang/ros2_ws/install/my_robot_controller:/opt/ros/humble LD_LIBRARY_PATH=/home/giang/ros2_myrobot/install/stm32_diff_drive_msgs/lib:/home/giang/ros2_myrobot/install/stm32_diff_drive_hardware/lib:/usr/lib/x86_64-linux-gnu/gazebo-11/plugins:/opt/ros/humble/opt/rviz_ogre_vendor/lib:/opt/ros/humble/lib/x86_64-linux-gnu:/opt/ros/humble/lib /usr/bin/cmake --install /home/giang/ros2_myrobot/build/stm32_diff_drive_hardware
[40.429s] Level 1:colcon.colcon_core.environment:create_environment_scripts_only(stm32_diff_drive_hardware)
[40.430s] Level 1:colcon.colcon_core.environment:checking '/home/giang/ros2_myrobot/install/stm32_diff_drive_hardware' for CMake module files
[40.433s] Level 1:colcon.colcon_core.environment:checking '/home/giang/ros2_myrobot/install/stm32_diff_drive_hardware' for CMake config files
[40.433s] Level 1:colcon.colcon_core.shell:create_environment_hook('stm32_diff_drive_hardware', 'cmake_prefix_path')
[40.434s] INFO:colcon.colcon_core.shell:Creating environment hook '/home/giang/ros2_myrobot/install/stm32_diff_drive_hardware/share/stm32_diff_drive_hardware/hook/cmake_prefix_path.ps1'
[40.436s] DEBUG:colcon.colcon_core.event_handler.log_command:Invoked command in '/home/giang/ros2_myrobot/build/stm32_diff_drive_hardware' returned '0': CMAKE_PREFIX_PATH=/home/giang/ros2_myrobot/install/stm32_diff_drive_msgs:/home/giang/ros2_myrobot/install/stm32_diff_drive_hardware:/home/giang/ros2_myrobot/install/my_bot:/home/giang/ros2_ws/install/articubot_one:/home/giang/Workspaces/ros2_cpp_ws/install/udemy_ros2_pkg:/home/giang/ros2_myrobot/install/twist_stamper:/home/giang/ros2_demo/install/autonomous_tb3:/home/giang/ros2_ws/install/my_robot_controller:/opt/ros/humble LD_LIBRARY_PATH=/home/giang/ros2_myrobot/install/stm32_diff_drive_msgs/lib:/home/giang/ros2_myrobot/install/stm32_diff_drive_hardware/lib:/usr/lib/x86_64-linux-gnu/gazebo-11/plugins:/opt/ros/humble/opt/rviz_ogre_vendor/lib:/opt/ros/humble/lib/x86_64-linux-gnu:/opt/ros/humble/lib /usr/bin/cmake --install /home/giang/ros2_myrobot/build/stm32_diff_drive_hardware
[40.437s] INFO:colcon.colcon_core.shell:Creating environment descriptor '/home/giang/ros2_myrobot/install/stm32_diff_drive_hardware/share/stm32_diff_drive_hardware/hook/cmake_prefix_path.dsv'
[40.438s] INFO:colcon.colcon_core.shell:Creating environment hook '/home/giang/ros2_myrobot/install/stm32_diff_drive_hardware/share/stm32_diff_drive_hardware/hook/cmake_prefix_path.sh'
[40.440s] Level 1:colcon.colcon_core.environment:checking '/home/giang/ros2_myrobot/install/stm32_diff_drive_hardware/lib'
[40.440s] Level 1:colcon.colcon_core.shell:create_environment_hook('stm32_diff_drive_hardware', 'ld_library_path_lib')
[40.441s] INFO:colcon.colcon_core.shell:Creating environment hook '/home/giang/ros2_myrobot/install/stm32_diff_drive_hardware/share/stm32_diff_drive_hardware/hook/ld_library_path_lib.ps1'
[40.442s] INFO:colcon.colcon_core.shell:Creating environment descriptor '/home/giang/ros2_myrobot/install/stm32_diff_drive_hardware/share/stm32_diff_drive_hardware/hook/ld_library_path_lib.dsv'
[40.443s] INFO:colcon.colcon_core.shell:Creating environment hook '/home/giang/ros2_myrobot/install/stm32_diff_drive_hardware/share/stm32_diff_drive_hardware/hook/ld_library_path_lib.sh'
[40.445s] Level 1:colcon.colcon_core.environment:checking '/home/giang/ros2_myrobot/install/stm32_diff_drive_hardware/bin'
[40.445s] Level 1:colcon.colcon_core.environment:checking '/home/giang/ros2_myrobot/install/stm32_diff_drive_hardware/lib/pkgconfig/stm32_diff_drive_hardware.pc'
[40.446s] Level 1:colcon.colcon_core.environment:checking '/home/giang/ros2_myrobot/install/stm32_diff_drive_hardware/lib/python3.10/site-packages'
[40.446s] Level 1:colcon.colcon_core.environment:checking '/home/giang/ros2_myrobot/install/stm32_diff_drive_hardware/bin'
[40.447s] INFO:colcon.colcon_core.shell:Creating package script '/home/giang/ros2_myrobot/install/stm32_diff_drive_hardware/share/stm32_diff_drive_hardware/package.ps1'
[40.448s] INFO:colcon.colcon_core.shell:Creating package descriptor '/home/giang/ros2_myrobot/install/stm32_diff_drive_hardware/share/stm32_diff_drive_hardware/package.dsv'
[40.450s] INFO:colcon.colcon_core.shell:Creating package script '/home/giang/ros2_myrobot/install/stm32_diff_drive_hardware/share/stm32_diff_drive_hardware/package.sh'
[40.451s] INFO:colcon.colcon_core.shell:Creating package script '/home/giang/ros2_myrobot/install/stm32_diff_drive_hardware/share/stm32_diff_drive_hardware/package.bash'
[40.452s] INFO:colcon.colcon_core.shell:Creating package script '/home/giang/ros2_myrobot/install/stm32_diff_drive_hardware/share/stm32_diff_drive_hardware/package.zsh'
[40.454s] Level 1:colcon.colcon_core.environment:create_file_with_runtime_dependencies(/home/giang/ros2_myrobot/install/stm32_diff_drive_hardware/share/colcon-core/packages/stm32_diff_drive_hardware)
[40.455s] Level 1:colcon.colcon_core.environment:create_environment_scripts_only(stm32_diff_drive_hardware)
[40.456s] Level 1:colcon.colcon_core.environment:checking '/home/giang/ros2_myrobot/install/stm32_diff_drive_hardware' for CMake module files
[40.458s] Level 1:colcon.colcon_core.environment:checking '/home/giang/ros2_myrobot/install/stm32_diff_drive_hardware' for CMake config files
[40.458s] Level 1:colcon.colcon_core.shell:create_environment_hook('stm32_diff_drive_hardware', 'cmake_prefix_path')
[40.459s] INFO:colcon.colcon_core.shell:Creating environment hook '/home/giang/ros2_myrobot/install/stm32_diff_drive_hardware/share/stm32_diff_drive_hardware/hook/cmake_prefix_path.ps1'
[40.460s] INFO:colcon.colcon_core.shell:Creating environment descriptor '/home/giang/ros2_myrobot/install/stm32_diff_drive_hardware/share/stm32_diff_drive_hardware/hook/cmake_prefix_path.dsv'
[40.461s] INFO:colcon.colcon_core.shell:Creating environment hook '/home/giang/ros2_myrobot/install/stm32_diff_drive_hardware/share/stm32_diff_drive_hardware/hook/cmake_prefix_path.sh'
[40.463s] Level 1:colcon.colcon_core.environment:checking '/home/giang/ros2_myrobot/install/stm32_diff_drive_hardware/lib'
[40.463s] Level 1:colcon.colcon_core.shell:create_environment_hook('stm32_diff_drive_hardware', 'ld_library_path_lib')
[40.464s] INFO:colcon.colcon_core.shell:Creating environment hook '/home/giang/ros2_myrobot/install/stm32_diff_drive_hardware/share/stm32_diff_drive_hardware/hook/ld_library_path_lib.ps1'
[40.466s] INFO:colcon.colcon_core.shell:Creating environment descriptor '/home/giang/ros2_myrobot/install/stm32_diff_drive_hardware/share/stm32_diff_drive_hardware/hook/ld_library_path_lib.dsv'
[40.468s] INFO:colcon.colcon_core.shell:Creating environment hook '/home/giang/ros2_myrobot/install/stm32_diff_drive_hardware/share/stm32_diff_drive_hardware/hook/ld_library_path_lib.sh'
[40.469s] Level 1:colcon.colcon_core.environment:checking '/home/giang/ros2_myrobot/install/stm32_diff_drive_hardware/bin'
[40.470s] Level 1:colcon.colcon_core.environment:checking '/home/giang/ros2_myrobot/install/stm32_diff_drive_hardware/lib/pkgconfig/stm32_diff_drive_hardware.pc'
[40.471s] Level 1:colcon.colcon_core.environment:checking '/home/giang/ros2_myrobot/install/stm32_diff_drive_hardware/lib/python3.10/site-packages'
[40.472s] Level 1:colcon.colcon_core.environment:checking '/home/giang/ros2_myrobot/install/stm32_diff_drive_hardware/bin'
[40.473s] INFO:colcon.colcon_core.shell:Creating package script '/home/giang/ros2_myrobot/install/stm32_diff_drive_hardware/share/stm32_diff_drive_hardware/package.ps1'
[40.475s] INFO:colcon.colcon_core.shell:Creating package descriptor '/home/giang/ros2_myrobot/install/stm32_diff_drive_hardware/share/stm32_diff_drive_hardware/package.dsv'
[40.477s] INFO:colcon.colcon_core.shell:Creating package script '/home/giang/ros2_myrobot/install/stm32_diff_drive_hardware/share/stm32_diff_drive_hardware/package.sh'
[40.478s] INFO:colcon.colcon_core.shell:Creating package script '/home/giang/ros2_myrobot/install/stm32_diff_drive_hardware/share/stm32_diff_drive_hardware/package.bash'
[40.480s] INFO:colcon.colcon_core.shell:Creating package script '/home/giang/ros2_myrobot/install/stm32_diff_drive_hardware/share/stm32_diff_drive_hardware/package.zsh'
[40.481s] Level 1:colcon.colcon_core.environment:create_file_with_runtime_dependencies(/home/giang/ros2_myrobot/install/stm32_diff_drive_hardware/share/colcon-core/packages/stm32_diff_drive_hardware)
[40.482s] DEBUG:colcon.colcon_parallel_executor.executor.parallel:closing loop
[40.483s] DEBUG:colcon.colcon_parallel_executor.executor.parallel:loop closed
[40.483s] DEBUG:colcon.colcon_parallel_executor.executor.parallel:run_until_complete finished with '0'
[40.483s] DEBUG:colcon.colcon_core.event_reactor:joining thread
[40.526s] INFO:colcon.colcon_core.plugin_system:Skipping extension 'colcon_notification.desktop_notification.terminal_notifier': Not used on non-Darwin systems
[40.527s] INFO:colcon.colcon_core.plugin_system:Skipping extension 'colcon_notification.desktop_notification.win32': Not used on non-Windows systems
[40.527s] INFO:colcon.colcon_notification.desktop_notification:Sending desktop notification using 'notify2'
[40.911s] DEBUG:colcon.colcon_core.event_reactor:joined thread
[40.912s] INFO:colcon.colcon_core.shell:Creating prefix script '/home/giang/ros2_myrobot/install/local_setup.ps1'
[40.917s] INFO:colcon.colcon_core.shell:Creating prefix util module '/home/giang/ros2_myrobot/install/_local_setup_util_ps1.py'
[40.923s] INFO:colcon.colcon_core.shell:Creating prefix chain script '/home/giang/ros2_myrobot/install/setup.ps1'
[40.929s] INFO:colcon.colcon_core.shell:Creating prefix script '/home/giang/ros2_myrobot/install/local_setup.sh'
[40.935s] INFO:colcon.colcon_core.shell:Creating prefix util module '/home/giang/ros2_myrobot/install/_local_setup_util_sh.py'
[40.936s] INFO:colcon.colcon_core.shell:Creating prefix chain script '/home/giang/ros2_myrobot/install/setup.sh'
[40.943s] INFO:colcon.colcon_core.shell:Creating prefix script '/home/giang/ros2_myrobot/install/local_setup.bash'
[40.948s] INFO:colcon.colcon_core.shell:Creating prefix chain script '/home/giang/ros2_myrobot/install/setup.bash'
[40.951s] INFO:colcon.colcon_core.shell:Creating prefix script '/home/giang/ros2_myrobot/install/local_setup.zsh'
[40.953s] INFO:colcon.colcon_core.shell:Creating prefix chain script '/home/giang/ros2_myrobot/install/setup.zsh'
