-- The C compiler identification is GNU 11.4.0
-- The CXX compiler identification is GNU 11.4.0
-- Detecting C compiler ABI info
-- Detecting C compiler ABI info - done
-- Check for working C compiler: /usr/bin/cc - skipped
-- Detecting C compile features
-- Detecting C compile features - done
-- Detecting CXX compiler ABI info
-- Detecting CXX compiler ABI info - done
-- Check for working CXX compiler: /usr/bin/c++ - skipped
-- Detecting CXX compile features
-- Detecting CXX compile features - done
-- Found ament_cmake: 1.3.13 (/opt/ros/humble/share/ament_cmake/cmake)
-- Found Python3: /usr/bin/python3 (found version "3.10.12") found components: Interpreter 
-- Found rclcpp: 16.0.18 (/opt/ros/humble/share/rclcpp/cmake)
-- Found rosidl_generator_c: 3.1.8 (/opt/ros/humble/share/rosidl_generator_c/cmake)
-- Found rosidl_adapter: 3.1.8 (/opt/ros/humble/share/rosidl_adapter/cmake)
-- Found rosidl_generator_cpp: 3.1.8 (/opt/ros/humble/share/rosidl_generator_cpp/cmake)
-- Using all available rosidl_typesupport_c: rosidl_typesupport_fastrtps_c;rosidl_typesupport_introspection_c
-- Using all available rosidl_typesupport_cpp: rosidl_typesupport_fastrtps_cpp;rosidl_typesupport_introspection_cpp
-- Found rmw_implementation_cmake: 6.1.2 (/opt/ros/humble/share/rmw_implementation_cmake/cmake)
-- Found rmw_fastrtps_cpp: 6.2.10 (/opt/ros/humble/share/rmw_fastrtps_cpp/cmake)
-- Found OpenSSL: /usr/lib/x86_64-linux-gnu/libcrypto.so (found version "3.0.2")  
-- Found FastRTPS: /opt/ros/humble/include  
-- Using RMW implementation 'rmw_fastrtps_cpp' as default
-- Looking for pthread.h
-- Looking for pthread.h - found
-- Performing Test CMAKE_HAVE_LIBC_PTHREAD
-- Performing Test CMAKE_HAVE_LIBC_PTHREAD - Success
-- Found Threads: TRUE  
-- Found hardware_interface: 2.53.1 (/opt/ros/humble/share/hardware_interface/cmake)
-- Found stm32_diff_drive_msgs: 0.0.0 (/home/giang/ros2_myrobot/install/stm32_diff_drive_msgs/share/stm32_diff_drive_msgs/cmake)
-- Found ament_lint_auto: 0.12.15 (/opt/ros/humble/share/ament_lint_auto/cmake)
-- Added test 'cppcheck' to perform static code analysis on C / C++ code
-- Configured cppcheck include dirs: $<BUILD_INTERFACE:/home/giang/ros2_myrobot/src/stm32_diff_drive_hardware/include>
-- Configured cppcheck exclude dirs and/or files: 
-- Added test 'lint_cmake' to check CMake code style
-- Added test 'uncrustify' to check C / C++ code style
-- Configured uncrustify additional arguments: 
-- Added test 'xmllint' to check XML markup files
-- Configuring done
-- Generating done
-- Build files have been written to: /home/giang/ros2_myrobot/build/stm32_diff_drive_hardware
[ 50%] [32mBuilding CXX object CMakeFiles/stm32_diff_drive_hardware.dir/src/diff_drive_hardware.cpp.o[0m
[100%] [32m[1mLinking CXX shared library libstm32_diff_drive_hardware.so[0m
[100%] Built target stm32_diff_drive_hardware
-- Install configuration: ""
-- Installing: /home/giang/ros2_myrobot/install/stm32_diff_drive_hardware/share/stm32_diff_drive_hardware/stm32_diff_drive_hardware_plugin.xml
-- Installing: /home/giang/ros2_myrobot/install/stm32_diff_drive_hardware/lib/libstm32_diff_drive_hardware.so
-- Set runtime path of "/home/giang/ros2_myrobot/install/stm32_diff_drive_hardware/lib/libstm32_diff_drive_hardware.so" to ""
-- Installing: /home/giang/ros2_myrobot/install/stm32_diff_drive_hardware/include
-- Installing: /home/giang/ros2_myrobot/install/stm32_diff_drive_hardware/include/stm32_diff_drive_hardware
-- Installing: /home/giang/ros2_myrobot/install/stm32_diff_drive_hardware/include/stm32_diff_drive_hardware/diff_drive_hardware.hpp
-- Up-to-date: /home/giang/ros2_myrobot/install/stm32_diff_drive_hardware/share/stm32_diff_drive_hardware/stm32_diff_drive_hardware_plugin.xml
-- Installing: /home/giang/ros2_myrobot/install/stm32_diff_drive_hardware/share/stm32_diff_drive_hardware/environment/library_path.sh
-- Installing: /home/giang/ros2_myrobot/install/stm32_diff_drive_hardware/share/stm32_diff_drive_hardware/environment/library_path.dsv
-- Installing: /home/giang/ros2_myrobot/install/stm32_diff_drive_hardware/share/ament_index/resource_index/package_run_dependencies/stm32_diff_drive_hardware
-- Installing: /home/giang/ros2_myrobot/install/stm32_diff_drive_hardware/share/ament_index/resource_index/parent_prefix_path/stm32_diff_drive_hardware
-- Installing: /home/giang/ros2_myrobot/install/stm32_diff_drive_hardware/share/stm32_diff_drive_hardware/environment/ament_prefix_path.sh
-- Installing: /home/giang/ros2_myrobot/install/stm32_diff_drive_hardware/share/stm32_diff_drive_hardware/environment/ament_prefix_path.dsv
-- Installing: /home/giang/ros2_myrobot/install/stm32_diff_drive_hardware/share/stm32_diff_drive_hardware/environment/path.sh
-- Installing: /home/giang/ros2_myrobot/install/stm32_diff_drive_hardware/share/stm32_diff_drive_hardware/environment/path.dsv
-- Installing: /home/giang/ros2_myrobot/install/stm32_diff_drive_hardware/share/stm32_diff_drive_hardware/local_setup.bash
-- Installing: /home/giang/ros2_myrobot/install/stm32_diff_drive_hardware/share/stm32_diff_drive_hardware/local_setup.sh
-- Installing: /home/giang/ros2_myrobot/install/stm32_diff_drive_hardware/share/stm32_diff_drive_hardware/local_setup.zsh
-- Installing: /home/giang/ros2_myrobot/install/stm32_diff_drive_hardware/share/stm32_diff_drive_hardware/local_setup.dsv
-- Installing: /home/giang/ros2_myrobot/install/stm32_diff_drive_hardware/share/stm32_diff_drive_hardware/package.dsv
-- Installing: /home/giang/ros2_myrobot/install/stm32_diff_drive_hardware/share/ament_index/resource_index/packages/stm32_diff_drive_hardware
-- Installing: /home/giang/ros2_myrobot/install/stm32_diff_drive_hardware/share/ament_index/resource_index/hardware_interface__pluginlib__plugin/stm32_diff_drive_hardware
-- Installing: /home/giang/ros2_myrobot/install/stm32_diff_drive_hardware/share/stm32_diff_drive_hardware/cmake/ament_cmake_export_libraries-extras.cmake
-- Installing: /home/giang/ros2_myrobot/install/stm32_diff_drive_hardware/share/stm32_diff_drive_hardware/cmake/stm32_diff_drive_hardwareConfig.cmake
-- Installing: /home/giang/ros2_myrobot/install/stm32_diff_drive_hardware/share/stm32_diff_drive_hardware/cmake/stm32_diff_drive_hardwareConfig-version.cmake
-- Installing: /home/giang/ros2_myrobot/install/stm32_diff_drive_hardware/share/stm32_diff_drive_hardware/package.xml
