-- The C compiler identification is GNU 11.4.0
-- The CXX compiler identification is GNU 11.4.0
-- Detecting C compiler ABI info
-- Detecting C compiler ABI info - done
-- Check for working C compiler: /usr/bin/cc - skipped
-- Detecting C compile features
-- Detecting C compile features - done
-- Detecting CXX compiler ABI info
-- Detecting CXX compiler ABI info - done
-- Check for working CXX compiler: /usr/bin/c++ - skipped
-- Detecting CXX compile features
-- Detecting CXX compile features - done
-- Found ament_cmake: 1.3.13 (/opt/ros/humble/share/ament_cmake/cmake)
-- Found Python3: /usr/bin/python3 (found version "3.10.12") found components: Interpreter 
-- Found xacro: 2.1.1 (/opt/ros/humble/share/xacro/cmake)
-- Found rclcpp: 16.0.18 (/opt/ros/humble/share/rclcpp/cmake)
-- Found rosidl_generator_c: 3.1.8 (/opt/ros/humble/share/rosidl_generator_c/cmake)
-- Found rosidl_adapter: 3.1.8 (/opt/ros/humble/share/rosidl_adapter/cmake)
-- Found rosidl_generator_cpp: 3.1.8 (/opt/ros/humble/share/rosidl_generator_cpp/cmake)
-- Using all available rosidl_typesupport_c: rosidl_typesupport_fastrtps_c;rosidl_typesupport_introspection_c
-- Using all available rosidl_typesupport_cpp: rosidl_typesupport_fastrtps_cpp;rosidl_typesupport_introspection_cpp
-- Found rmw_implementation_cmake: 6.1.2 (/opt/ros/humble/share/rmw_implementation_cmake/cmake)
-- Found rmw_fastrtps_cpp: 6.2.10 (/opt/ros/humble/share/rmw_fastrtps_cpp/cmake)
-- Found OpenSSL: /usr/lib/x86_64-linux-gnu/libcrypto.so (found version "3.0.2")  
-- Found FastRTPS: /opt/ros/humble/include  
-- Using RMW implementation 'rmw_fastrtps_cpp' as default
-- Looking for pthread.h
-- Looking for pthread.h - found
-- Performing Test CMAKE_HAVE_LIBC_PTHREAD
-- Performing Test CMAKE_HAVE_LIBC_PTHREAD - Success
-- Found Threads: TRUE  
-- Found rclpy: 3.3.20 (/opt/ros/humble/share/rclpy/cmake)
-- Found robot_state_publisher: 3.0.3 (/opt/ros/humble/share/robot_state_publisher/cmake)
-- Found eigen3_cmake_module: 0.1.1 (/opt/ros/humble/share/eigen3_cmake_module/cmake)
-- Found Eigen3: TRUE (found version "3.4.0") 
-- Ensuring Eigen3 include directory is part of orocos-kdl CMake target
-- Found ros2_control: 2.53.1 (/opt/ros/humble/share/ros2_control/cmake)
-- Found diff_drive_controller: 2.52.1 (/opt/ros/humble/share/diff_drive_controller/cmake)
-- Found controller_manager: 2.53.1 (/opt/ros/humble/share/controller_manager/cmake)
-- Found slam_toolbox: 2.6.10 (/opt/ros/humble/share/slam_toolbox/cmake)
-- Setting assimp_DIR to: '/opt/ros/humble/share/rviz_assimp_vendor/cmake/../../../opt/rviz_assimp_vendor/lib/cmake/assimp-4.1'
-- Setting OGRE_DIR to: '/opt/ros/humble/share/rviz_ogre_vendor/cmake/../../../opt/rviz_ogre_vendor/lib/OGRE/cmake'
-- Found OGRE
--   static     : OFF
--   components : HLMS;MeshLodGenerator;Overlay;Paging;Property;RTShaderSystem;Terrain;Volume
--   plugins    : Plugin_BSPSceneManager;Plugin_OctreeSceneManager;Plugin_PCZSceneManager;Plugin_ParticleFX;RenderSystem_GL;RenderSystem_GL3Plus;Codec_STBI
--   media      : /opt/ros/humble/opt/rviz_ogre_vendor/share/OGRE/Media
-- OGRE_LIBRARIES: OgreHLMS;OgreMeshLodGenerator;OgreOverlay;OgrePaging;OgreProperty;OgreRTShaderSystem;OgreTerrain;OgreVolume;OgreMain
-- OGRE_LIBRARY_DIRS: /opt/ros/humble/opt/rviz_ogre_vendor/lib
-- OGRE_PLUGINS: Plugin_BSPSceneManager;Plugin_OctreeSceneManager;Plugin_PCZSceneManager;Plugin_ParticleFX;RenderSystem_GL;RenderSystem_GL3Plus;Codec_STBI
-- OGRE_PLUGIN_DIR: /opt/ros/humble/opt/rviz_ogre_vendor/lib/OGRE
-- rviz_ogre_vendor::OgreOverlay for IMPORTED_LOCATION_RELEASE: /opt/ros/humble/opt/rviz_ogre_vendor/lib/libOgreOverlay.so
-- rviz_ogre_vendor::OgreOverlay for IMPORTED_LOCATION_DEBUG: /opt/ros/humble/opt/rviz_ogre_vendor/lib/libOgreOverlay.so
-- rviz_ogre_vendor::OgreMain for IMPORTED_LOCATION_RELEASE: /opt/ros/humble/opt/rviz_ogre_vendor/lib/libOgreMain.so
-- rviz_ogre_vendor::OgreMain for IMPORTED_LOCATION_DEBUG: /opt/ros/humble/opt/rviz_ogre_vendor/lib/libOgreMain.so
-- Found ZLIB: /usr/lib/x86_64-linux-gnu/libz.so (found version "1.2.11") 
-- Found OpenGL: /usr/lib/x86_64-linux-gnu/libOpenGL.so   
-- Found X11: /usr/include   
-- Looking for XOpenDisplay in /usr/lib/x86_64-linux-gnu/libX11.so;/usr/lib/x86_64-linux-gnu/libXext.so
-- Looking for XOpenDisplay in /usr/lib/x86_64-linux-gnu/libX11.so;/usr/lib/x86_64-linux-gnu/libXext.so - found
-- Looking for gethostbyname
-- Looking for gethostbyname - found
-- Looking for connect
-- Looking for connect - found
-- Looking for remove
-- Looking for remove - found
-- Looking for shmat
-- Looking for shmat - found
-- Looking for IceConnectionNumber in ICE
-- Looking for IceConnectionNumber in ICE - found
-- library: /usr/lib/x86_64-linux-gnu/libcurl.so
-- Found ament_lint_auto: 0.12.15 (/opt/ros/humble/share/ament_lint_auto/cmake)
-- Configuring done
-- Generating done
-- Build files have been written to: /home/giang/ros2_myrobot/build/my_bot
-- Install configuration: ""
-- Installing: /home/giang/ros2_myrobot/install/my_bot/share/my_bot/launch
-- Installing: /home/giang/ros2_myrobot/install/my_bot/share/my_bot/launch/rsp.launch_v3.py
-- Installing: /home/giang/ros2_myrobot/install/my_bot/share/my_bot/launch/launch_robot.launch.py
-- Installing: /home/giang/ros2_myrobot/install/my_bot/share/my_bot/launch/online_async_launch.py
-- Installing: /home/giang/ros2_myrobot/install/my_bot/share/my_bot/launch/rsp.launch_v2.py
-- Installing: /home/giang/ros2_myrobot/install/my_bot/share/my_bot/launch/bringup.launch.py
-- Installing: /home/giang/ros2_myrobot/install/my_bot/share/my_bot/launch/rsp.launch.py
-- Installing: /home/giang/ros2_myrobot/install/my_bot/share/my_bot/description
-- Installing: /home/giang/ros2_myrobot/install/my_bot/share/my_bot/description/robot.urdf.xacro
-- Installing: /home/giang/ros2_myrobot/install/my_bot/share/my_bot/description/ros2_control.xacro
-- Installing: /home/giang/ros2_myrobot/install/my_bot/share/my_bot/meshes
-- Installing: /home/giang/ros2_myrobot/install/my_bot/share/my_bot/meshes/base_link.STL
-- Installing: /home/giang/ros2_myrobot/install/my_bot/share/my_bot/meshes/linkbanhtrai.STL
-- Installing: /home/giang/ros2_myrobot/install/my_bot/share/my_bot/meshes/linkphutruoc.STL
-- Installing: /home/giang/ros2_myrobot/install/my_bot/share/my_bot/meshes/linklidar.STL
-- Installing: /home/giang/ros2_myrobot/install/my_bot/share/my_bot/meshes/linkphusau.STL
-- Installing: /home/giang/ros2_myrobot/install/my_bot/share/my_bot/meshes/linkbanhphai.STL
-- Installing: /home/giang/ros2_myrobot/install/my_bot/share/my_bot/config
-- Installing: /home/giang/ros2_myrobot/install/my_bot/share/my_bot/config/c1_save.yaml
-- Installing: /home/giang/ros2_myrobot/install/my_bot/share/my_bot/config/view_bot.rviz
-- Installing: /home/giang/ros2_myrobot/install/my_bot/share/my_bot/config/empty.yaml
-- Installing: /home/giang/ros2_myrobot/install/my_bot/share/my_bot/config/c205_save.pgm
-- Installing: /home/giang/ros2_myrobot/install/my_bot/share/my_bot/config/c1_serialize.data
-- Installing: /home/giang/ros2_myrobot/install/my_bot/share/my_bot/config/mapper_params_online_async.yaml
-- Installing: /home/giang/ros2_myrobot/install/my_bot/share/my_bot/config/my_controllers.yaml
-- Installing: /home/giang/ros2_myrobot/install/my_bot/share/my_bot/config/c205_save.yaml
-- Installing: /home/giang/ros2_myrobot/install/my_bot/share/my_bot/config/c205_serialize.posegraph
-- Installing: /home/giang/ros2_myrobot/install/my_bot/share/my_bot/config/c1_save.pgm
-- Installing: /home/giang/ros2_myrobot/install/my_bot/share/my_bot/config/c205_serialize.data
-- Installing: /home/giang/ros2_myrobot/install/my_bot/share/my_bot/config/c1_serialize.posegraph
-- Installing: /home/giang/ros2_myrobot/install/my_bot/share/my_bot/worlds
-- Installing: /home/giang/ros2_myrobot/install/my_bot/share/my_bot/worlds/empty.world
-- Installing: /home/giang/ros2_myrobot/install/my_bot/share/my_bot/rviz
-- Installing: /home/giang/ros2_myrobot/install/my_bot/share/my_bot/rviz/mybot.rviz
-- Installing: /home/giang/ros2_myrobot/install/my_bot/share/my_bot/rviz/my_bot.rviz
-- Installing: /home/giang/ros2_myrobot/install/my_bot/share/ament_index/resource_index/package_run_dependencies/my_bot
-- Installing: /home/giang/ros2_myrobot/install/my_bot/share/ament_index/resource_index/parent_prefix_path/my_bot
-- Installing: /home/giang/ros2_myrobot/install/my_bot/share/my_bot/environment/ament_prefix_path.sh
-- Installing: /home/giang/ros2_myrobot/install/my_bot/share/my_bot/environment/ament_prefix_path.dsv
-- Installing: /home/giang/ros2_myrobot/install/my_bot/share/my_bot/environment/path.sh
-- Installing: /home/giang/ros2_myrobot/install/my_bot/share/my_bot/environment/path.dsv
-- Installing: /home/giang/ros2_myrobot/install/my_bot/share/my_bot/local_setup.bash
-- Installing: /home/giang/ros2_myrobot/install/my_bot/share/my_bot/local_setup.sh
-- Installing: /home/giang/ros2_myrobot/install/my_bot/share/my_bot/local_setup.zsh
-- Installing: /home/giang/ros2_myrobot/install/my_bot/share/my_bot/local_setup.dsv
-- Installing: /home/giang/ros2_myrobot/install/my_bot/share/my_bot/package.dsv
-- Installing: /home/giang/ros2_myrobot/install/my_bot/share/ament_index/resource_index/packages/my_bot
-- Installing: /home/giang/ros2_myrobot/install/my_bot/share/my_bot/cmake/my_botConfig.cmake
-- Installing: /home/giang/ros2_myrobot/install/my_bot/share/my_bot/cmake/my_botConfig-version.cmake
-- Installing: /home/giang/ros2_myrobot/install/my_bot/share/my_bot/package.xml
