[0.094s] Invoking command in '/home/giang/ros2_myrobot/build/my_bot': CMAKE_PREFIX_PATH=${CMAKE_PREFIX_PATH}:/home/giang/ros2_demo/install/autonomous_tb3:/home/giang/ros2_ws/install/my_robot_controller:/opt/ros/humble /usr/bin/cmake /home/giang/ros2_myrobot/src/my_bot -DCMAKE_INSTALL_PREFIX=/home/giang/ros2_myrobot/install/my_bot
[0.657s] -- The C compiler identification is GNU 11.4.0
[1.050s] -- The CXX compiler identification is GNU 11.4.0
[1.094s] -- Detecting C compiler ABI info
[1.322s] -- Detecting C compiler ABI info - done
[1.346s] -- Check for working C compiler: /usr/bin/cc - skipped
[1.348s] -- Detecting C compile features
[1.355s] -- Detecting C compile features - done
[1.367s] -- Detecting CXX compiler ABI info
[1.610s] -- Detecting CXX compiler ABI info - done
[1.626s] -- Check for working CXX compiler: /usr/bin/c++ - skipped
[1.627s] -- Detecting CXX compile features
[1.630s] -- Detecting CXX compile features - done
[1.695s] -- Found ament_cmake: 1.3.13 (/opt/ros/humble/share/ament_cmake/cmake)
[2.227s] -- Found Python3: /usr/bin/python3 (found version "3.10.12") found components: Interpreter 
[2.616s] -- Found xacro: 2.1.1 (/opt/ros/humble/share/xacro/cmake)
[2.631s] -- Found rclcpp: 16.0.18 (/opt/ros/humble/share/rclcpp/cmake)
[2.927s] -- Found rosidl_generator_c: 3.1.8 (/opt/ros/humble/share/rosidl_generator_c/cmake)
[2.948s] -- Found rosidl_adapter: 3.1.8 (/opt/ros/humble/share/rosidl_adapter/cmake)
[3.008s] -- Found rosidl_generator_cpp: 3.1.8 (/opt/ros/humble/share/rosidl_generator_cpp/cmake)
[3.088s] -- Using all available rosidl_typesupport_c: rosidl_typesupport_fastrtps_c;rosidl_typesupport_introspection_c
[3.132s] -- Using all available rosidl_typesupport_cpp: rosidl_typesupport_fastrtps_cpp;rosidl_typesupport_introspection_cpp
[3.375s] -- Found rmw_implementation_cmake: 6.1.2 (/opt/ros/humble/share/rmw_implementation_cmake/cmake)
[3.396s] -- Found rmw_fastrtps_cpp: 6.2.10 (/opt/ros/humble/share/rmw_fastrtps_cpp/cmake)
[3.771s] -- Found OpenSSL: /usr/lib/x86_64-linux-gnu/libcrypto.so (found version "3.0.2")  
[3.861s] -- Found FastRTPS: /opt/ros/humble/include  
[3.977s] -- Using RMW implementation 'rmw_fastrtps_cpp' as default
[4.032s] -- Looking for pthread.h
[4.300s] -- Looking for pthread.h - found
[4.300s] -- Performing Test CMAKE_HAVE_LIBC_PTHREAD
[4.535s] -- Performing Test CMAKE_HAVE_LIBC_PTHREAD - Success
[4.539s] -- Found Threads: TRUE  
[4.825s] -- Found rclpy: 3.3.20 (/opt/ros/humble/share/rclpy/cmake)
[4.835s] -- Found robot_state_publisher: 3.0.3 (/opt/ros/humble/share/robot_state_publisher/cmake)
[4.981s] -- Found eigen3_cmake_module: 0.1.1 (/opt/ros/humble/share/eigen3_cmake_module/cmake)
[4.987s] -- Found Eigen3: TRUE (found version "3.4.0") 
[4.987s] -- Ensuring Eigen3 include directory is part of orocos-kdl CMake target
[5.767s] -- Found ros2_control: 2.53.1 (/opt/ros/humble/share/ros2_control/cmake)
[5.775s] -- Found diff_drive_controller: 2.52.1 (/opt/ros/humble/share/diff_drive_controller/cmake)
[6.435s] -- Found controller_manager: 2.53.1 (/opt/ros/humble/share/controller_manager/cmake)
[6.563s] -- Found slam_toolbox: 2.6.10 (/opt/ros/humble/share/slam_toolbox/cmake)
[7.051s] -- Setting assimp_DIR to: '/opt/ros/humble/share/rviz_assimp_vendor/cmake/../../../opt/rviz_assimp_vendor/lib/cmake/assimp-4.1'
[7.116s] -- Setting OGRE_DIR to: '/opt/ros/humble/share/rviz_ogre_vendor/cmake/../../../opt/rviz_ogre_vendor/lib/OGRE/cmake'
[7.134s] -- Found OGRE
[7.134s] --   static     : OFF
[7.134s] --   components : HLMS;MeshLodGenerator;Overlay;Paging;Property;RTShaderSystem;Terrain;Volume
[7.134s] --   plugins    : Plugin_BSPSceneManager;Plugin_OctreeSceneManager;Plugin_PCZSceneManager;Plugin_ParticleFX;RenderSystem_GL;RenderSystem_GL3Plus;Codec_STBI
[7.134s] --   media      : /opt/ros/humble/opt/rviz_ogre_vendor/share/OGRE/Media
[7.135s] -- OGRE_LIBRARIES: OgreHLMS;OgreMeshLodGenerator;OgreOverlay;OgrePaging;OgreProperty;OgreRTShaderSystem;OgreTerrain;OgreVolume;OgreMain
[7.135s] -- OGRE_LIBRARY_DIRS: /opt/ros/humble/opt/rviz_ogre_vendor/lib
[7.135s] -- OGRE_PLUGINS: Plugin_BSPSceneManager;Plugin_OctreeSceneManager;Plugin_PCZSceneManager;Plugin_ParticleFX;RenderSystem_GL;RenderSystem_GL3Plus;Codec_STBI
[7.136s] -- OGRE_PLUGIN_DIR: /opt/ros/humble/opt/rviz_ogre_vendor/lib/OGRE
[7.136s] -- rviz_ogre_vendor::OgreOverlay for IMPORTED_LOCATION_RELEASE: /opt/ros/humble/opt/rviz_ogre_vendor/lib/libOgreOverlay.so
[7.136s] -- rviz_ogre_vendor::OgreOverlay for IMPORTED_LOCATION_DEBUG: /opt/ros/humble/opt/rviz_ogre_vendor/lib/libOgreOverlay.so
[7.137s] -- rviz_ogre_vendor::OgreMain for IMPORTED_LOCATION_RELEASE: /opt/ros/humble/opt/rviz_ogre_vendor/lib/libOgreMain.so
[7.137s] -- rviz_ogre_vendor::OgreMain for IMPORTED_LOCATION_DEBUG: /opt/ros/humble/opt/rviz_ogre_vendor/lib/libOgreMain.so
[7.219s] -- Found ZLIB: /usr/lib/x86_64-linux-gnu/libz.so (found version "1.2.11") 
[7.263s] -- Found OpenGL: /usr/lib/x86_64-linux-gnu/libOpenGL.so   
[7.680s] -- Found X11: /usr/include   
[7.687s] -- Looking for XOpenDisplay in /usr/lib/x86_64-linux-gnu/libX11.so;/usr/lib/x86_64-linux-gnu/libXext.so
[8.103s] -- Looking for XOpenDisplay in /usr/lib/x86_64-linux-gnu/libX11.so;/usr/lib/x86_64-linux-gnu/libXext.so - found
[8.103s] -- Looking for gethostbyname
[8.361s] -- Looking for gethostbyname - found
[8.361s] -- Looking for connect
[8.704s] -- Looking for connect - found
[8.718s] -- Looking for remove
[9.102s] -- Looking for remove - found
[9.106s] -- Looking for shmat
[9.467s] -- Looking for shmat - found
[9.473s] -- Looking for IceConnectionNumber in ICE
[9.958s] -- Looking for IceConnectionNumber in ICE - found
[10.489s] -- library: /usr/lib/x86_64-linux-gnu/libcurl.so
[11.164s] -- Found ament_lint_auto: 0.12.15 (/opt/ros/humble/share/ament_lint_auto/cmake)
[11.537s] -- Configuring done
[11.567s] -- Generating done
[11.598s] -- Build files have been written to: /home/giang/ros2_myrobot/build/my_bot
[11.667s] Invoked command in '/home/giang/ros2_myrobot/build/my_bot' returned '0': CMAKE_PREFIX_PATH=${CMAKE_PREFIX_PATH}:/home/giang/ros2_demo/install/autonomous_tb3:/home/giang/ros2_ws/install/my_robot_controller:/opt/ros/humble /usr/bin/cmake /home/giang/ros2_myrobot/src/my_bot -DCMAKE_INSTALL_PREFIX=/home/giang/ros2_myrobot/install/my_bot
[11.676s] Invoking command in '/home/giang/ros2_myrobot/build/my_bot': CMAKE_PREFIX_PATH=${CMAKE_PREFIX_PATH}:/home/giang/ros2_demo/install/autonomous_tb3:/home/giang/ros2_ws/install/my_robot_controller:/opt/ros/humble /usr/bin/cmake --build /home/giang/ros2_myrobot/build/my_bot -- -j6 -l6
[11.795s] Invoked command in '/home/giang/ros2_myrobot/build/my_bot' returned '0': CMAKE_PREFIX_PATH=${CMAKE_PREFIX_PATH}:/home/giang/ros2_demo/install/autonomous_tb3:/home/giang/ros2_ws/install/my_robot_controller:/opt/ros/humble /usr/bin/cmake --build /home/giang/ros2_myrobot/build/my_bot -- -j6 -l6
[11.842s] Invoking command in '/home/giang/ros2_myrobot/build/my_bot': CMAKE_PREFIX_PATH=${CMAKE_PREFIX_PATH}:/home/giang/ros2_demo/install/autonomous_tb3:/home/giang/ros2_ws/install/my_robot_controller:/opt/ros/humble /usr/bin/cmake --install /home/giang/ros2_myrobot/build/my_bot
[11.874s] -- Install configuration: ""
[11.877s] -- Installing: /home/giang/ros2_myrobot/install/my_bot/share/my_bot/launch
[11.877s] -- Installing: /home/giang/ros2_myrobot/install/my_bot/share/my_bot/launch/rsp.launch_v3.py
[11.877s] -- Installing: /home/giang/ros2_myrobot/install/my_bot/share/my_bot/launch/launch_robot.launch.py
[11.880s] -- Installing: /home/giang/ros2_myrobot/install/my_bot/share/my_bot/launch/online_async_launch.py
[11.881s] -- Installing: /home/giang/ros2_myrobot/install/my_bot/share/my_bot/launch/rsp.launch_v2.py
[11.881s] -- Installing: /home/giang/ros2_myrobot/install/my_bot/share/my_bot/launch/bringup.launch.py
[11.882s] -- Installing: /home/giang/ros2_myrobot/install/my_bot/share/my_bot/launch/rsp.launch.py
[11.882s] -- Installing: /home/giang/ros2_myrobot/install/my_bot/share/my_bot/description
[11.882s] -- Installing: /home/giang/ros2_myrobot/install/my_bot/share/my_bot/description/robot.urdf.xacro
[11.883s] -- Installing: /home/giang/ros2_myrobot/install/my_bot/share/my_bot/description/ros2_control.xacro
[11.887s] -- Installing: /home/giang/ros2_myrobot/install/my_bot/share/my_bot/meshes
[11.888s] -- Installing: /home/giang/ros2_myrobot/install/my_bot/share/my_bot/meshes/base_link.STL
[12.082s] -- Installing: /home/giang/ros2_myrobot/install/my_bot/share/my_bot/meshes/linkbanhtrai.STL
[12.102s] -- Installing: /home/giang/ros2_myrobot/install/my_bot/share/my_bot/meshes/linkphutruoc.STL
[12.108s] -- Installing: /home/giang/ros2_myrobot/install/my_bot/share/my_bot/meshes/linklidar.STL
[12.109s] -- Installing: /home/giang/ros2_myrobot/install/my_bot/share/my_bot/meshes/linkphusau.STL
[12.115s] -- Installing: /home/giang/ros2_myrobot/install/my_bot/share/my_bot/meshes/linkbanhphai.STL
[12.144s] -- Installing: /home/giang/ros2_myrobot/install/my_bot/share/my_bot/config
[12.144s] -- Installing: /home/giang/ros2_myrobot/install/my_bot/share/my_bot/config/c1_save.yaml
[12.146s] -- Installing: /home/giang/ros2_myrobot/install/my_bot/share/my_bot/config/view_bot.rviz
[12.146s] -- Installing: /home/giang/ros2_myrobot/install/my_bot/share/my_bot/config/empty.yaml
[12.147s] -- Installing: /home/giang/ros2_myrobot/install/my_bot/share/my_bot/config/c205_save.pgm
[12.150s] -- Installing: /home/giang/ros2_myrobot/install/my_bot/share/my_bot/config/c1_serialize.data
[12.157s] -- Installing: /home/giang/ros2_myrobot/install/my_bot/share/my_bot/config/mapper_params_online_async.yaml
[12.158s] -- Installing: /home/giang/ros2_myrobot/install/my_bot/share/my_bot/config/my_controllers.yaml
[12.160s] -- Installing: /home/giang/ros2_myrobot/install/my_bot/share/my_bot/config/c205_save.yaml
[12.160s] -- Installing: /home/giang/ros2_myrobot/install/my_bot/share/my_bot/config/c205_serialize.posegraph
[12.240s] -- Installing: /home/giang/ros2_myrobot/install/my_bot/share/my_bot/config/c1_save.pgm
[12.242s] -- Installing: /home/giang/ros2_myrobot/install/my_bot/share/my_bot/config/c205_serialize.data
[12.248s] -- Installing: /home/giang/ros2_myrobot/install/my_bot/share/my_bot/config/c1_serialize.posegraph
[12.333s] -- Installing: /home/giang/ros2_myrobot/install/my_bot/share/my_bot/worlds
[12.333s] -- Installing: /home/giang/ros2_myrobot/install/my_bot/share/my_bot/worlds/empty.world
[12.337s] -- Installing: /home/giang/ros2_myrobot/install/my_bot/share/my_bot/rviz
[12.337s] -- Installing: /home/giang/ros2_myrobot/install/my_bot/share/my_bot/rviz/mybot.rviz
[12.338s] -- Installing: /home/giang/ros2_myrobot/install/my_bot/share/my_bot/rviz/my_bot.rviz
[12.342s] -- Installing: /home/giang/ros2_myrobot/install/my_bot/share/ament_index/resource_index/package_run_dependencies/my_bot
[12.343s] -- Installing: /home/giang/ros2_myrobot/install/my_bot/share/ament_index/resource_index/parent_prefix_path/my_bot
[12.343s] -- Installing: /home/giang/ros2_myrobot/install/my_bot/share/my_bot/environment/ament_prefix_path.sh
[12.344s] -- Installing: /home/giang/ros2_myrobot/install/my_bot/share/my_bot/environment/ament_prefix_path.dsv
[12.344s] -- Installing: /home/giang/ros2_myrobot/install/my_bot/share/my_bot/environment/path.sh
[12.346s] -- Installing: /home/giang/ros2_myrobot/install/my_bot/share/my_bot/environment/path.dsv
[12.346s] -- Installing: /home/giang/ros2_myrobot/install/my_bot/share/my_bot/local_setup.bash
[12.347s] -- Installing: /home/giang/ros2_myrobot/install/my_bot/share/my_bot/local_setup.sh
[12.347s] -- Installing: /home/giang/ros2_myrobot/install/my_bot/share/my_bot/local_setup.zsh
[12.348s] -- Installing: /home/giang/ros2_myrobot/install/my_bot/share/my_bot/local_setup.dsv
[12.348s] -- Installing: /home/giang/ros2_myrobot/install/my_bot/share/my_bot/package.dsv
[12.348s] -- Installing: /home/giang/ros2_myrobot/install/my_bot/share/ament_index/resource_index/packages/my_bot
[12.349s] -- Installing: /home/giang/ros2_myrobot/install/my_bot/share/my_bot/cmake/my_botConfig.cmake
[12.350s] -- Installing: /home/giang/ros2_myrobot/install/my_bot/share/my_bot/cmake/my_botConfig-version.cmake
[12.351s] -- Installing: /home/giang/ros2_myrobot/install/my_bot/share/my_bot/package.xml
[12.358s] Invoked command in '/home/giang/ros2_myrobot/build/my_bot' returned '0': CMAKE_PREFIX_PATH=${CMAKE_PREFIX_PATH}:/home/giang/ros2_demo/install/autonomous_tb3:/home/giang/ros2_ws/install/my_robot_controller:/opt/ros/humble /usr/bin/cmake --install /home/giang/ros2_myrobot/build/my_bot
