[0.076s] Invoking command in '/home/giang/ros2_myrobot/build/my_bot': CMAKE_PREFIX_PATH=${CMAKE_PREFIX_PATH}:/home/giang/ros2_myrobot/install/twist_stamper:/home/giang/ros2_demo/install/autonomous_tb3:/home/giang/ros2_ws/install/my_robot_controller:/opt/ros/humble /usr/bin/cmake --build /home/giang/ros2_myrobot/build/my_bot -- -j6 -l6
[0.795s] Invoked command in '/home/giang/ros2_myrobot/build/my_bot' returned '0': CMAKE_PREFIX_PATH=${CMAKE_PREFIX_PATH}:/home/giang/ros2_myrobot/install/twist_stamper:/home/giang/ros2_demo/install/autonomous_tb3:/home/giang/ros2_ws/install/my_robot_controller:/opt/ros/humble /usr/bin/cmake --build /home/giang/ros2_myrobot/build/my_bot -- -j6 -l6
[0.817s] Invoking command in '/home/giang/ros2_myrobot/build/my_bot': CMAKE_PREFIX_PATH=${CMAKE_PREFIX_PATH}:/home/giang/ros2_myrobot/install/twist_stamper:/home/giang/ros2_demo/install/autonomous_tb3:/home/giang/ros2_ws/install/my_robot_controller:/opt/ros/humble /usr/bin/cmake --install /home/giang/ros2_myrobot/build/my_bot
[0.833s] -- Install configuration: ""
[0.834s] -- Execute custom install script
[0.837s] -- Up-to-date symlink: /home/giang/ros2_myrobot/install/my_bot/share/my_bot/launch/bringup.launch.py
[0.837s] -- Up-to-date symlink: /home/giang/ros2_myrobot/install/my_bot/share/my_bot/launch/launch_robot.launch.py
[0.838s] -- Up-to-date symlink: /home/giang/ros2_myrobot/install/my_bot/share/my_bot/launch/mission_node.py
[0.839s] -- Up-to-date symlink: /home/giang/ros2_myrobot/install/my_bot/share/my_bot/launch/online_async_launch.py
[0.840s] -- Up-to-date symlink: /home/giang/ros2_myrobot/install/my_bot/share/my_bot/launch/rsp.launch.py
[0.840s] -- Up-to-date symlink: /home/giang/ros2_myrobot/install/my_bot/share/my_bot/launch/rsp.launch_v2.py
[0.842s] -- Up-to-date symlink: /home/giang/ros2_myrobot/install/my_bot/share/my_bot/launch/rsp.launch_v3.py
[0.842s] -- Up-to-date symlink: /home/giang/ros2_myrobot/install/my_bot/share/my_bot/description/robot.urdf.xacro
[0.843s] -- Up-to-date symlink: /home/giang/ros2_myrobot/install/my_bot/share/my_bot/description/ros2_control.xacro
[0.844s] -- Up-to-date symlink: /home/giang/ros2_myrobot/install/my_bot/share/my_bot/meshes/base_link1.STL
[0.844s] -- Up-to-date symlink: /home/giang/ros2_myrobot/install/my_bot/share/my_bot/meshes/linkbanhphai.STL
[0.844s] -- Up-to-date symlink: /home/giang/ros2_myrobot/install/my_bot/share/my_bot/meshes/linkbanhtrai.STL
[0.844s] -- Up-to-date symlink: /home/giang/ros2_myrobot/install/my_bot/share/my_bot/meshes/linklidar.STL
[0.844s] -- Up-to-date symlink: /home/giang/ros2_myrobot/install/my_bot/share/my_bot/meshes/linkphusau.STL
[0.844s] -- Up-to-date symlink: /home/giang/ros2_myrobot/install/my_bot/share/my_bot/meshes/linkphutruoc.STL
[0.845s] -- Up-to-date symlink: /home/giang/ros2_myrobot/install/my_bot/share/my_bot/config/c1_save.pgm
[0.846s] -- Up-to-date symlink: /home/giang/ros2_myrobot/install/my_bot/share/my_bot/config/c1_save.yaml
[0.846s] -- Up-to-date symlink: /home/giang/ros2_myrobot/install/my_bot/share/my_bot/config/c1_serialize.data
[0.846s] -- Up-to-date symlink: /home/giang/ros2_myrobot/install/my_bot/share/my_bot/config/c1_serialize.posegraph
[0.847s] -- Up-to-date symlink: /home/giang/ros2_myrobot/install/my_bot/share/my_bot/config/c205_save.pgm
[0.847s] -- Up-to-date symlink: /home/giang/ros2_myrobot/install/my_bot/share/my_bot/config/c205_save.yaml
[0.848s] -- Up-to-date symlink: /home/giang/ros2_myrobot/install/my_bot/share/my_bot/config/c205_serialize.data
[0.848s] -- Up-to-date symlink: /home/giang/ros2_myrobot/install/my_bot/share/my_bot/config/c205_serialize.posegraph
[0.848s] -- Up-to-date symlink: /home/giang/ros2_myrobot/install/my_bot/share/my_bot/config/empty.yaml
[0.849s] -- Up-to-date symlink: /home/giang/ros2_myrobot/install/my_bot/share/my_bot/config/mapper_params_online_async.yaml
[0.850s] -- Up-to-date symlink: /home/giang/ros2_myrobot/install/my_bot/share/my_bot/config/my_controllers.yaml
[0.851s] -- Up-to-date symlink: /home/giang/ros2_myrobot/install/my_bot/share/my_bot/config/view_bot.rviz
[0.851s] -- Up-to-date symlink: /home/giang/ros2_myrobot/install/my_bot/share/my_bot/worlds/empty.world
[0.854s] -- Up-to-date symlink: /home/giang/ros2_myrobot/install/my_bot/share/my_bot/rviz/my_bot.rviz
[0.855s] -- Up-to-date symlink: /home/giang/ros2_myrobot/install/my_bot/share/my_bot/rviz/mybot.rviz
[0.855s] -- Up-to-date symlink: /home/giang/ros2_myrobot/install/my_bot/share/ament_index/resource_index/package_run_dependencies/my_bot
[0.855s] -- Up-to-date symlink: /home/giang/ros2_myrobot/install/my_bot/share/ament_index/resource_index/parent_prefix_path/my_bot
[0.855s] -- Up-to-date symlink: /home/giang/ros2_myrobot/install/my_bot/share/my_bot/environment/ament_prefix_path.sh
[0.855s] -- Up-to-date symlink: /home/giang/ros2_myrobot/install/my_bot/share/my_bot/environment/ament_prefix_path.dsv
[0.856s] -- Up-to-date symlink: /home/giang/ros2_myrobot/install/my_bot/share/my_bot/environment/path.sh
[0.858s] -- Up-to-date symlink: /home/giang/ros2_myrobot/install/my_bot/share/my_bot/environment/path.dsv
[0.859s] -- Up-to-date symlink: /home/giang/ros2_myrobot/install/my_bot/share/my_bot/local_setup.bash
[0.859s] -- Up-to-date symlink: /home/giang/ros2_myrobot/install/my_bot/share/my_bot/local_setup.sh
[0.859s] -- Up-to-date symlink: /home/giang/ros2_myrobot/install/my_bot/share/my_bot/local_setup.zsh
[0.859s] -- Up-to-date symlink: /home/giang/ros2_myrobot/install/my_bot/share/my_bot/local_setup.dsv
[0.860s] -- Symlinking: /home/giang/ros2_myrobot/install/my_bot/share/my_bot/package.dsv
[0.883s] -- Up-to-date symlink: /home/giang/ros2_myrobot/install/my_bot/share/ament_index/resource_index/packages/my_bot
[0.883s] -- Up-to-date symlink: /home/giang/ros2_myrobot/install/my_bot/share/my_bot/cmake/my_botConfig.cmake
[0.884s] -- Up-to-date symlink: /home/giang/ros2_myrobot/install/my_bot/share/my_bot/cmake/my_botConfig-version.cmake
[0.884s] -- Up-to-date symlink: /home/giang/ros2_myrobot/install/my_bot/share/my_bot/package.xml
[0.891s] Invoked command in '/home/giang/ros2_myrobot/build/my_bot' returned '0': CMAKE_PREFIX_PATH=${CMAKE_PREFIX_PATH}:/home/giang/ros2_myrobot/install/twist_stamper:/home/giang/ros2_demo/install/autonomous_tb3:/home/giang/ros2_ws/install/my_robot_controller:/opt/ros/humble /usr/bin/cmake --install /home/giang/ros2_myrobot/build/my_bot
