[0.048s] Invoking command in '/home/giang/ros2_myrobot/build/stm32_diff_drive_msgs': CMAKE_PREFIX_PATH=${CMAKE_PREFIX_PATH}:/home/giang/ros2_myrobot/install/twist_stamper:/home/giang/ros2_demo/install/autonomous_tb3:/home/giang/ros2_ws/install/my_robot_controller:/opt/ros/humble /usr/bin/cmake /home/giang/ros2_myrobot/src/stm32_diff_drive_msgs -DAMENT_CMAKE_SYMLINK_INSTALL=1 -DCMAKE_INSTALL_PREFIX=/home/giang/ros2_myrobot/install/stm32_diff_drive_msgs
[0.469s] -- The C compiler identification is GNU 11.4.0
[0.784s] -- The CXX compiler identification is GNU 11.4.0
[0.813s] -- Detecting C compiler ABI info
[1.005s] -- Detecting C compiler ABI info - done
[1.026s] -- Check for working C compiler: /usr/bin/cc - skipped
[1.028s] -- Detecting C compile features
[1.031s] -- Detecting C compile features - done
[1.042s] -- Detecting CXX compiler ABI info
[1.267s] -- Detecting CXX compiler ABI info - done
[1.307s] -- Check for working CXX compiler: /usr/bin/c++ - skipped
[1.309s] -- Detecting CXX compile features
[1.309s] -- Detecting CXX compile features - done
[1.322s] -- Found ament_cmake: 1.3.13 (/opt/ros/humble/share/ament_cmake/cmake)
[1.777s] -- Found Python3: /usr/bin/python3 (found version "3.10.12") found components: Interpreter 
[1.993s] -- Override CMake install command with custom implementation using symlinks instead of copying resources
[2.085s] -- Found ament_lint_auto: 0.12.15 (/opt/ros/humble/share/ament_lint_auto/cmake)
[2.331s] -- Found rosidl_default_generators: 1.2.0 (/opt/ros/humble/share/rosidl_default_generators/cmake)
[2.342s] -- Using all available rosidl_typesupport_c: rosidl_typesupport_fastrtps_c;rosidl_typesupport_introspection_c
[2.363s] -- Found rosidl_adapter: 3.1.8 (/opt/ros/humble/share/rosidl_adapter/cmake)
[2.465s] -- Using all available rosidl_typesupport_cpp: rosidl_typesupport_fastrtps_cpp;rosidl_typesupport_introspection_cpp
[2.891s] -- Found ament_cmake_ros: 0.10.0 (/opt/ros/humble/share/ament_cmake_ros/cmake)
[3.074s] -- Using all available rosidl_typesupport_c: rosidl_typesupport_fastrtps_c;rosidl_typesupport_introspection_c
[3.291s] -- Using all available rosidl_typesupport_cpp: rosidl_typesupport_fastrtps_cpp;rosidl_typesupport_introspection_cpp
[3.314s] -- Found PythonInterp: /usr/bin/python3 (found suitable version "3.10.12", minimum required is "3.6") 
[3.315s] -- Found python_cmake_module: 0.10.0 (/opt/ros/humble/share/python_cmake_module/cmake)
[3.341s] -- Found PythonLibs: /usr/lib/x86_64-linux-gnu/libpython3.10.so (found suitable version "3.10.12", minimum required is "3.5") 
[3.341s] -- Using PYTHON_EXECUTABLE: /usr/bin/python3
[3.341s] -- Using PYTHON_INCLUDE_DIRS: /usr/include/python3.10
[3.341s] -- Using PYTHON_LIBRARIES: /usr/lib/x86_64-linux-gnu/libpython3.10.so
[3.360s] -- Found PythonExtra: .so  
[3.394s] -- Added test 'copyright' to check source files copyright and LICENSE
[3.395s] -- Added test 'lint_cmake' to check CMake code style
[3.396s] -- Added test 'xmllint' to check XML markup files
[3.401s] -- Configuring done
[3.425s] -- Generating done
[3.434s] -- Build files have been written to: /home/giang/ros2_myrobot/build/stm32_diff_drive_msgs
[3.439s] Invoked command in '/home/giang/ros2_myrobot/build/stm32_diff_drive_msgs' returned '0': CMAKE_PREFIX_PATH=${CMAKE_PREFIX_PATH}:/home/giang/ros2_myrobot/install/twist_stamper:/home/giang/ros2_demo/install/autonomous_tb3:/home/giang/ros2_ws/install/my_robot_controller:/opt/ros/humble /usr/bin/cmake /home/giang/ros2_myrobot/src/stm32_diff_drive_msgs -DAMENT_CMAKE_SYMLINK_INSTALL=1 -DCMAKE_INSTALL_PREFIX=/home/giang/ros2_myrobot/install/stm32_diff_drive_msgs
[3.440s] Invoking command in '/home/giang/ros2_myrobot/build/stm32_diff_drive_msgs': CMAKE_PREFIX_PATH=${CMAKE_PREFIX_PATH}:/home/giang/ros2_myrobot/install/twist_stamper:/home/giang/ros2_demo/install/autonomous_tb3:/home/giang/ros2_ws/install/my_robot_controller:/opt/ros/humble /usr/bin/cmake --build /home/giang/ros2_myrobot/build/stm32_diff_drive_msgs -- -j6 -l6
[3.474s] [  2%] [34m[1mGenerating C code for ROS interfaces[0m
[3.481s] [  4%] [34m[1mGenerating C++ code for ROS interfaces[0m
[3.488s] [  4%] Built target ament_cmake_python_symlink_stm32_diff_drive_msgs
[3.658s] running egg_info
[3.659s] creating stm32_diff_drive_msgs.egg-info
[3.660s] writing stm32_diff_drive_msgs.egg-info/PKG-INFO
[3.660s] writing dependency_links to stm32_diff_drive_msgs.egg-info/dependency_links.txt
[3.660s] writing top-level names to stm32_diff_drive_msgs.egg-info/top_level.txt
[3.660s] writing manifest file 'stm32_diff_drive_msgs.egg-info/SOURCES.txt'
[3.661s] reading manifest file 'stm32_diff_drive_msgs.egg-info/SOURCES.txt'
[3.662s] writing manifest file 'stm32_diff_drive_msgs.egg-info/SOURCES.txt'
[3.686s] [  4%] Built target ament_cmake_python_build_stm32_diff_drive_msgs_egg
[3.771s] [  4%] Built target stm32_diff_drive_msgs__cpp
[3.779s] [  8%] [34m[1mGenerating C++ type support for eProsima Fast-RTPS[0m
[3.779s] [  8%] [34m[1mGenerating C++ introspection for ROS interfaces[0m
[3.779s] [ 10%] [34m[1mGenerating C++ type support dispatch for ROS interfaces[0m
[3.787s] [ 14%] [32mBuilding C object CMakeFiles/stm32_diff_drive_msgs__rosidl_generator_c.dir/rosidl_generator_c/stm32_diff_drive_msgs/msg/detail/motor_command__functions.c.o[0m
[3.788s] [ 14%] [32mBuilding C object CMakeFiles/stm32_diff_drive_msgs__rosidl_generator_c.dir/rosidl_generator_c/stm32_diff_drive_msgs/msg/detail/encoder_vals__functions.c.o[0m
[3.789s] [ 17%] [32mBuilding C object CMakeFiles/stm32_diff_drive_msgs__rosidl_generator_c.dir/rosidl_generator_c/stm32_diff_drive_msgs/msg/detail/motor_vels__functions.c.o[0m
[3.860s] [ 19%] [32m[1mLinking C shared library libstm32_diff_drive_msgs__rosidl_generator_c.so[0m
[3.894s] [ 19%] Built target stm32_diff_drive_msgs__rosidl_generator_c
[3.903s] [ 21%] [34m[1mGenerating C introspection for ROS interfaces[0m
[3.907s] [ 25%] [34m[1mGenerating C type support for eProsima Fast-RTPS[0m
[3.907s] [ 25%] [34m[1mGenerating C type support dispatch for ROS interfaces[0m
[4.033s] [ 27%] [32mBuilding CXX object CMakeFiles/stm32_diff_drive_msgs__rosidl_typesupport_cpp.dir/rosidl_typesupport_cpp/stm32_diff_drive_msgs/msg/motor_command__type_support.cpp.o[0m
[4.054s] [ 29%] [32mBuilding CXX object CMakeFiles/stm32_diff_drive_msgs__rosidl_typesupport_introspection_cpp.dir/rosidl_typesupport_introspection_cpp/stm32_diff_drive_msgs/msg/detail/motor_command__type_support.cpp.o[0m
[4.060s] [ 31%] [32mBuilding CXX object CMakeFiles/stm32_diff_drive_msgs__rosidl_typesupport_fastrtps_cpp.dir/rosidl_typesupport_fastrtps_cpp/stm32_diff_drive_msgs/msg/detail/dds_fastrtps/motor_command__type_support.cpp.o[0m
[4.153s] [ 34%] [32mBuilding CXX object CMakeFiles/stm32_diff_drive_msgs__rosidl_typesupport_c.dir/rosidl_typesupport_c/stm32_diff_drive_msgs/msg/motor_command__type_support.cpp.o[0m
[4.178s] [ 36%] [32mBuilding CXX object CMakeFiles/stm32_diff_drive_msgs__rosidl_typesupport_c.dir/rosidl_typesupport_c/stm32_diff_drive_msgs/msg/motor_vels__type_support.cpp.o[0m
[4.194s] [ 38%] [32mBuilding C object CMakeFiles/stm32_diff_drive_msgs__rosidl_typesupport_introspection_c.dir/rosidl_typesupport_introspection_c/stm32_diff_drive_msgs/msg/detail/motor_command__type_support.c.o[0m
[4.209s] [ 40%] [32mBuilding CXX object CMakeFiles/stm32_diff_drive_msgs__rosidl_typesupport_c.dir/rosidl_typesupport_c/stm32_diff_drive_msgs/msg/encoder_vals__type_support.cpp.o[0m
[4.227s] [ 42%] [32mBuilding C object CMakeFiles/stm32_diff_drive_msgs__rosidl_typesupport_introspection_c.dir/rosidl_typesupport_introspection_c/stm32_diff_drive_msgs/msg/detail/motor_vels__type_support.c.o[0m
[4.236s] [ 44%] [32m[1mLinking CXX shared library libstm32_diff_drive_msgs__rosidl_typesupport_c.so[0m
[4.245s] [ 46%] [32mBuilding CXX object CMakeFiles/stm32_diff_drive_msgs__rosidl_typesupport_fastrtps_c.dir/rosidl_typesupport_fastrtps_c/stm32_diff_drive_msgs/msg/detail/motor_command__type_support_c.cpp.o[0m
[4.261s] [ 48%] [32mBuilding C object CMakeFiles/stm32_diff_drive_msgs__rosidl_typesupport_introspection_c.dir/rosidl_typesupport_introspection_c/stm32_diff_drive_msgs/msg/detail/encoder_vals__type_support.c.o[0m
[4.282s] [ 51%] [32mBuilding CXX object CMakeFiles/stm32_diff_drive_msgs__rosidl_typesupport_cpp.dir/rosidl_typesupport_cpp/stm32_diff_drive_msgs/msg/motor_vels__type_support.cpp.o[0m
[4.283s] [ 51%] Built target stm32_diff_drive_msgs__rosidl_typesupport_c
[4.287s] [ 53%] [32m[1mLinking C shared library libstm32_diff_drive_msgs__rosidl_typesupport_introspection_c.so[0m
[4.297s] [ 55%] [32mBuilding CXX object CMakeFiles/stm32_diff_drive_msgs__rosidl_typesupport_fastrtps_c.dir/rosidl_typesupport_fastrtps_c/stm32_diff_drive_msgs/msg/detail/motor_vels__type_support_c.cpp.o[0m
[4.319s] [ 55%] Built target stm32_diff_drive_msgs__rosidl_typesupport_introspection_c
[4.328s] [ 57%] [32mBuilding CXX object CMakeFiles/stm32_diff_drive_msgs__rosidl_typesupport_cpp.dir/rosidl_typesupport_cpp/stm32_diff_drive_msgs/msg/encoder_vals__type_support.cpp.o[0m
[4.378s] [ 59%] [32mBuilding CXX object CMakeFiles/stm32_diff_drive_msgs__rosidl_typesupport_introspection_cpp.dir/rosidl_typesupport_introspection_cpp/stm32_diff_drive_msgs/msg/detail/motor_vels__type_support.cpp.o[0m
[4.401s] [ 61%] [32mBuilding CXX object CMakeFiles/stm32_diff_drive_msgs__rosidl_typesupport_fastrtps_cpp.dir/rosidl_typesupport_fastrtps_cpp/stm32_diff_drive_msgs/msg/detail/dds_fastrtps/motor_vels__type_support.cpp.o[0m
[4.511s] [ 63%] [32mBuilding CXX object CMakeFiles/stm32_diff_drive_msgs__rosidl_typesupport_fastrtps_c.dir/rosidl_typesupport_fastrtps_c/stm32_diff_drive_msgs/msg/detail/encoder_vals__type_support_c.cpp.o[0m
[4.535s] [ 65%] [32m[1mLinking CXX shared library libstm32_diff_drive_msgs__rosidl_typesupport_cpp.so[0m
[4.544s] [ 68%] [32mBuilding CXX object CMakeFiles/stm32_diff_drive_msgs__rosidl_typesupport_fastrtps_cpp.dir/rosidl_typesupport_fastrtps_cpp/stm32_diff_drive_msgs/msg/detail/dds_fastrtps/encoder_vals__type_support.cpp.o[0m
[4.566s] [ 70%] [32mBuilding CXX object CMakeFiles/stm32_diff_drive_msgs__rosidl_typesupport_introspection_cpp.dir/rosidl_typesupport_introspection_cpp/stm32_diff_drive_msgs/msg/detail/encoder_vals__type_support.cpp.o[0m
[4.574s] [ 70%] Built target stm32_diff_drive_msgs__rosidl_typesupport_cpp
[4.785s] [ 72%] [32m[1mLinking CXX shared library libstm32_diff_drive_msgs__rosidl_typesupport_fastrtps_c.so[0m
[4.835s] [ 74%] [32m[1mLinking CXX shared library libstm32_diff_drive_msgs__rosidl_typesupport_introspection_cpp.so[0m
[4.846s] [ 76%] [32m[1mLinking CXX shared library libstm32_diff_drive_msgs__rosidl_typesupport_fastrtps_cpp.so[0m
[4.849s] [ 76%] Built target stm32_diff_drive_msgs__rosidl_typesupport_fastrtps_c
[4.874s] [ 76%] Built target stm32_diff_drive_msgs__rosidl_typesupport_introspection_cpp
[4.906s] [ 76%] Built target stm32_diff_drive_msgs__rosidl_typesupport_fastrtps_cpp
[4.926s] [ 76%] Built target stm32_diff_drive_msgs
[4.952s] [ 78%] [34m[1mGenerating Python code for ROS interfaces[0m
[6.092s] [ 78%] Built target stm32_diff_drive_msgs__py
[6.144s] [ 80%] [32mBuilding C object CMakeFiles/stm32_diff_drive_msgs__rosidl_generator_py.dir/rosidl_generator_py/stm32_diff_drive_msgs/msg/_motor_command_s.c.o[0m
[6.145s] [ 85%] [32mBuilding C object CMakeFiles/stm32_diff_drive_msgs__rosidl_generator_py.dir/rosidl_generator_py/stm32_diff_drive_msgs/msg/_encoder_vals_s.c.o[0m
[6.145s] [ 82%] [32mBuilding C object CMakeFiles/stm32_diff_drive_msgs__rosidl_generator_py.dir/rosidl_generator_py/stm32_diff_drive_msgs/msg/_motor_vels_s.c.o[0m
[6.607s] [ 87%] [32m[1mLinking C shared library rosidl_generator_py/stm32_diff_drive_msgs/libstm32_diff_drive_msgs__rosidl_generator_py.so[0m
[6.671s] [ 87%] Built target stm32_diff_drive_msgs__rosidl_generator_py
[6.689s] [ 89%] [32mBuilding C object CMakeFiles/stm32_diff_drive_msgs__rosidl_typesupport_fastrtps_c__pyext.dir/rosidl_generator_py/stm32_diff_drive_msgs/_stm32_diff_drive_msgs_s.ep.rosidl_typesupport_fastrtps_c.c.o[0m
[6.690s] [ 91%] [32mBuilding C object CMakeFiles/stm32_diff_drive_msgs__rosidl_typesupport_introspection_c__pyext.dir/rosidl_generator_py/stm32_diff_drive_msgs/_stm32_diff_drive_msgs_s.ep.rosidl_typesupport_introspection_c.c.o[0m
[6.690s] [ 93%] [32mBuilding C object CMakeFiles/stm32_diff_drive_msgs__rosidl_typesupport_c__pyext.dir/rosidl_generator_py/stm32_diff_drive_msgs/_stm32_diff_drive_msgs_s.ep.rosidl_typesupport_c.c.o[0m
[6.777s] [ 95%] [32m[1mLinking C shared library rosidl_generator_py/stm32_diff_drive_msgs/stm32_diff_drive_msgs_s__rosidl_typesupport_introspection_c.cpython-310-x86_64-linux-gnu.so[0m
[6.777s] [ 97%] [32m[1mLinking C shared library rosidl_generator_py/stm32_diff_drive_msgs/stm32_diff_drive_msgs_s__rosidl_typesupport_fastrtps_c.cpython-310-x86_64-linux-gnu.so[0m
[6.779s] [100%] [32m[1mLinking C shared library rosidl_generator_py/stm32_diff_drive_msgs/stm32_diff_drive_msgs_s__rosidl_typesupport_c.cpython-310-x86_64-linux-gnu.so[0m
[6.804s] [100%] Built target stm32_diff_drive_msgs__rosidl_typesupport_introspection_c__pyext
[6.805s] [100%] Built target stm32_diff_drive_msgs__rosidl_typesupport_fastrtps_c__pyext
[6.808s] [100%] Built target stm32_diff_drive_msgs__rosidl_typesupport_c__pyext
[6.819s] Invoked command in '/home/giang/ros2_myrobot/build/stm32_diff_drive_msgs' returned '0': CMAKE_PREFIX_PATH=${CMAKE_PREFIX_PATH}:/home/giang/ros2_myrobot/install/twist_stamper:/home/giang/ros2_demo/install/autonomous_tb3:/home/giang/ros2_ws/install/my_robot_controller:/opt/ros/humble /usr/bin/cmake --build /home/giang/ros2_myrobot/build/stm32_diff_drive_msgs -- -j6 -l6
[6.821s] Invoking command in '/home/giang/ros2_myrobot/build/stm32_diff_drive_msgs': CMAKE_PREFIX_PATH=${CMAKE_PREFIX_PATH}:/home/giang/ros2_myrobot/install/twist_stamper:/home/giang/ros2_demo/install/autonomous_tb3:/home/giang/ros2_ws/install/my_robot_controller:/opt/ros/humble /usr/bin/cmake --install /home/giang/ros2_myrobot/build/stm32_diff_drive_msgs
[6.828s] -- Install configuration: ""
[6.830s] -- Execute custom install script
[6.830s] -- Symlinking: /home/giang/ros2_myrobot/install/stm32_diff_drive_msgs/share/ament_index/resource_index/rosidl_interfaces/stm32_diff_drive_msgs
[6.838s] -- Symlinking: /home/giang/ros2_myrobot/install/stm32_diff_drive_msgs/include/stm32_diff_drive_msgs/stm32_diff_drive_msgs/msg/detail/encoder_vals__functions.h
[6.845s] -- Symlinking: /home/giang/ros2_myrobot/install/stm32_diff_drive_msgs/include/stm32_diff_drive_msgs/stm32_diff_drive_msgs/msg/detail/encoder_vals__struct.h
[6.852s] -- Symlinking: /home/giang/ros2_myrobot/install/stm32_diff_drive_msgs/include/stm32_diff_drive_msgs/stm32_diff_drive_msgs/msg/detail/encoder_vals__type_support.h
[6.859s] -- Symlinking: /home/giang/ros2_myrobot/install/stm32_diff_drive_msgs/include/stm32_diff_drive_msgs/stm32_diff_drive_msgs/msg/detail/motor_command__functions.h
[6.866s] -- Symlinking: /home/giang/ros2_myrobot/install/stm32_diff_drive_msgs/include/stm32_diff_drive_msgs/stm32_diff_drive_msgs/msg/detail/motor_command__struct.h
[6.874s] -- Symlinking: /home/giang/ros2_myrobot/install/stm32_diff_drive_msgs/include/stm32_diff_drive_msgs/stm32_diff_drive_msgs/msg/detail/motor_command__type_support.h
[6.886s] -- Symlinking: /home/giang/ros2_myrobot/install/stm32_diff_drive_msgs/include/stm32_diff_drive_msgs/stm32_diff_drive_msgs/msg/detail/motor_vels__functions.h
[6.899s] -- Symlinking: /home/giang/ros2_myrobot/install/stm32_diff_drive_msgs/include/stm32_diff_drive_msgs/stm32_diff_drive_msgs/msg/detail/motor_vels__struct.h
[6.908s] -- Symlinking: /home/giang/ros2_myrobot/install/stm32_diff_drive_msgs/include/stm32_diff_drive_msgs/stm32_diff_drive_msgs/msg/detail/motor_vels__type_support.h
[6.919s] -- Symlinking: /home/giang/ros2_myrobot/install/stm32_diff_drive_msgs/include/stm32_diff_drive_msgs/stm32_diff_drive_msgs/msg/encoder_vals.h
[6.931s] -- Symlinking: /home/giang/ros2_myrobot/install/stm32_diff_drive_msgs/include/stm32_diff_drive_msgs/stm32_diff_drive_msgs/msg/motor_command.h
[6.945s] -- Symlinking: /home/giang/ros2_myrobot/install/stm32_diff_drive_msgs/include/stm32_diff_drive_msgs/stm32_diff_drive_msgs/msg/motor_vels.h
[6.957s] -- Symlinking: /home/giang/ros2_myrobot/install/stm32_diff_drive_msgs/include/stm32_diff_drive_msgs/stm32_diff_drive_msgs/msg/rosidl_generator_c__visibility_control.h
[6.967s] -- Symlinking: /home/giang/ros2_myrobot/install/stm32_diff_drive_msgs/share/stm32_diff_drive_msgs/environment/library_path.sh
[6.979s] -- Symlinking: /home/giang/ros2_myrobot/install/stm32_diff_drive_msgs/share/stm32_diff_drive_msgs/environment/library_path.dsv
[6.989s] -- Symlinking: /home/giang/ros2_myrobot/install/stm32_diff_drive_msgs/include/stm32_diff_drive_msgs/stm32_diff_drive_msgs/msg/detail/encoder_vals__rosidl_typesupport_fastrtps_c.h
[7.003s] -- Symlinking: /home/giang/ros2_myrobot/install/stm32_diff_drive_msgs/include/stm32_diff_drive_msgs/stm32_diff_drive_msgs/msg/detail/motor_command__rosidl_typesupport_fastrtps_c.h
[7.017s] -- Symlinking: /home/giang/ros2_myrobot/install/stm32_diff_drive_msgs/include/stm32_diff_drive_msgs/stm32_diff_drive_msgs/msg/detail/motor_vels__rosidl_typesupport_fastrtps_c.h
[7.030s] -- Symlinking: /home/giang/ros2_myrobot/install/stm32_diff_drive_msgs/include/stm32_diff_drive_msgs/stm32_diff_drive_msgs/msg/rosidl_typesupport_fastrtps_c__visibility_control.h
[7.045s] -- Symlinking: /home/giang/ros2_myrobot/install/stm32_diff_drive_msgs/include/stm32_diff_drive_msgs/stm32_diff_drive_msgs/msg/detail/encoder_vals__rosidl_typesupport_introspection_c.h
[7.059s] -- Symlinking: /home/giang/ros2_myrobot/install/stm32_diff_drive_msgs/include/stm32_diff_drive_msgs/stm32_diff_drive_msgs/msg/detail/motor_command__rosidl_typesupport_introspection_c.h
[7.072s] -- Symlinking: /home/giang/ros2_myrobot/install/stm32_diff_drive_msgs/include/stm32_diff_drive_msgs/stm32_diff_drive_msgs/msg/detail/motor_vels__rosidl_typesupport_introspection_c.h
[7.081s] -- Symlinking: /home/giang/ros2_myrobot/install/stm32_diff_drive_msgs/include/stm32_diff_drive_msgs/stm32_diff_drive_msgs/msg/rosidl_typesupport_introspection_c__visibility_control.h
[7.097s] -- Symlinking: /home/giang/ros2_myrobot/install/stm32_diff_drive_msgs/include/stm32_diff_drive_msgs/stm32_diff_drive_msgs/msg/detail/encoder_vals__builder.hpp
[7.105s] -- Symlinking: /home/giang/ros2_myrobot/install/stm32_diff_drive_msgs/include/stm32_diff_drive_msgs/stm32_diff_drive_msgs/msg/detail/encoder_vals__struct.hpp
[7.114s] -- Symlinking: /home/giang/ros2_myrobot/install/stm32_diff_drive_msgs/include/stm32_diff_drive_msgs/stm32_diff_drive_msgs/msg/detail/encoder_vals__traits.hpp
[7.123s] -- Symlinking: /home/giang/ros2_myrobot/install/stm32_diff_drive_msgs/include/stm32_diff_drive_msgs/stm32_diff_drive_msgs/msg/detail/encoder_vals__type_support.hpp
[7.131s] -- Symlinking: /home/giang/ros2_myrobot/install/stm32_diff_drive_msgs/include/stm32_diff_drive_msgs/stm32_diff_drive_msgs/msg/detail/motor_command__builder.hpp
[7.139s] -- Symlinking: /home/giang/ros2_myrobot/install/stm32_diff_drive_msgs/include/stm32_diff_drive_msgs/stm32_diff_drive_msgs/msg/detail/motor_command__struct.hpp
[7.149s] -- Symlinking: /home/giang/ros2_myrobot/install/stm32_diff_drive_msgs/include/stm32_diff_drive_msgs/stm32_diff_drive_msgs/msg/detail/motor_command__traits.hpp
[7.161s] -- Symlinking: /home/giang/ros2_myrobot/install/stm32_diff_drive_msgs/include/stm32_diff_drive_msgs/stm32_diff_drive_msgs/msg/detail/motor_command__type_support.hpp
[7.178s] -- Symlinking: /home/giang/ros2_myrobot/install/stm32_diff_drive_msgs/include/stm32_diff_drive_msgs/stm32_diff_drive_msgs/msg/detail/motor_vels__builder.hpp
[7.192s] -- Symlinking: /home/giang/ros2_myrobot/install/stm32_diff_drive_msgs/include/stm32_diff_drive_msgs/stm32_diff_drive_msgs/msg/detail/motor_vels__struct.hpp
[7.210s] -- Symlinking: /home/giang/ros2_myrobot/install/stm32_diff_drive_msgs/include/stm32_diff_drive_msgs/stm32_diff_drive_msgs/msg/detail/motor_vels__traits.hpp
[7.220s] -- Symlinking: /home/giang/ros2_myrobot/install/stm32_diff_drive_msgs/include/stm32_diff_drive_msgs/stm32_diff_drive_msgs/msg/detail/motor_vels__type_support.hpp
[7.241s] -- Symlinking: /home/giang/ros2_myrobot/install/stm32_diff_drive_msgs/include/stm32_diff_drive_msgs/stm32_diff_drive_msgs/msg/encoder_vals.hpp
[7.254s] -- Symlinking: /home/giang/ros2_myrobot/install/stm32_diff_drive_msgs/include/stm32_diff_drive_msgs/stm32_diff_drive_msgs/msg/motor_command.hpp
[7.269s] -- Symlinking: /home/giang/ros2_myrobot/install/stm32_diff_drive_msgs/include/stm32_diff_drive_msgs/stm32_diff_drive_msgs/msg/motor_vels.hpp
[7.279s] -- Symlinking: /home/giang/ros2_myrobot/install/stm32_diff_drive_msgs/include/stm32_diff_drive_msgs/stm32_diff_drive_msgs/msg/rosidl_generator_cpp__visibility_control.hpp
[7.293s] -- Symlinking: /home/giang/ros2_myrobot/install/stm32_diff_drive_msgs/include/stm32_diff_drive_msgs/stm32_diff_drive_msgs/msg/detail/encoder_vals__rosidl_typesupport_fastrtps_cpp.hpp
[7.309s] -- Symlinking: /home/giang/ros2_myrobot/install/stm32_diff_drive_msgs/include/stm32_diff_drive_msgs/stm32_diff_drive_msgs/msg/detail/motor_command__rosidl_typesupport_fastrtps_cpp.hpp
[7.319s] -- Symlinking: /home/giang/ros2_myrobot/install/stm32_diff_drive_msgs/include/stm32_diff_drive_msgs/stm32_diff_drive_msgs/msg/detail/motor_vels__rosidl_typesupport_fastrtps_cpp.hpp
[7.329s] -- Symlinking: /home/giang/ros2_myrobot/install/stm32_diff_drive_msgs/include/stm32_diff_drive_msgs/stm32_diff_drive_msgs/msg/rosidl_typesupport_fastrtps_cpp__visibility_control.h
[7.343s] -- Symlinking: /home/giang/ros2_myrobot/install/stm32_diff_drive_msgs/include/stm32_diff_drive_msgs/stm32_diff_drive_msgs/msg/detail/encoder_vals__rosidl_typesupport_introspection_cpp.hpp
[7.359s] -- Symlinking: /home/giang/ros2_myrobot/install/stm32_diff_drive_msgs/include/stm32_diff_drive_msgs/stm32_diff_drive_msgs/msg/detail/motor_command__rosidl_typesupport_introspection_cpp.hpp
[7.371s] -- Symlinking: /home/giang/ros2_myrobot/install/stm32_diff_drive_msgs/include/stm32_diff_drive_msgs/stm32_diff_drive_msgs/msg/detail/motor_vels__rosidl_typesupport_introspection_cpp.hpp
[7.382s] -- Symlinking: /home/giang/ros2_myrobot/install/stm32_diff_drive_msgs/share/stm32_diff_drive_msgs/environment/pythonpath.sh
[7.391s] -- Symlinking: /home/giang/ros2_myrobot/install/stm32_diff_drive_msgs/share/stm32_diff_drive_msgs/environment/pythonpath.dsv
[7.402s] -- Symlinking: /home/giang/ros2_myrobot/install/stm32_diff_drive_msgs/local/lib/python3.10/dist-packages/stm32_diff_drive_msgs-0.0.0-py3.10.egg-info/PKG-INFO
[7.412s] -- Symlinking: /home/giang/ros2_myrobot/install/stm32_diff_drive_msgs/local/lib/python3.10/dist-packages/stm32_diff_drive_msgs-0.0.0-py3.10.egg-info/SOURCES.txt
[7.423s] -- Symlinking: /home/giang/ros2_myrobot/install/stm32_diff_drive_msgs/local/lib/python3.10/dist-packages/stm32_diff_drive_msgs-0.0.0-py3.10.egg-info/dependency_links.txt
[7.434s] -- Symlinking: /home/giang/ros2_myrobot/install/stm32_diff_drive_msgs/local/lib/python3.10/dist-packages/stm32_diff_drive_msgs-0.0.0-py3.10.egg-info/top_level.txt
[7.450s] -- Symlinking: /home/giang/ros2_myrobot/install/stm32_diff_drive_msgs/local/lib/python3.10/dist-packages/stm32_diff_drive_msgs/__init__.py
[7.468s] -- Symlinking: /home/giang/ros2_myrobot/install/stm32_diff_drive_msgs/local/lib/python3.10/dist-packages/stm32_diff_drive_msgs/_stm32_diff_drive_msgs_s.ep.rosidl_typesupport_c.c
[7.482s] -- Symlinking: /home/giang/ros2_myrobot/install/stm32_diff_drive_msgs/local/lib/python3.10/dist-packages/stm32_diff_drive_msgs/_stm32_diff_drive_msgs_s.ep.rosidl_typesupport_fastrtps_c.c
[7.496s] -- Symlinking: /home/giang/ros2_myrobot/install/stm32_diff_drive_msgs/local/lib/python3.10/dist-packages/stm32_diff_drive_msgs/_stm32_diff_drive_msgs_s.ep.rosidl_typesupport_introspection_c.c
[7.513s] -- Symlinking: /home/giang/ros2_myrobot/install/stm32_diff_drive_msgs/local/lib/python3.10/dist-packages/stm32_diff_drive_msgs/libstm32_diff_drive_msgs__rosidl_generator_py.so
[7.526s] -- Symlinking: /home/giang/ros2_myrobot/install/stm32_diff_drive_msgs/local/lib/python3.10/dist-packages/stm32_diff_drive_msgs/msg/__init__.py
[7.544s] -- Symlinking: /home/giang/ros2_myrobot/install/stm32_diff_drive_msgs/local/lib/python3.10/dist-packages/stm32_diff_drive_msgs/msg/_encoder_vals.py
[7.559s] -- Symlinking: /home/giang/ros2_myrobot/install/stm32_diff_drive_msgs/local/lib/python3.10/dist-packages/stm32_diff_drive_msgs/msg/_encoder_vals_s.c
[7.576s] -- Symlinking: /home/giang/ros2_myrobot/install/stm32_diff_drive_msgs/local/lib/python3.10/dist-packages/stm32_diff_drive_msgs/msg/_motor_command.py
[7.591s] -- Symlinking: /home/giang/ros2_myrobot/install/stm32_diff_drive_msgs/local/lib/python3.10/dist-packages/stm32_diff_drive_msgs/msg/_motor_command_s.c
[7.610s] -- Symlinking: /home/giang/ros2_myrobot/install/stm32_diff_drive_msgs/local/lib/python3.10/dist-packages/stm32_diff_drive_msgs/msg/_motor_vels.py
[7.621s] -- Symlinking: /home/giang/ros2_myrobot/install/stm32_diff_drive_msgs/local/lib/python3.10/dist-packages/stm32_diff_drive_msgs/msg/_motor_vels_s.c
[7.636s] -- Symlinking: /home/giang/ros2_myrobot/install/stm32_diff_drive_msgs/local/lib/python3.10/dist-packages/stm32_diff_drive_msgs/stm32_diff_drive_msgs_s__rosidl_typesupport_c.cpython-310-x86_64-linux-gnu.so
[7.650s] -- Symlinking: /home/giang/ros2_myrobot/install/stm32_diff_drive_msgs/local/lib/python3.10/dist-packages/stm32_diff_drive_msgs/stm32_diff_drive_msgs_s__rosidl_typesupport_fastrtps_c.cpython-310-x86_64-linux-gnu.so
[7.662s] -- Symlinking: /home/giang/ros2_myrobot/install/stm32_diff_drive_msgs/local/lib/python3.10/dist-packages/stm32_diff_drive_msgs/stm32_diff_drive_msgs_s__rosidl_typesupport_introspection_c.cpython-310-x86_64-linux-gnu.so
[7.679s] -- Up-to-date symlink: /home/giang/ros2_myrobot/install/stm32_diff_drive_msgs/local/lib/python3.10/dist-packages/stm32_diff_drive_msgs/stm32_diff_drive_msgs_s__rosidl_typesupport_fastrtps_c.cpython-310-x86_64-linux-gnu.so
[7.679s] -- Up-to-date symlink: /home/giang/ros2_myrobot/install/stm32_diff_drive_msgs/local/lib/python3.10/dist-packages/stm32_diff_drive_msgs/stm32_diff_drive_msgs_s__rosidl_typesupport_introspection_c.cpython-310-x86_64-linux-gnu.so
[7.679s] -- Up-to-date symlink: /home/giang/ros2_myrobot/install/stm32_diff_drive_msgs/local/lib/python3.10/dist-packages/stm32_diff_drive_msgs/stm32_diff_drive_msgs_s__rosidl_typesupport_c.cpython-310-x86_64-linux-gnu.so
[7.679s] -- Symlinking: /home/giang/ros2_myrobot/install/stm32_diff_drive_msgs/share/stm32_diff_drive_msgs/msg/MotorCommand.idl
[7.694s] -- Symlinking: /home/giang/ros2_myrobot/install/stm32_diff_drive_msgs/share/stm32_diff_drive_msgs/msg/MotorVels.idl
[7.705s] -- Symlinking: /home/giang/ros2_myrobot/install/stm32_diff_drive_msgs/share/stm32_diff_drive_msgs/msg/EncoderVals.idl
[7.720s] -- Symlinking: /home/giang/ros2_myrobot/install/stm32_diff_drive_msgs/share/stm32_diff_drive_msgs/msg/MotorCommand.msg
[7.734s] -- Symlinking: /home/giang/ros2_myrobot/install/stm32_diff_drive_msgs/share/stm32_diff_drive_msgs/msg/MotorVels.msg
[7.748s] -- Symlinking: /home/giang/ros2_myrobot/install/stm32_diff_drive_msgs/share/stm32_diff_drive_msgs/msg/EncoderVals.msg
[7.762s] -- Symlinking: /home/giang/ros2_myrobot/install/stm32_diff_drive_msgs/share/ament_index/resource_index/package_run_dependencies/stm32_diff_drive_msgs
[7.776s] -- Symlinking: /home/giang/ros2_myrobot/install/stm32_diff_drive_msgs/share/ament_index/resource_index/parent_prefix_path/stm32_diff_drive_msgs
[7.791s] -- Symlinking: /home/giang/ros2_myrobot/install/stm32_diff_drive_msgs/share/stm32_diff_drive_msgs/environment/ament_prefix_path.sh
[7.806s] -- Symlinking: /home/giang/ros2_myrobot/install/stm32_diff_drive_msgs/share/stm32_diff_drive_msgs/environment/ament_prefix_path.dsv
[7.819s] -- Symlinking: /home/giang/ros2_myrobot/install/stm32_diff_drive_msgs/share/stm32_diff_drive_msgs/environment/path.sh
[7.830s] -- Symlinking: /home/giang/ros2_myrobot/install/stm32_diff_drive_msgs/share/stm32_diff_drive_msgs/environment/path.dsv
[7.839s] -- Symlinking: /home/giang/ros2_myrobot/install/stm32_diff_drive_msgs/share/stm32_diff_drive_msgs/local_setup.bash
[7.852s] -- Symlinking: /home/giang/ros2_myrobot/install/stm32_diff_drive_msgs/share/stm32_diff_drive_msgs/local_setup.sh
[7.863s] -- Symlinking: /home/giang/ros2_myrobot/install/stm32_diff_drive_msgs/share/stm32_diff_drive_msgs/local_setup.zsh
[7.875s] -- Symlinking: /home/giang/ros2_myrobot/install/stm32_diff_drive_msgs/share/stm32_diff_drive_msgs/local_setup.dsv
[7.888s] -- Symlinking: /home/giang/ros2_myrobot/install/stm32_diff_drive_msgs/share/stm32_diff_drive_msgs/package.dsv
[7.904s] -- Symlinking: /home/giang/ros2_myrobot/install/stm32_diff_drive_msgs/share/ament_index/resource_index/packages/stm32_diff_drive_msgs
[7.923s] -- Symlinking: /home/giang/ros2_myrobot/install/stm32_diff_drive_msgs/share/stm32_diff_drive_msgs/cmake/rosidl_cmake-extras.cmake
[7.939s] -- Symlinking: /home/giang/ros2_myrobot/install/stm32_diff_drive_msgs/share/stm32_diff_drive_msgs/cmake/ament_cmake_export_include_directories-extras.cmake
[7.949s] -- Symlinking: /home/giang/ros2_myrobot/install/stm32_diff_drive_msgs/share/stm32_diff_drive_msgs/cmake/ament_cmake_export_libraries-extras.cmake
[7.965s] -- Symlinking: /home/giang/ros2_myrobot/install/stm32_diff_drive_msgs/share/stm32_diff_drive_msgs/cmake/ament_cmake_export_targets-extras.cmake
[7.976s] -- Symlinking: /home/giang/ros2_myrobot/install/stm32_diff_drive_msgs/share/stm32_diff_drive_msgs/cmake/rosidl_cmake_export_typesupport_targets-extras.cmake
[7.985s] -- Symlinking: /home/giang/ros2_myrobot/install/stm32_diff_drive_msgs/share/stm32_diff_drive_msgs/cmake/ament_cmake_export_dependencies-extras.cmake
[7.998s] -- Symlinking: /home/giang/ros2_myrobot/install/stm32_diff_drive_msgs/share/stm32_diff_drive_msgs/cmake/rosidl_cmake_export_typesupport_libraries-extras.cmake
[8.009s] -- Symlinking: /home/giang/ros2_myrobot/install/stm32_diff_drive_msgs/share/stm32_diff_drive_msgs/cmake/stm32_diff_drive_msgsConfig.cmake
[8.022s] -- Symlinking: /home/giang/ros2_myrobot/install/stm32_diff_drive_msgs/share/stm32_diff_drive_msgs/cmake/stm32_diff_drive_msgsConfig-version.cmake
[8.030s] -- Symlinking: /home/giang/ros2_myrobot/install/stm32_diff_drive_msgs/share/stm32_diff_drive_msgs/package.xml
[8.041s] -- Installing: /home/giang/ros2_myrobot/install/stm32_diff_drive_msgs/lib/libstm32_diff_drive_msgs__rosidl_generator_c.so
[8.041s] -- Set runtime path of "/home/giang/ros2_myrobot/install/stm32_diff_drive_msgs/lib/libstm32_diff_drive_msgs__rosidl_generator_c.so" to ""
[8.041s] -- Installing: /home/giang/ros2_myrobot/install/stm32_diff_drive_msgs/lib/libstm32_diff_drive_msgs__rosidl_typesupport_fastrtps_c.so
[8.041s] -- Set runtime path of "/home/giang/ros2_myrobot/install/stm32_diff_drive_msgs/lib/libstm32_diff_drive_msgs__rosidl_typesupport_fastrtps_c.so" to ""
[8.041s] -- Installing: /home/giang/ros2_myrobot/install/stm32_diff_drive_msgs/lib/libstm32_diff_drive_msgs__rosidl_typesupport_introspection_c.so
[8.042s] -- Set runtime path of "/home/giang/ros2_myrobot/install/stm32_diff_drive_msgs/lib/libstm32_diff_drive_msgs__rosidl_typesupport_introspection_c.so" to ""
[8.042s] -- Installing: /home/giang/ros2_myrobot/install/stm32_diff_drive_msgs/lib/libstm32_diff_drive_msgs__rosidl_typesupport_c.so
[8.042s] -- Set runtime path of "/home/giang/ros2_myrobot/install/stm32_diff_drive_msgs/lib/libstm32_diff_drive_msgs__rosidl_typesupport_c.so" to ""
[8.044s] -- Installing: /home/giang/ros2_myrobot/install/stm32_diff_drive_msgs/lib/libstm32_diff_drive_msgs__rosidl_typesupport_fastrtps_cpp.so
[8.044s] -- Set runtime path of "/home/giang/ros2_myrobot/install/stm32_diff_drive_msgs/lib/libstm32_diff_drive_msgs__rosidl_typesupport_fastrtps_cpp.so" to ""
[8.044s] -- Installing: /home/giang/ros2_myrobot/install/stm32_diff_drive_msgs/lib/libstm32_diff_drive_msgs__rosidl_typesupport_introspection_cpp.so
[8.045s] -- Set runtime path of "/home/giang/ros2_myrobot/install/stm32_diff_drive_msgs/lib/libstm32_diff_drive_msgs__rosidl_typesupport_introspection_cpp.so" to ""
[8.045s] -- Installing: /home/giang/ros2_myrobot/install/stm32_diff_drive_msgs/lib/libstm32_diff_drive_msgs__rosidl_typesupport_cpp.so
[8.045s] -- Set runtime path of "/home/giang/ros2_myrobot/install/stm32_diff_drive_msgs/lib/libstm32_diff_drive_msgs__rosidl_typesupport_cpp.so" to ""
[8.093s] Listing '/home/giang/ros2_myrobot/install/stm32_diff_drive_msgs/local/lib/python3.10/dist-packages/stm32_diff_drive_msgs'...
[8.093s] Compiling '/home/giang/ros2_myrobot/install/stm32_diff_drive_msgs/local/lib/python3.10/dist-packages/stm32_diff_drive_msgs/__init__.py'...
[8.093s] Listing '/home/giang/ros2_myrobot/install/stm32_diff_drive_msgs/local/lib/python3.10/dist-packages/stm32_diff_drive_msgs/msg'...
[8.093s] Compiling '/home/giang/ros2_myrobot/install/stm32_diff_drive_msgs/local/lib/python3.10/dist-packages/stm32_diff_drive_msgs/msg/__init__.py'...
[8.093s] Compiling '/home/giang/ros2_myrobot/install/stm32_diff_drive_msgs/local/lib/python3.10/dist-packages/stm32_diff_drive_msgs/msg/_encoder_vals.py'...
[8.093s] Compiling '/home/giang/ros2_myrobot/install/stm32_diff_drive_msgs/local/lib/python3.10/dist-packages/stm32_diff_drive_msgs/msg/_motor_command.py'...
[8.093s] Compiling '/home/giang/ros2_myrobot/install/stm32_diff_drive_msgs/local/lib/python3.10/dist-packages/stm32_diff_drive_msgs/msg/_motor_vels.py'...
[8.102s] -- Installing: /home/giang/ros2_myrobot/install/stm32_diff_drive_msgs/lib/libstm32_diff_drive_msgs__rosidl_generator_py.so
[8.103s] -- Set runtime path of "/home/giang/ros2_myrobot/install/stm32_diff_drive_msgs/lib/libstm32_diff_drive_msgs__rosidl_generator_py.so" to ""
[8.104s] -- Installing: /home/giang/ros2_myrobot/install/stm32_diff_drive_msgs/share/stm32_diff_drive_msgs/cmake/export_stm32_diff_drive_msgs__rosidl_generator_cExport.cmake
[8.104s] -- Installing: /home/giang/ros2_myrobot/install/stm32_diff_drive_msgs/share/stm32_diff_drive_msgs/cmake/export_stm32_diff_drive_msgs__rosidl_generator_cExport-noconfig.cmake
[8.104s] -- Installing: /home/giang/ros2_myrobot/install/stm32_diff_drive_msgs/share/stm32_diff_drive_msgs/cmake/export_stm32_diff_drive_msgs__rosidl_typesupport_fastrtps_cExport.cmake
[8.104s] -- Installing: /home/giang/ros2_myrobot/install/stm32_diff_drive_msgs/share/stm32_diff_drive_msgs/cmake/export_stm32_diff_drive_msgs__rosidl_typesupport_fastrtps_cExport-noconfig.cmake
[8.105s] -- Installing: /home/giang/ros2_myrobot/install/stm32_diff_drive_msgs/share/stm32_diff_drive_msgs/cmake/stm32_diff_drive_msgs__rosidl_typesupport_introspection_cExport.cmake
[8.105s] -- Installing: /home/giang/ros2_myrobot/install/stm32_diff_drive_msgs/share/stm32_diff_drive_msgs/cmake/stm32_diff_drive_msgs__rosidl_typesupport_introspection_cExport-noconfig.cmake
[8.105s] -- Installing: /home/giang/ros2_myrobot/install/stm32_diff_drive_msgs/share/stm32_diff_drive_msgs/cmake/stm32_diff_drive_msgs__rosidl_typesupport_cExport.cmake
[8.105s] -- Installing: /home/giang/ros2_myrobot/install/stm32_diff_drive_msgs/share/stm32_diff_drive_msgs/cmake/stm32_diff_drive_msgs__rosidl_typesupport_cExport-noconfig.cmake
[8.106s] -- Installing: /home/giang/ros2_myrobot/install/stm32_diff_drive_msgs/share/stm32_diff_drive_msgs/cmake/export_stm32_diff_drive_msgs__rosidl_generator_cppExport.cmake
[8.106s] -- Installing: /home/giang/ros2_myrobot/install/stm32_diff_drive_msgs/share/stm32_diff_drive_msgs/cmake/export_stm32_diff_drive_msgs__rosidl_typesupport_fastrtps_cppExport.cmake
[8.106s] -- Installing: /home/giang/ros2_myrobot/install/stm32_diff_drive_msgs/share/stm32_diff_drive_msgs/cmake/export_stm32_diff_drive_msgs__rosidl_typesupport_fastrtps_cppExport-noconfig.cmake
[8.106s] -- Installing: /home/giang/ros2_myrobot/install/stm32_diff_drive_msgs/share/stm32_diff_drive_msgs/cmake/stm32_diff_drive_msgs__rosidl_typesupport_introspection_cppExport.cmake
[8.106s] -- Installing: /home/giang/ros2_myrobot/install/stm32_diff_drive_msgs/share/stm32_diff_drive_msgs/cmake/stm32_diff_drive_msgs__rosidl_typesupport_introspection_cppExport-noconfig.cmake
[8.106s] -- Installing: /home/giang/ros2_myrobot/install/stm32_diff_drive_msgs/share/stm32_diff_drive_msgs/cmake/stm32_diff_drive_msgs__rosidl_typesupport_cppExport.cmake
[8.106s] -- Installing: /home/giang/ros2_myrobot/install/stm32_diff_drive_msgs/share/stm32_diff_drive_msgs/cmake/stm32_diff_drive_msgs__rosidl_typesupport_cppExport-noconfig.cmake
[8.106s] -- Installing: /home/giang/ros2_myrobot/install/stm32_diff_drive_msgs/share/stm32_diff_drive_msgs/cmake/export_stm32_diff_drive_msgs__rosidl_generator_pyExport.cmake
[8.106s] -- Installing: /home/giang/ros2_myrobot/install/stm32_diff_drive_msgs/share/stm32_diff_drive_msgs/cmake/export_stm32_diff_drive_msgs__rosidl_generator_pyExport-noconfig.cmake
[8.111s] Invoked command in '/home/giang/ros2_myrobot/build/stm32_diff_drive_msgs' returned '0': CMAKE_PREFIX_PATH=${CMAKE_PREFIX_PATH}:/home/giang/ros2_myrobot/install/twist_stamper:/home/giang/ros2_demo/install/autonomous_tb3:/home/giang/ros2_ws/install/my_robot_controller:/opt/ros/humble /usr/bin/cmake --install /home/giang/ros2_myrobot/build/stm32_diff_drive_msgs
