[0.032s] Invoking command in '/home/giang/ros2_myrobot/build/stm32_diff_drive_hardware': CMAKE_PREFIX_PATH=/home/giang/ros2_myrobot/install/stm32_diff_drive_msgs:/home/giang/ros2_myrobot/install/stm32_diff_drive_hardware:/home/giang/ros2_myrobot/install/my_bot:/home/giang/ros2_ws/install/articubot_one:/home/giang/Workspaces/ros2_cpp_ws/install/udemy_ros2_pkg:/home/giang/ros2_myrobot/install/twist_stamper:/home/giang/ros2_demo/install/autonomous_tb3:/home/giang/ros2_ws/install/my_robot_controller:/opt/ros/humble LD_LIBRARY_PATH=/home/giang/ros2_myrobot/install/stm32_diff_drive_msgs/lib:/home/giang/ros2_myrobot/install/stm32_diff_drive_hardware/lib:/usr/lib/x86_64-linux-gnu/gazebo-11/plugins:/opt/ros/humble/opt/rviz_ogre_vendor/lib:/opt/ros/humble/lib/x86_64-linux-gnu:/opt/ros/humble/lib /usr/bin/cmake --build /home/giang/ros2_myrobot/build/stm32_diff_drive_hardware -- -j6 -l6
[0.143s] [35m[1mConsolidate compiler generated dependencies of target stm32_diff_drive_hardware[0m
[0.208s] [ 50%] [32mBuilding CXX object CMakeFiles/stm32_diff_drive_hardware.dir/src/diff_drive_hardware.cpp.o[0m
[35.185s] [100%] [32m[1mLinking CXX shared library libstm32_diff_drive_hardware.so[0m
[36.521s] [100%] Built target stm32_diff_drive_hardware
[36.547s] Invoked command in '/home/giang/ros2_myrobot/build/stm32_diff_drive_hardware' returned '0': CMAKE_PREFIX_PATH=/home/giang/ros2_myrobot/install/stm32_diff_drive_msgs:/home/giang/ros2_myrobot/install/stm32_diff_drive_hardware:/home/giang/ros2_myrobot/install/my_bot:/home/giang/ros2_ws/install/articubot_one:/home/giang/Workspaces/ros2_cpp_ws/install/udemy_ros2_pkg:/home/giang/ros2_myrobot/install/twist_stamper:/home/giang/ros2_demo/install/autonomous_tb3:/home/giang/ros2_ws/install/my_robot_controller:/opt/ros/humble LD_LIBRARY_PATH=/home/giang/ros2_myrobot/install/stm32_diff_drive_msgs/lib:/home/giang/ros2_myrobot/install/stm32_diff_drive_hardware/lib:/usr/lib/x86_64-linux-gnu/gazebo-11/plugins:/opt/ros/humble/opt/rviz_ogre_vendor/lib:/opt/ros/humble/lib/x86_64-linux-gnu:/opt/ros/humble/lib /usr/bin/cmake --build /home/giang/ros2_myrobot/build/stm32_diff_drive_hardware -- -j6 -l6
[36.549s] Invoking command in '/home/giang/ros2_myrobot/build/stm32_diff_drive_hardware': CMAKE_PREFIX_PATH=/home/giang/ros2_myrobot/install/stm32_diff_drive_msgs:/home/giang/ros2_myrobot/install/stm32_diff_drive_hardware:/home/giang/ros2_myrobot/install/my_bot:/home/giang/ros2_ws/install/articubot_one:/home/giang/Workspaces/ros2_cpp_ws/install/udemy_ros2_pkg:/home/giang/ros2_myrobot/install/twist_stamper:/home/giang/ros2_demo/install/autonomous_tb3:/home/giang/ros2_ws/install/my_robot_controller:/opt/ros/humble LD_LIBRARY_PATH=/home/giang/ros2_myrobot/install/stm32_diff_drive_msgs/lib:/home/giang/ros2_myrobot/install/stm32_diff_drive_hardware/lib:/usr/lib/x86_64-linux-gnu/gazebo-11/plugins:/opt/ros/humble/opt/rviz_ogre_vendor/lib:/opt/ros/humble/lib/x86_64-linux-gnu:/opt/ros/humble/lib /usr/bin/cmake --install /home/giang/ros2_myrobot/build/stm32_diff_drive_hardware
[36.561s] -- Install configuration: ""
[36.562s] -- Execute custom install script
[36.562s] -- Up-to-date symlink: /home/giang/ros2_myrobot/install/stm32_diff_drive_hardware/share/stm32_diff_drive_hardware//stm32_diff_drive_hardware_plugin.xml
[36.563s] -- Up-to-date symlink: /home/giang/ros2_myrobot/install/stm32_diff_drive_hardware/lib/libstm32_diff_drive_hardware.so
[36.564s] -- Up-to-date symlink: /home/giang/ros2_myrobot/install/stm32_diff_drive_hardware/include/stm32_diff_drive_hardware/diff_drive_hardware.hpp
[36.565s] -- Up-to-date symlink: /home/giang/ros2_myrobot/install/stm32_diff_drive_hardware/share/stm32_diff_drive_hardware/stm32_diff_drive_hardware_plugin.xml
[36.565s] -- Up-to-date symlink: /home/giang/ros2_myrobot/install/stm32_diff_drive_hardware/share/stm32_diff_drive_hardware/environment/library_path.sh
[36.565s] -- Up-to-date symlink: /home/giang/ros2_myrobot/install/stm32_diff_drive_hardware/share/stm32_diff_drive_hardware/environment/library_path.dsv
[36.566s] -- Up-to-date symlink: /home/giang/ros2_myrobot/install/stm32_diff_drive_hardware/share/ament_index/resource_index/package_run_dependencies/stm32_diff_drive_hardware
[36.567s] -- Up-to-date symlink: /home/giang/ros2_myrobot/install/stm32_diff_drive_hardware/share/ament_index/resource_index/parent_prefix_path/stm32_diff_drive_hardware
[36.567s] -- Up-to-date symlink: /home/giang/ros2_myrobot/install/stm32_diff_drive_hardware/share/stm32_diff_drive_hardware/environment/ament_prefix_path.sh
[36.567s] -- Up-to-date symlink: /home/giang/ros2_myrobot/install/stm32_diff_drive_hardware/share/stm32_diff_drive_hardware/environment/ament_prefix_path.dsv
[36.567s] -- Up-to-date symlink: /home/giang/ros2_myrobot/install/stm32_diff_drive_hardware/share/stm32_diff_drive_hardware/environment/path.sh
[36.568s] -- Up-to-date symlink: /home/giang/ros2_myrobot/install/stm32_diff_drive_hardware/share/stm32_diff_drive_hardware/environment/path.dsv
[36.568s] -- Up-to-date symlink: /home/giang/ros2_myrobot/install/stm32_diff_drive_hardware/share/stm32_diff_drive_hardware/local_setup.bash
[36.568s] -- Up-to-date symlink: /home/giang/ros2_myrobot/install/stm32_diff_drive_hardware/share/stm32_diff_drive_hardware/local_setup.sh
[36.568s] -- Up-to-date symlink: /home/giang/ros2_myrobot/install/stm32_diff_drive_hardware/share/stm32_diff_drive_hardware/local_setup.zsh
[36.569s] -- Up-to-date symlink: /home/giang/ros2_myrobot/install/stm32_diff_drive_hardware/share/stm32_diff_drive_hardware/local_setup.dsv
[36.569s] -- Symlinking: /home/giang/ros2_myrobot/install/stm32_diff_drive_hardware/share/stm32_diff_drive_hardware/package.dsv
[36.586s] -- Up-to-date symlink: /home/giang/ros2_myrobot/install/stm32_diff_drive_hardware/share/ament_index/resource_index/packages/stm32_diff_drive_hardware
[36.586s] -- Up-to-date symlink: /home/giang/ros2_myrobot/install/stm32_diff_drive_hardware/share/ament_index/resource_index/hardware_interface__pluginlib__plugin/stm32_diff_drive_hardware
[36.587s] -- Up-to-date symlink: /home/giang/ros2_myrobot/install/stm32_diff_drive_hardware/share/stm32_diff_drive_hardware/cmake/ament_cmake_export_libraries-extras.cmake
[36.587s] -- Up-to-date symlink: /home/giang/ros2_myrobot/install/stm32_diff_drive_hardware/share/stm32_diff_drive_hardware/cmake/stm32_diff_drive_hardwareConfig.cmake
[36.587s] -- Up-to-date symlink: /home/giang/ros2_myrobot/install/stm32_diff_drive_hardware/share/stm32_diff_drive_hardware/cmake/stm32_diff_drive_hardwareConfig-version.cmake
[36.587s] -- Up-to-date symlink: /home/giang/ros2_myrobot/install/stm32_diff_drive_hardware/share/stm32_diff_drive_hardware/package.xml
[36.592s] Invoked command in '/home/giang/ros2_myrobot/build/stm32_diff_drive_hardware' returned '0': CMAKE_PREFIX_PATH=/home/giang/ros2_myrobot/install/stm32_diff_drive_msgs:/home/giang/ros2_myrobot/install/stm32_diff_drive_hardware:/home/giang/ros2_myrobot/install/my_bot:/home/giang/ros2_ws/install/articubot_one:/home/giang/Workspaces/ros2_cpp_ws/install/udemy_ros2_pkg:/home/giang/ros2_myrobot/install/twist_stamper:/home/giang/ros2_demo/install/autonomous_tb3:/home/giang/ros2_ws/install/my_robot_controller:/opt/ros/humble LD_LIBRARY_PATH=/home/giang/ros2_myrobot/install/stm32_diff_drive_msgs/lib:/home/giang/ros2_myrobot/install/stm32_diff_drive_hardware/lib:/usr/lib/x86_64-linux-gnu/gazebo-11/plugins:/opt/ros/humble/opt/rviz_ogre_vendor/lib:/opt/ros/humble/lib/x86_64-linux-gnu:/opt/ros/humble/lib /usr/bin/cmake --install /home/giang/ros2_myrobot/build/stm32_diff_drive_hardware
