[0.095s] Invoking command in '/home/giang/ros2_myrobot/build/stm32_diff_drive_msgs': CMAKE_PREFIX_PATH=${CMAKE_PREFIX_PATH}:/home/giang/ros2_myrobot/install/twist_stamper:/home/giang/ros2_demo/install/autonomous_tb3:/home/giang/ros2_ws/install/my_robot_controller:/opt/ros/humble /usr/bin/cmake /home/giang/ros2_myrobot/src/stm32_diff_drive_msgs -DAMENT_CMAKE_SYMLINK_INSTALL=1 -DCMAKE_INSTALL_PREFIX=/home/giang/ros2_myrobot/install/stm32_diff_drive_msgs
[0.283s] -- Found ament_cmake: 1.3.13 (/opt/ros/humble/share/ament_cmake/cmake)
[0.667s] -- Override CMake install command with custom implementation using symlinks instead of copying resources
[0.795s] -- Found ament_lint_auto: 0.12.15 (/opt/ros/humble/share/ament_lint_auto/cmake)
[1.047s] -- Found rosidl_default_generators: 1.2.0 (/opt/ros/humble/share/rosidl_default_generators/cmake)
[1.060s] -- Using all available rosidl_typesupport_c: rosidl_typesupport_fastrtps_c;rosidl_typesupport_introspection_c
[1.068s] -- Found rosidl_adapter: 3.1.8 (/opt/ros/humble/share/rosidl_adapter/cmake)
[1.176s] -- Using all available rosidl_typesupport_cpp: rosidl_typesupport_fastrtps_cpp;rosidl_typesupport_introspection_cpp
[1.789s] -- Found ament_cmake_ros: 0.10.0 (/opt/ros/humble/share/ament_cmake_ros/cmake)
[2.359s] -- Using all available rosidl_typesupport_c: rosidl_typesupport_fastrtps_c;rosidl_typesupport_introspection_c
[3.284s] -- Using all available rosidl_typesupport_cpp: rosidl_typesupport_fastrtps_cpp;rosidl_typesupport_introspection_cpp
[3.364s] -- Found python_cmake_module: 0.10.0 (/opt/ros/humble/share/python_cmake_module/cmake)
[3.443s] -- Using PYTHON_EXECUTABLE: /usr/bin/python3
[3.443s] -- Using PYTHON_INCLUDE_DIRS: /usr/include/python3.10
[3.444s] -- Using PYTHON_LIBRARIES: /usr/lib/x86_64-linux-gnu/libpython3.10.so
[3.551s] -- Added test 'copyright' to check source files copyright and LICENSE
[3.564s] -- Added test 'lint_cmake' to check CMake code style
[3.569s] -- Added test 'xmllint' to check XML markup files
[3.620s] -- Configuring done
[3.911s] -- Generating done
[3.968s] -- Build files have been written to: /home/giang/ros2_myrobot/build/stm32_diff_drive_msgs
[3.998s] Invoked command in '/home/giang/ros2_myrobot/build/stm32_diff_drive_msgs' returned '0': CMAKE_PREFIX_PATH=${CMAKE_PREFIX_PATH}:/home/giang/ros2_myrobot/install/twist_stamper:/home/giang/ros2_demo/install/autonomous_tb3:/home/giang/ros2_ws/install/my_robot_controller:/opt/ros/humble /usr/bin/cmake /home/giang/ros2_myrobot/src/stm32_diff_drive_msgs -DAMENT_CMAKE_SYMLINK_INSTALL=1 -DCMAKE_INSTALL_PREFIX=/home/giang/ros2_myrobot/install/stm32_diff_drive_msgs
[4.002s] Invoking command in '/home/giang/ros2_myrobot/build/stm32_diff_drive_msgs': CMAKE_PREFIX_PATH=${CMAKE_PREFIX_PATH}:/home/giang/ros2_myrobot/install/twist_stamper:/home/giang/ros2_demo/install/autonomous_tb3:/home/giang/ros2_ws/install/my_robot_controller:/opt/ros/humble /usr/bin/cmake --build /home/giang/ros2_myrobot/build/stm32_diff_drive_msgs -- -j6 -l6
[4.152s] [35m[1mConsolidate compiler generated dependencies of target stm32_diff_drive_msgs__rosidl_generator_c[0m
[4.172s] [  2%] Built target stm32_diff_drive_msgs__cpp
[4.186s] failed to create symbolic link '/home/giang/ros2_myrobot/build/stm32_diff_drive_msgs/ament_cmake_python/stm32_diff_drive_msgs/stm32_diff_drive_msgs' because existing path cannot be removed: Is a directory
[4.187s] gmake[2]: *** [CMakeFiles/ament_cmake_python_symlink_stm32_diff_drive_msgs.dir/build.make:70: CMakeFiles/ament_cmake_python_symlink_stm32_diff_drive_msgs] Error 1
[4.188s] gmake[1]: *** [CMakeFiles/Makefile2:421: CMakeFiles/ament_cmake_python_symlink_stm32_diff_drive_msgs.dir/all] Error 2
[4.193s] gmake[1]: *** Waiting for unfinished jobs....
[4.253s] [ 12%] Built target stm32_diff_drive_msgs__rosidl_generator_c
[4.263s] [35m[1mConsolidate compiler generated dependencies of target stm32_diff_drive_msgs__rosidl_typesupport_fastrtps_cpp[0m
[4.359s] [ 23%] Built target stm32_diff_drive_msgs__rosidl_typesupport_fastrtps_cpp
[4.362s] gmake: *** [Makefile:146: all] Error 2
[4.372s] Invoked command in '/home/giang/ros2_myrobot/build/stm32_diff_drive_msgs' returned '2': CMAKE_PREFIX_PATH=${CMAKE_PREFIX_PATH}:/home/giang/ros2_myrobot/install/twist_stamper:/home/giang/ros2_demo/install/autonomous_tb3:/home/giang/ros2_ws/install/my_robot_controller:/opt/ros/humble /usr/bin/cmake --build /home/giang/ros2_myrobot/build/stm32_diff_drive_msgs -- -j6 -l6
