[0.068s] Invoking command in '/home/giang/ros2_myrobot/build/my_bot': CMAKE_PREFIX_PATH=${CMAKE_PREFIX_PATH}:/home/giang/ros2_myrobot/install/twist_stamper:/home/giang/ros2_demo/install/autonomous_tb3:/home/giang/ros2_ws/install/my_robot_controller:/opt/ros/humble /usr/bin/cmake --build /home/giang/ros2_myrobot/build/my_bot -- -j6 -l6
[0.932s] Invoked command in '/home/giang/ros2_myrobot/build/my_bot' returned '0': CMAKE_PREFIX_PATH=${CMAKE_PREFIX_PATH}:/home/giang/ros2_myrobot/install/twist_stamper:/home/giang/ros2_demo/install/autonomous_tb3:/home/giang/ros2_ws/install/my_robot_controller:/opt/ros/humble /usr/bin/cmake --build /home/giang/ros2_myrobot/build/my_bot -- -j6 -l6
[0.957s] Invoking command in '/home/giang/ros2_myrobot/build/my_bot': CMAKE_PREFIX_PATH=${CMAKE_PREFIX_PATH}:/home/giang/ros2_myrobot/install/twist_stamper:/home/giang/ros2_demo/install/autonomous_tb3:/home/giang/ros2_ws/install/my_robot_controller:/opt/ros/humble /usr/bin/cmake --install /home/giang/ros2_myrobot/build/my_bot
[0.978s] -- Install configuration: ""
[0.982s] -- Execute custom install script
[0.985s] -- Up-to-date symlink: /home/giang/ros2_myrobot/install/my_bot/share/my_bot/launch/bringup.launch.py
[0.986s] -- Up-to-date symlink: /home/giang/ros2_myrobot/install/my_bot/share/my_bot/launch/launch_robot.launch.py
[0.986s] -- Up-to-date symlink: /home/giang/ros2_myrobot/install/my_bot/share/my_bot/launch/mission_node.py
[0.987s] -- Up-to-date symlink: /home/giang/ros2_myrobot/install/my_bot/share/my_bot/launch/online_async_launch.py
[0.987s] -- Up-to-date symlink: /home/giang/ros2_myrobot/install/my_bot/share/my_bot/launch/rsp.launch.py
[0.987s] -- Up-to-date symlink: /home/giang/ros2_myrobot/install/my_bot/share/my_bot/launch/rsp.launch_v2.py
[0.987s] -- Up-to-date symlink: /home/giang/ros2_myrobot/install/my_bot/share/my_bot/launch/rsp.launch_v3.py
[0.988s] -- Up-to-date symlink: /home/giang/ros2_myrobot/install/my_bot/share/my_bot/description/robot.urdf.xacro
[0.988s] -- Up-to-date symlink: /home/giang/ros2_myrobot/install/my_bot/share/my_bot/description/ros2_control.xacro
[0.988s] -- Up-to-date symlink: /home/giang/ros2_myrobot/install/my_bot/share/my_bot/meshes/base_link1.STL
[0.989s] -- Up-to-date symlink: /home/giang/ros2_myrobot/install/my_bot/share/my_bot/meshes/linkbanhphai.STL
[0.989s] -- Up-to-date symlink: /home/giang/ros2_myrobot/install/my_bot/share/my_bot/meshes/linkbanhtrai.STL
[0.991s] -- Up-to-date symlink: /home/giang/ros2_myrobot/install/my_bot/share/my_bot/meshes/linklidar.STL
[0.995s] -- Up-to-date symlink: /home/giang/ros2_myrobot/install/my_bot/share/my_bot/meshes/linkphusau.STL
[0.995s] -- Up-to-date symlink: /home/giang/ros2_myrobot/install/my_bot/share/my_bot/meshes/linkphutruoc.STL
[0.995s] -- Up-to-date symlink: /home/giang/ros2_myrobot/install/my_bot/share/my_bot/config/c1_save.pgm
[0.996s] -- Up-to-date symlink: /home/giang/ros2_myrobot/install/my_bot/share/my_bot/config/c1_save.yaml
[0.996s] -- Up-to-date symlink: /home/giang/ros2_myrobot/install/my_bot/share/my_bot/config/c1_serialize.data
[0.996s] -- Up-to-date symlink: /home/giang/ros2_myrobot/install/my_bot/share/my_bot/config/c1_serialize.posegraph
[0.996s] -- Up-to-date symlink: /home/giang/ros2_myrobot/install/my_bot/share/my_bot/config/c205_save.pgm
[0.996s] -- Up-to-date symlink: /home/giang/ros2_myrobot/install/my_bot/share/my_bot/config/c205_save.yaml
[0.996s] -- Up-to-date symlink: /home/giang/ros2_myrobot/install/my_bot/share/my_bot/config/c205_serialize.data
[0.999s] -- Up-to-date symlink: /home/giang/ros2_myrobot/install/my_bot/share/my_bot/config/c205_serialize.posegraph
[0.999s] -- Up-to-date symlink: /home/giang/ros2_myrobot/install/my_bot/share/my_bot/config/empty.yaml
[1.001s] -- Up-to-date symlink: /home/giang/ros2_myrobot/install/my_bot/share/my_bot/config/mapper_params_online_async.yaml
[1.001s] -- Up-to-date symlink: /home/giang/ros2_myrobot/install/my_bot/share/my_bot/config/my_controllers.yaml
[1.001s] -- Up-to-date symlink: /home/giang/ros2_myrobot/install/my_bot/share/my_bot/config/view_bot.rviz
[1.002s] -- Up-to-date symlink: /home/giang/ros2_myrobot/install/my_bot/share/my_bot/worlds/empty.world
[1.002s] -- Up-to-date symlink: /home/giang/ros2_myrobot/install/my_bot/share/my_bot/rviz/my_bot.rviz
[1.002s] -- Up-to-date symlink: /home/giang/ros2_myrobot/install/my_bot/share/my_bot/rviz/mybot.rviz
[1.002s] -- Up-to-date symlink: /home/giang/ros2_myrobot/install/my_bot/share/ament_index/resource_index/package_run_dependencies/my_bot
[1.004s] -- Up-to-date symlink: /home/giang/ros2_myrobot/install/my_bot/share/ament_index/resource_index/parent_prefix_path/my_bot
[1.006s] -- Up-to-date symlink: /home/giang/ros2_myrobot/install/my_bot/share/my_bot/environment/ament_prefix_path.sh
[1.006s] -- Up-to-date symlink: /home/giang/ros2_myrobot/install/my_bot/share/my_bot/environment/ament_prefix_path.dsv
[1.006s] -- Up-to-date symlink: /home/giang/ros2_myrobot/install/my_bot/share/my_bot/environment/path.sh
[1.006s] -- Up-to-date symlink: /home/giang/ros2_myrobot/install/my_bot/share/my_bot/environment/path.dsv
[1.006s] -- Up-to-date symlink: /home/giang/ros2_myrobot/install/my_bot/share/my_bot/local_setup.bash
[1.006s] -- Up-to-date symlink: /home/giang/ros2_myrobot/install/my_bot/share/my_bot/local_setup.sh
[1.007s] -- Up-to-date symlink: /home/giang/ros2_myrobot/install/my_bot/share/my_bot/local_setup.zsh
[1.007s] -- Up-to-date symlink: /home/giang/ros2_myrobot/install/my_bot/share/my_bot/local_setup.dsv
[1.009s] -- Symlinking: /home/giang/ros2_myrobot/install/my_bot/share/my_bot/package.dsv
[1.033s] -- Up-to-date symlink: /home/giang/ros2_myrobot/install/my_bot/share/ament_index/resource_index/packages/my_bot
[1.034s] -- Up-to-date symlink: /home/giang/ros2_myrobot/install/my_bot/share/my_bot/cmake/my_botConfig.cmake
[1.034s] -- Up-to-date symlink: /home/giang/ros2_myrobot/install/my_bot/share/my_bot/cmake/my_botConfig-version.cmake
[1.035s] -- Up-to-date symlink: /home/giang/ros2_myrobot/install/my_bot/share/my_bot/package.xml
[1.042s] Invoked command in '/home/giang/ros2_myrobot/build/my_bot' returned '0': CMAKE_PREFIX_PATH=${CMAKE_PREFIX_PATH}:/home/giang/ros2_myrobot/install/twist_stamper:/home/giang/ros2_demo/install/autonomous_tb3:/home/giang/ros2_ws/install/my_robot_controller:/opt/ros/humble /usr/bin/cmake --install /home/giang/ros2_myrobot/build/my_bot
