[0.310s] DEBUG:colcon:Command line arguments: ['/usr/bin/colcon', 'build', '--symlink-install']
[0.311s] DEBUG:colcon:Parsed command line arguments: Namespace(log_base=None, log_level=None, verb_name='build', build_base='build', install_base='install', merge_install=False, symlink_install=True, test_result_base=None, continue_on_error=False, executor='parallel', parallel_workers=6, event_handlers=None, ignore_user_meta=False, metas=['./colcon.meta'], base_paths=['.'], packages_ignore=None, packages_ignore_regex=None, paths=None, packages_up_to=None, packages_up_to_regex=None, packages_above=None, packages_above_and_dependencies=None, packages_above_depth=None, packages_select_by_dep=None, packages_skip_by_dep=None, packages_skip_up_to=None, packages_select_build_failed=False, packages_skip_build_finished=False, packages_select_test_failures=False, packages_skip_test_passed=False, packages_select=None, packages_skip=None, packages_select_regex=None, packages_skip_regex=None, packages_start=None, packages_end=None, allow_overriding=[], cmake_args=None, cmake_target=None, cmake_target_skip_unavailable=False, cmake_clean_cache=False, cmake_clean_first=False, cmake_force_configure=False, ament_cmake_args=None, catkin_cmake_args=None, catkin_skip_building_tests=False, verb_parser=<colcon_defaults.argument_parser.defaults.DefaultArgumentsDecorator object at 0x71f24435dae0>, verb_extension=<colcon_core.verb.build.BuildVerb object at 0x71f2444ce710>, main=<bound method BuildVerb.main of <colcon_core.verb.build.BuildVerb object at 0x71f2444ce710>>)
[0.771s] Level 1:colcon.colcon_core.package_discovery:discover_packages(colcon_meta) check parameters
[0.772s] Level 1:colcon.colcon_core.package_discovery:discover_packages(recursive) check parameters
[0.772s] Level 1:colcon.colcon_core.package_discovery:discover_packages(ignore) check parameters
[0.772s] Level 1:colcon.colcon_core.package_discovery:discover_packages(path) check parameters
[0.772s] Level 1:colcon.colcon_core.package_discovery:discover_packages(colcon_meta) discover
[0.772s] Level 1:colcon.colcon_core.package_discovery:discover_packages(recursive) discover
[0.772s] INFO:colcon.colcon_core.package_discovery:Crawling recursively for packages in '/home/giang/ros2_myrobot'
[0.772s] Level 1:colcon.colcon_core.package_identification:_identify(.) by extensions ['ignore', 'ignore_ament_install']
[0.773s] Level 1:colcon.colcon_core.package_identification:_identify(.) by extension 'ignore'
[0.773s] Level 1:colcon.colcon_core.package_identification:_identify(.) by extension 'ignore_ament_install'
[0.773s] Level 1:colcon.colcon_core.package_identification:_identify(.) by extensions ['colcon_pkg']
[0.773s] Level 1:colcon.colcon_core.package_identification:_identify(.) by extension 'colcon_pkg'
[0.773s] Level 1:colcon.colcon_core.package_identification:_identify(.) by extensions ['colcon_meta']
[0.773s] Level 1:colcon.colcon_core.package_identification:_identify(.) by extension 'colcon_meta'
[0.773s] Level 1:colcon.colcon_core.package_identification:_identify(.) by extensions ['ros']
[0.773s] Level 1:colcon.colcon_core.package_identification:_identify(.) by extension 'ros'
[0.810s] Level 1:colcon.colcon_core.package_identification:_identify(.) by extensions ['cmake', 'python']
[0.810s] Level 1:colcon.colcon_core.package_identification:_identify(.) by extension 'cmake'
[0.810s] Level 1:colcon.colcon_core.package_identification:_identify(.) by extension 'python'
[0.810s] Level 1:colcon.colcon_core.package_identification:_identify(.) by extensions ['python_setup_py']
[0.810s] Level 1:colcon.colcon_core.package_identification:_identify(.) by extension 'python_setup_py'
[0.811s] Level 1:colcon.colcon_core.package_identification:_identify(build) by extensions ['ignore', 'ignore_ament_install']
[0.811s] Level 1:colcon.colcon_core.package_identification:_identify(build) by extension 'ignore'
[0.811s] Level 1:colcon.colcon_core.package_identification:_identify(build) ignored
[0.811s] Level 1:colcon.colcon_core.package_identification:_identify(install) by extensions ['ignore', 'ignore_ament_install']
[0.812s] Level 1:colcon.colcon_core.package_identification:_identify(install) by extension 'ignore'
[0.812s] Level 1:colcon.colcon_core.package_identification:_identify(install) ignored
[0.812s] Level 1:colcon.colcon_core.package_identification:_identify(log) by extensions ['ignore', 'ignore_ament_install']
[0.812s] Level 1:colcon.colcon_core.package_identification:_identify(log) by extension 'ignore'
[0.812s] Level 1:colcon.colcon_core.package_identification:_identify(log) ignored
[0.812s] Level 1:colcon.colcon_core.package_identification:_identify(src) by extensions ['ignore', 'ignore_ament_install']
[0.812s] Level 1:colcon.colcon_core.package_identification:_identify(src) by extension 'ignore'
[0.813s] Level 1:colcon.colcon_core.package_identification:_identify(src) by extension 'ignore_ament_install'
[0.820s] Level 1:colcon.colcon_core.package_identification:_identify(src) by extensions ['colcon_pkg']
[0.821s] Level 1:colcon.colcon_core.package_identification:_identify(src) by extension 'colcon_pkg'
[0.821s] Level 1:colcon.colcon_core.package_identification:_identify(src) by extensions ['colcon_meta']
[0.821s] Level 1:colcon.colcon_core.package_identification:_identify(src) by extension 'colcon_meta'
[0.821s] Level 1:colcon.colcon_core.package_identification:_identify(src) by extensions ['ros']
[0.822s] Level 1:colcon.colcon_core.package_identification:_identify(src) by extension 'ros'
[0.822s] Level 1:colcon.colcon_core.package_identification:_identify(src) by extensions ['cmake', 'python']
[0.822s] Level 1:colcon.colcon_core.package_identification:_identify(src) by extension 'cmake'
[0.822s] Level 1:colcon.colcon_core.package_identification:_identify(src) by extension 'python'
[0.822s] Level 1:colcon.colcon_core.package_identification:_identify(src) by extensions ['python_setup_py']
[0.822s] Level 1:colcon.colcon_core.package_identification:_identify(src) by extension 'python_setup_py'
[0.822s] Level 1:colcon.colcon_core.package_identification:_identify(src/image) by extensions ['ignore', 'ignore_ament_install']
[0.823s] Level 1:colcon.colcon_core.package_identification:_identify(src/image) by extension 'ignore'
[0.823s] Level 1:colcon.colcon_core.package_identification:_identify(src/image) by extension 'ignore_ament_install'
[0.823s] Level 1:colcon.colcon_core.package_identification:_identify(src/image) by extensions ['colcon_pkg']
[0.823s] Level 1:colcon.colcon_core.package_identification:_identify(src/image) by extension 'colcon_pkg'
[0.825s] Level 1:colcon.colcon_core.package_identification:_identify(src/image) by extensions ['colcon_meta']
[0.825s] Level 1:colcon.colcon_core.package_identification:_identify(src/image) by extension 'colcon_meta'
[0.826s] Level 1:colcon.colcon_core.package_identification:_identify(src/image) by extensions ['ros']
[0.826s] Level 1:colcon.colcon_core.package_identification:_identify(src/image) by extension 'ros'
[0.826s] Level 1:colcon.colcon_core.package_identification:_identify(src/image) by extensions ['cmake', 'python']
[0.826s] Level 1:colcon.colcon_core.package_identification:_identify(src/image) by extension 'cmake'
[0.826s] Level 1:colcon.colcon_core.package_identification:_identify(src/image) by extension 'python'
[0.827s] Level 1:colcon.colcon_core.package_identification:_identify(src/image) by extensions ['python_setup_py']
[0.827s] Level 1:colcon.colcon_core.package_identification:_identify(src/image) by extension 'python_setup_py'
[0.828s] Level 1:colcon.colcon_core.package_identification:_identify(src/my_bot) by extensions ['ignore', 'ignore_ament_install']
[0.828s] Level 1:colcon.colcon_core.package_identification:_identify(src/my_bot) by extension 'ignore'
[0.828s] Level 1:colcon.colcon_core.package_identification:_identify(src/my_bot) by extension 'ignore_ament_install'
[0.829s] Level 1:colcon.colcon_core.package_identification:_identify(src/my_bot) by extensions ['colcon_pkg']
[0.829s] Level 1:colcon.colcon_core.package_identification:_identify(src/my_bot) by extension 'colcon_pkg'
[0.829s] Level 1:colcon.colcon_core.package_identification:_identify(src/my_bot) by extensions ['colcon_meta']
[0.829s] Level 1:colcon.colcon_core.package_identification:_identify(src/my_bot) by extension 'colcon_meta'
[0.829s] Level 1:colcon.colcon_core.package_identification:_identify(src/my_bot) by extensions ['ros']
[0.829s] Level 1:colcon.colcon_core.package_identification:_identify(src/my_bot) by extension 'ros'
[0.842s] DEBUG:colcon.colcon_core.package_identification:Package 'src/my_bot' with type 'ros.ament_cmake' and name 'my_bot'
[0.843s] Level 1:colcon.colcon_core.package_identification:_identify(src/stm32_diff_drive_hardware) by extensions ['ignore', 'ignore_ament_install']
[0.843s] Level 1:colcon.colcon_core.package_identification:_identify(src/stm32_diff_drive_hardware) by extension 'ignore'
[0.843s] Level 1:colcon.colcon_core.package_identification:_identify(src/stm32_diff_drive_hardware) by extension 'ignore_ament_install'
[0.843s] Level 1:colcon.colcon_core.package_identification:_identify(src/stm32_diff_drive_hardware) by extensions ['colcon_pkg']
[0.843s] Level 1:colcon.colcon_core.package_identification:_identify(src/stm32_diff_drive_hardware) by extension 'colcon_pkg'
[0.844s] Level 1:colcon.colcon_core.package_identification:_identify(src/stm32_diff_drive_hardware) by extensions ['colcon_meta']
[0.844s] Level 1:colcon.colcon_core.package_identification:_identify(src/stm32_diff_drive_hardware) by extension 'colcon_meta'
[0.845s] Level 1:colcon.colcon_core.package_identification:_identify(src/stm32_diff_drive_hardware) by extensions ['ros']
[0.845s] Level 1:colcon.colcon_core.package_identification:_identify(src/stm32_diff_drive_hardware) by extension 'ros'
[0.846s] DEBUG:colcon.colcon_core.package_identification:Package 'src/stm32_diff_drive_hardware' with type 'ros.ament_cmake' and name 'stm32_diff_drive_hardware'
[0.847s] Level 1:colcon.colcon_core.package_identification:_identify(src/stm32_diff_drive_msgs) by extensions ['ignore', 'ignore_ament_install']
[0.847s] Level 1:colcon.colcon_core.package_identification:_identify(src/stm32_diff_drive_msgs) by extension 'ignore'
[0.847s] Level 1:colcon.colcon_core.package_identification:_identify(src/stm32_diff_drive_msgs) by extension 'ignore_ament_install'
[0.848s] Level 1:colcon.colcon_core.package_identification:_identify(src/stm32_diff_drive_msgs) by extensions ['colcon_pkg']
[0.848s] Level 1:colcon.colcon_core.package_identification:_identify(src/stm32_diff_drive_msgs) by extension 'colcon_pkg'
[0.848s] Level 1:colcon.colcon_core.package_identification:_identify(src/stm32_diff_drive_msgs) by extensions ['colcon_meta']
[0.848s] Level 1:colcon.colcon_core.package_identification:_identify(src/stm32_diff_drive_msgs) by extension 'colcon_meta'
[0.848s] Level 1:colcon.colcon_core.package_identification:_identify(src/stm32_diff_drive_msgs) by extensions ['ros']
[0.848s] Level 1:colcon.colcon_core.package_identification:_identify(src/stm32_diff_drive_msgs) by extension 'ros'
[0.850s] DEBUG:colcon.colcon_core.package_identification:Package 'src/stm32_diff_drive_msgs' with type 'ros.ament_cmake' and name 'stm32_diff_drive_msgs'
[0.851s] Level 1:colcon.colcon_core.package_identification:_identify(src/twist_stamper) by extensions ['ignore', 'ignore_ament_install']
[0.851s] Level 1:colcon.colcon_core.package_identification:_identify(src/twist_stamper) by extension 'ignore'
[0.851s] Level 1:colcon.colcon_core.package_identification:_identify(src/twist_stamper) by extension 'ignore_ament_install'
[0.852s] Level 1:colcon.colcon_core.package_identification:_identify(src/twist_stamper) by extensions ['colcon_pkg']
[0.852s] Level 1:colcon.colcon_core.package_identification:_identify(src/twist_stamper) by extension 'colcon_pkg'
[0.852s] Level 1:colcon.colcon_core.package_identification:_identify(src/twist_stamper) by extensions ['colcon_meta']
[0.852s] Level 1:colcon.colcon_core.package_identification:_identify(src/twist_stamper) by extension 'colcon_meta'
[0.852s] Level 1:colcon.colcon_core.package_identification:_identify(src/twist_stamper) by extensions ['ros']
[0.852s] Level 1:colcon.colcon_core.package_identification:_identify(src/twist_stamper) by extension 'ros'
[0.854s] DEBUG:colcon.colcon_core.package_identification:Package 'src/twist_stamper' with type 'ros.ament_python' and name 'twist_stamper'
[0.854s] Level 1:colcon.colcon_core.package_discovery:discover_packages(recursive) using defaults
[0.854s] Level 1:colcon.colcon_core.package_discovery:discover_packages(ignore) discover
[0.854s] Level 1:colcon.colcon_core.package_discovery:discover_packages(ignore) using defaults
[0.854s] Level 1:colcon.colcon_core.package_discovery:discover_packages(path) discover
[0.855s] Level 1:colcon.colcon_core.package_discovery:discover_packages(path) using defaults
[0.925s] Level 1:colcon.colcon_core.package_discovery:discover_packages(prefix_path) check parameters
[0.925s] Level 1:colcon.colcon_core.package_discovery:discover_packages(prefix_path) discover
[0.928s] DEBUG:colcon.colcon_installed_package_information.package_discovery:Found 4 installed packages in /home/giang/ros2_myrobot/install
[0.929s] DEBUG:colcon.colcon_installed_package_information.package_discovery:Found 1 installed packages in /home/giang/ros2_demo/install
[0.929s] DEBUG:colcon.colcon_installed_package_information.package_discovery:Found 1 installed packages in /home/giang/Workspaces/ros2_cpp_ws/install
[0.930s] DEBUG:colcon.colcon_installed_package_information.package_discovery:Found 2 installed packages in /home/giang/ros2_ws/install
[0.934s] DEBUG:colcon.colcon_installed_package_information.package_discovery:Found 388 installed packages in /opt/ros/humble
[0.940s] Level 1:colcon.colcon_core.package_discovery:discover_packages(prefix_path) using defaults
[1.328s] Level 5:colcon.colcon_core.verb:set package 'my_bot' build argument 'cmake_args' from command line to 'None'
[1.328s] Level 5:colcon.colcon_core.verb:set package 'my_bot' build argument 'cmake_target' from command line to 'None'
[1.328s] Level 5:colcon.colcon_core.verb:set package 'my_bot' build argument 'cmake_target_skip_unavailable' from command line to 'False'
[1.328s] Level 5:colcon.colcon_core.verb:set package 'my_bot' build argument 'cmake_clean_cache' from command line to 'False'
[1.328s] Level 5:colcon.colcon_core.verb:set package 'my_bot' build argument 'cmake_clean_first' from command line to 'False'
[1.328s] Level 5:colcon.colcon_core.verb:set package 'my_bot' build argument 'cmake_force_configure' from command line to 'False'
[1.328s] Level 5:colcon.colcon_core.verb:set package 'my_bot' build argument 'ament_cmake_args' from command line to 'None'
[1.328s] Level 5:colcon.colcon_core.verb:set package 'my_bot' build argument 'catkin_cmake_args' from command line to 'None'
[1.328s] Level 5:colcon.colcon_core.verb:set package 'my_bot' build argument 'catkin_skip_building_tests' from command line to 'False'
[1.328s] DEBUG:colcon.colcon_core.verb:Building package 'my_bot' with the following arguments: {'ament_cmake_args': None, 'build_base': '/home/giang/ros2_myrobot/build/my_bot', 'catkin_cmake_args': None, 'catkin_skip_building_tests': False, 'cmake_args': None, 'cmake_clean_cache': False, 'cmake_clean_first': False, 'cmake_force_configure': False, 'cmake_target': None, 'cmake_target_skip_unavailable': False, 'install_base': '/home/giang/ros2_myrobot/install/my_bot', 'merge_install': False, 'path': '/home/giang/ros2_myrobot/src/my_bot', 'symlink_install': True, 'test_result_base': None}
[1.331s] Level 5:colcon.colcon_core.verb:set package 'stm32_diff_drive_msgs' build argument 'cmake_args' from command line to 'None'
[1.331s] Level 5:colcon.colcon_core.verb:set package 'stm32_diff_drive_msgs' build argument 'cmake_target' from command line to 'None'
[1.331s] Level 5:colcon.colcon_core.verb:set package 'stm32_diff_drive_msgs' build argument 'cmake_target_skip_unavailable' from command line to 'False'
[1.331s] Level 5:colcon.colcon_core.verb:set package 'stm32_diff_drive_msgs' build argument 'cmake_clean_cache' from command line to 'False'
[1.331s] Level 5:colcon.colcon_core.verb:set package 'stm32_diff_drive_msgs' build argument 'cmake_clean_first' from command line to 'False'
[1.331s] Level 5:colcon.colcon_core.verb:set package 'stm32_diff_drive_msgs' build argument 'cmake_force_configure' from command line to 'False'
[1.331s] Level 5:colcon.colcon_core.verb:set package 'stm32_diff_drive_msgs' build argument 'ament_cmake_args' from command line to 'None'
[1.331s] Level 5:colcon.colcon_core.verb:set package 'stm32_diff_drive_msgs' build argument 'catkin_cmake_args' from command line to 'None'
[1.331s] Level 5:colcon.colcon_core.verb:set package 'stm32_diff_drive_msgs' build argument 'catkin_skip_building_tests' from command line to 'False'
[1.331s] DEBUG:colcon.colcon_core.verb:Building package 'stm32_diff_drive_msgs' with the following arguments: {'ament_cmake_args': None, 'build_base': '/home/giang/ros2_myrobot/build/stm32_diff_drive_msgs', 'catkin_cmake_args': None, 'catkin_skip_building_tests': False, 'cmake_args': None, 'cmake_clean_cache': False, 'cmake_clean_first': False, 'cmake_force_configure': False, 'cmake_target': None, 'cmake_target_skip_unavailable': False, 'install_base': '/home/giang/ros2_myrobot/install/stm32_diff_drive_msgs', 'merge_install': False, 'path': '/home/giang/ros2_myrobot/src/stm32_diff_drive_msgs', 'symlink_install': True, 'test_result_base': None}
[1.332s] Level 5:colcon.colcon_core.verb:set package 'twist_stamper' build argument 'cmake_args' from command line to 'None'
[1.332s] Level 5:colcon.colcon_core.verb:set package 'twist_stamper' build argument 'cmake_target' from command line to 'None'
[1.332s] Level 5:colcon.colcon_core.verb:set package 'twist_stamper' build argument 'cmake_target_skip_unavailable' from command line to 'False'
[1.333s] Level 5:colcon.colcon_core.verb:set package 'twist_stamper' build argument 'cmake_clean_cache' from command line to 'False'
[1.333s] Level 5:colcon.colcon_core.verb:set package 'twist_stamper' build argument 'cmake_clean_first' from command line to 'False'
[1.333s] Level 5:colcon.colcon_core.verb:set package 'twist_stamper' build argument 'cmake_force_configure' from command line to 'False'
[1.333s] Level 5:colcon.colcon_core.verb:set package 'twist_stamper' build argument 'ament_cmake_args' from command line to 'None'
[1.333s] Level 5:colcon.colcon_core.verb:set package 'twist_stamper' build argument 'catkin_cmake_args' from command line to 'None'
[1.333s] Level 5:colcon.colcon_core.verb:set package 'twist_stamper' build argument 'catkin_skip_building_tests' from command line to 'False'
[1.333s] DEBUG:colcon.colcon_core.verb:Building package 'twist_stamper' with the following arguments: {'ament_cmake_args': None, 'build_base': '/home/giang/ros2_myrobot/build/twist_stamper', 'catkin_cmake_args': None, 'catkin_skip_building_tests': False, 'cmake_args': None, 'cmake_clean_cache': False, 'cmake_clean_first': False, 'cmake_force_configure': False, 'cmake_target': None, 'cmake_target_skip_unavailable': False, 'install_base': '/home/giang/ros2_myrobot/install/twist_stamper', 'merge_install': False, 'path': '/home/giang/ros2_myrobot/src/twist_stamper', 'symlink_install': True, 'test_result_base': None}
[1.334s] Level 5:colcon.colcon_core.verb:set package 'stm32_diff_drive_hardware' build argument 'cmake_args' from command line to 'None'
[1.335s] Level 5:colcon.colcon_core.verb:set package 'stm32_diff_drive_hardware' build argument 'cmake_target' from command line to 'None'
[1.335s] Level 5:colcon.colcon_core.verb:set package 'stm32_diff_drive_hardware' build argument 'cmake_target_skip_unavailable' from command line to 'False'
[1.335s] Level 5:colcon.colcon_core.verb:set package 'stm32_diff_drive_hardware' build argument 'cmake_clean_cache' from command line to 'False'
[1.335s] Level 5:colcon.colcon_core.verb:set package 'stm32_diff_drive_hardware' build argument 'cmake_clean_first' from command line to 'False'
[1.335s] Level 5:colcon.colcon_core.verb:set package 'stm32_diff_drive_hardware' build argument 'cmake_force_configure' from command line to 'False'
[1.335s] Level 5:colcon.colcon_core.verb:set package 'stm32_diff_drive_hardware' build argument 'ament_cmake_args' from command line to 'None'
[1.335s] Level 5:colcon.colcon_core.verb:set package 'stm32_diff_drive_hardware' build argument 'catkin_cmake_args' from command line to 'None'
[1.335s] Level 5:colcon.colcon_core.verb:set package 'stm32_diff_drive_hardware' build argument 'catkin_skip_building_tests' from command line to 'False'
[1.335s] DEBUG:colcon.colcon_core.verb:Building package 'stm32_diff_drive_hardware' with the following arguments: {'ament_cmake_args': None, 'build_base': '/home/giang/ros2_myrobot/build/stm32_diff_drive_hardware', 'catkin_cmake_args': None, 'catkin_skip_building_tests': False, 'cmake_args': None, 'cmake_clean_cache': False, 'cmake_clean_first': False, 'cmake_force_configure': False, 'cmake_target': None, 'cmake_target_skip_unavailable': False, 'install_base': '/home/giang/ros2_myrobot/install/stm32_diff_drive_hardware', 'merge_install': False, 'path': '/home/giang/ros2_myrobot/src/stm32_diff_drive_hardware', 'symlink_install': True, 'test_result_base': None}
[1.336s] INFO:colcon.colcon_core.executor:Executing jobs using 'parallel' executor
[1.339s] DEBUG:colcon.colcon_parallel_executor.executor.parallel:run_until_complete
[1.340s] INFO:colcon.colcon_ros.task.ament_cmake.build:Building ROS package in '/home/giang/ros2_myrobot/src/stm32_diff_drive_msgs' with build type 'ament_cmake'
[1.340s] INFO:colcon.colcon_cmake.task.cmake.build:Building CMake package in '/home/giang/ros2_myrobot/src/stm32_diff_drive_msgs'
[1.351s] INFO:colcon.colcon_core.plugin_system:Skipping extension 'colcon_core.shell.bat': Not used on non-Windows systems
[1.352s] INFO:colcon.colcon_core.shell:Skip shell extension 'powershell' for command environment: Not usable outside of PowerShell
[1.353s] DEBUG:colcon.colcon_core.shell:Skip shell extension 'dsv' for command environment
[1.374s] INFO:colcon.colcon_ros.task.ament_cmake.build:Building ROS package in '/home/giang/ros2_myrobot/src/my_bot' with build type 'ament_cmake'
[1.375s] INFO:colcon.colcon_cmake.task.cmake.build:Building CMake package in '/home/giang/ros2_myrobot/src/my_bot'
[1.376s] INFO:colcon.colcon_core.shell:Skip shell extension 'powershell' for command environment: Not usable outside of PowerShell
[1.376s] DEBUG:colcon.colcon_core.shell:Skip shell extension 'dsv' for command environment
[1.392s] INFO:colcon.colcon_ros.task.ament_python.build:Building ROS package in '/home/giang/ros2_myrobot/src/twist_stamper' with build type 'ament_python'
[1.392s] Level 1:colcon.colcon_core.shell:create_environment_hook('twist_stamper', 'ament_prefix_path')
[1.393s] INFO:colcon.colcon_core.shell:Creating environment hook '/home/giang/ros2_myrobot/install/twist_stamper/share/twist_stamper/hook/ament_prefix_path.ps1'
[1.396s] INFO:colcon.colcon_core.shell:Creating environment descriptor '/home/giang/ros2_myrobot/install/twist_stamper/share/twist_stamper/hook/ament_prefix_path.dsv'
[1.397s] INFO:colcon.colcon_core.shell:Creating environment hook '/home/giang/ros2_myrobot/install/twist_stamper/share/twist_stamper/hook/ament_prefix_path.sh'
[1.400s] INFO:colcon.colcon_core.shell:Skip shell extension 'powershell' for command environment: Not usable outside of PowerShell
[1.400s] DEBUG:colcon.colcon_core.shell:Skip shell extension 'dsv' for command environment
[1.437s] DEBUG:colcon.colcon_core.event_handler.log_command:Invoking command in '/home/giang/ros2_myrobot/build/stm32_diff_drive_msgs': CMAKE_PREFIX_PATH=${CMAKE_PREFIX_PATH}:/home/giang/ros2_myrobot/install/twist_stamper:/home/giang/ros2_demo/install/autonomous_tb3:/home/giang/ros2_ws/install/my_robot_controller:/opt/ros/humble /usr/bin/cmake --build /home/giang/ros2_myrobot/build/stm32_diff_drive_msgs -- -j6 -l6
[1.454s] DEBUG:colcon.colcon_core.event_handler.log_command:Invoking command in '/home/giang/ros2_myrobot/build/my_bot': CMAKE_PREFIX_PATH=${CMAKE_PREFIX_PATH}:/home/giang/ros2_myrobot/install/twist_stamper:/home/giang/ros2_demo/install/autonomous_tb3:/home/giang/ros2_ws/install/my_robot_controller:/opt/ros/humble /usr/bin/cmake --build /home/giang/ros2_myrobot/build/my_bot -- -j6 -l6
[2.154s] INFO:colcon.colcon_core.task.python.build:Building Python package in '/home/giang/ros2_myrobot/src/twist_stamper'
[2.155s] INFO:colcon.colcon_core.shell:Skip shell extension 'powershell' for command environment: Not usable outside of PowerShell
[2.155s] DEBUG:colcon.colcon_core.shell:Skip shell extension 'dsv' for command environment
[2.173s] DEBUG:colcon.colcon_core.event_handler.log_command:Invoked command in '/home/giang/ros2_myrobot/build/my_bot' returned '0': CMAKE_PREFIX_PATH=${CMAKE_PREFIX_PATH}:/home/giang/ros2_myrobot/install/twist_stamper:/home/giang/ros2_demo/install/autonomous_tb3:/home/giang/ros2_ws/install/my_robot_controller:/opt/ros/humble /usr/bin/cmake --build /home/giang/ros2_myrobot/build/my_bot -- -j6 -l6
[2.196s] DEBUG:colcon.colcon_core.event_handler.log_command:Invoking command in '/home/giang/ros2_myrobot/build/my_bot': CMAKE_PREFIX_PATH=${CMAKE_PREFIX_PATH}:/home/giang/ros2_myrobot/install/twist_stamper:/home/giang/ros2_demo/install/autonomous_tb3:/home/giang/ros2_ws/install/my_robot_controller:/opt/ros/humble /usr/bin/cmake --install /home/giang/ros2_myrobot/build/my_bot
[2.267s] Level 1:colcon.colcon_core.environment:create_environment_scripts_only(my_bot)
[2.270s] DEBUG:colcon.colcon_core.event_handler.log_command:Invoked command in '/home/giang/ros2_myrobot/build/my_bot' returned '0': CMAKE_PREFIX_PATH=${CMAKE_PREFIX_PATH}:/home/giang/ros2_myrobot/install/twist_stamper:/home/giang/ros2_demo/install/autonomous_tb3:/home/giang/ros2_ws/install/my_robot_controller:/opt/ros/humble /usr/bin/cmake --install /home/giang/ros2_myrobot/build/my_bot
[2.276s] Level 1:colcon.colcon_core.environment:checking '/home/giang/ros2_myrobot/install/my_bot' for CMake module files
[2.278s] Level 1:colcon.colcon_core.environment:checking '/home/giang/ros2_myrobot/install/my_bot' for CMake config files
[2.278s] Level 1:colcon.colcon_core.shell:create_environment_hook('my_bot', 'cmake_prefix_path')
[2.279s] INFO:colcon.colcon_core.shell:Creating environment hook '/home/giang/ros2_myrobot/install/my_bot/share/my_bot/hook/cmake_prefix_path.ps1'
[2.280s] INFO:colcon.colcon_core.shell:Creating environment descriptor '/home/giang/ros2_myrobot/install/my_bot/share/my_bot/hook/cmake_prefix_path.dsv'
[2.281s] INFO:colcon.colcon_core.shell:Creating environment hook '/home/giang/ros2_myrobot/install/my_bot/share/my_bot/hook/cmake_prefix_path.sh'
[2.283s] Level 1:colcon.colcon_core.environment:checking '/home/giang/ros2_myrobot/install/my_bot/bin'
[2.283s] Level 1:colcon.colcon_core.environment:checking '/home/giang/ros2_myrobot/install/my_bot/lib/pkgconfig/my_bot.pc'
[2.283s] Level 1:colcon.colcon_core.environment:checking '/home/giang/ros2_myrobot/install/my_bot/lib/python3.10/site-packages'
[2.284s] Level 1:colcon.colcon_core.environment:checking '/home/giang/ros2_myrobot/install/my_bot/bin'
[2.285s] INFO:colcon.colcon_core.shell:Creating package script '/home/giang/ros2_myrobot/install/my_bot/share/my_bot/package.ps1'
[2.286s] INFO:colcon.colcon_core.shell:Creating package descriptor '/home/giang/ros2_myrobot/install/my_bot/share/my_bot/package.dsv'
[2.287s] INFO:colcon.colcon_core.shell:Creating package script '/home/giang/ros2_myrobot/install/my_bot/share/my_bot/package.sh'
[2.289s] INFO:colcon.colcon_core.shell:Creating package script '/home/giang/ros2_myrobot/install/my_bot/share/my_bot/package.bash'
[2.296s] INFO:colcon.colcon_core.shell:Creating package script '/home/giang/ros2_myrobot/install/my_bot/share/my_bot/package.zsh'
[2.300s] Level 1:colcon.colcon_core.environment:create_file_with_runtime_dependencies(/home/giang/ros2_myrobot/install/my_bot/share/colcon-core/packages/my_bot)
[2.302s] Level 1:colcon.colcon_core.environment:create_environment_scripts_only(my_bot)
[2.303s] Level 1:colcon.colcon_core.environment:checking '/home/giang/ros2_myrobot/install/my_bot' for CMake module files
[2.304s] Level 1:colcon.colcon_core.environment:checking '/home/giang/ros2_myrobot/install/my_bot' for CMake config files
[2.305s] Level 1:colcon.colcon_core.shell:create_environment_hook('my_bot', 'cmake_prefix_path')
[2.306s] INFO:colcon.colcon_core.shell:Creating environment hook '/home/giang/ros2_myrobot/install/my_bot/share/my_bot/hook/cmake_prefix_path.ps1'
[2.308s] INFO:colcon.colcon_core.shell:Creating environment descriptor '/home/giang/ros2_myrobot/install/my_bot/share/my_bot/hook/cmake_prefix_path.dsv'
[2.311s] INFO:colcon.colcon_core.shell:Creating environment hook '/home/giang/ros2_myrobot/install/my_bot/share/my_bot/hook/cmake_prefix_path.sh'
[2.313s] Level 1:colcon.colcon_core.environment:checking '/home/giang/ros2_myrobot/install/my_bot/bin'
[2.313s] Level 1:colcon.colcon_core.environment:checking '/home/giang/ros2_myrobot/install/my_bot/lib/pkgconfig/my_bot.pc'
[2.316s] Level 1:colcon.colcon_core.environment:checking '/home/giang/ros2_myrobot/install/my_bot/lib/python3.10/site-packages'
[2.317s] Level 1:colcon.colcon_core.environment:checking '/home/giang/ros2_myrobot/install/my_bot/bin'
[2.318s] INFO:colcon.colcon_core.shell:Creating package script '/home/giang/ros2_myrobot/install/my_bot/share/my_bot/package.ps1'
[2.322s] INFO:colcon.colcon_core.shell:Creating package descriptor '/home/giang/ros2_myrobot/install/my_bot/share/my_bot/package.dsv'
[2.325s] INFO:colcon.colcon_core.shell:Creating package script '/home/giang/ros2_myrobot/install/my_bot/share/my_bot/package.sh'
[2.327s] INFO:colcon.colcon_core.shell:Creating package script '/home/giang/ros2_myrobot/install/my_bot/share/my_bot/package.bash'
[2.329s] INFO:colcon.colcon_core.shell:Creating package script '/home/giang/ros2_myrobot/install/my_bot/share/my_bot/package.zsh'
[2.330s] Level 1:colcon.colcon_core.environment:create_file_with_runtime_dependencies(/home/giang/ros2_myrobot/install/my_bot/share/colcon-core/packages/my_bot)
[2.382s] DEBUG:colcon.colcon_core.event_handler.log_command:Invoked command in '/home/giang/ros2_myrobot/build/stm32_diff_drive_msgs' returned '0': CMAKE_PREFIX_PATH=${CMAKE_PREFIX_PATH}:/home/giang/ros2_myrobot/install/twist_stamper:/home/giang/ros2_demo/install/autonomous_tb3:/home/giang/ros2_ws/install/my_robot_controller:/opt/ros/humble /usr/bin/cmake --build /home/giang/ros2_myrobot/build/stm32_diff_drive_msgs -- -j6 -l6
[2.390s] DEBUG:colcon.colcon_core.event_handler.log_command:Invoking command in '/home/giang/ros2_myrobot/build/stm32_diff_drive_msgs': CMAKE_PREFIX_PATH=${CMAKE_PREFIX_PATH}:/home/giang/ros2_myrobot/install/twist_stamper:/home/giang/ros2_demo/install/autonomous_tb3:/home/giang/ros2_ws/install/my_robot_controller:/opt/ros/humble /usr/bin/cmake --install /home/giang/ros2_myrobot/build/stm32_diff_drive_msgs
[2.589s] Level 1:colcon.colcon_core.environment:create_environment_scripts_only(stm32_diff_drive_msgs)
[2.590s] Level 1:colcon.colcon_core.environment:checking '/home/giang/ros2_myrobot/install/stm32_diff_drive_msgs' for CMake module files
[2.592s] DEBUG:colcon.colcon_core.event_handler.log_command:Invoked command in '/home/giang/ros2_myrobot/build/stm32_diff_drive_msgs' returned '0': CMAKE_PREFIX_PATH=${CMAKE_PREFIX_PATH}:/home/giang/ros2_myrobot/install/twist_stamper:/home/giang/ros2_demo/install/autonomous_tb3:/home/giang/ros2_ws/install/my_robot_controller:/opt/ros/humble /usr/bin/cmake --install /home/giang/ros2_myrobot/build/stm32_diff_drive_msgs
[2.593s] Level 1:colcon.colcon_core.environment:checking '/home/giang/ros2_myrobot/install/stm32_diff_drive_msgs' for CMake config files
[2.595s] Level 1:colcon.colcon_core.shell:create_environment_hook('stm32_diff_drive_msgs', 'cmake_prefix_path')
[2.595s] INFO:colcon.colcon_core.shell:Creating environment hook '/home/giang/ros2_myrobot/install/stm32_diff_drive_msgs/share/stm32_diff_drive_msgs/hook/cmake_prefix_path.ps1'
[2.597s] INFO:colcon.colcon_core.shell:Creating environment descriptor '/home/giang/ros2_myrobot/install/stm32_diff_drive_msgs/share/stm32_diff_drive_msgs/hook/cmake_prefix_path.dsv'
[2.598s] INFO:colcon.colcon_core.shell:Creating environment hook '/home/giang/ros2_myrobot/install/stm32_diff_drive_msgs/share/stm32_diff_drive_msgs/hook/cmake_prefix_path.sh'
[2.599s] Level 1:colcon.colcon_core.environment:checking '/home/giang/ros2_myrobot/install/stm32_diff_drive_msgs/lib'
[2.600s] Level 1:colcon.colcon_core.shell:create_environment_hook('stm32_diff_drive_msgs', 'ld_library_path_lib')
[2.601s] INFO:colcon.colcon_core.shell:Creating environment hook '/home/giang/ros2_myrobot/install/stm32_diff_drive_msgs/share/stm32_diff_drive_msgs/hook/ld_library_path_lib.ps1'
[2.602s] INFO:colcon.colcon_core.shell:Creating environment descriptor '/home/giang/ros2_myrobot/install/stm32_diff_drive_msgs/share/stm32_diff_drive_msgs/hook/ld_library_path_lib.dsv'
[2.603s] INFO:colcon.colcon_core.shell:Creating environment hook '/home/giang/ros2_myrobot/install/stm32_diff_drive_msgs/share/stm32_diff_drive_msgs/hook/ld_library_path_lib.sh'
[2.605s] Level 1:colcon.colcon_core.environment:checking '/home/giang/ros2_myrobot/install/stm32_diff_drive_msgs/bin'
[2.605s] Level 1:colcon.colcon_core.environment:checking '/home/giang/ros2_myrobot/install/stm32_diff_drive_msgs/lib/pkgconfig/stm32_diff_drive_msgs.pc'
[2.606s] Level 1:colcon.colcon_core.environment:checking '/home/giang/ros2_myrobot/install/stm32_diff_drive_msgs/lib/python3.10/site-packages'
[2.607s] Level 1:colcon.colcon_core.environment:checking '/home/giang/ros2_myrobot/install/stm32_diff_drive_msgs/bin'
[2.608s] INFO:colcon.colcon_core.shell:Creating package script '/home/giang/ros2_myrobot/install/stm32_diff_drive_msgs/share/stm32_diff_drive_msgs/package.ps1'
[2.610s] INFO:colcon.colcon_core.shell:Creating package descriptor '/home/giang/ros2_myrobot/install/stm32_diff_drive_msgs/share/stm32_diff_drive_msgs/package.dsv'
[2.612s] INFO:colcon.colcon_core.shell:Creating package script '/home/giang/ros2_myrobot/install/stm32_diff_drive_msgs/share/stm32_diff_drive_msgs/package.sh'
[2.614s] INFO:colcon.colcon_core.shell:Creating package script '/home/giang/ros2_myrobot/install/stm32_diff_drive_msgs/share/stm32_diff_drive_msgs/package.bash'
[2.615s] INFO:colcon.colcon_core.shell:Creating package script '/home/giang/ros2_myrobot/install/stm32_diff_drive_msgs/share/stm32_diff_drive_msgs/package.zsh'
[2.615s] Level 1:colcon.colcon_core.environment:create_file_with_runtime_dependencies(/home/giang/ros2_myrobot/install/stm32_diff_drive_msgs/share/colcon-core/packages/stm32_diff_drive_msgs)
[2.617s] Level 1:colcon.colcon_core.environment:create_environment_scripts_only(stm32_diff_drive_msgs)
[2.617s] Level 1:colcon.colcon_core.environment:checking '/home/giang/ros2_myrobot/install/stm32_diff_drive_msgs' for CMake module files
[2.619s] Level 1:colcon.colcon_core.environment:checking '/home/giang/ros2_myrobot/install/stm32_diff_drive_msgs' for CMake config files
[2.621s] Level 1:colcon.colcon_core.shell:create_environment_hook('stm32_diff_drive_msgs', 'cmake_prefix_path')
[2.621s] INFO:colcon.colcon_core.shell:Creating environment hook '/home/giang/ros2_myrobot/install/stm32_diff_drive_msgs/share/stm32_diff_drive_msgs/hook/cmake_prefix_path.ps1'
[2.622s] INFO:colcon.colcon_core.shell:Creating environment descriptor '/home/giang/ros2_myrobot/install/stm32_diff_drive_msgs/share/stm32_diff_drive_msgs/hook/cmake_prefix_path.dsv'
[2.624s] INFO:colcon.colcon_core.shell:Creating environment hook '/home/giang/ros2_myrobot/install/stm32_diff_drive_msgs/share/stm32_diff_drive_msgs/hook/cmake_prefix_path.sh'
[2.626s] Level 1:colcon.colcon_core.environment:checking '/home/giang/ros2_myrobot/install/stm32_diff_drive_msgs/lib'
[2.627s] Level 1:colcon.colcon_core.shell:create_environment_hook('stm32_diff_drive_msgs', 'ld_library_path_lib')
[2.627s] INFO:colcon.colcon_core.shell:Creating environment hook '/home/giang/ros2_myrobot/install/stm32_diff_drive_msgs/share/stm32_diff_drive_msgs/hook/ld_library_path_lib.ps1'
[2.629s] INFO:colcon.colcon_core.shell:Creating environment descriptor '/home/giang/ros2_myrobot/install/stm32_diff_drive_msgs/share/stm32_diff_drive_msgs/hook/ld_library_path_lib.dsv'
[2.631s] INFO:colcon.colcon_core.shell:Creating environment hook '/home/giang/ros2_myrobot/install/stm32_diff_drive_msgs/share/stm32_diff_drive_msgs/hook/ld_library_path_lib.sh'
[2.632s] Level 1:colcon.colcon_core.environment:checking '/home/giang/ros2_myrobot/install/stm32_diff_drive_msgs/bin'
[2.633s] Level 1:colcon.colcon_core.environment:checking '/home/giang/ros2_myrobot/install/stm32_diff_drive_msgs/lib/pkgconfig/stm32_diff_drive_msgs.pc'
[2.633s] Level 1:colcon.colcon_core.environment:checking '/home/giang/ros2_myrobot/install/stm32_diff_drive_msgs/lib/python3.10/site-packages'
[2.634s] Level 1:colcon.colcon_core.environment:checking '/home/giang/ros2_myrobot/install/stm32_diff_drive_msgs/bin'
[2.635s] INFO:colcon.colcon_core.shell:Creating package script '/home/giang/ros2_myrobot/install/stm32_diff_drive_msgs/share/stm32_diff_drive_msgs/package.ps1'
[2.637s] INFO:colcon.colcon_core.shell:Creating package descriptor '/home/giang/ros2_myrobot/install/stm32_diff_drive_msgs/share/stm32_diff_drive_msgs/package.dsv'
[2.639s] INFO:colcon.colcon_core.shell:Creating package script '/home/giang/ros2_myrobot/install/stm32_diff_drive_msgs/share/stm32_diff_drive_msgs/package.sh'
[2.641s] INFO:colcon.colcon_core.shell:Creating package script '/home/giang/ros2_myrobot/install/stm32_diff_drive_msgs/share/stm32_diff_drive_msgs/package.bash'
[2.643s] INFO:colcon.colcon_core.shell:Creating package script '/home/giang/ros2_myrobot/install/stm32_diff_drive_msgs/share/stm32_diff_drive_msgs/package.zsh'
[2.645s] Level 1:colcon.colcon_core.environment:create_file_with_runtime_dependencies(/home/giang/ros2_myrobot/install/stm32_diff_drive_msgs/share/colcon-core/packages/stm32_diff_drive_msgs)
[2.646s] INFO:colcon.colcon_ros.task.ament_cmake.build:Building ROS package in '/home/giang/ros2_myrobot/src/stm32_diff_drive_hardware' with build type 'ament_cmake'
[2.647s] INFO:colcon.colcon_cmake.task.cmake.build:Building CMake package in '/home/giang/ros2_myrobot/src/stm32_diff_drive_hardware'
[2.648s] INFO:colcon.colcon_core.shell:Skip shell extension 'powershell' for command environment: Not usable outside of PowerShell
[2.648s] DEBUG:colcon.colcon_core.shell:Skip shell extension 'dsv' for command environment
[2.683s] DEBUG:colcon.colcon_core.event_handler.log_command:Invoking command in '/home/giang/ros2_myrobot/build/stm32_diff_drive_hardware': CMAKE_PREFIX_PATH=/home/giang/ros2_myrobot/install/stm32_diff_drive_msgs:/home/giang/ros2_myrobot/install/stm32_diff_drive_hardware:/home/giang/ros2_myrobot/install/my_bot:/home/giang/ros2_ws/install/articubot_one:/home/giang/Workspaces/ros2_cpp_ws/install/udemy_ros2_pkg:/home/giang/ros2_myrobot/install/twist_stamper:/home/giang/ros2_demo/install/autonomous_tb3:/home/giang/ros2_ws/install/my_robot_controller:/opt/ros/humble LD_LIBRARY_PATH=/home/giang/ros2_myrobot/install/stm32_diff_drive_msgs/lib:/home/giang/ros2_myrobot/install/stm32_diff_drive_hardware/lib:/usr/lib/x86_64-linux-gnu/gazebo-11/plugins:/opt/ros/humble/opt/rviz_ogre_vendor/lib:/opt/ros/humble/lib/x86_64-linux-gnu:/opt/ros/humble/lib /usr/bin/cmake --build /home/giang/ros2_myrobot/build/stm32_diff_drive_hardware -- -j6 -l6
[3.183s] DEBUG:colcon.colcon_core.event_handler.log_command:Invoking command in '/home/giang/ros2_myrobot/build/twist_stamper': PYTHONPATH=/home/giang/ros2_myrobot/build/twist_stamper/prefix_override:/usr/lib/python3/dist-packages/colcon_core/task/python/colcon_distutils_commands:/home/giang/ros2_myrobot/install/twist_stamper/lib/python3.10/site-packages:${PYTHONPATH} /usr/bin/python3 -W ignore:setup.py install is deprecated -W ignore:easy_install command is deprecated setup.py develop --editable --build-directory /home/giang/ros2_myrobot/build/twist_stamper/build --no-deps symlink_data
[4.492s] Level 1:colcon.colcon_core.shell:create_environment_hook('twist_stamper', 'pythonpath_develop')
[4.492s] INFO:colcon.colcon_core.shell:Creating environment hook '/home/giang/ros2_myrobot/build/twist_stamper/share/twist_stamper/hook/pythonpath_develop.ps1'
[4.494s] DEBUG:colcon.colcon_core.event_handler.log_command:Invoked command in '/home/giang/ros2_myrobot/build/twist_stamper' returned '0': PYTHONPATH=/home/giang/ros2_myrobot/build/twist_stamper/prefix_override:/usr/lib/python3/dist-packages/colcon_core/task/python/colcon_distutils_commands:/home/giang/ros2_myrobot/install/twist_stamper/lib/python3.10/site-packages:${PYTHONPATH} /usr/bin/python3 -W ignore:setup.py install is deprecated -W ignore:easy_install command is deprecated setup.py develop --editable --build-directory /home/giang/ros2_myrobot/build/twist_stamper/build --no-deps symlink_data
[4.495s] INFO:colcon.colcon_core.shell:Creating environment descriptor '/home/giang/ros2_myrobot/build/twist_stamper/share/twist_stamper/hook/pythonpath_develop.dsv'
[4.497s] INFO:colcon.colcon_core.shell:Creating environment hook '/home/giang/ros2_myrobot/build/twist_stamper/share/twist_stamper/hook/pythonpath_develop.sh'
[4.499s] Level 1:colcon.colcon_core.environment:checking '/home/giang/ros2_myrobot/install/twist_stamper' for CMake module files
[4.500s] Level 1:colcon.colcon_core.environment:checking '/home/giang/ros2_myrobot/install/twist_stamper' for CMake config files
[4.502s] Level 1:colcon.colcon_core.environment:checking '/home/giang/ros2_myrobot/install/twist_stamper/lib'
[4.502s] Level 1:colcon.colcon_core.environment:checking '/home/giang/ros2_myrobot/install/twist_stamper/bin'
[4.502s] Level 1:colcon.colcon_core.environment:checking '/home/giang/ros2_myrobot/install/twist_stamper/lib/pkgconfig/twist_stamper.pc'
[4.503s] Level 1:colcon.colcon_core.environment:checking '/home/giang/ros2_myrobot/install/twist_stamper/lib/python3.10/site-packages'
[4.503s] Level 1:colcon.colcon_core.shell:create_environment_hook('twist_stamper', 'pythonpath')
[4.503s] INFO:colcon.colcon_core.shell:Creating environment hook '/home/giang/ros2_myrobot/install/twist_stamper/share/twist_stamper/hook/pythonpath.ps1'
[4.505s] INFO:colcon.colcon_core.shell:Creating environment descriptor '/home/giang/ros2_myrobot/install/twist_stamper/share/twist_stamper/hook/pythonpath.dsv'
[4.507s] INFO:colcon.colcon_core.shell:Creating environment hook '/home/giang/ros2_myrobot/install/twist_stamper/share/twist_stamper/hook/pythonpath.sh'
[4.513s] Level 1:colcon.colcon_core.environment:checking '/home/giang/ros2_myrobot/install/twist_stamper/bin'
[4.513s] Level 1:colcon.colcon_core.environment:create_environment_scripts_only(twist_stamper)
[4.514s] INFO:colcon.colcon_core.shell:Creating package script '/home/giang/ros2_myrobot/install/twist_stamper/share/twist_stamper/package.ps1'
[4.516s] INFO:colcon.colcon_core.shell:Creating package descriptor '/home/giang/ros2_myrobot/install/twist_stamper/share/twist_stamper/package.dsv'
[4.518s] INFO:colcon.colcon_core.shell:Creating package script '/home/giang/ros2_myrobot/install/twist_stamper/share/twist_stamper/package.sh'
[4.521s] INFO:colcon.colcon_core.shell:Creating package script '/home/giang/ros2_myrobot/install/twist_stamper/share/twist_stamper/package.bash'
[4.523s] INFO:colcon.colcon_core.shell:Creating package script '/home/giang/ros2_myrobot/install/twist_stamper/share/twist_stamper/package.zsh'
[4.524s] Level 1:colcon.colcon_core.environment:create_file_with_runtime_dependencies(/home/giang/ros2_myrobot/install/twist_stamper/share/colcon-core/packages/twist_stamper)
[39.198s] DEBUG:colcon.colcon_core.event_handler.log_command:Invoked command in '/home/giang/ros2_myrobot/build/stm32_diff_drive_hardware' returned '0': CMAKE_PREFIX_PATH=/home/giang/ros2_myrobot/install/stm32_diff_drive_msgs:/home/giang/ros2_myrobot/install/stm32_diff_drive_hardware:/home/giang/ros2_myrobot/install/my_bot:/home/giang/ros2_ws/install/articubot_one:/home/giang/Workspaces/ros2_cpp_ws/install/udemy_ros2_pkg:/home/giang/ros2_myrobot/install/twist_stamper:/home/giang/ros2_demo/install/autonomous_tb3:/home/giang/ros2_ws/install/my_robot_controller:/opt/ros/humble LD_LIBRARY_PATH=/home/giang/ros2_myrobot/install/stm32_diff_drive_msgs/lib:/home/giang/ros2_myrobot/install/stm32_diff_drive_hardware/lib:/usr/lib/x86_64-linux-gnu/gazebo-11/plugins:/opt/ros/humble/opt/rviz_ogre_vendor/lib:/opt/ros/humble/lib/x86_64-linux-gnu:/opt/ros/humble/lib /usr/bin/cmake --build /home/giang/ros2_myrobot/build/stm32_diff_drive_hardware -- -j6 -l6
[39.199s] DEBUG:colcon.colcon_core.event_handler.log_command:Invoking command in '/home/giang/ros2_myrobot/build/stm32_diff_drive_hardware': CMAKE_PREFIX_PATH=/home/giang/ros2_myrobot/install/stm32_diff_drive_msgs:/home/giang/ros2_myrobot/install/stm32_diff_drive_hardware:/home/giang/ros2_myrobot/install/my_bot:/home/giang/ros2_ws/install/articubot_one:/home/giang/Workspaces/ros2_cpp_ws/install/udemy_ros2_pkg:/home/giang/ros2_myrobot/install/twist_stamper:/home/giang/ros2_demo/install/autonomous_tb3:/home/giang/ros2_ws/install/my_robot_controller:/opt/ros/humble LD_LIBRARY_PATH=/home/giang/ros2_myrobot/install/stm32_diff_drive_msgs/lib:/home/giang/ros2_myrobot/install/stm32_diff_drive_hardware/lib:/usr/lib/x86_64-linux-gnu/gazebo-11/plugins:/opt/ros/humble/opt/rviz_ogre_vendor/lib:/opt/ros/humble/lib/x86_64-linux-gnu:/opt/ros/humble/lib /usr/bin/cmake --install /home/giang/ros2_myrobot/build/stm32_diff_drive_hardware
[39.241s] Level 1:colcon.colcon_core.environment:create_environment_scripts_only(stm32_diff_drive_hardware)
[39.241s] Level 1:colcon.colcon_core.environment:checking '/home/giang/ros2_myrobot/install/stm32_diff_drive_hardware' for CMake module files
[39.242s] DEBUG:colcon.colcon_core.event_handler.log_command:Invoked command in '/home/giang/ros2_myrobot/build/stm32_diff_drive_hardware' returned '0': CMAKE_PREFIX_PATH=/home/giang/ros2_myrobot/install/stm32_diff_drive_msgs:/home/giang/ros2_myrobot/install/stm32_diff_drive_hardware:/home/giang/ros2_myrobot/install/my_bot:/home/giang/ros2_ws/install/articubot_one:/home/giang/Workspaces/ros2_cpp_ws/install/udemy_ros2_pkg:/home/giang/ros2_myrobot/install/twist_stamper:/home/giang/ros2_demo/install/autonomous_tb3:/home/giang/ros2_ws/install/my_robot_controller:/opt/ros/humble LD_LIBRARY_PATH=/home/giang/ros2_myrobot/install/stm32_diff_drive_msgs/lib:/home/giang/ros2_myrobot/install/stm32_diff_drive_hardware/lib:/usr/lib/x86_64-linux-gnu/gazebo-11/plugins:/opt/ros/humble/opt/rviz_ogre_vendor/lib:/opt/ros/humble/lib/x86_64-linux-gnu:/opt/ros/humble/lib /usr/bin/cmake --install /home/giang/ros2_myrobot/build/stm32_diff_drive_hardware
[39.244s] Level 1:colcon.colcon_core.environment:checking '/home/giang/ros2_myrobot/install/stm32_diff_drive_hardware' for CMake config files
[39.244s] Level 1:colcon.colcon_core.shell:create_environment_hook('stm32_diff_drive_hardware', 'cmake_prefix_path')
[39.245s] INFO:colcon.colcon_core.shell:Creating environment hook '/home/giang/ros2_myrobot/install/stm32_diff_drive_hardware/share/stm32_diff_drive_hardware/hook/cmake_prefix_path.ps1'
[39.246s] INFO:colcon.colcon_core.shell:Creating environment descriptor '/home/giang/ros2_myrobot/install/stm32_diff_drive_hardware/share/stm32_diff_drive_hardware/hook/cmake_prefix_path.dsv'
[39.248s] INFO:colcon.colcon_core.shell:Creating environment hook '/home/giang/ros2_myrobot/install/stm32_diff_drive_hardware/share/stm32_diff_drive_hardware/hook/cmake_prefix_path.sh'
[39.249s] Level 1:colcon.colcon_core.environment:checking '/home/giang/ros2_myrobot/install/stm32_diff_drive_hardware/lib'
[39.249s] Level 1:colcon.colcon_core.shell:create_environment_hook('stm32_diff_drive_hardware', 'ld_library_path_lib')
[39.250s] INFO:colcon.colcon_core.shell:Creating environment hook '/home/giang/ros2_myrobot/install/stm32_diff_drive_hardware/share/stm32_diff_drive_hardware/hook/ld_library_path_lib.ps1'
[39.251s] INFO:colcon.colcon_core.shell:Creating environment descriptor '/home/giang/ros2_myrobot/install/stm32_diff_drive_hardware/share/stm32_diff_drive_hardware/hook/ld_library_path_lib.dsv'
[39.253s] INFO:colcon.colcon_core.shell:Creating environment hook '/home/giang/ros2_myrobot/install/stm32_diff_drive_hardware/share/stm32_diff_drive_hardware/hook/ld_library_path_lib.sh'
[39.254s] Level 1:colcon.colcon_core.environment:checking '/home/giang/ros2_myrobot/install/stm32_diff_drive_hardware/bin'
[39.254s] Level 1:colcon.colcon_core.environment:checking '/home/giang/ros2_myrobot/install/stm32_diff_drive_hardware/lib/pkgconfig/stm32_diff_drive_hardware.pc'
[39.254s] Level 1:colcon.colcon_core.environment:checking '/home/giang/ros2_myrobot/install/stm32_diff_drive_hardware/lib/python3.10/site-packages'
[39.255s] Level 1:colcon.colcon_core.environment:checking '/home/giang/ros2_myrobot/install/stm32_diff_drive_hardware/bin'
[39.256s] INFO:colcon.colcon_core.shell:Creating package script '/home/giang/ros2_myrobot/install/stm32_diff_drive_hardware/share/stm32_diff_drive_hardware/package.ps1'
[39.258s] INFO:colcon.colcon_core.shell:Creating package descriptor '/home/giang/ros2_myrobot/install/stm32_diff_drive_hardware/share/stm32_diff_drive_hardware/package.dsv'
[39.260s] INFO:colcon.colcon_core.shell:Creating package script '/home/giang/ros2_myrobot/install/stm32_diff_drive_hardware/share/stm32_diff_drive_hardware/package.sh'
[39.261s] INFO:colcon.colcon_core.shell:Creating package script '/home/giang/ros2_myrobot/install/stm32_diff_drive_hardware/share/stm32_diff_drive_hardware/package.bash'
[39.263s] INFO:colcon.colcon_core.shell:Creating package script '/home/giang/ros2_myrobot/install/stm32_diff_drive_hardware/share/stm32_diff_drive_hardware/package.zsh'
[39.264s] Level 1:colcon.colcon_core.environment:create_file_with_runtime_dependencies(/home/giang/ros2_myrobot/install/stm32_diff_drive_hardware/share/colcon-core/packages/stm32_diff_drive_hardware)
[39.266s] Level 1:colcon.colcon_core.environment:create_environment_scripts_only(stm32_diff_drive_hardware)
[39.267s] Level 1:colcon.colcon_core.environment:checking '/home/giang/ros2_myrobot/install/stm32_diff_drive_hardware' for CMake module files
[39.268s] Level 1:colcon.colcon_core.environment:checking '/home/giang/ros2_myrobot/install/stm32_diff_drive_hardware' for CMake config files
[39.268s] Level 1:colcon.colcon_core.shell:create_environment_hook('stm32_diff_drive_hardware', 'cmake_prefix_path')
[39.269s] INFO:colcon.colcon_core.shell:Creating environment hook '/home/giang/ros2_myrobot/install/stm32_diff_drive_hardware/share/stm32_diff_drive_hardware/hook/cmake_prefix_path.ps1'
[39.271s] INFO:colcon.colcon_core.shell:Creating environment descriptor '/home/giang/ros2_myrobot/install/stm32_diff_drive_hardware/share/stm32_diff_drive_hardware/hook/cmake_prefix_path.dsv'
[39.272s] INFO:colcon.colcon_core.shell:Creating environment hook '/home/giang/ros2_myrobot/install/stm32_diff_drive_hardware/share/stm32_diff_drive_hardware/hook/cmake_prefix_path.sh'
[39.273s] Level 1:colcon.colcon_core.environment:checking '/home/giang/ros2_myrobot/install/stm32_diff_drive_hardware/lib'
[39.273s] Level 1:colcon.colcon_core.shell:create_environment_hook('stm32_diff_drive_hardware', 'ld_library_path_lib')
[39.273s] INFO:colcon.colcon_core.shell:Creating environment hook '/home/giang/ros2_myrobot/install/stm32_diff_drive_hardware/share/stm32_diff_drive_hardware/hook/ld_library_path_lib.ps1'
[39.274s] INFO:colcon.colcon_core.shell:Creating environment descriptor '/home/giang/ros2_myrobot/install/stm32_diff_drive_hardware/share/stm32_diff_drive_hardware/hook/ld_library_path_lib.dsv'
[39.276s] INFO:colcon.colcon_core.shell:Creating environment hook '/home/giang/ros2_myrobot/install/stm32_diff_drive_hardware/share/stm32_diff_drive_hardware/hook/ld_library_path_lib.sh'
[39.277s] Level 1:colcon.colcon_core.environment:checking '/home/giang/ros2_myrobot/install/stm32_diff_drive_hardware/bin'
[39.277s] Level 1:colcon.colcon_core.environment:checking '/home/giang/ros2_myrobot/install/stm32_diff_drive_hardware/lib/pkgconfig/stm32_diff_drive_hardware.pc'
[39.278s] Level 1:colcon.colcon_core.environment:checking '/home/giang/ros2_myrobot/install/stm32_diff_drive_hardware/lib/python3.10/site-packages'
[39.278s] Level 1:colcon.colcon_core.environment:checking '/home/giang/ros2_myrobot/install/stm32_diff_drive_hardware/bin'
[39.279s] INFO:colcon.colcon_core.shell:Creating package script '/home/giang/ros2_myrobot/install/stm32_diff_drive_hardware/share/stm32_diff_drive_hardware/package.ps1'
[39.281s] INFO:colcon.colcon_core.shell:Creating package descriptor '/home/giang/ros2_myrobot/install/stm32_diff_drive_hardware/share/stm32_diff_drive_hardware/package.dsv'
[39.283s] INFO:colcon.colcon_core.shell:Creating package script '/home/giang/ros2_myrobot/install/stm32_diff_drive_hardware/share/stm32_diff_drive_hardware/package.sh'
[39.284s] INFO:colcon.colcon_core.shell:Creating package script '/home/giang/ros2_myrobot/install/stm32_diff_drive_hardware/share/stm32_diff_drive_hardware/package.bash'
[39.286s] INFO:colcon.colcon_core.shell:Creating package script '/home/giang/ros2_myrobot/install/stm32_diff_drive_hardware/share/stm32_diff_drive_hardware/package.zsh'
[39.287s] Level 1:colcon.colcon_core.environment:create_file_with_runtime_dependencies(/home/giang/ros2_myrobot/install/stm32_diff_drive_hardware/share/colcon-core/packages/stm32_diff_drive_hardware)
[39.288s] DEBUG:colcon.colcon_parallel_executor.executor.parallel:closing loop
[39.289s] DEBUG:colcon.colcon_parallel_executor.executor.parallel:loop closed
[39.290s] DEBUG:colcon.colcon_parallel_executor.executor.parallel:run_until_complete finished with '0'
[39.290s] DEBUG:colcon.colcon_core.event_reactor:joining thread
[39.303s] INFO:colcon.colcon_core.plugin_system:Skipping extension 'colcon_notification.desktop_notification.terminal_notifier': Not used on non-Darwin systems
[39.303s] INFO:colcon.colcon_core.plugin_system:Skipping extension 'colcon_notification.desktop_notification.win32': Not used on non-Windows systems
[39.303s] INFO:colcon.colcon_notification.desktop_notification:Sending desktop notification using 'notify2'
[39.354s] DEBUG:colcon.colcon_core.event_reactor:joined thread
[39.355s] INFO:colcon.colcon_core.shell:Creating prefix script '/home/giang/ros2_myrobot/install/local_setup.ps1'
[39.358s] INFO:colcon.colcon_core.shell:Creating prefix util module '/home/giang/ros2_myrobot/install/_local_setup_util_ps1.py'
[39.362s] INFO:colcon.colcon_core.shell:Creating prefix chain script '/home/giang/ros2_myrobot/install/setup.ps1'
[39.367s] INFO:colcon.colcon_core.shell:Creating prefix script '/home/giang/ros2_myrobot/install/local_setup.sh'
[39.369s] INFO:colcon.colcon_core.shell:Creating prefix util module '/home/giang/ros2_myrobot/install/_local_setup_util_sh.py'
[39.370s] INFO:colcon.colcon_core.shell:Creating prefix chain script '/home/giang/ros2_myrobot/install/setup.sh'
[39.373s] INFO:colcon.colcon_core.shell:Creating prefix script '/home/giang/ros2_myrobot/install/local_setup.bash'
[39.374s] INFO:colcon.colcon_core.shell:Creating prefix chain script '/home/giang/ros2_myrobot/install/setup.bash'
[39.376s] INFO:colcon.colcon_core.shell:Creating prefix script '/home/giang/ros2_myrobot/install/local_setup.zsh'
[39.378s] INFO:colcon.colcon_core.shell:Creating prefix chain script '/home/giang/ros2_myrobot/install/setup.zsh'
